2013-10-26 21:02:01.566140|INFO    |ServerLibPriv |   | TeamSpeak 3 Server 3.0.6.1 (2012-06-29 07:59:05)
2013-10-26 21:02:01.714352|INFO    |DatabaseQuery |   | dbPlugin name:    SQLite3 plugin, Version 2, (c)TeamSpeak Systems GmbH
2013-10-26 21:02:01.714406|INFO    |DatabaseQuery |   | dbPlugin version: 3.7.3
2013-10-26 21:02:01.739325|INFO    |DatabaseQuery |   | checking database integrity (may take a while)
2013-10-26 21:02:02.634069|INFO    |Accounting    |   | Licensing Information
2013-10-26 21:02:02.634117|INFO    |Accounting    |   | type              : Non-profit
2013-10-26 21:02:02.634154|INFO    |Accounting    |   | starting date     : Tue Jun  4 00:00:00 2013
2013-10-26 21:02:02.634171|INFO    |Accounting    |   | ending date       : Tue Dec 17 00:00:00 2013
2013-10-26 21:02:02.634193|INFO    |Accounting    |   | max virtualservers: 10
2013-10-26 21:02:02.634206|INFO    |Accounting    |   | max slots         : 512
2013-10-26 21:02:02.736481|INFO    |FileManager   |   | listening on 0.0.0.0:30033
2013-10-26 21:02:02.945626|INFO    |CIDRManager   |   | updated query_ip_whitelist ips: 127.0.0.1, 
2013-10-26 21:02:02.945967|INFO    |Query         |   | listening on 0.0.0.0:10011
2013-10-27 10:47:07.398412|ERROR   |              |   | TS3ANetwork::Send failed error: 1
2013-10-27 10:47:07.453444|ERROR   |              |   | TS3ANetwork::Send failed error: 1
2013-10-27 10:47:09.055537|ERROR   |              |   | TS3ANetwork::Send failed error: 1
2013-10-27 10:47:09.055602|ERROR   |              |   | TS3ANetwork::Send failed error: 1
2013-10-27 10:47:11.058368|ERROR   |              |   | TS3ANetwork::Send failed error: 1
2013-10-27 10:47:11.058439|ERROR   |              |   | TS3ANetwork::Send failed error: 1
2013-10-27 10:57:07.493813|ERROR   |              |   | TS3ANetwork::Send failed error: 1
2013-10-27 10:57:07.493888|ERROR   |              |   | TS3ANetwork::Send failed error: 1
2013-10-27 10:57:09.096543|ERROR   |              |   | TS3ANetwork::Send failed error: 1
2013-10-27 10:57:09.096597|ERROR   |              |   | TS3ANetwork::Send failed error: 1
2013-10-27 10:57:11.099729|ERROR   |              |   | TS3ANetwork::Send failed error: 1
2013-10-27 10:57:11.099806|ERROR   |              |   | TS3ANetwork::Send failed error: 1
2013-10-27 11:04:15.590218|ERROR   |              |   | TS3ANetwork::Connect failed error: 110
2013-10-27 11:07:07.646992|ERROR   |              |   | TS3ANetwork::Send failed error: 1
2013-10-27 11:07:07.647062|ERROR   |              |   | TS3ANetwork::Send failed error: 1
2013-10-27 11:07:09.049394|ERROR   |              |   | TS3ANetwork::Send failed error: 1
2013-10-27 11:07:09.049461|ERROR   |              |   | TS3ANetwork::Send failed error: 1
2013-10-27 11:07:11.052496|ERROR   |              |   | TS3ANetwork::Send failed error: 1
2013-10-27 11:07:11.052558|ERROR   |              |   | TS3ANetwork::Send failed error: 1
2013-10-27 11:17:07.614468|ERROR   |              |   | TS3ANetwork::Send failed error: 1
2013-10-27 11:17:07.614533|ERROR   |              |   | TS3ANetwork::Send failed error: 1
2013-10-27 11:17:09.017084|ERROR   |              |   | TS3ANetwork::Send failed error: 1
2013-10-27 11:17:09.017159|ERROR   |              |   | TS3ANetwork::Send failed error: 1
2013-10-27 11:17:11.020448|ERROR   |              |   | TS3ANetwork::Send failed error: 1
2013-10-27 11:17:11.020516|ERROR   |              |   | TS3ANetwork::Send failed error: 1
2013-10-27 11:27:07.663973|ERROR   |              |   | TS3ANetwork::Send failed error: 1
2013-10-27 11:27:07.664035|ERROR   |              |   | TS3ANetwork::Send failed error: 1
2013-10-27 11:27:09.066253|ERROR   |              |   | TS3ANetwork::Send failed error: 1
2013-10-27 11:27:09.066308|ERROR   |              |   | TS3ANetwork::Send failed error: 1
2013-10-27 11:27:11.069250|ERROR   |              |   | TS3ANetwork::Send failed error: 1
2013-10-27 11:27:11.069311|ERROR   |              |   | TS3ANetwork::Send failed error: 1
2013-10-27 11:37:07.802631|ERROR   |              |   | TS3ANetwork::Send failed error: 1
2013-10-27 11:37:07.802691|ERROR   |              |   | TS3ANetwork::Send failed error: 1
2013-10-27 11:37:09.003870|ERROR   |              |   | TS3ANetwork::Send failed error: 1
2013-10-27 11:37:09.003932|ERROR   |              |   | TS3ANetwork::Send failed error: 1
2013-10-27 11:37:11.006633|ERROR   |              |   | TS3ANetwork::Send failed error: 1
2013-10-27 11:37:11.006709|ERROR   |              |   | TS3ANetwork::Send failed error: 1
2013-10-27 11:47:07.781093|ERROR   |              |   | TS3ANetwork::Send failed error: 1
2013-10-27 11:47:07.781162|ERROR   |              |   | TS3ANetwork::Send failed error: 1
2013-10-27 11:47:09.083052|ERROR   |              |   | TS3ANetwork::Send failed error: 1
2013-10-27 11:47:09.083111|ERROR   |              |   | TS3ANetwork::Send failed error: 1
2013-10-27 11:47:11.086018|ERROR   |              |   | TS3ANetwork::Send failed error: 1
2013-10-27 11:47:11.086079|ERROR   |              |   | TS3ANetwork::Send failed error: 1
2013-10-27 11:57:07.874178|ERROR   |              |   | TS3ANetwork::Send failed error: 1
2013-10-27 11:57:07.874254|ERROR   |              |   | TS3ANetwork::Send failed error: 1
2013-10-27 11:57:09.076187|ERROR   |              |   | TS3ANetwork::Send failed error: 1
2013-10-27 11:57:09.076276|ERROR   |              |   | TS3ANetwork::Send failed error: 1
2013-10-27 11:57:11.079407|ERROR   |              |   | TS3ANetwork::Send failed error: 1
2013-10-27 11:57:11.079542|ERROR   |              |   | TS3ANetwork::Send failed error: 1
2013-10-27 12:05:22.325290|ERROR   |              |   | TS3ANetwork::Connect failed error: 110
2013-10-27 12:07:07.899300|ERROR   |              |   | TS3ANetwork::Send failed error: 1
2013-10-27 12:07:07.899359|ERROR   |              |   | TS3ANetwork::Send failed error: 1
2013-10-27 12:07:09.001050|ERROR   |              |   | TS3ANetwork::Send failed error: 1
2013-10-27 12:07:09.001107|ERROR   |              |   | TS3ANetwork::Send failed error: 1
2013-10-27 12:07:11.003653|ERROR   |              |   | TS3ANetwork::Send failed error: 1
2013-10-27 12:07:11.003710|ERROR   |              |   | TS3ANetwork::Send failed error: 1
2013-10-27 12:17:08.098989|ERROR   |              |   | TS3ANetwork::Send failed error: 1
2013-10-27 12:17:08.099052|ERROR   |              |   | TS3ANetwork::Send failed error: 1
2013-10-27 12:17:10.001835|ERROR   |              |   | TS3ANetwork::Send failed error: 1
2013-10-27 12:17:10.001892|ERROR   |              |   | TS3ANetwork::Send failed error: 1
2013-10-27 12:17:12.005383|ERROR   |              |   | TS3ANetwork::Send failed error: 1
2013-10-27 12:17:12.005460|ERROR   |              |   | TS3ANetwork::Send failed error: 1
2013-10-27 12:27:08.081851|ERROR   |              |   | TS3ANetwork::Send failed error: 1
2013-10-27 12:27:08.081922|ERROR   |              |   | TS3ANetwork::Send failed error: 1
2013-10-27 12:27:10.085136|ERROR   |              |   | TS3ANetwork::Send failed error: 1
2013-10-27 12:27:10.085213|ERROR   |              |   | TS3ANetwork::Send failed error: 1
2013-10-27 12:27:12.088360|ERROR   |              |   | TS3ANetwork::Send failed error: 1
2013-10-27 12:27:12.088437|ERROR   |              |   | TS3ANetwork::Send failed error: 1
2013-10-27 12:37:08.182052|ERROR   |              |   | TS3ANetwork::Send failed error: 1
2013-10-27 12:37:08.182121|ERROR   |              |   | TS3ANetwork::Send failed error: 1
2013-10-27 12:37:10.084805|ERROR   |              |   | TS3ANetwork::Send failed error: 1
2013-10-27 12:37:10.084866|ERROR   |              |   | TS3ANetwork::Send failed error: 1
2013-10-27 12:37:12.087774|ERROR   |              |   | TS3ANetwork::Send failed error: 1
2013-10-27 12:37:12.087836|ERROR   |              |   | TS3ANetwork::Send failed error: 1
2013-10-27 12:47:08.118000|ERROR   |              |   | TS3ANetwork::Send failed error: 1
2013-10-27 12:47:08.118064|ERROR   |              |   | TS3ANetwork::Send failed error: 1
2013-10-27 12:47:10.021059|ERROR   |              |   | TS3ANetwork::Send failed error: 1
2013-10-27 12:47:10.021120|ERROR   |              |   | TS3ANetwork::Send failed error: 1
2013-10-27 12:47:12.024162|ERROR   |              |   | TS3ANetwork::Send failed error: 1
2013-10-27 12:47:12.024239|ERROR   |              |   | TS3ANetwork::Send failed error: 1
2013-10-27 12:57:08.205717|ERROR   |              |   | TS3ANetwork::Send failed error: 1
2013-10-27 12:57:08.205788|ERROR   |              |   | TS3ANetwork::Send failed error: 1
2013-10-27 12:57:10.008840|ERROR   |              |   | TS3ANetwork::Send failed error: 1
2013-10-27 12:57:10.008905|ERROR   |              |   | TS3ANetwork::Send failed error: 1
2013-10-27 12:57:12.011864|ERROR   |              |   | TS3ANetwork::Send failed error: 1
2013-10-27 12:57:12.011925|ERROR   |              |   | TS3ANetwork::Send failed error: 1
2013-10-27 13:06:29.226351|ERROR   |              |   | TS3ANetwork::Connect failed error: 110
2013-10-27 13:07:08.181296|ERROR   |              |   | TS3ANetwork::Send failed error: 1
2013-10-27 13:07:08.181396|ERROR   |              |   | TS3ANetwork::Send failed error: 1
2013-10-27 13:07:10.084266|ERROR   |              |   | TS3ANetwork::Send failed error: 1
2013-10-27 13:07:10.084332|ERROR   |              |   | TS3ANetwork::Send failed error: 1
2013-10-27 13:07:12.087452|ERROR   |              |   | TS3ANetwork::Send failed error: 1
2013-10-27 13:07:12.087529|ERROR   |              |   | TS3ANetwork::Send failed error: 1
2013-10-27 13:17:08.158843|ERROR   |              |   | TS3ANetwork::Send failed error: 1
2013-10-27 13:17:08.158906|ERROR   |              |   | TS3ANetwork::Send failed error: 1
2013-10-27 13:17:10.061921|ERROR   |              |   | TS3ANetwork::Send failed error: 1
2013-10-27 13:17:10.061994|ERROR   |              |   | TS3ANetwork::Send failed error: 1
2013-10-27 13:17:12.065233|ERROR   |              |   | TS3ANetwork::Send failed error: 1
2013-10-27 13:17:12.065297|ERROR   |              |   | TS3ANetwork::Send failed error: 1
2013-10-27 13:27:08.246555|ERROR   |              |   | TS3ANetwork::Send failed error: 1
2013-10-27 13:27:08.246627|ERROR   |              |   | TS3ANetwork::Send failed error: 1
2013-10-27 13:27:10.049222|ERROR   |              |   | TS3ANetwork::Send failed error: 1
2013-10-27 13:27:10.049302|ERROR   |              |   | TS3ANetwork::Send failed error: 1
2013-10-27 13:27:12.051919|ERROR   |              |   | TS3ANetwork::Send failed error: 1
2013-10-27 13:27:12.051987|ERROR   |              |   | TS3ANetwork::Send failed error: 1
2013-10-27 13:37:08.321066|ERROR   |              |   | TS3ANetwork::Send failed error: 1
2013-10-27 13:37:08.321141|ERROR   |              |   | TS3ANetwork::Send failed error: 1
2013-10-27 13:37:10.023924|ERROR   |              |   | TS3ANetwork::Send failed error: 1
2013-10-27 13:37:10.024003|ERROR   |              |   | TS3ANetwork::Send failed error: 1
2013-10-27 13:37:12.027181|ERROR   |              |   | TS3ANetwork::Send failed error: 1
2013-10-27 13:37:12.027298|ERROR   |              |   | TS3ANetwork::Send failed error: 1
2013-10-27 13:47:08.411040|ERROR   |              |   | TS3ANetwork::Send failed error: 1
2013-10-27 13:47:08.411119|ERROR   |              |   | TS3ANetwork::Send failed error: 1
2013-10-27 13:47:10.013494|ERROR   |              |   | TS3ANetwork::Send failed error: 1
2013-10-27 13:47:10.013550|ERROR   |              |   | TS3ANetwork::Send failed error: 1
2013-10-27 13:47:12.016525|ERROR   |              |   | TS3ANetwork::Send failed error: 1
2013-10-27 13:47:12.016600|ERROR   |              |   | TS3ANetwork::Send failed error: 1
2013-10-27 13:57:08.389543|ERROR   |              |   | TS3ANetwork::Send failed error: 1
2013-10-27 13:57:08.389602|ERROR   |              |   | TS3ANetwork::Send failed error: 1
2013-10-27 13:57:10.091811|ERROR   |              |   | TS3ANetwork::Send failed error: 1
2013-10-27 13:57:10.091875|ERROR   |              |   | TS3ANetwork::Send failed error: 1
2013-10-27 13:57:12.094761|ERROR   |              |   | TS3ANetwork::Send failed error: 1
2013-10-27 13:57:12.094827|ERROR   |              |   | TS3ANetwork::Send failed error: 1
2013-10-27 14:07:08.380474|ERROR   |              |   | TS3ANetwork::Send failed error: 1
2013-10-27 14:07:08.380538|ERROR   |              |   | TS3ANetwork::Send failed error: 1
2013-10-27 14:07:10.084142|ERROR   |              |   | TS3ANetwork::Send failed error: 1
2013-10-27 14:07:10.084200|ERROR   |              |   | TS3ANetwork::Send failed error: 1
2013-10-27 14:07:12.087163|ERROR   |              |   | TS3ANetwork::Send failed error: 1
2013-10-27 14:07:12.087236|ERROR   |              |   | TS3ANetwork::Send failed error: 1
2013-10-27 14:07:35.999329|ERROR   |              |   | TS3ANetwork::Connect failed error: 110
2013-10-27 14:17:08.372139|ERROR   |              |   | TS3ANetwork::Send failed error: 1
2013-10-27 14:17:08.372211|ERROR   |              |   | TS3ANetwork::Send failed error: 1
2013-10-27 14:17:10.074737|ERROR   |              |   | TS3ANetwork::Send failed error: 1
2013-10-27 14:17:10.074796|ERROR   |              |   | TS3ANetwork::Send failed error: 1
2013-10-27 14:17:12.077897|ERROR   |              |   | TS3ANetwork::Send failed error: 1
2013-10-27 14:17:12.077961|ERROR   |              |   | TS3ANetwork::Send failed error: 1
2013-10-27 14:27:08.439416|ERROR   |              |   | TS3ANetwork::Send failed error: 1
2013-10-27 14:27:08.439479|ERROR   |              |   | TS3ANetwork::Send failed error: 1
2013-10-27 14:27:10.041850|ERROR   |              |   | TS3ANetwork::Send failed error: 1
2013-10-27 14:27:10.041910|ERROR   |              |   | TS3ANetwork::Send failed error: 1
2013-10-27 14:27:12.044890|ERROR   |              |   | TS3ANetwork::Send failed error: 1
2013-10-27 14:27:12.044950|ERROR   |              |   | TS3ANetwork::Send failed error: 1
2013-10-27 14:37:08.528582|ERROR   |              |   | TS3ANetwork::Send failed error: 1
2013-10-27 14:37:08.528643|ERROR   |              |   | TS3ANetwork::Send failed error: 1
2013-10-27 14:37:10.030924|ERROR   |              |   | TS3ANetwork::Send failed error: 1
2013-10-27 14:37:10.030983|ERROR   |              |   | TS3ANetwork::Send failed error: 1
2013-10-27 14:37:12.034298|ERROR   |              |   | TS3ANetwork::Send failed error: 1
2013-10-27 14:37:12.034356|ERROR   |              |   | TS3ANetwork::Send failed error: 1
2013-10-27 14:47:08.557420|ERROR   |              |   | TS3ANetwork::Send failed error: 1
2013-10-27 14:47:08.557479|ERROR   |              |   | TS3ANetwork::Send failed error: 1
2013-10-27 14:47:10.059798|ERROR   |              |   | TS3ANetwork::Send failed error: 1
2013-10-27 14:47:10.059868|ERROR   |              |   | TS3ANetwork::Send failed error: 1
2013-10-27 14:47:12.062551|ERROR   |              |   | TS3ANetwork::Send failed error: 1
2013-10-27 14:47:12.062615|ERROR   |              |   | TS3ANetwork::Send failed error: 1
2013-10-27 14:57:08.590622|ERROR   |              |   | TS3ANetwork::Send failed error: 1
2013-10-27 14:57:08.590685|ERROR   |              |   | TS3ANetwork::Send failed error: 1
2013-10-27 14:57:10.092985|ERROR   |              |   | TS3ANetwork::Send failed error: 1
2013-10-27 14:57:10.093043|ERROR   |              |   | TS3ANetwork::Send failed error: 1
2013-10-27 14:57:12.095823|ERROR   |              |   | TS3ANetwork::Send failed error: 1
2013-10-27 14:57:12.095881|ERROR   |              |   | TS3ANetwork::Send failed error: 1
2013-10-27 15:07:08.511341|ERROR   |              |   | TS3ANetwork::Send failed error: 1
2013-10-27 15:07:08.511401|ERROR   |              |   | TS3ANetwork::Send failed error: 1
2013-10-27 15:07:10.013740|ERROR   |              |   | TS3ANetwork::Send failed error: 1
2013-10-27 15:07:10.013798|ERROR   |              |   | TS3ANetwork::Send failed error: 1
2013-10-27 15:07:12.017075|ERROR   |              |   | TS3ANetwork::Send failed error: 1
2013-10-27 15:07:12.017155|ERROR   |              |   | TS3ANetwork::Send failed error: 1
2013-10-27 15:08:42.755295|ERROR   |              |   | TS3ANetwork::Connect failed error: 110
2013-10-27 15:17:08.601711|ERROR   |              |   | TS3ANetwork::Send failed error: 1
2013-10-27 15:17:08.601770|ERROR   |              |   | TS3ANetwork::Send failed error: 1
2013-10-27 15:17:10.003556|ERROR   |              |   | TS3ANetwork::Send failed error: 1
2013-10-27 15:17:10.003614|ERROR   |              |   | TS3ANetwork::Send failed error: 1
2013-10-27 15:17:12.006712|ERROR   |              |   | TS3ANetwork::Send failed error: 1
2013-10-27 15:17:12.006768|ERROR   |              |   | TS3ANetwork::Send failed error: 1
2013-10-27 15:27:08.689941|ERROR   |              |   | TS3ANetwork::Send failed error: 1
2013-10-27 15:27:08.690002|ERROR   |              |   | TS3ANetwork::Send failed error: 1
2013-10-27 15:27:10.091856|ERROR   |              |   | TS3ANetwork::Send failed error: 1
2013-10-27 15:27:10.091917|ERROR   |              |   | TS3ANetwork::Send failed error: 1
2013-10-27 15:27:12.094550|ERROR   |              |   | TS3ANetwork::Send failed error: 1
2013-10-27 15:27:12.094612|ERROR   |              |   | TS3ANetwork::Send failed error: 1
2013-10-27 15:37:08.843430|ERROR   |              |   | TS3ANetwork::Send failed error: 1
2013-10-27 15:37:08.843499|ERROR   |              |   | TS3ANetwork::Send failed error: 1
2013-10-27 15:37:10.045276|ERROR   |              |   | TS3ANetwork::Send failed error: 1
2013-10-27 15:37:10.045335|ERROR   |              |   | TS3ANetwork::Send failed error: 1
2013-10-27 15:37:12.048069|ERROR   |              |   | TS3ANetwork::Send failed error: 1
2013-10-27 15:37:12.048132|ERROR   |              |   | TS3ANetwork::Send failed error: 1
2013-10-27 15:47:08.850168|ERROR   |              |   | TS3ANetwork::Send failed error: 1
2013-10-27 15:47:08.850231|ERROR   |              |   | TS3ANetwork::Send failed error: 1
2013-10-27 15:47:10.052150|ERROR   |              |   | TS3ANetwork::Send failed error: 1
2013-10-27 15:47:10.052212|ERROR   |              |   | TS3ANetwork::Send failed error: 1
2013-10-27 15:47:12.055185|ERROR   |              |   | TS3ANetwork::Send failed error: 1
2013-10-27 15:47:12.055251|ERROR   |              |   | TS3ANetwork::Send failed error: 1
2013-10-27 15:57:08.834732|ERROR   |              |   | TS3ANetwork::Send failed error: 1
2013-10-27 15:57:08.834797|ERROR   |              |   | TS3ANetwork::Send failed error: 1
2013-10-27 15:57:10.036407|ERROR   |              |   | TS3ANetwork::Send failed error: 1
2013-10-27 15:57:10.036480|ERROR   |              |   | TS3ANetwork::Send failed error: 1
2013-10-27 15:57:12.039614|ERROR   |              |   | TS3ANetwork::Send failed error: 1
2013-10-27 15:57:12.039675|ERROR   |              |   | TS3ANetwork::Send failed error: 1
2013-10-27 16:07:08.841729|ERROR   |              |   | TS3ANetwork::Send failed error: 1
2013-10-27 16:07:08.841792|ERROR   |              |   | TS3ANetwork::Send failed error: 1
2013-10-27 16:07:10.044012|ERROR   |              |   | TS3ANetwork::Send failed error: 1
2013-10-27 16:07:10.044070|ERROR   |              |   | TS3ANetwork::Send failed error: 1
2013-10-27 16:07:12.046957|ERROR   |              |   | TS3ANetwork::Send failed error: 1
2013-10-27 16:07:12.047033|ERROR   |              |   | TS3ANetwork::Send failed error: 1
2013-10-27 16:09:49.479347|ERROR   |              |   | TS3ANetwork::Connect failed error: 110
2013-10-27 16:17:08.913924|ERROR   |              |   | TS3ANetwork::Send failed error: 1
2013-10-27 16:17:08.913987|ERROR   |              |   | TS3ANetwork::Send failed error: 1
2013-10-27 16:17:10.015433|ERROR   |              |   | TS3ANetwork::Send failed error: 1
2013-10-27 16:17:10.015494|ERROR   |              |   | TS3ANetwork::Send failed error: 1
2013-10-27 16:17:12.018263|ERROR   |              |   | TS3ANetwork::Send failed error: 1
2013-10-27 16:17:12.018350|ERROR   |              |   | TS3ANetwork::Send failed error: 1
2013-10-27 16:27:08.914945|ERROR   |              |   | TS3ANetwork::Send failed error: 1
2013-10-27 16:27:08.915013|ERROR   |              |   | TS3ANetwork::Send failed error: 1
2013-10-27 16:27:10.016792|ERROR   |              |   | TS3ANetwork::Send failed error: 1
2013-10-27 16:27:10.016854|ERROR   |              |   | TS3ANetwork::Send failed error: 1
2013-10-27 16:27:12.019846|ERROR   |              |   | TS3ANetwork::Send failed error: 1
2013-10-27 16:27:12.019903|ERROR   |              |   | TS3ANetwork::Send failed error: 1
2013-10-27 16:37:08.991864|ERROR   |              |   | TS3ANetwork::Send failed error: 1
2013-10-27 16:37:08.991936|ERROR   |              |   | TS3ANetwork::Send failed error: 1
2013-10-27 16:37:10.093309|ERROR   |              |   | TS3ANetwork::Send failed error: 1
2013-10-27 16:37:10.093371|ERROR   |              |   | TS3ANetwork::Send failed error: 1
2013-10-27 16:37:12.096611|ERROR   |              |   | TS3ANetwork::Send failed error: 1
2013-10-27 16:37:12.096675|ERROR   |              |   | TS3ANetwork::Send failed error: 1
2013-10-27 16:47:09.090604|ERROR   |              |   | TS3ANetwork::Send failed error: 1
2013-10-27 16:47:09.090668|ERROR   |              |   | TS3ANetwork::Send failed error: 1
2013-10-27 16:47:11.092817|ERROR   |              |   | TS3ANetwork::Send failed error: 1
2013-10-27 16:47:11.092889|ERROR   |              |   | TS3ANetwork::Send failed error: 1
2013-10-27 16:47:13.095947|ERROR   |              |   | TS3ANetwork::Send failed error: 1
2013-10-27 16:47:13.096010|ERROR   |              |   | TS3ANetwork::Send failed error: 1
2013-10-27 16:57:09.166706|ERROR   |              |   | TS3ANetwork::Send failed error: 1
2013-10-27 16:57:09.166771|ERROR   |              |   | TS3ANetwork::Send failed error: 1
2013-10-27 16:57:11.069491|ERROR   |              |   | TS3ANetwork::Send failed error: 1
2013-10-27 16:57:11.069550|ERROR   |              |   | TS3ANetwork::Send failed error: 1
2013-10-27 16:57:13.072310|ERROR   |              |   | TS3ANetwork::Send failed error: 1
2013-10-27 16:57:13.072367|ERROR   |              |   | TS3ANetwork::Send failed error: 1
2013-10-27 17:07:09.178550|ERROR   |              |   | TS3ANetwork::Send failed error: 1
2013-10-27 17:07:09.178605|ERROR   |              |   | TS3ANetwork::Send failed error: 1
2013-10-27 17:07:11.081584|ERROR   |              |   | TS3ANetwork::Send failed error: 1
2013-10-27 17:07:11.081645|ERROR   |              |   | TS3ANetwork::Send failed error: 1
2013-10-27 17:07:13.084378|ERROR   |              |   | TS3ANetwork::Send failed error: 1
2013-10-27 17:07:13.084443|ERROR   |              |   | TS3ANetwork::Send failed error: 1
2013-10-27 17:10:56.203296|ERROR   |              |   | TS3ANetwork::Connect failed error: 110
2013-10-27 17:17:09.353217|ERROR   |              |   | TS3ANetwork::Send failed error: 1
2013-10-27 17:17:09.353284|ERROR   |              |   | TS3ANetwork::Send failed error: 1
2013-10-27 17:17:11.056120|ERROR   |              |   | TS3ANetwork::Send failed error: 1
2013-10-27 17:17:11.056195|ERROR   |              |   | TS3ANetwork::Send failed error: 1
2013-10-27 17:17:13.059005|ERROR   |              |   | TS3ANetwork::Send failed error: 1
2013-10-27 17:17:13.059063|ERROR   |              |   | TS3ANetwork::Send failed error: 1
2013-10-27 17:27:09.337233|ERROR   |              |   | TS3ANetwork::Send failed error: 1
2013-10-27 17:27:09.337292|ERROR   |              |   | TS3ANetwork::Send failed error: 1
2013-10-27 17:27:11.040464|ERROR   |              |   | TS3ANetwork::Send failed error: 1
2013-10-27 17:27:11.040525|ERROR   |              |   | TS3ANetwork::Send failed error: 1
2013-10-27 17:27:13.043531|ERROR   |              |   | TS3ANetwork::Send failed error: 1
2013-10-27 17:27:13.043589|ERROR   |              |   | TS3ANetwork::Send failed error: 1
2013-10-27 17:37:09.427593|ERROR   |              |   | TS3ANetwork::Send failed error: 1
2013-10-27 17:37:09.427660|ERROR   |              |   | TS3ANetwork::Send failed error: 1
2013-10-27 17:37:11.030358|ERROR   |              |   | TS3ANetwork::Send failed error: 1
2013-10-27 17:37:11.030437|ERROR   |              |   | TS3ANetwork::Send failed error: 1
2013-10-27 17:37:13.033661|ERROR   |              |   | TS3ANetwork::Send failed error: 1
2013-10-27 17:37:13.033724|ERROR   |              |   | TS3ANetwork::Send failed error: 1
2013-10-27 17:47:09.425073|ERROR   |              |   | TS3ANetwork::Send failed error: 1
2013-10-27 17:47:09.425152|ERROR   |              |   | TS3ANetwork::Send failed error: 1
2013-10-27 17:47:11.027712|ERROR   |              |   | TS3ANetwork::Send failed error: 1
2013-10-27 17:47:11.027772|ERROR   |              |   | TS3ANetwork::Send failed error: 1
2013-10-27 17:47:13.030547|ERROR   |              |   | TS3ANetwork::Send failed error: 1
2013-10-27 17:47:13.030622|ERROR   |              |   | TS3ANetwork::Send failed error: 1
2013-10-27 17:57:09.520098|ERROR   |              |   | TS3ANetwork::Send failed error: 1
2013-10-27 17:57:09.520180|ERROR   |              |   | TS3ANetwork::Send failed error: 1
2013-10-27 17:57:11.022735|ERROR   |              |   | TS3ANetwork::Send failed error: 1
2013-10-27 17:57:11.022798|ERROR   |              |   | TS3ANetwork::Send failed error: 1
2013-10-27 17:57:13.026009|ERROR   |              |   | TS3ANetwork::Send failed error: 1
2013-10-27 17:57:13.026088|ERROR   |              |   | TS3ANetwork::Send failed error: 1
2013-10-27 18:07:09.513963|ERROR   |              |   | TS3ANetwork::Send failed error: 1
2013-10-27 18:07:09.514049|ERROR   |              |   | TS3ANetwork::Send failed error: 1
2013-10-27 18:07:11.016176|ERROR   |              |   | TS3ANetwork::Send failed error: 1
2013-10-27 18:07:11.016246|ERROR   |              |   | TS3ANetwork::Send failed error: 1
2013-10-27 18:07:13.019389|ERROR   |              |   | TS3ANetwork::Send failed error: 1
2013-10-27 18:07:13.019456|ERROR   |              |   | TS3ANetwork::Send failed error: 1
2013-10-27 18:12:02.985265|ERROR   |              |   | TS3ANetwork::Connect failed error: 110
2013-10-27 18:17:09.581381|ERROR   |              |   | TS3ANetwork::Send failed error: 1
2013-10-27 18:17:09.581440|ERROR   |              |   | TS3ANetwork::Send failed error: 1
2013-10-27 18:17:11.083753|ERROR   |              |   | TS3ANetwork::Send failed error: 1
2013-10-27 18:17:11.083850|ERROR   |              |   | TS3ANetwork::Send failed error: 1
2013-10-27 18:17:13.086959|ERROR   |              |   | TS3ANetwork::Send failed error: 1
2013-10-27 18:17:13.087015|ERROR   |              |   | TS3ANetwork::Send failed error: 1
2013-10-27 18:27:09.565685|ERROR   |              |   | TS3ANetwork::Send failed error: 1
2013-10-27 18:27:09.565742|ERROR   |              |   | TS3ANetwork::Send failed error: 1
2013-10-27 18:27:11.067985|ERROR   |              |   | TS3ANetwork::Send failed error: 1
2013-10-27 18:27:11.068043|ERROR   |              |   | TS3ANetwork::Send failed error: 1
2013-10-27 18:27:13.070621|ERROR   |              |   | TS3ANetwork::Send failed error: 1
2013-10-27 18:27:13.070686|ERROR   |              |   | TS3ANetwork::Send failed error: 1
2013-10-27 18:37:09.695025|ERROR   |              |   | TS3ANetwork::Send failed error: 1
2013-10-27 18:37:09.695083|ERROR   |              |   | TS3ANetwork::Send failed error: 1
2013-10-27 18:37:11.097240|ERROR   |              |   | TS3ANetwork::Send failed error: 1
2013-10-27 18:37:11.097320|ERROR   |              |   | TS3ANetwork::Send failed error: 1
2013-10-27 18:37:13.099753|ERROR   |              |   | TS3ANetwork::Send failed error: 1
2013-10-27 18:37:13.099813|ERROR   |              |   | TS3ANetwork::Send failed error: 1
2013-10-27 18:47:09.714262|ERROR   |              |   | TS3ANetwork::Send failed error: 1
2013-10-27 18:47:09.714322|ERROR   |              |   | TS3ANetwork::Send failed error: 1
2013-10-27 18:47:11.016280|ERROR   |              |   | TS3ANetwork::Send failed error: 1
2013-10-27 18:47:11.016351|ERROR   |              |   | TS3ANetwork::Send failed error: 1
2013-10-27 18:47:13.020251|ERROR   |              |   | TS3ANetwork::Send failed error: 1
2013-10-27 18:47:13.020382|ERROR   |              |   | TS3ANetwork::Send failed error: 1
2013-10-27 18:57:09.700049|ERROR   |              |   | TS3ANetwork::Send failed error: 1
2013-10-27 18:57:09.700113|ERROR   |              |   | TS3ANetwork::Send failed error: 1
2013-10-27 18:57:11.002238|ERROR   |              |   | TS3ANetwork::Send failed error: 1
2013-10-27 18:57:11.002317|ERROR   |              |   | TS3ANetwork::Send failed error: 1
2013-10-27 18:57:13.005398|ERROR   |              |   | TS3ANetwork::Send failed error: 1
2013-10-27 18:57:13.005460|ERROR   |              |   | TS3ANetwork::Send failed error: 1
2013-10-27 19:07:09.679200|ERROR   |              |   | TS3ANetwork::Send failed error: 1
2013-10-27 19:07:09.679267|ERROR   |              |   | TS3ANetwork::Send failed error: 1
2013-10-27 19:07:11.081202|ERROR   |              |   | TS3ANetwork::Send failed error: 1
2013-10-27 19:07:11.081263|ERROR   |              |   | TS3ANetwork::Send failed error: 1
2013-10-27 19:07:13.084147|ERROR   |              |   | TS3ANetwork::Send failed error: 1
2013-10-27 19:07:13.084219|ERROR   |              |   | TS3ANetwork::Send failed error: 1
2013-10-27 19:13:09.741329|ERROR   |              |   | TS3ANetwork::Connect failed error: 110
2013-10-27 19:17:09.761026|ERROR   |              |   | TS3ANetwork::Send failed error: 1
2013-10-27 19:17:09.761094|ERROR   |              |   | TS3ANetwork::Send failed error: 1
2013-10-27 19:17:11.063204|ERROR   |              |   | TS3ANetwork::Send failed error: 1
2013-10-27 19:17:11.063303|ERROR   |              |   | TS3ANetwork::Send failed error: 1
2013-10-27 19:17:13.066307|ERROR   |              |   | TS3ANetwork::Send failed error: 1
2013-10-27 19:17:13.066375|ERROR   |              |   | TS3ANetwork::Send failed error: 1
2013-10-27 19:27:09.728429|ERROR   |              |   | TS3ANetwork::Send failed error: 1
2013-10-27 19:27:09.728487|ERROR   |              |   | TS3ANetwork::Send failed error: 1
2013-10-27 19:27:11.029871|ERROR   |              |   | TS3ANetwork::Send failed error: 1
2013-10-27 19:27:11.029936|ERROR   |              |   | TS3ANetwork::Send failed error: 1
2013-10-27 19:27:13.034502|ERROR   |              |   | TS3ANetwork::Send failed error: 1
2013-10-27 19:27:13.034561|ERROR   |              |   | TS3ANetwork::Send failed error: 1
2013-10-27 19:37:09.807738|ERROR   |              |   | TS3ANetwork::Send failed error: 1
2013-10-27 19:37:09.807805|ERROR   |              |   | TS3ANetwork::Send failed error: 1
2013-10-27 19:37:11.009758|ERROR   |              |   | TS3ANetwork::Send failed error: 1
2013-10-27 19:37:11.009829|ERROR   |              |   | TS3ANetwork::Send failed error: 1
2013-10-27 19:37:13.012799|ERROR   |              |   | TS3ANetwork::Send failed error: 1
2013-10-27 19:37:13.012867|ERROR   |              |   | TS3ANetwork::Send failed error: 1
2013-10-27 19:47:09.773243|ERROR   |              |   | TS3ANetwork::Send failed error: 1
2013-10-27 19:47:09.773309|ERROR   |              |   | TS3ANetwork::Send failed error: 1
2013-10-27 19:47:11.074970|ERROR   |              |   | TS3ANetwork::Send failed error: 1
2013-10-27 19:47:11.075027|ERROR   |              |   | TS3ANetwork::Send failed error: 1
2013-10-27 19:47:13.077521|ERROR   |              |   | TS3ANetwork::Send failed error: 1
2013-10-27 19:47:13.077587|ERROR   |              |   | TS3ANetwork::Send failed error: 1
2013-10-27 19:57:09.848313|ERROR   |              |   | TS3ANetwork::Send failed error: 1
2013-10-27 19:57:09.848383|ERROR   |              |   | TS3ANetwork::Send failed error: 1
2013-10-27 19:57:11.050101|ERROR   |              |   | TS3ANetwork::Send failed error: 1
2013-10-27 19:57:11.101259|ERROR   |              |   | TS3ANetwork::Send failed error: 1
2013-10-27 19:57:13.004166|ERROR   |              |   | TS3ANetwork::Send failed error: 1
2013-10-27 19:57:13.004225|ERROR   |              |   | TS3ANetwork::Send failed error: 1
2013-10-27 20:07:09.984838|ERROR   |              |   | TS3ANetwork::Send failed error: 1
2013-10-27 20:07:09.984913|ERROR   |              |   | TS3ANetwork::Send failed error: 1
2013-10-27 20:07:11.086322|ERROR   |              |   | TS3ANetwork::Send failed error: 1
2013-10-27 20:07:11.086377|ERROR   |              |   | TS3ANetwork::Send failed error: 1
2013-10-27 20:07:13.089248|ERROR   |              |   | TS3ANetwork::Send failed error: 1
2013-10-27 20:07:13.089306|ERROR   |              |   | TS3ANetwork::Send failed error: 1
2013-10-27 20:14:16.437292|ERROR   |              |   | TS3ANetwork::Connect failed error: 110
2013-10-27 20:17:10.064354|ERROR   |              |   | TS3ANetwork::Send failed error: 1
2013-10-27 20:17:10.064411|ERROR   |              |   | TS3ANetwork::Send failed error: 1
2013-10-27 20:17:12.067296|ERROR   |              |   | TS3ANetwork::Send failed error: 1
2013-10-27 20:17:12.067364|ERROR   |              |   | TS3ANetwork::Send failed error: 1
2013-10-27 20:17:14.070215|ERROR   |              |   | TS3ANetwork::Send failed error: 1
2013-10-27 20:17:14.070278|ERROR   |              |   | TS3ANetwork::Send failed error: 1
2013-10-27 20:27:10.096315|ERROR   |              |   | TS3ANetwork::Send failed error: 1
2013-10-27 20:27:10.096370|ERROR   |              |   | TS3ANetwork::Send failed error: 1
2013-10-27 20:27:12.098933|ERROR   |              |   | TS3ANetwork::Send failed error: 1
2013-10-27 20:27:12.098990|ERROR   |              |   | TS3ANetwork::Send failed error: 1
2013-10-27 20:27:14.001564|ERROR   |              |   | TS3ANetwork::Send failed error: 1
2013-10-27 20:27:14.001628|ERROR   |              |   | TS3ANetwork::Send failed error: 1
2013-10-27 20:37:10.158364|ERROR   |              |   | TS3ANetwork::Send failed error: 1
2013-10-27 20:37:10.158432|ERROR   |              |   | TS3ANetwork::Send failed error: 1
2013-10-27 20:37:12.060944|ERROR   |              |   | TS3ANetwork::Send failed error: 1
2013-10-27 20:37:12.061007|ERROR   |              |   | TS3ANetwork::Send failed error: 1
2013-10-27 20:37:14.064100|ERROR   |              |   | TS3ANetwork::Send failed error: 1
2013-10-27 20:37:14.064158|ERROR   |              |   | TS3ANetwork::Send failed error: 1
2013-10-27 20:47:10.193303|ERROR   |              |   | TS3ANetwork::Send failed error: 1
2013-10-27 20:47:10.193377|ERROR   |              |   | TS3ANetwork::Send failed error: 1
2013-10-27 20:47:12.096104|ERROR   |              |   | TS3ANetwork::Send failed error: 1
2013-10-27 20:47:12.096163|ERROR   |              |   | TS3ANetwork::Send failed error: 1
2013-10-27 20:47:14.099230|ERROR   |              |   | TS3ANetwork::Send failed error: 1
2013-10-27 20:47:14.099299|ERROR   |              |   | TS3ANetwork::Send failed error: 1
2013-10-27 20:57:10.303200|ERROR   |              |   | TS3ANetwork::Send failed error: 1
2013-10-27 20:57:10.303266|ERROR   |              |   | TS3ANetwork::Send failed error: 1
2013-10-27 20:57:12.005980|ERROR   |              |   | TS3ANetwork::Send failed error: 1
2013-10-27 20:57:12.006057|ERROR   |              |   | TS3ANetwork::Send failed error: 1
2013-10-27 20:57:14.008372|ERROR   |              |   | TS3ANetwork::Send failed error: 1
2013-10-27 20:57:14.008439|ERROR   |              |   | TS3ANetwork::Send failed error: 1
2013-10-27 21:07:10.300722|ERROR   |              |   | TS3ANetwork::Send failed error: 1
2013-10-27 21:07:10.300782|ERROR   |              |   | TS3ANetwork::Send failed error: 1
2013-10-27 21:07:12.003887|ERROR   |              |   | TS3ANetwork::Send failed error: 1
2013-10-27 21:07:12.003950|ERROR   |              |   | TS3ANetwork::Send failed error: 1
2013-10-27 21:07:14.006942|ERROR   |              |   | TS3ANetwork::Send failed error: 1
2013-10-27 21:07:14.007007|ERROR   |              |   | TS3ANetwork::Send failed error: 1
2013-10-27 21:15:23.268297|ERROR   |              |   | TS3ANetwork::Connect failed error: 110
2013-10-27 21:17:10.376625|ERROR   |              |   | TS3ANetwork::Send failed error: 1
2013-10-27 21:17:10.376688|ERROR   |              |   | TS3ANetwork::Send failed error: 1
2013-10-27 21:17:12.079028|ERROR   |              |   | TS3ANetwork::Send failed error: 1
2013-10-27 21:17:12.079095|ERROR   |              |   | TS3ANetwork::Send failed error: 1
2013-10-27 21:17:14.081866|ERROR   |              |   | TS3ANetwork::Send failed error: 1
2013-10-27 21:17:14.081940|ERROR   |              |   | TS3ANetwork::Send failed error: 1
2013-10-27 21:27:10.426687|ERROR   |              |   | TS3ANetwork::Send failed error: 1
2013-10-27 21:27:10.426764|ERROR   |              |   | TS3ANetwork::Send failed error: 1
2013-10-27 21:27:12.029560|ERROR   |              |   | TS3ANetwork::Send failed error: 1
2013-10-27 21:27:12.029641|ERROR   |              |   | TS3ANetwork::Send failed error: 1
2013-10-27 21:27:14.032992|ERROR   |              |   | TS3ANetwork::Send failed error: 1
2013-10-27 21:27:14.033049|ERROR   |              |   | TS3ANetwork::Send failed error: 1
2013-10-27 21:37:10.510621|ERROR   |              |   | TS3ANetwork::Send failed error: 1
2013-10-27 21:37:10.510681|ERROR   |              |   | TS3ANetwork::Send failed error: 1
2013-10-27 21:37:12.013388|ERROR   |              |   | TS3ANetwork::Send failed error: 1
2013-10-27 21:37:12.013462|ERROR   |              |   | TS3ANetwork::Send failed error: 1
2013-10-27 21:37:14.016783|ERROR   |              |   | TS3ANetwork::Send failed error: 1
2013-10-27 21:37:14.016847|ERROR   |              |   | TS3ANetwork::Send failed error: 1
2013-10-27 21:47:10.603074|ERROR   |              |   | TS3ANetwork::Send failed error: 1
2013-10-27 21:47:10.603135|ERROR   |              |   | TS3ANetwork::Send failed error: 1
2013-10-27 21:47:12.005729|ERROR   |              |   | TS3ANetwork::Send failed error: 1
2013-10-27 21:47:12.005790|ERROR   |              |   | TS3ANetwork::Send failed error: 1
2013-10-27 21:47:14.008777|ERROR   |              |   | TS3ANetwork::Send failed error: 1
2013-10-27 21:47:14.008855|ERROR   |              |   | TS3ANetwork::Send failed error: 1
2013-10-27 21:57:10.667123|ERROR   |              |   | TS3ANetwork::Send failed error: 1
2013-10-27 21:57:10.667185|ERROR   |              |   | TS3ANetwork::Send failed error: 1
2013-10-27 21:57:12.069294|ERROR   |              |   | TS3ANetwork::Send failed error: 1
2013-10-27 21:57:12.069354|ERROR   |              |   | TS3ANetwork::Send failed error: 1
2013-10-27 21:57:14.072061|ERROR   |              |   | TS3ANetwork::Send failed error: 1
2013-10-27 21:57:14.072119|ERROR   |              |   | TS3ANetwork::Send failed error: 1
2013-10-27 22:07:10.752407|ERROR   |              |   | TS3ANetwork::Send failed error: 1
2013-10-27 22:07:10.752465|ERROR   |              |   | TS3ANetwork::Send failed error: 1
2013-10-27 22:07:12.054779|ERROR   |              |   | TS3ANetwork::Send failed error: 1
2013-10-27 22:07:12.054840|ERROR   |              |   | TS3ANetwork::Send failed error: 1
2013-10-27 22:07:14.057923|ERROR   |              |   | TS3ANetwork::Send failed error: 1
2013-10-27 22:07:14.057983|ERROR   |              |   | TS3ANetwork::Send failed error: 1
2013-10-27 22:16:30.284314|ERROR   |              |   | TS3ANetwork::Connect failed error: 110
2013-10-27 22:17:10.821487|ERROR   |              |   | TS3ANetwork::Send failed error: 1
2013-10-27 22:17:10.821580|ERROR   |              |   | TS3ANetwork::Send failed error: 1
2013-10-27 22:17:12.023695|ERROR   |              |   | TS3ANetwork::Send failed error: 1
2013-10-27 22:17:12.023766|ERROR   |              |   | TS3ANetwork::Send failed error: 1
2013-10-27 22:17:14.026659|ERROR   |              |   | TS3ANetwork::Send failed error: 1
2013-10-27 22:17:14.026723|ERROR   |              |   | TS3ANetwork::Send failed error: 1
2013-10-27 22:27:10.966787|ERROR   |              |   | TS3ANetwork::Send failed error: 1
2013-10-27 22:27:10.966864|ERROR   |              |   | TS3ANetwork::Send failed error: 1
2013-10-27 22:27:12.068593|ERROR   |              |   | TS3ANetwork::Send failed error: 1
2013-10-27 22:27:12.068654|ERROR   |              |   | TS3ANetwork::Send failed error: 1
2013-10-27 22:27:14.071800|ERROR   |              |   | TS3ANetwork::Send failed error: 1
2013-10-27 22:27:14.071889|ERROR   |              |   | TS3ANetwork::Send failed error: 1
2013-10-27 22:37:11.042274|ERROR   |              |   | TS3ANetwork::Send failed error: 1
2013-10-27 22:37:11.042345|ERROR   |              |   | TS3ANetwork::Send failed error: 1
2013-10-27 22:37:13.044873|ERROR   |              |   | TS3ANetwork::Send failed error: 1
2013-10-27 22:37:13.044939|ERROR   |              |   | TS3ANetwork::Send failed error: 1
2013-10-27 22:37:15.048180|ERROR   |              |   | TS3ANetwork::Send failed error: 1
2013-10-27 22:37:15.048264|ERROR   |              |   | TS3ANetwork::Send failed error: 1
2013-10-27 22:47:11.043381|ERROR   |              |   | TS3ANetwork::Send failed error: 1
2013-10-27 22:47:11.043439|ERROR   |              |   | TS3ANetwork::Send failed error: 1
2013-10-27 22:47:13.046248|ERROR   |              |   | TS3ANetwork::Send failed error: 1
2013-10-27 22:47:13.046309|ERROR   |              |   | TS3ANetwork::Send failed error: 1
2013-10-27 22:47:15.049325|ERROR   |              |   | TS3ANetwork::Send failed error: 1
2013-10-27 22:47:15.049383|ERROR   |              |   | TS3ANetwork::Send failed error: 1
2013-10-27 22:57:11.010338|ERROR   |              |   | TS3ANetwork::Send failed error: 1
2013-10-27 22:57:11.010393|ERROR   |              |   | TS3ANetwork::Send failed error: 1
2013-10-27 22:57:13.012817|ERROR   |              |   | TS3ANetwork::Send failed error: 1
2013-10-27 22:57:13.012889|ERROR   |              |   | TS3ANetwork::Send failed error: 1
2013-10-27 22:57:15.021212|ERROR   |              |   | TS3ANetwork::Send failed error: 1
2013-10-27 22:57:15.021269|ERROR   |              |   | TS3ANetwork::Send failed error: 1
2013-10-27 23:07:11.017815|ERROR   |              |   | TS3ANetwork::Send failed error: 1
2013-10-27 23:07:11.017877|ERROR   |              |   | TS3ANetwork::Send failed error: 1
2013-10-27 23:07:13.023838|ERROR   |              |   | TS3ANetwork::Send failed error: 1
2013-10-27 23:07:13.023908|ERROR   |              |   | TS3ANetwork::Send failed error: 1
2013-10-27 23:07:15.030544|ERROR   |              |   | TS3ANetwork::Send failed error: 1
2013-10-27 23:07:15.030625|ERROR   |              |   | TS3ANetwork::Send failed error: 1
2013-10-27 23:17:11.061415|ERROR   |              |   | TS3ANetwork::Send failed error: 1
2013-10-27 23:17:11.061472|ERROR   |              |   | TS3ANetwork::Send failed error: 1
2013-10-27 23:17:13.065111|ERROR   |              |   | TS3ANetwork::Send failed error: 1
2013-10-27 23:17:13.065183|ERROR   |              |   | TS3ANetwork::Send failed error: 1
2013-10-27 23:17:15.068428|ERROR   |              |   | TS3ANetwork::Send failed error: 1
2013-10-27 23:17:15.068485|ERROR   |              |   | TS3ANetwork::Send failed error: 1
2013-10-27 23:17:38.622352|ERROR   |              |   | TS3ANetwork::Connect failed error: 110
2013-10-27 23:27:11.107880|ERROR   |              |   | TS3ANetwork::Send failed error: 1
2013-10-27 23:27:11.107949|ERROR   |              |   | TS3ANetwork::Send failed error: 1
2013-10-27 23:27:13.010950|ERROR   |              |   | TS3ANetwork::Send failed error: 1
2013-10-27 23:27:13.011020|ERROR   |              |   | TS3ANetwork::Send failed error: 1
2013-10-27 23:27:15.014384|ERROR   |              |   | TS3ANetwork::Send failed error: 1
2013-10-27 23:27:15.014453|ERROR   |              |   | TS3ANetwork::Send failed error: 1
2013-10-27 23:37:11.168670|ERROR   |              |   | TS3ANetwork::Send failed error: 1
2013-10-27 23:37:11.168734|ERROR   |              |   | TS3ANetwork::Send failed error: 1
2013-10-27 23:37:13.071413|ERROR   |              |   | TS3ANetwork::Send failed error: 1
2013-10-27 23:37:13.071475|ERROR   |              |   | TS3ANetwork::Send failed error: 1
2013-10-27 23:37:15.074629|ERROR   |              |   | TS3ANetwork::Send failed error: 1
2013-10-27 23:37:15.074700|ERROR   |              |   | TS3ANetwork::Send failed error: 1
2013-10-27 23:47:11.183126|ERROR   |              |   | TS3ANetwork::Send failed error: 1
2013-10-27 23:47:11.183185|ERROR   |              |   | TS3ANetwork::Send failed error: 1
2013-10-27 23:47:13.087055|ERROR   |              |   | TS3ANetwork::Send failed error: 1
2013-10-27 23:47:13.087114|ERROR   |              |   | TS3ANetwork::Send failed error: 1
2013-10-27 23:47:15.090128|ERROR   |              |   | TS3ANetwork::Send failed error: 1
2013-10-27 23:47:15.090189|ERROR   |              |   | TS3ANetwork::Send failed error: 1
2013-10-27 23:57:11.268691|ERROR   |              |   | TS3ANetwork::Send failed error: 1
2013-10-27 23:57:11.268751|ERROR   |              |   | TS3ANetwork::Send failed error: 1
2013-10-27 23:57:13.072048|ERROR   |              |   | TS3ANetwork::Send failed error: 1
2013-10-27 23:57:13.072106|ERROR   |              |   | TS3ANetwork::Send failed error: 1
2013-10-27 23:57:15.075215|ERROR   |              |   | TS3ANetwork::Send failed error: 1
2013-10-27 23:57:15.075284|ERROR   |              |   | TS3ANetwork::Send failed error: 1
2013-10-28 00:07:11.260115|ERROR   |              |   | TS3ANetwork::Send failed error: 1
2013-10-28 00:07:11.260184|ERROR   |              |   | TS3ANetwork::Send failed error: 1
2013-10-28 00:07:13.064261|ERROR   |              |   | TS3ANetwork::Send failed error: 1
2013-10-28 00:07:13.064342|ERROR   |              |   | TS3ANetwork::Send failed error: 1
2013-10-28 00:07:15.066803|ERROR   |              |   | TS3ANetwork::Send failed error: 1
2013-10-28 00:07:15.066861|ERROR   |              |   | TS3ANetwork::Send failed error: 1
2013-10-28 00:17:11.378435|ERROR   |              |   | TS3ANetwork::Send failed error: 1
2013-10-28 00:17:11.378496|ERROR   |              |   | TS3ANetwork::Send failed error: 1
2013-10-28 00:17:13.080684|ERROR   |              |   | TS3ANetwork::Send failed error: 1
2013-10-28 00:17:13.080745|ERROR   |              |   | TS3ANetwork::Send failed error: 1
2013-10-28 00:17:15.090993|ERROR   |              |   | TS3ANetwork::Send failed error: 1
2013-10-28 00:17:15.091055|ERROR   |              |   | TS3ANetwork::Send failed error: 1
2013-10-28 00:18:49.734377|ERROR   |              |   | TS3ANetwork::Connect failed error: 110
2013-10-28 00:27:11.375110|ERROR   |              |   | TS3ANetwork::Send failed error: 1
2013-10-28 00:27:11.375181|ERROR   |              |   | TS3ANetwork::Send failed error: 1
2013-10-28 00:27:13.077699|ERROR   |              |   | TS3ANetwork::Send failed error: 1
2013-10-28 00:27:13.077764|ERROR   |              |   | TS3ANetwork::Send failed error: 1
2013-10-28 00:27:15.084492|ERROR   |              |   | TS3ANetwork::Send failed error: 1
2013-10-28 00:27:15.084564|ERROR   |              |   | TS3ANetwork::Send failed error: 1
2013-10-28 00:37:11.467381|ERROR   |              |   | TS3ANetwork::Send failed error: 1
2013-10-28 00:37:11.467443|ERROR   |              |   | TS3ANetwork::Send failed error: 1
2013-10-28 00:37:13.070041|ERROR   |              |   | TS3ANetwork::Send failed error: 1
2013-10-28 00:37:13.070099|ERROR   |              |   | TS3ANetwork::Send failed error: 1
2013-10-28 00:37:15.075982|ERROR   |              |   | TS3ANetwork::Send failed error: 1
2013-10-28 00:37:15.076059|ERROR   |              |   | TS3ANetwork::Send failed error: 1
2013-10-28 00:47:11.477103|ERROR   |              |   | TS3ANetwork::Send failed error: 1
2013-10-28 00:47:11.477161|ERROR   |              |   | TS3ANetwork::Send failed error: 1
2013-10-28 00:47:13.079533|ERROR   |              |   | TS3ANetwork::Send failed error: 1
2013-10-28 00:47:13.079596|ERROR   |              |   | TS3ANetwork::Send failed error: 1
2013-10-28 00:47:15.083474|ERROR   |              |   | TS3ANetwork::Send failed error: 1
2013-10-28 00:47:15.083535|ERROR   |              |   | TS3ANetwork::Send failed error: 1
2013-10-28 00:57:11.552929|ERROR   |              |   | TS3ANetwork::Send failed error: 1
2013-10-28 00:57:11.552990|ERROR   |              |   | TS3ANetwork::Send failed error: 1
2013-10-28 00:57:13.055467|ERROR   |              |   | TS3ANetwork::Send failed error: 1
2013-10-28 00:57:13.055532|ERROR   |              |   | TS3ANetwork::Send failed error: 1
2013-10-28 00:57:15.058043|ERROR   |              |   | TS3ANetwork::Send failed error: 1
2013-10-28 00:57:15.058116|ERROR   |              |   | TS3ANetwork::Send failed error: 1
2013-10-28 01:07:11.710835|ERROR   |              |   | TS3ANetwork::Send failed error: 1
2013-10-28 01:07:11.710903|ERROR   |              |   | TS3ANetwork::Send failed error: 1
2013-10-28 01:07:13.012897|ERROR   |              |   | TS3ANetwork::Send failed error: 1
2013-10-28 01:07:13.012962|ERROR   |              |   | TS3ANetwork::Send failed error: 1
2013-10-28 01:07:15.017005|ERROR   |              |   | TS3ANetwork::Send failed error: 1
2013-10-28 01:07:15.017066|ERROR   |              |   | TS3ANetwork::Send failed error: 1
2013-10-28 01:17:11.638461|ERROR   |              |   | TS3ANetwork::Send failed error: 1
2013-10-28 01:17:11.638529|ERROR   |              |   | TS3ANetwork::Send failed error: 1
2013-10-28 01:17:13.076575|ERROR   |              |   | TS3ANetwork::Send failed error: 1
2013-10-28 01:17:13.076646|ERROR   |              |   | TS3ANetwork::Send failed error: 1
2013-10-28 01:17:15.079446|ERROR   |              |   | TS3ANetwork::Send failed error: 1
2013-10-28 01:17:15.079510|ERROR   |              |   | TS3ANetwork::Send failed error: 1
2013-10-28 01:20:01.359282|ERROR   |              |   | TS3ANetwork::Connect failed error: 110
2013-10-28 01:27:11.711278|ERROR   |              |   | TS3ANetwork::Send failed error: 1
2013-10-28 01:27:11.711342|ERROR   |              |   | TS3ANetwork::Send failed error: 1
2013-10-28 01:27:13.013156|ERROR   |              |   | TS3ANetwork::Send failed error: 1
2013-10-28 01:27:13.013269|ERROR   |              |   | TS3ANetwork::Send failed error: 1
2013-10-28 01:27:15.023033|ERROR   |              |   | TS3ANetwork::Send failed error: 1
2013-10-28 01:27:15.023096|ERROR   |              |   | TS3ANetwork::Send failed error: 1
2013-10-28 01:37:11.770331|ERROR   |              |   | TS3ANetwork::Send failed error: 1
2013-10-28 01:37:11.770397|ERROR   |              |   | TS3ANetwork::Send failed error: 1
2013-10-28 01:37:13.072416|ERROR   |              |   | TS3ANetwork::Send failed error: 1
2013-10-28 01:37:13.072484|ERROR   |              |   | TS3ANetwork::Send failed error: 1
2013-10-28 01:37:15.075360|ERROR   |              |   | TS3ANetwork::Send failed error: 1
2013-10-28 01:37:15.075422|ERROR   |              |   | TS3ANetwork::Send failed error: 1
2013-10-28 01:47:11.854726|ERROR   |              |   | TS3ANetwork::Send failed error: 1
2013-10-28 01:47:11.854785|ERROR   |              |   | TS3ANetwork::Send failed error: 1
2013-10-28 01:47:13.056774|ERROR   |              |   | TS3ANetwork::Send failed error: 1
2013-10-28 01:47:13.056830|ERROR   |              |   | TS3ANetwork::Send failed error: 1
2013-10-28 01:47:15.060397|ERROR   |              |   | TS3ANetwork::Send failed error: 1
2013-10-28 01:47:15.060475|ERROR   |              |   | TS3ANetwork::Send failed error: 1
2013-10-28 01:57:11.902239|ERROR   |              |   | TS3ANetwork::Send failed error: 1
2013-10-28 01:57:11.902309|ERROR   |              |   | TS3ANetwork::Send failed error: 1
2013-10-28 01:57:13.004151|ERROR   |              |   | TS3ANetwork::Send failed error: 1
2013-10-28 01:57:13.004218|ERROR   |              |   | TS3ANetwork::Send failed error: 1
2013-10-28 01:57:15.010881|ERROR   |              |   | TS3ANetwork::Send failed error: 1
2013-10-28 01:57:15.010961|ERROR   |              |   | TS3ANetwork::Send failed error: 1
2013-10-28 02:07:11.960342|ERROR   |              |   | TS3ANetwork::Send failed error: 1
2013-10-28 02:07:11.960404|ERROR   |              |   | TS3ANetwork::Send failed error: 1
2013-10-28 02:07:13.061907|ERROR   |              |   | TS3ANetwork::Send failed error: 1
2013-10-28 02:07:13.061966|ERROR   |              |   | TS3ANetwork::Send failed error: 1
2013-10-28 02:07:15.064661|ERROR   |              |   | TS3ANetwork::Send failed error: 1
2013-10-28 02:07:15.064728|ERROR   |              |   | TS3ANetwork::Send failed error: 1
2013-10-28 02:17:12.046064|ERROR   |              |   | TS3ANetwork::Send failed error: 1
2013-10-28 02:17:12.046129|ERROR   |              |   | TS3ANetwork::Send failed error: 1
2013-10-28 02:17:14.048857|ERROR   |              |   | TS3ANetwork::Send failed error: 1
2013-10-28 02:17:14.048925|ERROR   |              |   | TS3ANetwork::Send failed error: 1
2013-10-28 02:17:16.052083|ERROR   |              |   | TS3ANetwork::Send failed error: 1
2013-10-28 02:17:16.052158|ERROR   |              |   | TS3ANetwork::Send failed error: 1
2013-10-28 02:21:12.793350|ERROR   |              |   | TS3ANetwork::Connect failed error: 110
2013-10-28 02:27:12.048798|ERROR   |              |   | TS3ANetwork::Send failed error: 1
2013-10-28 02:27:12.048858|ERROR   |              |   | TS3ANetwork::Send failed error: 1
2013-10-28 02:27:14.051393|ERROR   |              |   | TS3ANetwork::Send failed error: 1
2013-10-28 02:27:14.051451|ERROR   |              |   | TS3ANetwork::Send failed error: 1
2013-10-28 02:27:16.054431|ERROR   |              |   | TS3ANetwork::Send failed error: 1
2013-10-28 02:27:16.054515|ERROR   |              |   | TS3ANetwork::Send failed error: 1
2013-10-28 02:37:12.133508|ERROR   |              |   | TS3ANetwork::Send failed error: 1
2013-10-28 02:37:12.133573|ERROR   |              |   | TS3ANetwork::Send failed error: 1
2013-10-28 02:37:14.036385|ERROR   |              |   | TS3ANetwork::Send failed error: 1
2013-10-28 02:37:14.036448|ERROR   |              |   | TS3ANetwork::Send failed error: 1
2013-10-28 02:37:16.038970|ERROR   |              |   | TS3ANetwork::Send failed error: 1
2013-10-28 02:37:16.039030|ERROR   |              |   | TS3ANetwork::Send failed error: 1
2013-10-28 02:47:12.135379|ERROR   |              |   | TS3ANetwork::Send failed error: 1
2013-10-28 02:47:12.135468|ERROR   |              |   | TS3ANetwork::Send failed error: 1
2013-10-28 02:47:14.038458|ERROR   |              |   | TS3ANetwork::Send failed error: 1
2013-10-28 02:47:14.038518|ERROR   |              |   | TS3ANetwork::Send failed error: 1
2013-10-28 02:47:16.050470|ERROR   |              |   | TS3ANetwork::Send failed error: 1
2013-10-28 02:47:16.050547|ERROR   |              |   | TS3ANetwork::Send failed error: 1
2013-10-28 02:57:12.173952|ERROR   |              |   | TS3ANetwork::Send failed error: 1
2013-10-28 02:57:12.174013|ERROR   |              |   | TS3ANetwork::Send failed error: 1
2013-10-28 02:57:14.076903|ERROR   |              |   | TS3ANetwork::Send failed error: 1
2013-10-28 02:57:14.076967|ERROR   |              |   | TS3ANetwork::Send failed error: 1
2013-10-28 02:57:16.081596|ERROR   |              |   | TS3ANetwork::Send failed error: 1
2013-10-28 02:57:16.081677|ERROR   |              |   | TS3ANetwork::Send failed error: 1
2013-10-28 03:07:12.243151|ERROR   |              |   | TS3ANetwork::Send failed error: 1
2013-10-28 03:07:12.243213|ERROR   |              |   | TS3ANetwork::Send failed error: 1
2013-10-28 03:07:14.045653|ERROR   |              |   | TS3ANetwork::Send failed error: 1
2013-10-28 03:07:14.045714|ERROR   |              |   | TS3ANetwork::Send failed error: 1
2013-10-28 03:07:16.048413|ERROR   |              |   | TS3ANetwork::Send failed error: 1
2013-10-28 03:07:16.048496|ERROR   |              |   | TS3ANetwork::Send failed error: 1
2013-10-28 03:17:12.310070|ERROR   |              |   | TS3ANetwork::Send failed error: 1
2013-10-28 03:17:12.310134|ERROR   |              |   | TS3ANetwork::Send failed error: 1
2013-10-28 03:17:14.025576|ERROR   |              |   | TS3ANetwork::Send failed error: 1
2013-10-28 03:17:14.025638|ERROR   |              |   | TS3ANetwork::Send failed error: 1
2013-10-28 03:17:16.037458|ERROR   |              |   | TS3ANetwork::Send failed error: 1
2013-10-28 03:17:16.037517|ERROR   |              |   | TS3ANetwork::Send failed error: 1
2013-10-28 03:22:23.850267|ERROR   |              |   | TS3ANetwork::Connect failed error: 110
2013-10-28 03:27:12.309364|ERROR   |              |   | TS3ANetwork::Send failed error: 1
2013-10-28 03:27:12.309431|ERROR   |              |   | TS3ANetwork::Send failed error: 1
2013-10-28 03:27:14.011558|ERROR   |              |   | TS3ANetwork::Send failed error: 1
2013-10-28 03:27:14.011627|ERROR   |              |   | TS3ANetwork::Send failed error: 1
2013-10-28 03:27:16.014047|ERROR   |              |   | TS3ANetwork::Send failed error: 1
2013-10-28 03:27:16.014111|ERROR   |              |   | TS3ANetwork::Send failed error: 1
2013-10-28 03:37:12.402899|ERROR   |              |   | TS3ANetwork::Send failed error: 1
2013-10-28 03:37:12.402964|ERROR   |              |   | TS3ANetwork::Send failed error: 1
2013-10-28 03:37:14.017830|ERROR   |              |   | TS3ANetwork::Send failed error: 1
2013-10-28 03:37:14.017901|ERROR   |              |   | TS3ANetwork::Send failed error: 1
2013-10-28 03:37:16.021010|ERROR   |              |   | TS3ANetwork::Send failed error: 1
2013-10-28 03:37:16.021077|ERROR   |              |   | TS3ANetwork::Send failed error: 1
2013-10-28 03:47:12.530123|ERROR   |              |   | TS3ANetwork::Send failed error: 1
2013-10-28 03:47:12.530187|ERROR   |              |   | TS3ANetwork::Send failed error: 1
2013-10-28 03:47:14.032225|ERROR   |              |   | TS3ANetwork::Send failed error: 1
2013-10-28 03:47:14.032286|ERROR   |              |   | TS3ANetwork::Send failed error: 1
2013-10-28 03:47:16.034944|ERROR   |              |   | TS3ANetwork::Send failed error: 1
2013-10-28 03:47:16.035007|ERROR   |              |   | TS3ANetwork::Send failed error: 1
2013-10-28 03:57:12.553246|ERROR   |              |   | TS3ANetwork::Send failed error: 1
2013-10-28 03:57:12.553329|ERROR   |              |   | TS3ANetwork::Send failed error: 1
2013-10-28 03:57:14.055446|ERROR   |              |   | TS3ANetwork::Send failed error: 1
2013-10-28 03:57:14.055503|ERROR   |              |   | TS3ANetwork::Send failed error: 1
2013-10-28 03:57:16.061074|ERROR   |              |   | TS3ANetwork::Send failed error: 1
2013-10-28 03:57:16.061137|ERROR   |              |   | TS3ANetwork::Send failed error: 1
2013-10-28 04:07:12.603382|ERROR   |              |   | TS3ANetwork::Send failed error: 1
2013-10-28 04:07:12.603449|ERROR   |              |   | TS3ANetwork::Send failed error: 1
2013-10-28 04:07:14.005304|ERROR   |              |   | TS3ANetwork::Send failed error: 1
2013-10-28 04:07:14.005367|ERROR   |              |   | TS3ANetwork::Send failed error: 1
2013-10-28 04:07:16.008289|ERROR   |              |   | TS3ANetwork::Send failed error: 1
2013-10-28 04:07:16.008358|ERROR   |              |   | TS3ANetwork::Send failed error: 1
2013-10-28 04:17:12.680240|ERROR   |              |   | TS3ANetwork::Send failed error: 1
2013-10-28 04:17:12.680309|ERROR   |              |   | TS3ANetwork::Send failed error: 1
2013-10-28 04:17:14.082180|ERROR   |              |   | TS3ANetwork::Send failed error: 1
2013-10-28 04:17:14.082244|ERROR   |              |   | TS3ANetwork::Send failed error: 1
2013-10-28 04:17:16.085587|ERROR   |              |   | TS3ANetwork::Send failed error: 1
2013-10-28 04:17:16.085667|ERROR   |              |   | TS3ANetwork::Send failed error: 1
2013-10-28 04:23:33.899324|ERROR   |              |   | TS3ANetwork::Connect failed error: 110
2013-10-28 04:27:12.723603|ERROR   |              |   | TS3ANetwork::Send failed error: 1
2013-10-28 04:27:12.723663|ERROR   |              |   | TS3ANetwork::Send failed error: 1
2013-10-28 04:27:14.025703|ERROR   |              |   | TS3ANetwork::Send failed error: 1
2013-10-28 04:27:14.025774|ERROR   |              |   | TS3ANetwork::Send failed error: 1
2013-10-28 04:27:16.036053|ERROR   |              |   | TS3ANetwork::Send failed error: 1
2013-10-28 04:27:16.036118|ERROR   |              |   | TS3ANetwork::Send failed error: 1
2013-10-28 04:37:12.737801|ERROR   |              |   | TS3ANetwork::Send failed error: 1
2013-10-28 04:37:12.737862|ERROR   |              |   | TS3ANetwork::Send failed error: 1
2013-10-28 04:37:14.042524|ERROR   |              |   | TS3ANetwork::Send failed error: 1
2013-10-28 04:37:14.042619|ERROR   |              |   | TS3ANetwork::Send failed error: 1
2013-10-28 04:37:16.044932|ERROR   |              |   | TS3ANetwork::Send failed error: 1
2013-10-28 04:37:16.044995|ERROR   |              |   | TS3ANetwork::Send failed error: 1
2013-10-28 04:47:12.813382|ERROR   |              |   | TS3ANetwork::Send failed error: 1
2013-10-28 04:47:12.813460|ERROR   |              |   | TS3ANetwork::Send failed error: 1
2013-10-28 04:47:14.015114|ERROR   |              |   | TS3ANetwork::Send failed error: 1
2013-10-28 04:47:14.015216|ERROR   |              |   | TS3ANetwork::Send failed error: 1
2013-10-28 04:47:16.018163|ERROR   |              |   | TS3ANetwork::Send failed error: 1
2013-10-28 04:47:16.018237|ERROR   |              |   | TS3ANetwork::Send failed error: 1
2013-10-28 04:57:12.902181|ERROR   |              |   | TS3ANetwork::Send failed error: 1
2013-10-28 04:57:12.902249|ERROR   |              |   | TS3ANetwork::Send failed error: 1
2013-10-28 04:57:14.004228|ERROR   |              |   | TS3ANetwork::Send failed error: 1
2013-10-28 04:57:14.004377|ERROR   |              |   | TS3ANetwork::Send failed error: 1
2013-10-28 04:57:16.007097|ERROR   |              |   | TS3ANetwork::Send failed error: 1
2013-10-28 04:57:16.007156|ERROR   |              |   | TS3ANetwork::Send failed error: 1
2013-10-28 05:07:12.954102|ERROR   |              |   | TS3ANetwork::Send failed error: 1
2013-10-28 05:07:12.954173|ERROR   |              |   | TS3ANetwork::Send failed error: 1
2013-10-28 05:07:14.055537|ERROR   |              |   | TS3ANetwork::Send failed error: 1
2013-10-28 05:07:14.055598|ERROR   |              |   | TS3ANetwork::Send failed error: 1
2013-10-28 05:07:16.057741|ERROR   |              |   | TS3ANetwork::Send failed error: 1
2013-10-28 05:07:16.097504|ERROR   |              |   | TS3ANetwork::Send failed error: 1
2013-10-28 05:17:12.986743|ERROR   |              |   | TS3ANetwork::Send failed error: 1
2013-10-28 05:17:12.986803|ERROR   |              |   | TS3ANetwork::Send failed error: 1
2013-10-28 05:17:14.088315|ERROR   |              |   | TS3ANetwork::Send failed error: 1
2013-10-28 05:17:14.088386|ERROR   |              |   | TS3ANetwork::Send failed error: 1
2013-10-28 05:17:16.091603|ERROR   |              |   | TS3ANetwork::Send failed error: 1
2013-10-28 05:17:16.091660|ERROR   |              |   | TS3ANetwork::Send failed error: 1
2013-10-28 05:24:44.417307|ERROR   |              |   | TS3ANetwork::Connect failed error: 110
2013-10-28 05:27:13.119791|ERROR   |              |   | TS3ANetwork::Send failed error: 1
2013-10-28 05:27:13.119857|ERROR   |              |   | TS3ANetwork::Send failed error: 1
2013-10-28 05:27:15.023620|ERROR   |              |   | TS3ANetwork::Send failed error: 1
2013-10-28 05:27:15.023694|ERROR   |              |   | TS3ANetwork::Send failed error: 1
2013-10-28 05:27:17.026571|ERROR   |              |   | TS3ANetwork::Send failed error: 1
2013-10-28 05:27:17.026642|ERROR   |              |   | TS3ANetwork::Send failed error: 1
2013-10-28 05:37:13.118883|ERROR   |              |   | TS3ANetwork::Send failed error: 1
2013-10-28 05:37:13.118966|ERROR   |              |   | TS3ANetwork::Send failed error: 1
2013-10-28 05:37:15.021385|ERROR   |              |   | TS3ANetwork::Send failed error: 1
2013-10-28 05:37:15.021442|ERROR   |              |   | TS3ANetwork::Send failed error: 1
2013-10-28 05:37:17.024039|ERROR   |              |   | TS3ANetwork::Send failed error: 1
2013-10-28 05:37:17.024105|ERROR   |              |   | TS3ANetwork::Send failed error: 1
2013-10-28 05:47:13.217100|ERROR   |              |   | TS3ANetwork::Send failed error: 1
2013-10-28 05:47:13.217163|ERROR   |              |   | TS3ANetwork::Send failed error: 1
2013-10-28 05:47:15.019666|ERROR   |              |   | TS3ANetwork::Send failed error: 1
2013-10-28 05:47:15.019733|ERROR   |              |   | TS3ANetwork::Send failed error: 1
2013-10-28 05:47:17.022553|ERROR   |              |   | TS3ANetwork::Send failed error: 1
2013-10-28 05:47:17.022624|ERROR   |              |   | TS3ANetwork::Send failed error: 1
2013-10-28 05:57:13.282178|ERROR   |              |   | TS3ANetwork::Send failed error: 1
2013-10-28 05:57:13.282253|ERROR   |              |   | TS3ANetwork::Send failed error: 1
2013-10-28 05:57:15.085185|ERROR   |              |   | TS3ANetwork::Send failed error: 1
2013-10-28 05:57:15.085273|ERROR   |              |   | TS3ANetwork::Send failed error: 1
2013-10-28 05:57:17.091664|ERROR   |              |   | TS3ANetwork::Send failed error: 1
2013-10-28 05:57:17.091737|ERROR   |              |   | TS3ANetwork::Send failed error: 1
2013-10-28 06:07:13.356729|ERROR   |              |   | TS3ANetwork::Send failed error: 1
2013-10-28 06:07:13.356805|ERROR   |              |   | TS3ANetwork::Send failed error: 1
2013-10-28 06:07:15.060940|ERROR   |              |   | TS3ANetwork::Send failed error: 1
2013-10-28 06:07:15.061046|ERROR   |              |   | TS3ANetwork::Send failed error: 1
2013-10-28 06:07:17.063817|ERROR   |              |   | TS3ANetwork::Send failed error: 1
2013-10-28 06:07:17.063877|ERROR   |              |   | TS3ANetwork::Send failed error: 1
2013-10-28 06:17:13.349719|ERROR   |              |   | TS3ANetwork::Send failed error: 1
2013-10-28 06:17:13.349782|ERROR   |              |   | TS3ANetwork::Send failed error: 1
2013-10-28 06:17:15.052354|ERROR   |              |   | TS3ANetwork::Send failed error: 1
2013-10-28 06:17:15.052416|ERROR   |              |   | TS3ANetwork::Send failed error: 1
2013-10-28 06:17:17.054896|ERROR   |              |   | TS3ANetwork::Send failed error: 1
2013-10-28 06:17:17.054974|ERROR   |              |   | TS3ANetwork::Send failed error: 1
2013-10-28 06:25:54.743298|ERROR   |              |   | TS3ANetwork::Connect failed error: 110
2013-10-28 06:27:13.423493|ERROR   |              |   | TS3ANetwork::Send failed error: 1
2013-10-28 06:27:13.423566|ERROR   |              |   | TS3ANetwork::Send failed error: 1
2013-10-28 06:27:15.026205|ERROR   |              |   | TS3ANetwork::Send failed error: 1
2013-10-28 06:27:15.026287|ERROR   |              |   | TS3ANetwork::Send failed error: 1
2013-10-28 06:27:17.029552|ERROR   |              |   | TS3ANetwork::Send failed error: 1
2013-10-28 06:27:17.029637|ERROR   |              |   | TS3ANetwork::Send failed error: 1
2013-10-28 06:37:13.468512|ERROR   |              |   | TS3ANetwork::Send failed error: 1
2013-10-28 06:37:13.468575|ERROR   |              |   | TS3ANetwork::Send failed error: 1
2013-10-28 06:37:15.070763|ERROR   |              |   | TS3ANetwork::Send failed error: 1
2013-10-28 06:37:15.070832|ERROR   |              |   | TS3ANetwork::Send failed error: 1
2013-10-28 06:37:17.073677|ERROR   |              |   | TS3ANetwork::Send failed error: 1
2013-10-28 06:37:17.073737|ERROR   |              |   | TS3ANetwork::Send failed error: 1
2013-10-28 06:47:13.530890|ERROR   |              |   | TS3ANetwork::Send failed error: 1
2013-10-28 06:47:13.530949|ERROR   |              |   | TS3ANetwork::Send failed error: 1
2013-10-28 06:47:15.033060|ERROR   |              |   | TS3ANetwork::Send failed error: 1
2013-10-28 06:47:15.033118|ERROR   |              |   | TS3ANetwork::Send failed error: 1
2013-10-28 06:47:17.036183|ERROR   |              |   | TS3ANetwork::Send failed error: 1
2013-10-28 06:47:17.036242|ERROR   |              |   | TS3ANetwork::Send failed error: 1
2013-10-28 06:57:13.671387|ERROR   |              |   | TS3ANetwork::Send failed error: 1
2013-10-28 06:57:13.671456|ERROR   |              |   | TS3ANetwork::Send failed error: 1
2013-10-28 06:57:15.073702|ERROR   |              |   | TS3ANetwork::Send failed error: 1
2013-10-28 06:57:15.073765|ERROR   |              |   | TS3ANetwork::Send failed error: 1
2013-10-28 06:57:17.076731|ERROR   |              |   | TS3ANetwork::Send failed error: 1
2013-10-28 06:57:17.076799|ERROR   |              |   | TS3ANetwork::Send failed error: 1
2013-10-28 07:07:13.757831|ERROR   |              |   | TS3ANetwork::Send failed error: 1
2013-10-28 07:07:13.757891|ERROR   |              |   | TS3ANetwork::Send failed error: 1
2013-10-28 07:07:15.059676|ERROR   |              |   | TS3ANetwork::Send failed error: 1
2013-10-28 07:07:15.059736|ERROR   |              |   | TS3ANetwork::Send failed error: 1
2013-10-28 07:07:17.063032|ERROR   |              |   | TS3ANetwork::Send failed error: 1
2013-10-28 07:07:17.063097|ERROR   |              |   | TS3ANetwork::Send failed error: 1
2013-10-28 07:17:13.783569|ERROR   |              |   | TS3ANetwork::Send failed error: 1
2013-10-28 07:17:13.783632|ERROR   |              |   | TS3ANetwork::Send failed error: 1
2013-10-28 07:17:15.085404|ERROR   |              |   | TS3ANetwork::Send failed error: 1
2013-10-28 07:17:15.085464|ERROR   |              |   | TS3ANetwork::Send failed error: 1
2013-10-28 07:17:17.088468|ERROR   |              |   | TS3ANetwork::Send failed error: 1
2013-10-28 07:17:17.088527|ERROR   |              |   | TS3ANetwork::Send failed error: 1
2013-10-28 07:27:04.092247|ERROR   |              |   | TS3ANetwork::Connect failed error: 110
2013-10-28 07:27:13.775884|ERROR   |              |   | TS3ANetwork::Send failed error: 1
2013-10-28 07:27:13.775958|ERROR   |              |   | TS3ANetwork::Send failed error: 1
2013-10-28 07:27:15.077881|ERROR   |              |   | TS3ANetwork::Send failed error: 1
2013-10-28 07:27:15.077940|ERROR   |              |   | TS3ANetwork::Send failed error: 1
2013-10-28 07:27:17.080599|ERROR   |              |   | TS3ANetwork::Send failed error: 1
2013-10-28 07:27:17.080664|ERROR   |              |   | TS3ANetwork::Send failed error: 1
2013-10-28 07:37:13.950532|ERROR   |              |   | TS3ANetwork::Send failed error: 1
2013-10-28 07:37:13.950597|ERROR   |              |   | TS3ANetwork::Send failed error: 1
2013-10-28 07:37:15.052269|ERROR   |              |   | TS3ANetwork::Send failed error: 1
2013-10-28 07:37:15.052327|ERROR   |              |   | TS3ANetwork::Send failed error: 1
2013-10-28 07:37:17.055450|ERROR   |              |   | TS3ANetwork::Send failed error: 1
2013-10-28 07:37:17.055527|ERROR   |              |   | TS3ANetwork::Send failed error: 1
2013-10-28 07:47:14.024820|ERROR   |              |   | TS3ANetwork::Send failed error: 1
2013-10-28 07:47:14.024888|ERROR   |              |   | TS3ANetwork::Send failed error: 1
2013-10-28 07:47:16.028260|ERROR   |              |   | TS3ANetwork::Send failed error: 1
2013-10-28 07:47:16.028324|ERROR   |              |   | TS3ANetwork::Send failed error: 1
2013-10-28 07:47:18.031480|ERROR   |              |   | TS3ANetwork::Send failed error: 1
2013-10-28 07:47:18.031543|ERROR   |              |   | TS3ANetwork::Send failed error: 1
2013-10-28 07:57:14.013164|ERROR   |              |   | TS3ANetwork::Send failed error: 1
2013-10-28 07:57:14.013228|ERROR   |              |   | TS3ANetwork::Send failed error: 1
2013-10-28 07:57:16.016224|ERROR   |              |   | TS3ANetwork::Send failed error: 1
2013-10-28 07:57:16.016283|ERROR   |              |   | TS3ANetwork::Send failed error: 1
2013-10-28 07:57:18.019106|ERROR   |              |   | TS3ANetwork::Send failed error: 1
2013-10-28 07:57:18.019176|ERROR   |              |   | TS3ANetwork::Send failed error: 1
2013-10-28 08:07:14.098711|ERROR   |              |   | TS3ANetwork::Send failed error: 1
2013-10-28 08:07:14.098768|ERROR   |              |   | TS3ANetwork::Send failed error: 1
2013-10-28 08:07:16.001362|ERROR   |              |   | TS3ANetwork::Send failed error: 1
2013-10-28 08:07:16.001428|ERROR   |              |   | TS3ANetwork::Send failed error: 1
2013-10-28 08:07:18.004201|ERROR   |              |   | TS3ANetwork::Send failed error: 1
2013-10-28 08:07:18.004266|ERROR   |              |   | TS3ANetwork::Send failed error: 1
2013-10-28 08:17:14.066474|ERROR   |              |   | TS3ANetwork::Send failed error: 1
2013-10-28 08:17:14.066535|ERROR   |              |   | TS3ANetwork::Send failed error: 1
2013-10-28 08:17:16.069408|ERROR   |              |   | TS3ANetwork::Send failed error: 1
2013-10-28 08:17:16.069479|ERROR   |              |   | TS3ANetwork::Send failed error: 1
2013-10-28 08:17:18.072213|ERROR   |              |   | TS3ANetwork::Send failed error: 1
2013-10-28 08:17:18.072286|ERROR   |              |   | TS3ANetwork::Send failed error: 1
2013-10-28 08:27:14.106397|ERROR   |              |   | TS3ANetwork::Send failed error: 1
2013-10-28 08:27:14.106459|ERROR   |              |   | TS3ANetwork::Send failed error: 1
2013-10-28 08:27:16.009432|ERROR   |              |   | TS3ANetwork::Send failed error: 1
2013-10-28 08:27:16.009514|ERROR   |              |   | TS3ANetwork::Send failed error: 1
2013-10-28 08:27:18.012318|ERROR   |              |   | TS3ANetwork::Send failed error: 1
2013-10-28 08:27:18.012400|ERROR   |              |   | TS3ANetwork::Send failed error: 1
2013-10-28 08:28:10.727797|ERROR   |              |   | TS3ANetwork::Connect failed error: 110
2013-10-28 08:37:14.182281|ERROR   |              |   | TS3ANetwork::Send failed error: 1
2013-10-28 08:37:14.182355|ERROR   |              |   | TS3ANetwork::Send failed error: 1
2013-10-28 08:37:16.085125|ERROR   |              |   | TS3ANetwork::Send failed error: 1
2013-10-28 08:37:16.085182|ERROR   |              |   | TS3ANetwork::Send failed error: 1
2013-10-28 08:37:18.087863|ERROR   |              |   | TS3ANetwork::Send failed error: 1
2013-10-28 08:37:18.087929|ERROR   |              |   | TS3ANetwork::Send failed error: 1
2013-10-28 08:47:14.257570|ERROR   |              |   | TS3ANetwork::Send failed error: 1
2013-10-28 08:47:14.257654|ERROR   |              |   | TS3ANetwork::Send failed error: 1
2013-10-28 08:47:16.060485|ERROR   |              |   | TS3ANetwork::Send failed error: 1
2013-10-28 08:47:16.060547|ERROR   |              |   | TS3ANetwork::Send failed error: 1
2013-10-28 08:47:18.063312|ERROR   |              |   | TS3ANetwork::Send failed error: 1
2013-10-28 08:47:18.063389|ERROR   |              |   | TS3ANetwork::Send failed error: 1
2013-10-28 08:57:14.306634|ERROR   |              |   | TS3ANetwork::Send failed error: 1
2013-10-28 08:57:14.306698|ERROR   |              |   | TS3ANetwork::Send failed error: 1
2013-10-28 08:57:16.009484|ERROR   |              |   | TS3ANetwork::Send failed error: 1
2013-10-28 08:57:16.009542|ERROR   |              |   | TS3ANetwork::Send failed error: 1
2013-10-28 08:57:18.012372|ERROR   |              |   | TS3ANetwork::Send failed error: 1
2013-10-28 08:57:18.012436|ERROR   |              |   | TS3ANetwork::Send failed error: 1
2013-10-28 09:07:14.347537|ERROR   |              |   | TS3ANetwork::Send failed error: 1
2013-10-28 09:07:14.347606|ERROR   |              |   | TS3ANetwork::Send failed error: 1
2013-10-28 09:07:16.049862|ERROR   |              |   | TS3ANetwork::Send failed error: 1
2013-10-28 09:07:16.049922|ERROR   |              |   | TS3ANetwork::Send failed error: 1
2013-10-28 09:07:18.052954|ERROR   |              |   | TS3ANetwork::Send failed error: 1
2013-10-28 09:07:18.053031|ERROR   |              |   | TS3ANetwork::Send failed error: 1
2013-10-28 09:17:14.495620|ERROR   |              |   | TS3ANetwork::Send failed error: 1
2013-10-28 09:17:14.495681|ERROR   |              |   | TS3ANetwork::Send failed error: 1
2013-10-28 09:17:16.098112|ERROR   |              |   | TS3ANetwork::Send failed error: 1
2013-10-28 09:17:16.098197|ERROR   |              |   | TS3ANetwork::Send failed error: 1
2013-10-28 09:17:18.000970|ERROR   |              |   | TS3ANetwork::Send failed error: 1
2013-10-28 09:17:18.001041|ERROR   |              |   | TS3ANetwork::Send failed error: 1
2013-10-28 09:27:14.487577|ERROR   |              |   | TS3ANetwork::Send failed error: 1
2013-10-28 09:27:14.487639|ERROR   |              |   | TS3ANetwork::Send failed error: 1
2013-10-28 09:27:16.089978|ERROR   |              |   | TS3ANetwork::Send failed error: 1
2013-10-28 09:27:16.090051|ERROR   |              |   | TS3ANetwork::Send failed error: 1
2013-10-28 09:27:18.093292|ERROR   |              |   | TS3ANetwork::Send failed error: 1
2013-10-28 09:27:18.093351|ERROR   |              |   | TS3ANetwork::Send failed error: 1
2013-10-28 09:29:17.359423|ERROR   |              |   | TS3ANetwork::Connect failed error: 110
2013-10-28 09:37:14.467012|ERROR   |              |   | TS3ANetwork::Send failed error: 1
2013-10-28 09:37:14.467073|ERROR   |              |   | TS3ANetwork::Send failed error: 1
2013-10-28 09:37:16.069394|ERROR   |              |   | TS3ANetwork::Send failed error: 1
2013-10-28 09:37:16.069454|ERROR   |              |   | TS3ANetwork::Send failed error: 1
2013-10-28 09:37:18.072433|ERROR   |              |   | TS3ANetwork::Send failed error: 1
2013-10-28 09:37:18.072494|ERROR   |              |   | TS3ANetwork::Send failed error: 1
2013-10-28 09:47:14.539722|ERROR   |              |   | TS3ANetwork::Send failed error: 1
2013-10-28 09:47:14.539796|ERROR   |              |   | TS3ANetwork::Send failed error: 1
2013-10-28 09:47:16.042039|ERROR   |              |   | TS3ANetwork::Send failed error: 1
2013-10-28 09:47:16.042110|ERROR   |              |   | TS3ANetwork::Send failed error: 1
2013-10-28 09:47:18.044277|ERROR   |              |   | TS3ANetwork::Send failed error: 1
2013-10-28 09:47:18.044333|ERROR   |              |   | TS3ANetwork::Send failed error: 1
2013-10-28 09:57:14.496574|ERROR   |              |   | TS3ANetwork::Send failed error: 1
2013-10-28 09:57:14.496658|ERROR   |              |   | TS3ANetwork::Send failed error: 1
2013-10-28 09:57:16.099245|ERROR   |              |   | TS3ANetwork::Send failed error: 1
2013-10-28 09:57:16.099316|ERROR   |              |   | TS3ANetwork::Send failed error: 1
2013-10-28 09:57:18.002119|ERROR   |              |   | TS3ANetwork::Send failed error: 1
2013-10-28 09:57:18.002185|ERROR   |              |   | TS3ANetwork::Send failed error: 1
2013-10-28 10:07:14.555156|ERROR   |              |   | TS3ANetwork::Send failed error: 1
2013-10-28 10:07:14.555218|ERROR   |              |   | TS3ANetwork::Send failed error: 1
2013-10-28 10:07:16.057442|ERROR   |              |   | TS3ANetwork::Send failed error: 1
2013-10-28 10:07:16.057503|ERROR   |              |   | TS3ANetwork::Send failed error: 1
2013-10-28 10:07:18.060086|ERROR   |              |   | TS3ANetwork::Send failed error: 1
2013-10-28 10:07:18.060149|ERROR   |              |   | TS3ANetwork::Send failed error: 1
2013-10-28 10:15:41.311229|ERROR   |              |   | TS3ANetwork::Connect failed error: 110
2013-10-28 10:17:14.639466|ERROR   |              |   | TS3ANetwork::Send failed error: 1
2013-10-28 10:17:14.639524|ERROR   |              |   | TS3ANetwork::Send failed error: 1
2013-10-28 10:17:16.041634|ERROR   |              |   | TS3ANetwork::Send failed error: 1
2013-10-28 10:17:16.041695|ERROR   |              |   | TS3ANetwork::Send failed error: 1
2013-10-28 10:17:18.044499|ERROR   |              |   | TS3ANetwork::Send failed error: 1
2013-10-28 10:17:18.044558|ERROR   |              |   | TS3ANetwork::Send failed error: 1
2013-10-28 10:27:14.713881|ERROR   |              |   | TS3ANetwork::Send failed error: 1
2013-10-28 10:27:14.713948|ERROR   |              |   | TS3ANetwork::Send failed error: 1
2013-10-28 10:27:16.016128|ERROR   |              |   | TS3ANetwork::Send failed error: 1
2013-10-28 10:27:16.016195|ERROR   |              |   | TS3ANetwork::Send failed error: 1
2013-10-28 10:27:18.019880|ERROR   |              |   | TS3ANetwork::Send failed error: 1
2013-10-28 10:27:18.019968|ERROR   |              |   | TS3ANetwork::Send failed error: 1
2013-10-28 10:30:23.954337|ERROR   |              |   | TS3ANetwork::Connect failed error: 110
2013-10-28 10:37:14.763387|ERROR   |              |   | TS3ANetwork::Send failed error: 1
2013-10-28 10:37:14.763448|ERROR   |              |   | TS3ANetwork::Send failed error: 1
2013-10-28 10:37:16.065142|ERROR   |              |   | TS3ANetwork::Send failed error: 1
2013-10-28 10:37:16.065202|ERROR   |              |   | TS3ANetwork::Send failed error: 1
2013-10-28 10:37:18.068082|ERROR   |              |   | TS3ANetwork::Send failed error: 1
2013-10-28 10:37:18.068141|ERROR   |              |   | TS3ANetwork::Send failed error: 1
2013-10-28 10:47:14.772661|ERROR   |              |   | TS3ANetwork::Send failed error: 1
2013-10-28 10:47:14.772724|ERROR   |              |   | TS3ANetwork::Send failed error: 1
2013-10-28 10:47:16.074752|ERROR   |              |   | TS3ANetwork::Send failed error: 1
2013-10-28 10:47:16.074824|ERROR   |              |   | TS3ANetwork::Send failed error: 1
2013-10-28 10:47:18.077656|ERROR   |              |   | TS3ANetwork::Send failed error: 1
2013-10-28 10:47:18.077716|ERROR   |              |   | TS3ANetwork::Send failed error: 1
2013-10-28 10:57:14.749081|ERROR   |              |   | TS3ANetwork::Send failed error: 1
2013-10-28 10:57:14.749156|ERROR   |              |   | TS3ANetwork::Send failed error: 1
2013-10-28 10:57:16.050899|ERROR   |              |   | TS3ANetwork::Send failed error: 1
2013-10-28 10:57:16.050955|ERROR   |              |   | TS3ANetwork::Send failed error: 1
2013-10-28 10:57:18.053821|ERROR   |              |   | TS3ANetwork::Send failed error: 1
2013-10-28 10:57:18.053886|ERROR   |              |   | TS3ANetwork::Send failed error: 1
2013-10-28 11:07:14.749965|ERROR   |              |   | TS3ANetwork::Send failed error: 1
2013-10-28 11:07:14.750033|ERROR   |              |   | TS3ANetwork::Send failed error: 1
2013-10-28 11:07:16.051889|ERROR   |              |   | TS3ANetwork::Send failed error: 1
2013-10-28 11:07:16.051945|ERROR   |              |   | TS3ANetwork::Send failed error: 1
2013-10-28 11:07:18.054426|ERROR   |              |   | TS3ANetwork::Send failed error: 1
2013-10-28 11:07:18.054483|ERROR   |              |   | TS3ANetwork::Send failed error: 1
2013-10-28 11:17:14.816867|ERROR   |              |   | TS3ANetwork::Send failed error: 1
2013-10-28 11:17:14.817000|ERROR   |              |   | TS3ANetwork::Send failed error: 1
2013-10-28 11:17:16.018833|ERROR   |              |   | TS3ANetwork::Send failed error: 1
2013-10-28 11:17:16.018902|ERROR   |              |   | TS3ANetwork::Send failed error: 1
2013-10-28 11:17:18.021942|ERROR   |              |   | TS3ANetwork::Send failed error: 1
2013-10-28 11:17:18.022019|ERROR   |              |   | TS3ANetwork::Send failed error: 1
2013-10-28 11:27:14.886859|ERROR   |              |   | TS3ANetwork::Send failed error: 1
2013-10-28 11:27:14.886924|ERROR   |              |   | TS3ANetwork::Send failed error: 1
2013-10-28 11:27:16.088773|ERROR   |              |   | TS3ANetwork::Send failed error: 1
2013-10-28 11:27:16.088846|ERROR   |              |   | TS3ANetwork::Send failed error: 1
2013-10-28 11:27:18.091660|ERROR   |              |   | TS3ANetwork::Send failed error: 1
2013-10-28 11:27:18.091719|ERROR   |              |   | TS3ANetwork::Send failed error: 1
2013-10-28 11:30:27.551647|ERROR   |Accounting    |   | not started, shutting down!
2013-10-28 11:37:14.859172|ERROR   |              |   | TS3ANetwork::Send failed error: 1
2013-10-28 11:37:14.859235|ERROR   |              |   | TS3ANetwork::Send failed error: 1
2013-10-28 11:37:16.060875|ERROR   |              |   | TS3ANetwork::Send failed error: 1
2013-10-28 11:37:16.060933|ERROR   |              |   | TS3ANetwork::Send failed error: 1
2013-10-28 11:37:18.064162|ERROR   |              |   | TS3ANetwork::Send failed error: 1
2013-10-28 11:37:18.064253|ERROR   |              |   | TS3ANetwork::Send failed error: 1
2013-10-28 12:41:51.201188|INFO    |ServerMain    |   | Received signal SIGTERM, shutting down.
