L 10/27/2013 - 11:00:06: Start of error session.
L 10/27/2013 - 11:00:06: Info (map "de_dust2") (file "addons/amxmodx/logs/error_20131027.log")
L 10/27/2013 - 11:00:06: [AMXX] Plugin file open error (plugin "amxbans_freeze.amxx")
L 10/27/2013 - 11:00:06: [AMXX] Plugin file open error (plugin "amxbans_flagged.amxx")
L 10/27/2013 - 11:00:06: [AMXX] Plugin file open error (plugin "amxbans_ssban.amxx")
L 10/27/2013 - 11:01:37: Start of error session.
L 10/27/2013 - 11:01:37: Info (map "de_dust2") (file "addons/amxmodx/logs/error_20131027.log")
L 10/27/2013 - 11:01:37: [AMXX] Plugin file open error (plugin "amxbans_freeze.amxx")
L 10/27/2013 - 11:01:37: [AMXX] Plugin file open error (plugin "amxbans_flagged.amxx")
L 10/27/2013 - 11:01:37: [AMXX] Plugin file open error (plugin "amxbans_ssban.amxx")
L 10/27/2013 - 11:02:14: Start of error session.
L 10/27/2013 - 11:02:14: Info (map "de_dust") (file "addons/amxmodx/logs/error_20131027.log")
L 10/27/2013 - 11:02:14: [AMXX] Plugin file open error (plugin "amxbans_freeze.amxx")
L 10/27/2013 - 11:02:14: [AMXX] Plugin file open error (plugin "amxbans_flagged.amxx")
L 10/27/2013 - 11:02:14: [AMXX] Plugin file open error (plugin "amxbans_ssban.amxx")
L 10/27/2013 - 11:04:00: Start of error session.
L 10/27/2013 - 11:04:00: Info (map "de_dust") (file "addons/amxmodx/logs/error_20131027.log")
L 10/27/2013 - 11:04:00: [AMXX] Plugin file open error (plugin "amxbans_freeze.amxx")
L 10/27/2013 - 11:04:00: [AMXX] Plugin file open error (plugin "amxbans_flagged.amxx")
L 10/27/2013 - 11:04:00: [AMXX] Plugin file open error (plugin "amxbans_ssban.amxx")
L 10/27/2013 - 11:20:16: Start of error session.
L 10/27/2013 - 11:20:16: Info (map "de_dust") (file "addons/amxmodx/logs/error_20131027.log")
L 10/27/2013 - 11:20:16: [AMXX] Plugin file open error (plugin "amxbans_freeze.amxx")
L 10/27/2013 - 11:20:16: [AMXX] Plugin file open error (plugin "amxbans_flagged.amxx")
L 10/27/2013 - 11:20:16: [AMXX] Plugin file open error (plugin "amxbans_ssban.amxx")
L 10/27/2013 - 11:23:23: Start of error session.
L 10/27/2013 - 11:23:23: Info (map "de_dust") (file "addons/amxmodx/logs/error_20131027.log")
L 10/27/2013 - 11:23:23: [AMXX] Plugin file open error (plugin "amxbans_freeze.amxx")
L 10/27/2013 - 11:23:23: [AMXX] Plugin file open error (plugin "amxbans_flagged.amxx")
L 10/27/2013 - 11:23:23: [AMXX] Plugin file open error (plugin "amxbans_ssban.amxx")
L 10/27/2013 - 11:28:34: Start of error session.
L 10/27/2013 - 11:28:34: Info (map "de_dust") (file "addons/amxmodx/logs/error_20131027.log")
L 10/27/2013 - 11:28:34: [AMXX] Plugin file open error (plugin "amxbans_freeze.amxx")
L 10/27/2013 - 11:28:34: [AMXX] Plugin file open error (plugin "amxbans_flagged.amxx")
L 10/27/2013 - 11:28:34: [AMXX] Plugin file open error (plugin "amxbans_ssban.amxx")
L 10/27/2013 - 11:53:45: Start of error session.
L 10/27/2013 - 11:53:45: Info (map "de_airstrip") (file "addons/amxmodx/logs/error_20131027.log")
L 10/27/2013 - 11:53:45: [AMXX] Plugin file open error (plugin "amxbans_freeze.amxx")
L 10/27/2013 - 11:53:45: [AMXX] Plugin file open error (plugin "amxbans_flagged.amxx")
L 10/27/2013 - 11:53:45: [AMXX] Plugin file open error (plugin "amxbans_ssban.amxx")
L 10/27/2013 - 19:40:56: Start of error session.
L 10/27/2013 - 19:40:56: Info (map "de_dust") (file "addons/amxmodx/logs/error_20131027.log")
L 10/27/2013 - 19:40:56: [AMXX] Plugin file open error (plugin "amxbans_freeze.amxx")
L 10/27/2013 - 19:40:56: [AMXX] Plugin file open error (plugin "amxbans_flagged.amxx")
L 10/27/2013 - 19:40:56: [AMXX] Plugin file open error (plugin "amxbans_ssban.amxx")
L 10/27/2013 - 20:06:07: Start of error session.
L 10/27/2013 - 20:06:07: Info (map "de_airstrip") (file "addons/amxmodx/logs/error_20131027.log")
L 10/27/2013 - 20:06:07: [AMXX] Plugin file open error (plugin "amxbans_freeze.amxx")
L 10/27/2013 - 20:06:07: [AMXX] Plugin file open error (plugin "amxbans_flagged.amxx")
L 10/27/2013 - 20:06:07: [AMXX] Plugin file open error (plugin "amxbans_ssban.amxx")
L 10/27/2013 - 20:31:18: Start of error session.
L 10/27/2013 - 20:31:18: Info (map "cs_havana") (file "addons/amxmodx/logs/error_20131027.log")
L 10/27/2013 - 20:31:18: [AMXX] Plugin file open error (plugin "amxbans_freeze.amxx")
L 10/27/2013 - 20:31:18: [AMXX] Plugin file open error (plugin "amxbans_flagged.amxx")
L 10/27/2013 - 20:31:18: [AMXX] Plugin file open error (plugin "amxbans_ssban.amxx")
L 10/27/2013 - 20:56:27: Start of error session.
L 10/27/2013 - 20:56:27: Info (map "de_chateau") (file "addons/amxmodx/logs/error_20131027.log")
L 10/27/2013 - 20:56:27: [AMXX] Plugin file open error (plugin "amxbans_freeze.amxx")
L 10/27/2013 - 20:56:27: [AMXX] Plugin file open error (plugin "amxbans_flagged.amxx")
L 10/27/2013 - 20:56:27: [AMXX] Plugin file open error (plugin "amxbans_ssban.amxx")
L 10/27/2013 - 21:21:36: Start of error session.
L 10/27/2013 - 21:21:36: Info (map "de_aztec") (file "addons/amxmodx/logs/error_20131027.log")
L 10/27/2013 - 21:21:36: [AMXX] Plugin file open error (plugin "amxbans_freeze.amxx")
L 10/27/2013 - 21:21:36: [AMXX] Plugin file open error (plugin "amxbans_flagged.amxx")
L 10/27/2013 - 21:21:36: [AMXX] Plugin file open error (plugin "amxbans_ssban.amxx")
L 10/27/2013 - 21:46:46: Start of error session.
L 10/27/2013 - 21:46:46: Info (map "as_oilrig") (file "addons/amxmodx/logs/error_20131027.log")
L 10/27/2013 - 21:46:46: [AMXX] Plugin file open error (plugin "amxbans_freeze.amxx")
L 10/27/2013 - 21:46:46: [AMXX] Plugin file open error (plugin "amxbans_flagged.amxx")
L 10/27/2013 - 21:46:46: [AMXX] Plugin file open error (plugin "amxbans_ssban.amxx")
L 10/27/2013 - 22:11:56: Start of error session.
L 10/27/2013 - 22:11:56: Info (map "cs_siege") (file "addons/amxmodx/logs/error_20131027.log")
L 10/27/2013 - 22:11:56: [AMXX] Plugin file open error (plugin "amxbans_freeze.amxx")
L 10/27/2013 - 22:11:56: [AMXX] Plugin file open error (plugin "amxbans_flagged.amxx")
L 10/27/2013 - 22:11:56: [AMXX] Plugin file open error (plugin "amxbans_ssban.amxx")
L 10/27/2013 - 22:37:08: Start of error session.
L 10/27/2013 - 22:37:08: Info (map "de_cbble") (file "addons/amxmodx/logs/error_20131027.log")
L 10/27/2013 - 22:37:08: [AMXX] Plugin file open error (plugin "amxbans_freeze.amxx")
L 10/27/2013 - 22:37:08: [AMXX] Plugin file open error (plugin "amxbans_flagged.amxx")
L 10/27/2013 - 22:37:08: [AMXX] Plugin file open error (plugin "amxbans_ssban.amxx")
L 10/27/2013 - 23:02:19: Start of error session.
L 10/27/2013 - 23:02:19: Info (map "de_dust") (file "addons/amxmodx/logs/error_20131027.log")
L 10/27/2013 - 23:02:19: [AMXX] Plugin file open error (plugin "amxbans_freeze.amxx")
L 10/27/2013 - 23:02:19: [AMXX] Plugin file open error (plugin "amxbans_flagged.amxx")
L 10/27/2013 - 23:02:19: [AMXX] Plugin file open error (plugin "amxbans_ssban.amxx")
L 10/27/2013 - 23:27:29: Start of error session.
L 10/27/2013 - 23:27:29: Info (map "cs_747") (file "addons/amxmodx/logs/error_20131027.log")
L 10/27/2013 - 23:27:29: [AMXX] Plugin file open error (plugin "amxbans_freeze.amxx")
L 10/27/2013 - 23:27:29: [AMXX] Plugin file open error (plugin "amxbans_flagged.amxx")
L 10/27/2013 - 23:27:29: [AMXX] Plugin file open error (plugin "amxbans_ssban.amxx")
L 10/27/2013 - 23:52:39: Start of error session.
L 10/27/2013 - 23:52:39: Info (map "de_prodigy") (file "addons/amxmodx/logs/error_20131027.log")
L 10/27/2013 - 23:52:39: [AMXX] Plugin file open error (plugin "amxbans_freeze.amxx")
L 10/27/2013 - 23:52:39: [AMXX] Plugin file open error (plugin "amxbans_flagged.amxx")
L 10/27/2013 - 23:52:39: [AMXX] Plugin file open error (plugin "amxbans_ssban.amxx")
