L 10/30/2013 - 15:52:31: Start of error session.
L 10/30/2013 - 15:52:31: Info (map "de_dust") (file "addons/amxmodx/logs/error_20131030.log")
L 10/30/2013 - 15:52:31: [AMXX] Plugin file open error (plugin "amxbans_freeze.amxx")
L 10/30/2013 - 15:52:31: [AMXX] Plugin file open error (plugin "amxbans_flagged.amxx")
L 10/30/2013 - 15:52:31: [AMXX] Plugin file open error (plugin "amxbans_ssban.amxx")
L 10/30/2013 - 16:17:47: Start of error session.
L 10/30/2013 - 16:17:47: Info (map "de_airstrip") (file "addons/amxmodx/logs/error_20131030.log")
L 10/30/2013 - 16:17:47: [AMXX] Plugin file open error (plugin "amxbans_freeze.amxx")
L 10/30/2013 - 16:17:47: [AMXX] Plugin file open error (plugin "amxbans_flagged.amxx")
L 10/30/2013 - 16:17:47: [AMXX] Plugin file open error (plugin "amxbans_ssban.amxx")
L 10/30/2013 - 16:42:58: Start of error session.
L 10/30/2013 - 16:42:58: Info (map "cs_havana") (file "addons/amxmodx/logs/error_20131030.log")
L 10/30/2013 - 16:42:58: [AMXX] Plugin file open error (plugin "amxbans_freeze.amxx")
L 10/30/2013 - 16:42:58: [AMXX] Plugin file open error (plugin "amxbans_flagged.amxx")
L 10/30/2013 - 16:42:58: [AMXX] Plugin file open error (plugin "amxbans_ssban.amxx")
L 10/30/2013 - 17:08:08: Start of error session.
L 10/30/2013 - 17:08:08: Info (map "de_chateau") (file "addons/amxmodx/logs/error_20131030.log")
L 10/30/2013 - 17:08:08: [AMXX] Plugin file open error (plugin "amxbans_freeze.amxx")
L 10/30/2013 - 17:08:08: [AMXX] Plugin file open error (plugin "amxbans_flagged.amxx")
L 10/30/2013 - 17:08:08: [AMXX] Plugin file open error (plugin "amxbans_ssban.amxx")
L 10/30/2013 - 17:33:17: Start of error session.
L 10/30/2013 - 17:33:17: Info (map "de_aztec") (file "addons/amxmodx/logs/error_20131030.log")
L 10/30/2013 - 17:33:17: [AMXX] Plugin file open error (plugin "amxbans_freeze.amxx")
L 10/30/2013 - 17:33:17: [AMXX] Plugin file open error (plugin "amxbans_flagged.amxx")
L 10/30/2013 - 17:33:17: [AMXX] Plugin file open error (plugin "amxbans_ssban.amxx")
L 10/30/2013 - 17:58:27: Start of error session.
L 10/30/2013 - 17:58:27: Info (map "as_oilrig") (file "addons/amxmodx/logs/error_20131030.log")
L 10/30/2013 - 17:58:27: [AMXX] Plugin file open error (plugin "amxbans_freeze.amxx")
L 10/30/2013 - 17:58:27: [AMXX] Plugin file open error (plugin "amxbans_flagged.amxx")
L 10/30/2013 - 17:58:27: [AMXX] Plugin file open error (plugin "amxbans_ssban.amxx")
L 10/30/2013 - 18:23:37: Start of error session.
L 10/30/2013 - 18:23:37: Info (map "cs_siege") (file "addons/amxmodx/logs/error_20131030.log")
L 10/30/2013 - 18:23:37: [AMXX] Plugin file open error (plugin "amxbans_freeze.amxx")
L 10/30/2013 - 18:23:37: [AMXX] Plugin file open error (plugin "amxbans_flagged.amxx")
L 10/30/2013 - 18:23:37: [AMXX] Plugin file open error (plugin "amxbans_ssban.amxx")
L 10/30/2013 - 18:48:47: Start of error session.
L 10/30/2013 - 18:48:47: Info (map "de_cbble") (file "addons/amxmodx/logs/error_20131030.log")
L 10/30/2013 - 18:48:47: [AMXX] Plugin file open error (plugin "amxbans_freeze.amxx")
L 10/30/2013 - 18:48:47: [AMXX] Plugin file open error (plugin "amxbans_flagged.amxx")
L 10/30/2013 - 18:48:47: [AMXX] Plugin file open error (plugin "amxbans_ssban.amxx")
L 10/30/2013 - 19:13:56: Start of error session.
L 10/30/2013 - 19:13:56: Info (map "de_dust") (file "addons/amxmodx/logs/error_20131030.log")
L 10/30/2013 - 19:13:56: [AMXX] Plugin file open error (plugin "amxbans_freeze.amxx")
L 10/30/2013 - 19:13:56: [AMXX] Plugin file open error (plugin "amxbans_flagged.amxx")
L 10/30/2013 - 19:13:56: [AMXX] Plugin file open error (plugin "amxbans_ssban.amxx")
L 10/30/2013 - 19:39:06: Start of error session.
L 10/30/2013 - 19:39:06: Info (map "cs_747") (file "addons/amxmodx/logs/error_20131030.log")
L 10/30/2013 - 19:39:06: [AMXX] Plugin file open error (plugin "amxbans_freeze.amxx")
L 10/30/2013 - 19:39:06: [AMXX] Plugin file open error (plugin "amxbans_flagged.amxx")
L 10/30/2013 - 19:39:06: [AMXX] Plugin file open error (plugin "amxbans_ssban.amxx")
L 10/30/2013 - 20:04:16: Start of error session.
L 10/30/2013 - 20:04:16: Info (map "de_prodigy") (file "addons/amxmodx/logs/error_20131030.log")
L 10/30/2013 - 20:04:16: [AMXX] Plugin file open error (plugin "amxbans_freeze.amxx")
L 10/30/2013 - 20:04:16: [AMXX] Plugin file open error (plugin "amxbans_flagged.amxx")
L 10/30/2013 - 20:04:16: [AMXX] Plugin file open error (plugin "amxbans_ssban.amxx")
L 10/30/2013 - 20:29:25: Start of error session.
L 10/30/2013 - 20:29:25: Info (map "cs_assault") (file "addons/amxmodx/logs/error_20131030.log")
L 10/30/2013 - 20:29:25: [AMXX] Plugin file open error (plugin "amxbans_freeze.amxx")
L 10/30/2013 - 20:29:25: [AMXX] Plugin file open error (plugin "amxbans_flagged.amxx")
L 10/30/2013 - 20:29:25: [AMXX] Plugin file open error (plugin "amxbans_ssban.amxx")
L 10/30/2013 - 20:54:35: Start of error session.
L 10/30/2013 - 20:54:35: Info (map "cs_office") (file "addons/amxmodx/logs/error_20131030.log")
L 10/30/2013 - 20:54:35: [AMXX] Plugin file open error (plugin "amxbans_freeze.amxx")
L 10/30/2013 - 20:54:35: [AMXX] Plugin file open error (plugin "amxbans_flagged.amxx")
L 10/30/2013 - 20:54:35: [AMXX] Plugin file open error (plugin "amxbans_ssban.amxx")
L 10/30/2013 - 21:19:45: Start of error session.
L 10/30/2013 - 21:19:45: Info (map "cs_italy") (file "addons/amxmodx/logs/error_20131030.log")
L 10/30/2013 - 21:19:45: [AMXX] Plugin file open error (plugin "amxbans_freeze.amxx")
L 10/30/2013 - 21:19:45: [AMXX] Plugin file open error (plugin "amxbans_flagged.amxx")
L 10/30/2013 - 21:19:45: [AMXX] Plugin file open error (plugin "amxbans_ssban.amxx")
L 10/30/2013 - 21:44:54: Start of error session.
L 10/30/2013 - 21:44:54: Info (map "cs_backalley") (file "addons/amxmodx/logs/error_20131030.log")
L 10/30/2013 - 21:44:54: [AMXX] Plugin file open error (plugin "amxbans_freeze.amxx")
L 10/30/2013 - 21:44:54: [AMXX] Plugin file open error (plugin "amxbans_flagged.amxx")
L 10/30/2013 - 21:44:54: [AMXX] Plugin file open error (plugin "amxbans_ssban.amxx")
L 10/30/2013 - 22:10:05: Start of error session.
L 10/30/2013 - 22:10:05: Info (map "cs_militia") (file "addons/amxmodx/logs/error_20131030.log")
L 10/30/2013 - 22:10:05: [AMXX] Plugin file open error (plugin "amxbans_freeze.amxx")
L 10/30/2013 - 22:10:05: [AMXX] Plugin file open error (plugin "amxbans_flagged.amxx")
L 10/30/2013 - 22:10:05: [AMXX] Plugin file open error (plugin "amxbans_ssban.amxx")
L 10/30/2013 - 22:35:14: Start of error session.
L 10/30/2013 - 22:35:14: Info (map "de_train") (file "addons/amxmodx/logs/error_20131030.log")
L 10/30/2013 - 22:35:14: [AMXX] Plugin file open error (plugin "amxbans_freeze.amxx")
L 10/30/2013 - 22:35:14: [AMXX] Plugin file open error (plugin "amxbans_flagged.amxx")
L 10/30/2013 - 22:35:14: [AMXX] Plugin file open error (plugin "amxbans_ssban.amxx")
L 10/30/2013 - 23:00:24: Start of error session.
L 10/30/2013 - 23:00:24: Info (map "de_airstrip") (file "addons/amxmodx/logs/error_20131030.log")
L 10/30/2013 - 23:00:24: [AMXX] Plugin file open error (plugin "amxbans_freeze.amxx")
L 10/30/2013 - 23:00:24: [AMXX] Plugin file open error (plugin "amxbans_flagged.amxx")
L 10/30/2013 - 23:00:24: [AMXX] Plugin file open error (plugin "amxbans_ssban.amxx")
L 10/30/2013 - 23:25:35: Start of error session.
L 10/30/2013 - 23:25:35: Info (map "cs_havana") (file "addons/amxmodx/logs/error_20131030.log")
L 10/30/2013 - 23:25:35: [AMXX] Plugin file open error (plugin "amxbans_freeze.amxx")
L 10/30/2013 - 23:25:35: [AMXX] Plugin file open error (plugin "amxbans_flagged.amxx")
L 10/30/2013 - 23:25:35: [AMXX] Plugin file open error (plugin "amxbans_ssban.amxx")
L 10/30/2013 - 23:50:46: Start of error session.
L 10/30/2013 - 23:50:46: Info (map "de_chateau") (file "addons/amxmodx/logs/error_20131030.log")
L 10/30/2013 - 23:50:46: [AMXX] Plugin file open error (plugin "amxbans_freeze.amxx")
L 10/30/2013 - 23:50:46: [AMXX] Plugin file open error (plugin "amxbans_flagged.amxx")
L 10/30/2013 - 23:50:46: [AMXX] Plugin file open error (plugin "amxbans_ssban.amxx")
