L 10/31/2013 - 00:15:55: Start of error session.
L 10/31/2013 - 00:15:55: Info (map "de_aztec") (file "addons/amxmodx/logs/error_20131031.log")
L 10/31/2013 - 00:15:55: [AMXX] Plugin file open error (plugin "amxbans_freeze.amxx")
L 10/31/2013 - 00:15:55: [AMXX] Plugin file open error (plugin "amxbans_flagged.amxx")
L 10/31/2013 - 00:15:55: [AMXX] Plugin file open error (plugin "amxbans_ssban.amxx")
L 10/31/2013 - 00:41:05: Start of error session.
L 10/31/2013 - 00:41:05: Info (map "as_oilrig") (file "addons/amxmodx/logs/error_20131031.log")
L 10/31/2013 - 00:41:05: [AMXX] Plugin file open error (plugin "amxbans_freeze.amxx")
L 10/31/2013 - 00:41:05: [AMXX] Plugin file open error (plugin "amxbans_flagged.amxx")
L 10/31/2013 - 00:41:05: [AMXX] Plugin file open error (plugin "amxbans_ssban.amxx")
L 10/31/2013 - 01:06:15: Start of error session.
L 10/31/2013 - 01:06:15: Info (map "cs_siege") (file "addons/amxmodx/logs/error_20131031.log")
L 10/31/2013 - 01:06:15: [AMXX] Plugin file open error (plugin "amxbans_freeze.amxx")
L 10/31/2013 - 01:06:15: [AMXX] Plugin file open error (plugin "amxbans_flagged.amxx")
L 10/31/2013 - 01:06:15: [AMXX] Plugin file open error (plugin "amxbans_ssban.amxx")
L 10/31/2013 - 01:31:25: Start of error session.
L 10/31/2013 - 01:31:25: Info (map "de_cbble") (file "addons/amxmodx/logs/error_20131031.log")
L 10/31/2013 - 01:31:25: [AMXX] Plugin file open error (plugin "amxbans_freeze.amxx")
L 10/31/2013 - 01:31:25: [AMXX] Plugin file open error (plugin "amxbans_flagged.amxx")
L 10/31/2013 - 01:31:25: [AMXX] Plugin file open error (plugin "amxbans_ssban.amxx")
L 10/31/2013 - 01:56:34: Start of error session.
L 10/31/2013 - 01:56:34: Info (map "de_dust") (file "addons/amxmodx/logs/error_20131031.log")
L 10/31/2013 - 01:56:34: [AMXX] Plugin file open error (plugin "amxbans_freeze.amxx")
L 10/31/2013 - 01:56:34: [AMXX] Plugin file open error (plugin "amxbans_flagged.amxx")
L 10/31/2013 - 01:56:34: [AMXX] Plugin file open error (plugin "amxbans_ssban.amxx")
L 10/31/2013 - 02:21:45: Start of error session.
L 10/31/2013 - 02:21:45: Info (map "cs_747") (file "addons/amxmodx/logs/error_20131031.log")
L 10/31/2013 - 02:21:45: [AMXX] Plugin file open error (plugin "amxbans_freeze.amxx")
L 10/31/2013 - 02:21:45: [AMXX] Plugin file open error (plugin "amxbans_flagged.amxx")
L 10/31/2013 - 02:21:45: [AMXX] Plugin file open error (plugin "amxbans_ssban.amxx")
L 10/31/2013 - 02:46:55: Start of error session.
L 10/31/2013 - 02:46:55: Info (map "de_prodigy") (file "addons/amxmodx/logs/error_20131031.log")
L 10/31/2013 - 02:46:55: [AMXX] Plugin file open error (plugin "amxbans_freeze.amxx")
L 10/31/2013 - 02:46:55: [AMXX] Plugin file open error (plugin "amxbans_flagged.amxx")
L 10/31/2013 - 02:46:55: [AMXX] Plugin file open error (plugin "amxbans_ssban.amxx")
L 10/31/2013 - 03:12:06: Start of error session.
L 10/31/2013 - 03:12:06: Info (map "cs_assault") (file "addons/amxmodx/logs/error_20131031.log")
L 10/31/2013 - 03:12:06: [AMXX] Plugin file open error (plugin "amxbans_freeze.amxx")
L 10/31/2013 - 03:12:06: [AMXX] Plugin file open error (plugin "amxbans_flagged.amxx")
L 10/31/2013 - 03:12:06: [AMXX] Plugin file open error (plugin "amxbans_ssban.amxx")
L 10/31/2013 - 03:37:15: Start of error session.
L 10/31/2013 - 03:37:15: Info (map "cs_office") (file "addons/amxmodx/logs/error_20131031.log")
L 10/31/2013 - 03:37:15: [AMXX] Plugin file open error (plugin "amxbans_freeze.amxx")
L 10/31/2013 - 03:37:15: [AMXX] Plugin file open error (plugin "amxbans_flagged.amxx")
L 10/31/2013 - 03:37:15: [AMXX] Plugin file open error (plugin "amxbans_ssban.amxx")
L 10/31/2013 - 04:02:25: Start of error session.
L 10/31/2013 - 04:02:25: Info (map "cs_italy") (file "addons/amxmodx/logs/error_20131031.log")
L 10/31/2013 - 04:02:25: [AMXX] Plugin file open error (plugin "amxbans_freeze.amxx")
L 10/31/2013 - 04:02:25: [AMXX] Plugin file open error (plugin "amxbans_flagged.amxx")
L 10/31/2013 - 04:02:25: [AMXX] Plugin file open error (plugin "amxbans_ssban.amxx")
L 10/31/2013 - 04:27:35: Start of error session.
L 10/31/2013 - 04:27:35: Info (map "cs_backalley") (file "addons/amxmodx/logs/error_20131031.log")
L 10/31/2013 - 04:27:35: [AMXX] Plugin file open error (plugin "amxbans_freeze.amxx")
L 10/31/2013 - 04:27:35: [AMXX] Plugin file open error (plugin "amxbans_flagged.amxx")
L 10/31/2013 - 04:27:35: [AMXX] Plugin file open error (plugin "amxbans_ssban.amxx")
L 10/31/2013 - 04:52:46: Start of error session.
L 10/31/2013 - 04:52:46: Info (map "cs_militia") (file "addons/amxmodx/logs/error_20131031.log")
L 10/31/2013 - 04:52:46: [AMXX] Plugin file open error (plugin "amxbans_freeze.amxx")
L 10/31/2013 - 04:52:46: [AMXX] Plugin file open error (plugin "amxbans_flagged.amxx")
L 10/31/2013 - 04:52:46: [AMXX] Plugin file open error (plugin "amxbans_ssban.amxx")
L 10/31/2013 - 05:17:55: Start of error session.
L 10/31/2013 - 05:17:55: Info (map "de_train") (file "addons/amxmodx/logs/error_20131031.log")
L 10/31/2013 - 05:17:55: [AMXX] Plugin file open error (plugin "amxbans_freeze.amxx")
L 10/31/2013 - 05:17:55: [AMXX] Plugin file open error (plugin "amxbans_flagged.amxx")
L 10/31/2013 - 05:17:55: [AMXX] Plugin file open error (plugin "amxbans_ssban.amxx")
L 10/31/2013 - 05:43:05: Start of error session.
L 10/31/2013 - 05:43:05: Info (map "de_airstrip") (file "addons/amxmodx/logs/error_20131031.log")
L 10/31/2013 - 05:43:05: [AMXX] Plugin file open error (plugin "amxbans_freeze.amxx")
L 10/31/2013 - 05:43:05: [AMXX] Plugin file open error (plugin "amxbans_flagged.amxx")
L 10/31/2013 - 05:43:05: [AMXX] Plugin file open error (plugin "amxbans_ssban.amxx")
L 10/31/2013 - 06:08:17: Start of error session.
L 10/31/2013 - 06:08:17: Info (map "cs_havana") (file "addons/amxmodx/logs/error_20131031.log")
L 10/31/2013 - 06:08:17: [AMXX] Plugin file open error (plugin "amxbans_freeze.amxx")
L 10/31/2013 - 06:08:17: [AMXX] Plugin file open error (plugin "amxbans_flagged.amxx")
L 10/31/2013 - 06:08:17: [AMXX] Plugin file open error (plugin "amxbans_ssban.amxx")
L 10/31/2013 - 06:33:27: Start of error session.
L 10/31/2013 - 06:33:27: Info (map "de_chateau") (file "addons/amxmodx/logs/error_20131031.log")
L 10/31/2013 - 06:33:27: [AMXX] Plugin file open error (plugin "amxbans_freeze.amxx")
L 10/31/2013 - 06:33:27: [AMXX] Plugin file open error (plugin "amxbans_flagged.amxx")
L 10/31/2013 - 06:33:27: [AMXX] Plugin file open error (plugin "amxbans_ssban.amxx")
L 10/31/2013 - 06:58:36: Start of error session.
L 10/31/2013 - 06:58:36: Info (map "de_aztec") (file "addons/amxmodx/logs/error_20131031.log")
L 10/31/2013 - 06:58:36: [AMXX] Plugin file open error (plugin "amxbans_freeze.amxx")
L 10/31/2013 - 06:58:36: [AMXX] Plugin file open error (plugin "amxbans_flagged.amxx")
L 10/31/2013 - 06:58:36: [AMXX] Plugin file open error (plugin "amxbans_ssban.amxx")
L 10/31/2013 - 07:23:45: Start of error session.
L 10/31/2013 - 07:23:45: Info (map "as_oilrig") (file "addons/amxmodx/logs/error_20131031.log")
L 10/31/2013 - 07:23:45: [AMXX] Plugin file open error (plugin "amxbans_freeze.amxx")
L 10/31/2013 - 07:23:45: [AMXX] Plugin file open error (plugin "amxbans_flagged.amxx")
L 10/31/2013 - 07:23:45: [AMXX] Plugin file open error (plugin "amxbans_ssban.amxx")
L 10/31/2013 - 07:48:55: Start of error session.
L 10/31/2013 - 07:48:55: Info (map "cs_siege") (file "addons/amxmodx/logs/error_20131031.log")
L 10/31/2013 - 07:48:55: [AMXX] Plugin file open error (plugin "amxbans_freeze.amxx")
L 10/31/2013 - 07:48:55: [AMXX] Plugin file open error (plugin "amxbans_flagged.amxx")
L 10/31/2013 - 07:48:55: [AMXX] Plugin file open error (plugin "amxbans_ssban.amxx")
L 10/31/2013 - 08:14:04: Start of error session.
L 10/31/2013 - 08:14:04: Info (map "de_cbble") (file "addons/amxmodx/logs/error_20131031.log")
L 10/31/2013 - 08:14:04: [AMXX] Plugin file open error (plugin "amxbans_freeze.amxx")
L 10/31/2013 - 08:14:04: [AMXX] Plugin file open error (plugin "amxbans_flagged.amxx")
L 10/31/2013 - 08:14:04: [AMXX] Plugin file open error (plugin "amxbans_ssban.amxx")
L 10/31/2013 - 08:39:13: Start of error session.
L 10/31/2013 - 08:39:13: Info (map "de_dust") (file "addons/amxmodx/logs/error_20131031.log")
L 10/31/2013 - 08:39:13: [AMXX] Plugin file open error (plugin "amxbans_freeze.amxx")
L 10/31/2013 - 08:39:13: [AMXX] Plugin file open error (plugin "amxbans_flagged.amxx")
L 10/31/2013 - 08:39:13: [AMXX] Plugin file open error (plugin "amxbans_ssban.amxx")
L 10/31/2013 - 09:04:23: Start of error session.
L 10/31/2013 - 09:04:23: Info (map "cs_747") (file "addons/amxmodx/logs/error_20131031.log")
L 10/31/2013 - 09:04:23: [AMXX] Plugin file open error (plugin "amxbans_freeze.amxx")
L 10/31/2013 - 09:04:23: [AMXX] Plugin file open error (plugin "amxbans_flagged.amxx")
L 10/31/2013 - 09:04:23: [AMXX] Plugin file open error (plugin "amxbans_ssban.amxx")
L 10/31/2013 - 09:29:33: Start of error session.
L 10/31/2013 - 09:29:33: Info (map "de_prodigy") (file "addons/amxmodx/logs/error_20131031.log")
L 10/31/2013 - 09:29:33: [AMXX] Plugin file open error (plugin "amxbans_freeze.amxx")
L 10/31/2013 - 09:29:33: [AMXX] Plugin file open error (plugin "amxbans_flagged.amxx")
L 10/31/2013 - 09:29:33: [AMXX] Plugin file open error (plugin "amxbans_ssban.amxx")
L 10/31/2013 - 09:54:42: Start of error session.
L 10/31/2013 - 09:54:42: Info (map "cs_assault") (file "addons/amxmodx/logs/error_20131031.log")
L 10/31/2013 - 09:54:42: [AMXX] Plugin file open error (plugin "amxbans_freeze.amxx")
L 10/31/2013 - 09:54:42: [AMXX] Plugin file open error (plugin "amxbans_flagged.amxx")
L 10/31/2013 - 09:54:42: [AMXX] Plugin file open error (plugin "amxbans_ssban.amxx")
L 10/31/2013 - 10:19:52: Start of error session.
L 10/31/2013 - 10:19:52: Info (map "cs_office") (file "addons/amxmodx/logs/error_20131031.log")
L 10/31/2013 - 10:19:52: [AMXX] Plugin file open error (plugin "amxbans_freeze.amxx")
L 10/31/2013 - 10:19:52: [AMXX] Plugin file open error (plugin "amxbans_flagged.amxx")
L 10/31/2013 - 10:19:52: [AMXX] Plugin file open error (plugin "amxbans_ssban.amxx")
L 10/31/2013 - 10:45:01: Start of error session.
L 10/31/2013 - 10:45:01: Info (map "cs_italy") (file "addons/amxmodx/logs/error_20131031.log")
L 10/31/2013 - 10:45:01: [AMXX] Plugin file open error (plugin "amxbans_freeze.amxx")
L 10/31/2013 - 10:45:01: [AMXX] Plugin file open error (plugin "amxbans_flagged.amxx")
L 10/31/2013 - 10:45:01: [AMXX] Plugin file open error (plugin "amxbans_ssban.amxx")
L 10/31/2013 - 11:10:13: Start of error session.
L 10/31/2013 - 11:10:13: Info (map "cs_backalley") (file "addons/amxmodx/logs/error_20131031.log")
L 10/31/2013 - 11:10:13: [AMXX] Plugin file open error (plugin "amxbans_freeze.amxx")
L 10/31/2013 - 11:10:13: [AMXX] Plugin file open error (plugin "amxbans_flagged.amxx")
L 10/31/2013 - 11:10:13: [AMXX] Plugin file open error (plugin "amxbans_ssban.amxx")
L 10/31/2013 - 11:35:25: Start of error session.
L 10/31/2013 - 11:35:25: Info (map "cs_militia") (file "addons/amxmodx/logs/error_20131031.log")
L 10/31/2013 - 11:35:25: [AMXX] Plugin file open error (plugin "amxbans_freeze.amxx")
L 10/31/2013 - 11:35:25: [AMXX] Plugin file open error (plugin "amxbans_flagged.amxx")
L 10/31/2013 - 11:35:25: [AMXX] Plugin file open error (plugin "amxbans_ssban.amxx")
L 10/31/2013 - 12:00:35: Start of error session.
L 10/31/2013 - 12:00:35: Info (map "de_train") (file "addons/amxmodx/logs/error_20131031.log")
L 10/31/2013 - 12:00:35: [AMXX] Plugin file open error (plugin "amxbans_freeze.amxx")
L 10/31/2013 - 12:00:35: [AMXX] Plugin file open error (plugin "amxbans_flagged.amxx")
L 10/31/2013 - 12:00:35: [AMXX] Plugin file open error (plugin "amxbans_ssban.amxx")
L 10/31/2013 - 12:25:45: Start of error session.
L 10/31/2013 - 12:25:45: Info (map "de_airstrip") (file "addons/amxmodx/logs/error_20131031.log")
L 10/31/2013 - 12:25:45: [AMXX] Plugin file open error (plugin "amxbans_freeze.amxx")
L 10/31/2013 - 12:25:45: [AMXX] Plugin file open error (plugin "amxbans_flagged.amxx")
L 10/31/2013 - 12:25:45: [AMXX] Plugin file open error (plugin "amxbans_ssban.amxx")
L 10/31/2013 - 12:50:55: Start of error session.
L 10/31/2013 - 12:50:55: Info (map "cs_havana") (file "addons/amxmodx/logs/error_20131031.log")
L 10/31/2013 - 12:50:55: [AMXX] Plugin file open error (plugin "amxbans_freeze.amxx")
L 10/31/2013 - 12:50:55: [AMXX] Plugin file open error (plugin "amxbans_flagged.amxx")
L 10/31/2013 - 12:50:55: [AMXX] Plugin file open error (plugin "amxbans_ssban.amxx")
L 10/31/2013 - 13:16:05: Start of error session.
L 10/31/2013 - 13:16:05: Info (map "de_chateau") (file "addons/amxmodx/logs/error_20131031.log")
L 10/31/2013 - 13:16:05: [AMXX] Plugin file open error (plugin "amxbans_freeze.amxx")
L 10/31/2013 - 13:16:05: [AMXX] Plugin file open error (plugin "amxbans_flagged.amxx")
L 10/31/2013 - 13:16:05: [AMXX] Plugin file open error (plugin "amxbans_ssban.amxx")
L 10/31/2013 - 13:41:15: Start of error session.
L 10/31/2013 - 13:41:15: Info (map "de_aztec") (file "addons/amxmodx/logs/error_20131031.log")
L 10/31/2013 - 13:41:15: [AMXX] Plugin file open error (plugin "amxbans_freeze.amxx")
L 10/31/2013 - 13:41:15: [AMXX] Plugin file open error (plugin "amxbans_flagged.amxx")
L 10/31/2013 - 13:41:15: [AMXX] Plugin file open error (plugin "amxbans_ssban.amxx")
L 10/31/2013 - 14:06:25: Start of error session.
L 10/31/2013 - 14:06:25: Info (map "as_oilrig") (file "addons/amxmodx/logs/error_20131031.log")
L 10/31/2013 - 14:06:25: [AMXX] Plugin file open error (plugin "amxbans_freeze.amxx")
L 10/31/2013 - 14:06:25: [AMXX] Plugin file open error (plugin "amxbans_flagged.amxx")
L 10/31/2013 - 14:06:25: [AMXX] Plugin file open error (plugin "amxbans_ssban.amxx")
L 10/31/2013 - 14:31:34: Start of error session.
L 10/31/2013 - 14:31:34: Info (map "cs_siege") (file "addons/amxmodx/logs/error_20131031.log")
L 10/31/2013 - 14:31:34: [AMXX] Plugin file open error (plugin "amxbans_freeze.amxx")
L 10/31/2013 - 14:31:34: [AMXX] Plugin file open error (plugin "amxbans_flagged.amxx")
L 10/31/2013 - 14:31:34: [AMXX] Plugin file open error (plugin "amxbans_ssban.amxx")
L 10/31/2013 - 14:56:43: Start of error session.
L 10/31/2013 - 14:56:43: Info (map "de_cbble") (file "addons/amxmodx/logs/error_20131031.log")
L 10/31/2013 - 14:56:43: [AMXX] Plugin file open error (plugin "amxbans_freeze.amxx")
L 10/31/2013 - 14:56:43: [AMXX] Plugin file open error (plugin "amxbans_flagged.amxx")
L 10/31/2013 - 14:56:43: [AMXX] Plugin file open error (plugin "amxbans_ssban.amxx")
L 10/31/2013 - 15:21:52: Start of error session.
L 10/31/2013 - 15:21:52: Info (map "de_dust") (file "addons/amxmodx/logs/error_20131031.log")
L 10/31/2013 - 15:21:52: [AMXX] Plugin file open error (plugin "amxbans_freeze.amxx")
L 10/31/2013 - 15:21:52: [AMXX] Plugin file open error (plugin "amxbans_flagged.amxx")
L 10/31/2013 - 15:21:52: [AMXX] Plugin file open error (plugin "amxbans_ssban.amxx")
L 10/31/2013 - 15:47:03: Start of error session.
L 10/31/2013 - 15:47:03: Info (map "cs_747") (file "addons/amxmodx/logs/error_20131031.log")
L 10/31/2013 - 15:47:03: [AMXX] Plugin file open error (plugin "amxbans_freeze.amxx")
L 10/31/2013 - 15:47:03: [AMXX] Plugin file open error (plugin "amxbans_flagged.amxx")
L 10/31/2013 - 15:47:03: [AMXX] Plugin file open error (plugin "amxbans_ssban.amxx")
L 10/31/2013 - 16:12:13: Start of error session.
L 10/31/2013 - 16:12:13: Info (map "de_prodigy") (file "addons/amxmodx/logs/error_20131031.log")
L 10/31/2013 - 16:12:13: [AMXX] Plugin file open error (plugin "amxbans_freeze.amxx")
L 10/31/2013 - 16:12:13: [AMXX] Plugin file open error (plugin "amxbans_flagged.amxx")
L 10/31/2013 - 16:12:13: [AMXX] Plugin file open error (plugin "amxbans_ssban.amxx")
L 10/31/2013 - 16:37:23: Start of error session.
L 10/31/2013 - 16:37:23: Info (map "cs_assault") (file "addons/amxmodx/logs/error_20131031.log")
L 10/31/2013 - 16:37:23: [AMXX] Plugin file open error (plugin "amxbans_freeze.amxx")
L 10/31/2013 - 16:37:23: [AMXX] Plugin file open error (plugin "amxbans_flagged.amxx")
L 10/31/2013 - 16:37:23: [AMXX] Plugin file open error (plugin "amxbans_ssban.amxx")
L 10/31/2013 - 17:02:32: Start of error session.
L 10/31/2013 - 17:02:32: Info (map "cs_office") (file "addons/amxmodx/logs/error_20131031.log")
L 10/31/2013 - 17:02:32: [AMXX] Plugin file open error (plugin "amxbans_freeze.amxx")
L 10/31/2013 - 17:02:32: [AMXX] Plugin file open error (plugin "amxbans_flagged.amxx")
L 10/31/2013 - 17:02:32: [AMXX] Plugin file open error (plugin "amxbans_ssban.amxx")
L 10/31/2013 - 17:27:42: Start of error session.
L 10/31/2013 - 17:27:42: Info (map "cs_italy") (file "addons/amxmodx/logs/error_20131031.log")
L 10/31/2013 - 17:27:42: [AMXX] Plugin file open error (plugin "amxbans_freeze.amxx")
L 10/31/2013 - 17:27:42: [AMXX] Plugin file open error (plugin "amxbans_flagged.amxx")
L 10/31/2013 - 17:27:42: [AMXX] Plugin file open error (plugin "amxbans_ssban.amxx")
L 10/31/2013 - 17:52:52: Start of error session.
L 10/31/2013 - 17:52:52: Info (map "cs_backalley") (file "addons/amxmodx/logs/error_20131031.log")
L 10/31/2013 - 17:52:52: [AMXX] Plugin file open error (plugin "amxbans_freeze.amxx")
L 10/31/2013 - 17:52:52: [AMXX] Plugin file open error (plugin "amxbans_flagged.amxx")
L 10/31/2013 - 17:52:52: [AMXX] Plugin file open error (plugin "amxbans_ssban.amxx")
L 10/31/2013 - 18:18:02: Start of error session.
L 10/31/2013 - 18:18:02: Info (map "cs_militia") (file "addons/amxmodx/logs/error_20131031.log")
L 10/31/2013 - 18:18:02: [AMXX] Plugin file open error (plugin "amxbans_freeze.amxx")
L 10/31/2013 - 18:18:02: [AMXX] Plugin file open error (plugin "amxbans_flagged.amxx")
L 10/31/2013 - 18:18:02: [AMXX] Plugin file open error (plugin "amxbans_ssban.amxx")
L 10/31/2013 - 18:43:11: Start of error session.
L 10/31/2013 - 18:43:11: Info (map "de_train") (file "addons/amxmodx/logs/error_20131031.log")
L 10/31/2013 - 18:43:11: [AMXX] Plugin file open error (plugin "amxbans_freeze.amxx")
L 10/31/2013 - 18:43:11: [AMXX] Plugin file open error (plugin "amxbans_flagged.amxx")
L 10/31/2013 - 18:43:11: [AMXX] Plugin file open error (plugin "amxbans_ssban.amxx")
L 10/31/2013 - 19:08:21: Start of error session.
L 10/31/2013 - 19:08:21: Info (map "de_airstrip") (file "addons/amxmodx/logs/error_20131031.log")
L 10/31/2013 - 19:08:21: [AMXX] Plugin file open error (plugin "amxbans_freeze.amxx")
L 10/31/2013 - 19:08:21: [AMXX] Plugin file open error (plugin "amxbans_flagged.amxx")
L 10/31/2013 - 19:08:21: [AMXX] Plugin file open error (plugin "amxbans_ssban.amxx")
L 10/31/2013 - 19:33:32: Start of error session.
L 10/31/2013 - 19:33:32: Info (map "cs_havana") (file "addons/amxmodx/logs/error_20131031.log")
L 10/31/2013 - 19:33:32: [AMXX] Plugin file open error (plugin "amxbans_freeze.amxx")
L 10/31/2013 - 19:33:32: [AMXX] Plugin file open error (plugin "amxbans_flagged.amxx")
L 10/31/2013 - 19:33:32: [AMXX] Plugin file open error (plugin "amxbans_ssban.amxx")
L 10/31/2013 - 19:58:42: Start of error session.
L 10/31/2013 - 19:58:42: Info (map "de_chateau") (file "addons/amxmodx/logs/error_20131031.log")
L 10/31/2013 - 19:58:42: [AMXX] Plugin file open error (plugin "amxbans_freeze.amxx")
L 10/31/2013 - 19:58:42: [AMXX] Plugin file open error (plugin "amxbans_flagged.amxx")
L 10/31/2013 - 19:58:42: [AMXX] Plugin file open error (plugin "amxbans_ssban.amxx")
L 10/31/2013 - 20:23:51: Start of error session.
L 10/31/2013 - 20:23:51: Info (map "de_aztec") (file "addons/amxmodx/logs/error_20131031.log")
L 10/31/2013 - 20:23:51: [AMXX] Plugin file open error (plugin "amxbans_freeze.amxx")
L 10/31/2013 - 20:23:51: [AMXX] Plugin file open error (plugin "amxbans_flagged.amxx")
L 10/31/2013 - 20:23:51: [AMXX] Plugin file open error (plugin "amxbans_ssban.amxx")
L 10/31/2013 - 20:49:01: Start of error session.
L 10/31/2013 - 20:49:01: Info (map "as_oilrig") (file "addons/amxmodx/logs/error_20131031.log")
L 10/31/2013 - 20:49:01: [AMXX] Plugin file open error (plugin "amxbans_freeze.amxx")
L 10/31/2013 - 20:49:01: [AMXX] Plugin file open error (plugin "amxbans_flagged.amxx")
L 10/31/2013 - 20:49:01: [AMXX] Plugin file open error (plugin "amxbans_ssban.amxx")
L 10/31/2013 - 21:14:10: Start of error session.
L 10/31/2013 - 21:14:10: Info (map "cs_siege") (file "addons/amxmodx/logs/error_20131031.log")
L 10/31/2013 - 21:14:10: [AMXX] Plugin file open error (plugin "amxbans_freeze.amxx")
L 10/31/2013 - 21:14:10: [AMXX] Plugin file open error (plugin "amxbans_flagged.amxx")
L 10/31/2013 - 21:14:10: [AMXX] Plugin file open error (plugin "amxbans_ssban.amxx")
L 10/31/2013 - 21:39:20: Start of error session.
L 10/31/2013 - 21:39:20: Info (map "de_cbble") (file "addons/amxmodx/logs/error_20131031.log")
L 10/31/2013 - 21:39:20: [AMXX] Plugin file open error (plugin "amxbans_freeze.amxx")
L 10/31/2013 - 21:39:20: [AMXX] Plugin file open error (plugin "amxbans_flagged.amxx")
L 10/31/2013 - 21:39:20: [AMXX] Plugin file open error (plugin "amxbans_ssban.amxx")
L 10/31/2013 - 22:04:30: Start of error session.
L 10/31/2013 - 22:04:30: Info (map "de_dust") (file "addons/amxmodx/logs/error_20131031.log")
L 10/31/2013 - 22:04:30: [AMXX] Plugin file open error (plugin "amxbans_freeze.amxx")
L 10/31/2013 - 22:04:30: [AMXX] Plugin file open error (plugin "amxbans_flagged.amxx")
L 10/31/2013 - 22:04:30: [AMXX] Plugin file open error (plugin "amxbans_ssban.amxx")
L 10/31/2013 - 22:29:40: Start of error session.
L 10/31/2013 - 22:29:40: Info (map "cs_747") (file "addons/amxmodx/logs/error_20131031.log")
L 10/31/2013 - 22:29:40: [AMXX] Plugin file open error (plugin "amxbans_freeze.amxx")
L 10/31/2013 - 22:29:40: [AMXX] Plugin file open error (plugin "amxbans_flagged.amxx")
L 10/31/2013 - 22:29:40: [AMXX] Plugin file open error (plugin "amxbans_ssban.amxx")
L 10/31/2013 - 22:54:50: Start of error session.
L 10/31/2013 - 22:54:50: Info (map "de_prodigy") (file "addons/amxmodx/logs/error_20131031.log")
L 10/31/2013 - 22:54:50: [AMXX] Plugin file open error (plugin "amxbans_freeze.amxx")
L 10/31/2013 - 22:54:50: [AMXX] Plugin file open error (plugin "amxbans_flagged.amxx")
L 10/31/2013 - 22:54:50: [AMXX] Plugin file open error (plugin "amxbans_ssban.amxx")
L 10/31/2013 - 23:20:00: Start of error session.
L 10/31/2013 - 23:20:00: Info (map "cs_assault") (file "addons/amxmodx/logs/error_20131031.log")
L 10/31/2013 - 23:20:00: [AMXX] Plugin file open error (plugin "amxbans_freeze.amxx")
L 10/31/2013 - 23:20:00: [AMXX] Plugin file open error (plugin "amxbans_flagged.amxx")
L 10/31/2013 - 23:20:00: [AMXX] Plugin file open error (plugin "amxbans_ssban.amxx")
L 10/31/2013 - 23:45:10: Start of error session.
L 10/31/2013 - 23:45:10: Info (map "cs_office") (file "addons/amxmodx/logs/error_20131031.log")
L 10/31/2013 - 23:45:10: [AMXX] Plugin file open error (plugin "amxbans_freeze.amxx")
L 10/31/2013 - 23:45:10: [AMXX] Plugin file open error (plugin "amxbans_flagged.amxx")
L 10/31/2013 - 23:45:10: [AMXX] Plugin file open error (plugin "amxbans_ssban.amxx")
