L 10/29/2013 - 00:20:03: [mapchooser.amxx] Vote: Voting for the nextmap started
L 10/29/2013 - 00:20:18: [mapchooser.amxx] Vote: Voting for the nextmap finished. The nextmap will be de_prodigy
L 10/29/2013 - 00:22:12: -------- Mapchange to de_prodigy --------
L 10/29/2013 - 00:45:12: [mapchooser.amxx] Vote: Voting for the nextmap started
L 10/29/2013 - 00:45:27: [mapchooser.amxx] Vote: Voting for the nextmap finished. The nextmap will be cs_assault
L 10/29/2013 - 00:47:23: -------- Mapchange to cs_assault --------
L 10/29/2013 - 01:10:23: [mapchooser.amxx] Vote: Voting for the nextmap started
L 10/29/2013 - 01:10:38: [mapchooser.amxx] Vote: Voting for the nextmap finished. The nextmap will be cs_office
L 10/29/2013 - 01:12:32: -------- Mapchange to cs_office --------
L 10/29/2013 - 01:35:33: [mapchooser.amxx] Vote: Voting for the nextmap started
L 10/29/2013 - 01:35:48: [mapchooser.amxx] Vote: Voting for the nextmap finished. The nextmap will be cs_italy
L 10/29/2013 - 01:37:42: -------- Mapchange to cs_italy --------
L 10/29/2013 - 02:00:42: [mapchooser.amxx] Vote: Voting for the nextmap started
L 10/29/2013 - 02:00:57: [mapchooser.amxx] Vote: Voting for the nextmap finished. The nextmap will be cs_backalley
L 10/29/2013 - 02:02:52: -------- Mapchange to cs_backalley --------
L 10/29/2013 - 02:25:53: [mapchooser.amxx] Vote: Voting for the nextmap started
L 10/29/2013 - 02:26:08: [mapchooser.amxx] Vote: Voting for the nextmap finished. The nextmap will be cs_militia
L 10/29/2013 - 02:28:03: -------- Mapchange to cs_militia --------
L 10/29/2013 - 02:51:03: [mapchooser.amxx] Vote: Voting for the nextmap started
L 10/29/2013 - 02:51:18: [mapchooser.amxx] Vote: Voting for the nextmap finished. The nextmap will be de_train
L 10/29/2013 - 02:53:13: -------- Mapchange to de_train --------
L 10/29/2013 - 03:16:13: [mapchooser.amxx] Vote: Voting for the nextmap started
L 10/29/2013 - 03:16:28: [mapchooser.amxx] Vote: Voting for the nextmap finished. The nextmap will be de_airstrip
L 10/29/2013 - 03:18:22: -------- Mapchange to de_airstrip --------
L 10/29/2013 - 03:41:23: [mapchooser.amxx] Vote: Voting for the nextmap started
L 10/29/2013 - 03:41:38: [mapchooser.amxx] Vote: Voting for the nextmap finished. The nextmap will be cs_havana
L 10/29/2013 - 03:43:34: -------- Mapchange to cs_havana --------
L 10/29/2013 - 04:06:38: [mapchooser.amxx] Vote: Voting for the nextmap started
L 10/29/2013 - 04:06:53: [mapchooser.amxx] Vote: Voting for the nextmap finished. The nextmap will be de_chateau
L 10/29/2013 - 04:08:48: -------- Mapchange to de_chateau --------
L 10/29/2013 - 04:31:49: [mapchooser.amxx] Vote: Voting for the nextmap started
L 10/29/2013 - 04:32:04: [mapchooser.amxx] Vote: Voting for the nextmap finished. The nextmap will be de_aztec
L 10/29/2013 - 04:33:58: -------- Mapchange to de_aztec --------
L 10/29/2013 - 04:56:58: [mapchooser.amxx] Vote: Voting for the nextmap started
L 10/29/2013 - 04:57:13: [mapchooser.amxx] Vote: Voting for the nextmap finished. The nextmap will be as_oilrig
L 10/29/2013 - 04:59:08: -------- Mapchange to as_oilrig --------
L 10/29/2013 - 05:22:07: [mapchooser.amxx] Vote: Voting for the nextmap started
L 10/29/2013 - 05:22:23: [mapchooser.amxx] Vote: Voting for the nextmap finished. The nextmap will be cs_siege
L 10/29/2013 - 05:24:17: -------- Mapchange to cs_siege --------
L 10/29/2013 - 05:47:17: [mapchooser.amxx] Vote: Voting for the nextmap started
L 10/29/2013 - 05:47:32: [mapchooser.amxx] Vote: Voting for the nextmap finished. The nextmap will be de_cbble
L 10/29/2013 - 05:49:27: -------- Mapchange to de_cbble --------
L 10/29/2013 - 06:12:28: [mapchooser.amxx] Vote: Voting for the nextmap started
L 10/29/2013 - 06:12:43: [mapchooser.amxx] Vote: Voting for the nextmap finished. The nextmap will be de_dust
L 10/29/2013 - 06:14:37: -------- Mapchange to de_dust --------
L 10/29/2013 - 06:37:38: [mapchooser.amxx] Vote: Voting for the nextmap started
L 10/29/2013 - 06:37:53: [mapchooser.amxx] Vote: Voting for the nextmap finished. The nextmap will be cs_747
L 10/29/2013 - 06:39:47: -------- Mapchange to cs_747 --------
L 10/29/2013 - 07:02:48: [mapchooser.amxx] Vote: Voting for the nextmap started
L 10/29/2013 - 07:03:03: [mapchooser.amxx] Vote: Voting for the nextmap finished. The nextmap will be de_prodigy
L 10/29/2013 - 07:04:57: -------- Mapchange to de_prodigy --------
L 10/29/2013 - 07:27:57: [mapchooser.amxx] Vote: Voting for the nextmap started
L 10/29/2013 - 07:28:12: [mapchooser.amxx] Vote: Voting for the nextmap finished. The nextmap will be cs_assault
L 10/29/2013 - 07:30:10: -------- Mapchange to cs_assault --------
L 10/29/2013 - 07:53:14: [mapchooser.amxx] Vote: Voting for the nextmap started
L 10/29/2013 - 07:53:29: [mapchooser.amxx] Vote: Voting for the nextmap finished. The nextmap will be cs_office
L 10/29/2013 - 07:55:23: -------- Mapchange to cs_office --------
L 10/29/2013 - 08:18:23: [mapchooser.amxx] Vote: Voting for the nextmap started
L 10/29/2013 - 08:18:38: [mapchooser.amxx] Vote: Voting for the nextmap finished. The nextmap will be cs_italy
L 10/29/2013 - 08:20:32: -------- Mapchange to cs_italy --------
L 10/29/2013 - 08:43:33: [mapchooser.amxx] Vote: Voting for the nextmap started
L 10/29/2013 - 08:43:48: [mapchooser.amxx] Vote: Voting for the nextmap finished. The nextmap will be cs_backalley
L 10/29/2013 - 08:45:42: -------- Mapchange to cs_backalley --------
L 10/29/2013 - 09:08:42: [mapchooser.amxx] Vote: Voting for the nextmap started
L 10/29/2013 - 09:08:57: [mapchooser.amxx] Vote: Voting for the nextmap finished. The nextmap will be cs_militia
L 10/29/2013 - 09:10:52: -------- Mapchange to cs_militia --------
L 10/29/2013 - 09:33:52: [mapchooser.amxx] Vote: Voting for the nextmap started
L 10/29/2013 - 09:34:07: [mapchooser.amxx] Vote: Voting for the nextmap finished. The nextmap will be de_train
L 10/29/2013 - 09:36:04: -------- Mapchange to de_train --------
L 10/29/2013 - 09:59:08: [mapchooser.amxx] Vote: Voting for the nextmap started
L 10/29/2013 - 09:59:23: [mapchooser.amxx] Vote: Voting for the nextmap finished. The nextmap will be de_airstrip
L 10/29/2013 - 10:01:17: -------- Mapchange to de_airstrip --------
L 10/29/2013 - 10:24:18: [mapchooser.amxx] Vote: Voting for the nextmap started
L 10/29/2013 - 10:24:33: [mapchooser.amxx] Vote: Voting for the nextmap finished. The nextmap will be cs_havana
L 10/29/2013 - 10:26:28: -------- Mapchange to cs_havana --------
