L 11/02/2013 - 00:02:52: [mapchooser.amxx] Vote: Voting for the nextmap started
L 11/02/2013 - 00:03:07: [mapchooser.amxx] Vote: Voting for the nextmap finished. The nextmap will be cs_siege
L 11/02/2013 - 00:05:02: -------- Mapchange to cs_siege --------
L 11/02/2013 - 00:28:05: [mapchooser.amxx] Vote: Voting for the nextmap started
L 11/02/2013 - 00:28:20: [mapchooser.amxx] Vote: Voting for the nextmap finished. The nextmap will be de_cbble
L 11/02/2013 - 00:30:18: -------- Mapchange to de_cbble --------
L 11/02/2013 - 00:53:18: [mapchooser.amxx] Vote: Voting for the nextmap started
L 11/02/2013 - 00:53:34: [mapchooser.amxx] Vote: Voting for the nextmap finished. The nextmap will be de_dust
L 11/02/2013 - 00:55:28: -------- Mapchange to de_dust --------
L 11/02/2013 - 01:18:29: [mapchooser.amxx] Vote: Voting for the nextmap started
L 11/02/2013 - 01:18:44: [mapchooser.amxx] Vote: Voting for the nextmap finished. The nextmap will be cs_747
L 11/02/2013 - 01:20:43: -------- Mapchange to cs_747 --------
L 11/02/2013 - 01:43:50: [mapchooser.amxx] Vote: Voting for the nextmap started
L 11/02/2013 - 01:44:05: [mapchooser.amxx] Vote: Voting for the nextmap finished. The nextmap will be de_prodigy
L 11/02/2013 - 01:46:01: -------- Mapchange to de_prodigy --------
L 11/02/2013 - 02:09:07: [mapchooser.amxx] Vote: Voting for the nextmap started
L 11/02/2013 - 02:09:22: [mapchooser.amxx] Vote: Voting for the nextmap finished. The nextmap will be cs_assault
L 11/02/2013 - 02:11:21: -------- Mapchange to cs_assault --------
L 11/02/2013 - 02:34:24: [mapchooser.amxx] Vote: Voting for the nextmap started
L 11/02/2013 - 02:34:39: [mapchooser.amxx] Vote: Voting for the nextmap finished. The nextmap will be cs_office
L 11/02/2013 - 02:36:35: -------- Mapchange to cs_office --------
L 11/02/2013 - 02:59:36: [mapchooser.amxx] Vote: Voting for the nextmap started
L 11/02/2013 - 02:59:51: [mapchooser.amxx] Vote: Voting for the nextmap finished. The nextmap will be cs_italy
L 11/02/2013 - 03:01:46: -------- Mapchange to cs_italy --------
L 11/02/2013 - 03:24:50: [mapchooser.amxx] Vote: Voting for the nextmap started
L 11/02/2013 - 03:25:05: [mapchooser.amxx] Vote: Voting for the nextmap finished. The nextmap will be cs_backalley
L 11/02/2013 - 03:27:00: -------- Mapchange to cs_backalley --------
L 11/02/2013 - 03:50:01: [mapchooser.amxx] Vote: Voting for the nextmap started
L 11/02/2013 - 03:50:16: [mapchooser.amxx] Vote: Voting for the nextmap finished. The nextmap will be cs_militia
L 11/02/2013 - 03:52:13: -------- Mapchange to cs_militia --------
L 11/02/2013 - 04:15:13: [mapchooser.amxx] Vote: Voting for the nextmap started
L 11/02/2013 - 04:15:28: [mapchooser.amxx] Vote: Voting for the nextmap finished. The nextmap will be de_train
L 11/02/2013 - 04:17:23: -------- Mapchange to de_train --------
L 11/02/2013 - 04:40:23: [mapchooser.amxx] Vote: Voting for the nextmap started
L 11/02/2013 - 04:40:38: [mapchooser.amxx] Vote: Voting for the nextmap finished. The nextmap will be de_airstrip
L 11/02/2013 - 04:42:33: -------- Mapchange to de_airstrip --------
L 11/02/2013 - 05:05:34: [mapchooser.amxx] Vote: Voting for the nextmap started
L 11/02/2013 - 05:05:49: [mapchooser.amxx] Vote: Voting for the nextmap finished. The nextmap will be cs_havana
L 11/02/2013 - 05:07:45: -------- Mapchange to cs_havana --------
L 11/02/2013 - 05:30:46: [mapchooser.amxx] Vote: Voting for the nextmap started
L 11/02/2013 - 05:31:01: [mapchooser.amxx] Vote: Voting for the nextmap finished. The nextmap will be de_chateau
L 11/02/2013 - 05:32:55: -------- Mapchange to de_chateau --------
L 11/02/2013 - 05:55:56: [mapchooser.amxx] Vote: Voting for the nextmap started
L 11/02/2013 - 05:56:11: [mapchooser.amxx] Vote: Voting for the nextmap finished. The nextmap will be de_aztec
L 11/02/2013 - 05:58:05: -------- Mapchange to de_aztec --------
L 11/02/2013 - 06:21:06: [mapchooser.amxx] Vote: Voting for the nextmap started
L 11/02/2013 - 06:21:21: [mapchooser.amxx] Vote: Voting for the nextmap finished. The nextmap will be as_oilrig
L 11/02/2013 - 06:23:17: -------- Mapchange to as_oilrig --------
L 11/02/2013 - 06:46:17: [mapchooser.amxx] Vote: Voting for the nextmap started
L 11/02/2013 - 06:46:32: [mapchooser.amxx] Vote: Voting for the nextmap finished. The nextmap will be cs_siege
L 11/02/2013 - 06:48:27: -------- Mapchange to cs_siege --------
L 11/02/2013 - 07:11:27: [mapchooser.amxx] Vote: Voting for the nextmap started
L 11/02/2013 - 07:11:42: [mapchooser.amxx] Vote: Voting for the nextmap finished. The nextmap will be de_cbble
L 11/02/2013 - 07:13:37: -------- Mapchange to de_cbble --------
L 11/02/2013 - 07:36:37: [mapchooser.amxx] Vote: Voting for the nextmap started
L 11/02/2013 - 07:36:52: [mapchooser.amxx] Vote: Voting for the nextmap finished. The nextmap will be de_dust
L 11/02/2013 - 07:38:47: -------- Mapchange to de_dust --------
L 11/02/2013 - 08:01:52: [mapchooser.amxx] Vote: Voting for the nextmap started
L 11/02/2013 - 08:02:07: [mapchooser.amxx] Vote: Voting for the nextmap finished. The nextmap will be cs_747
L 11/02/2013 - 08:04:03: -------- Mapchange to cs_747 --------
L 11/02/2013 - 08:27:05: [mapchooser.amxx] Vote: Voting for the nextmap started
L 11/02/2013 - 08:27:20: [mapchooser.amxx] Vote: Voting for the nextmap finished. The nextmap will be de_prodigy
L 11/02/2013 - 08:29:19: -------- Mapchange to de_prodigy --------
L 11/02/2013 - 08:52:24: [mapchooser.amxx] Vote: Voting for the nextmap started
L 11/02/2013 - 08:52:39: [mapchooser.amxx] Vote: Voting for the nextmap finished. The nextmap will be cs_assault
L 11/02/2013 - 08:54:36: -------- Mapchange to cs_assault --------
L 11/02/2013 - 09:17:42: [mapchooser.amxx] Vote: Voting for the nextmap started
L 11/02/2013 - 09:17:57: [mapchooser.amxx] Vote: Voting for the nextmap finished. The nextmap will be cs_office
L 11/02/2013 - 09:19:53: -------- Mapchange to cs_office --------
L 11/02/2013 - 09:42:58: [mapchooser.amxx] Vote: Voting for the nextmap started
L 11/02/2013 - 09:43:13: [mapchooser.amxx] Vote: Voting for the nextmap finished. The nextmap will be cs_italy
L 11/02/2013 - 09:45:09: -------- Mapchange to cs_italy --------
L 11/02/2013 - 10:08:16: [mapchooser.amxx] Vote: Voting for the nextmap started
L 11/02/2013 - 10:08:31: [mapchooser.amxx] Vote: Voting for the nextmap finished. The nextmap will be cs_backalley
L 11/02/2013 - 10:10:29: -------- Mapchange to cs_backalley --------
L 11/02/2013 - 10:33:30: [mapchooser.amxx] Vote: Voting for the nextmap started
L 11/02/2013 - 10:33:45: [mapchooser.amxx] Vote: Voting for the nextmap finished. The nextmap will be cs_militia
L 11/02/2013 - 10:35:39: -------- Mapchange to cs_militia --------
L 11/02/2013 - 10:58:40: [mapchooser.amxx] Vote: Voting for the nextmap started
L 11/02/2013 - 10:58:55: [mapchooser.amxx] Vote: Voting for the nextmap finished. The nextmap will be de_train
L 11/02/2013 - 11:00:51: -------- Mapchange to de_train --------
L 11/02/2013 - 11:23:51: [mapchooser.amxx] Vote: Voting for the nextmap started
L 11/02/2013 - 11:24:06: [mapchooser.amxx] Vote: Voting for the nextmap finished. The nextmap will be de_airstrip
L 11/02/2013 - 11:26:02: -------- Mapchange to de_airstrip --------
L 11/02/2013 - 11:49:02: [mapchooser.amxx] Vote: Voting for the nextmap started
L 11/02/2013 - 11:49:17: [mapchooser.amxx] Vote: Voting for the nextmap finished. The nextmap will be cs_havana
L 11/02/2013 - 11:51:15: -------- Mapchange to cs_havana --------
L 11/02/2013 - 12:14:16: [mapchooser.amxx] Vote: Voting for the nextmap started
L 11/02/2013 - 12:14:31: [mapchooser.amxx] Vote: Voting for the nextmap finished. The nextmap will be de_chateau
L 11/02/2013 - 12:16:27: -------- Mapchange to de_chateau --------
L 11/02/2013 - 12:39:29: [mapchooser.amxx] Vote: Voting for the nextmap started
L 11/02/2013 - 12:39:44: [mapchooser.amxx] Vote: Voting for the nextmap finished. The nextmap will be de_aztec
L 11/02/2013 - 12:41:39: -------- Mapchange to de_aztec --------
L 11/02/2013 - 13:04:41: [mapchooser.amxx] Vote: Voting for the nextmap started
L 11/02/2013 - 13:04:56: [mapchooser.amxx] Vote: Voting for the nextmap finished. The nextmap will be as_oilrig
L 11/02/2013 - 13:06:52: -------- Mapchange to as_oilrig --------
L 11/02/2013 - 13:29:54: [mapchooser.amxx] Vote: Voting for the nextmap started
L 11/02/2013 - 13:30:10: [mapchooser.amxx] Vote: Voting for the nextmap finished. The nextmap will be cs_siege
L 11/02/2013 - 13:32:04: -------- Mapchange to cs_siege --------
L 11/02/2013 - 13:55:06: [mapchooser.amxx] Vote: Voting for the nextmap started
L 11/02/2013 - 13:55:21: [mapchooser.amxx] Vote: Voting for the nextmap finished. The nextmap will be de_cbble
L 11/02/2013 - 13:57:16: -------- Mapchange to de_cbble --------
L 11/02/2013 - 14:20:17: [mapchooser.amxx] Vote: Voting for the nextmap started
L 11/02/2013 - 14:20:33: [mapchooser.amxx] Vote: Voting for the nextmap finished. The nextmap will be de_dust
L 11/02/2013 - 14:22:27: -------- Mapchange to de_dust --------
L 11/02/2013 - 14:45:28: [mapchooser.amxx] Vote: Voting for the nextmap started
L 11/02/2013 - 14:45:43: [mapchooser.amxx] Vote: Voting for the nextmap finished. The nextmap will be cs_747
L 11/02/2013 - 14:47:39: -------- Mapchange to cs_747 --------
L 11/02/2013 - 15:10:42: [mapchooser.amxx] Vote: Voting for the nextmap started
L 11/02/2013 - 15:10:57: [mapchooser.amxx] Vote: Voting for the nextmap finished. The nextmap will be de_prodigy
L 11/02/2013 - 15:12:53: -------- Mapchange to de_prodigy --------
L 11/02/2013 - 15:35:58: [mapchooser.amxx] Vote: Voting for the nextmap started
L 11/02/2013 - 15:36:13: [mapchooser.amxx] Vote: Voting for the nextmap finished. The nextmap will be cs_assault
L 11/02/2013 - 15:38:09: -------- Mapchange to cs_assault --------
L 11/02/2013 - 16:01:10: [mapchooser.amxx] Vote: Voting for the nextmap started
L 11/02/2013 - 16:01:25: [mapchooser.amxx] Vote: Voting for the nextmap finished. The nextmap will be cs_office
L 11/02/2013 - 16:03:20: -------- Mapchange to cs_office --------
L 11/02/2013 - 16:26:21: [mapchooser.amxx] Vote: Voting for the nextmap started
L 11/02/2013 - 16:26:36: [mapchooser.amxx] Vote: Voting for the nextmap finished. The nextmap will be cs_italy
L 11/02/2013 - 16:28:30: -------- Mapchange to cs_italy --------
L 11/02/2013 - 16:51:31: [mapchooser.amxx] Vote: Voting for the nextmap started
L 11/02/2013 - 16:51:46: [mapchooser.amxx] Vote: Voting for the nextmap finished. The nextmap will be cs_backalley
L 11/02/2013 - 16:53:40: -------- Mapchange to cs_backalley --------
L 11/02/2013 - 17:16:40: [mapchooser.amxx] Vote: Voting for the nextmap started
L 11/02/2013 - 17:16:56: [mapchooser.amxx] Vote: Voting for the nextmap finished. The nextmap will be cs_militia
L 11/02/2013 - 17:18:51: -------- Mapchange to cs_militia --------
L 11/02/2013 - 17:41:52: [mapchooser.amxx] Vote: Voting for the nextmap started
L 11/02/2013 - 17:42:07: [mapchooser.amxx] Vote: Voting for the nextmap finished. The nextmap will be de_train
L 11/02/2013 - 17:44:04: -------- Mapchange to de_train --------
L 11/02/2013 - 18:07:04: [mapchooser.amxx] Vote: Voting for the nextmap started
L 11/02/2013 - 18:07:20: [mapchooser.amxx] Vote: Voting for the nextmap finished. The nextmap will be de_airstrip
L 11/02/2013 - 18:09:14: -------- Mapchange to de_airstrip --------
L 11/02/2013 - 18:32:15: [mapchooser.amxx] Vote: Voting for the nextmap started
L 11/02/2013 - 18:32:30: [mapchooser.amxx] Vote: Voting for the nextmap finished. The nextmap will be cs_havana
L 11/02/2013 - 18:34:27: -------- Mapchange to cs_havana --------
L 11/02/2013 - 18:57:27: [mapchooser.amxx] Vote: Voting for the nextmap started
L 11/02/2013 - 18:57:42: [mapchooser.amxx] Vote: Voting for the nextmap finished. The nextmap will be de_chateau
L 11/02/2013 - 18:59:37: -------- Mapchange to de_chateau --------
L 11/02/2013 - 19:22:38: [mapchooser.amxx] Vote: Voting for the nextmap started
L 11/02/2013 - 19:22:53: [mapchooser.amxx] Vote: Voting for the nextmap finished. The nextmap will be de_aztec
L 11/02/2013 - 19:24:47: -------- Mapchange to de_aztec --------
L 11/02/2013 - 19:47:48: [mapchooser.amxx] Vote: Voting for the nextmap started
L 11/02/2013 - 19:48:03: [mapchooser.amxx] Vote: Voting for the nextmap finished. The nextmap will be as_oilrig
L 11/02/2013 - 19:49:58: -------- Mapchange to as_oilrig --------
