L 10/28/2013 - 00:15:39: [mapchooser.amxx] Vote: Voting for the nextmap started
L 10/28/2013 - 00:15:54: [mapchooser.amxx] Vote: Voting for the nextmap finished. The nextmap will be cs_assault
L 10/28/2013 - 00:17:49: -------- Mapchange to cs_assault --------
L 10/28/2013 - 00:40:50: [mapchooser.amxx] Vote: Voting for the nextmap started
L 10/28/2013 - 00:41:06: [mapchooser.amxx] Vote: Voting for the nextmap finished. The nextmap will be cs_office
L 10/28/2013 - 00:43:00: -------- Mapchange to cs_office --------
L 10/28/2013 - 01:06:01: [mapchooser.amxx] Vote: Voting for the nextmap started
L 10/28/2013 - 01:06:16: [mapchooser.amxx] Vote: Voting for the nextmap finished. The nextmap will be cs_italy
L 10/28/2013 - 01:08:10: -------- Mapchange to cs_italy --------
L 10/28/2013 - 01:31:12: [mapchooser.amxx] Vote: Voting for the nextmap started
L 10/28/2013 - 01:31:27: [mapchooser.amxx] Vote: Voting for the nextmap finished. The nextmap will be cs_backalley
L 10/28/2013 - 01:33:21: -------- Mapchange to cs_backalley --------
L 10/28/2013 - 01:56:23: [mapchooser.amxx] Vote: Voting for the nextmap started
L 10/28/2013 - 01:56:38: [mapchooser.amxx] Vote: Voting for the nextmap finished. The nextmap will be cs_militia
L 10/28/2013 - 01:58:33: -------- Mapchange to cs_militia --------
L 10/28/2013 - 02:21:34: [mapchooser.amxx] Vote: Voting for the nextmap started
L 10/28/2013 - 02:21:49: [mapchooser.amxx] Vote: Voting for the nextmap finished. The nextmap will be de_train
L 10/28/2013 - 02:23:44: -------- Mapchange to de_train --------
L 10/28/2013 - 02:46:44: [mapchooser.amxx] Vote: Voting for the nextmap started
L 10/28/2013 - 02:47:00: [mapchooser.amxx] Vote: Voting for the nextmap finished. The nextmap will be de_airstrip
L 10/28/2013 - 02:48:54: -------- Mapchange to de_airstrip --------
L 10/28/2013 - 03:11:54: [mapchooser.amxx] Vote: Voting for the nextmap started
L 10/28/2013 - 03:12:09: [mapchooser.amxx] Vote: Voting for the nextmap finished. The nextmap will be cs_havana
L 10/28/2013 - 03:14:04: -------- Mapchange to cs_havana --------
L 10/28/2013 - 03:37:05: [mapchooser.amxx] Vote: Voting for the nextmap started
L 10/28/2013 - 03:37:20: [mapchooser.amxx] Vote: Voting for the nextmap finished. The nextmap will be de_chateau
L 10/28/2013 - 03:39:15: -------- Mapchange to de_chateau --------
L 10/28/2013 - 04:02:17: [mapchooser.amxx] Vote: Voting for the nextmap started
L 10/28/2013 - 04:02:32: [mapchooser.amxx] Vote: Voting for the nextmap finished. The nextmap will be de_aztec
L 10/28/2013 - 04:04:27: -------- Mapchange to de_aztec --------
L 10/28/2013 - 04:27:30: [mapchooser.amxx] Vote: Voting for the nextmap started
L 10/28/2013 - 04:27:45: [mapchooser.amxx] Vote: Voting for the nextmap finished. The nextmap will be as_oilrig
L 10/28/2013 - 04:29:40: -------- Mapchange to as_oilrig --------
L 10/28/2013 - 04:52:40: [mapchooser.amxx] Vote: Voting for the nextmap started
L 10/28/2013 - 04:52:55: [mapchooser.amxx] Vote: Voting for the nextmap finished. The nextmap will be cs_siege
L 10/28/2013 - 04:54:49: -------- Mapchange to cs_siege --------
L 10/28/2013 - 05:17:49: [mapchooser.amxx] Vote: Voting for the nextmap started
L 10/28/2013 - 05:18:04: [mapchooser.amxx] Vote: Voting for the nextmap finished. The nextmap will be de_cbble
L 10/28/2013 - 05:19:59: -------- Mapchange to de_cbble --------
L 10/28/2013 - 05:42:59: [mapchooser.amxx] Vote: Voting for the nextmap started
L 10/28/2013 - 05:43:14: [mapchooser.amxx] Vote: Voting for the nextmap finished. The nextmap will be de_dust
L 10/28/2013 - 05:45:09: -------- Mapchange to de_dust --------
L 10/28/2013 - 06:08:09: [mapchooser.amxx] Vote: Voting for the nextmap started
L 10/28/2013 - 06:08:24: [mapchooser.amxx] Vote: Voting for the nextmap finished. The nextmap will be cs_747
L 10/28/2013 - 06:10:19: -------- Mapchange to cs_747 --------
L 10/28/2013 - 06:33:20: [mapchooser.amxx] Vote: Voting for the nextmap started
L 10/28/2013 - 06:33:35: [mapchooser.amxx] Vote: Voting for the nextmap finished. The nextmap will be de_prodigy
L 10/28/2013 - 06:35:29: -------- Mapchange to de_prodigy --------
L 10/28/2013 - 06:58:30: [mapchooser.amxx] Vote: Voting for the nextmap started
L 10/28/2013 - 06:58:45: [mapchooser.amxx] Vote: Voting for the nextmap finished. The nextmap will be cs_assault
L 10/28/2013 - 07:00:40: -------- Mapchange to cs_assault --------
L 10/28/2013 - 07:23:40: [mapchooser.amxx] Vote: Voting for the nextmap started
L 10/28/2013 - 07:23:55: [mapchooser.amxx] Vote: Voting for the nextmap finished. The nextmap will be cs_office
L 10/28/2013 - 07:25:49: -------- Mapchange to cs_office --------
L 10/28/2013 - 07:48:50: [mapchooser.amxx] Vote: Voting for the nextmap started
L 10/28/2013 - 07:49:05: [mapchooser.amxx] Vote: Voting for the nextmap finished. The nextmap will be cs_italy
L 10/28/2013 - 07:50:59: -------- Mapchange to cs_italy --------
L 10/28/2013 - 08:13:59: [mapchooser.amxx] Vote: Voting for the nextmap started
L 10/28/2013 - 08:14:14: [mapchooser.amxx] Vote: Voting for the nextmap finished. The nextmap will be cs_backalley
L 10/28/2013 - 08:16:08: -------- Mapchange to cs_backalley --------
L 10/28/2013 - 08:39:08: [mapchooser.amxx] Vote: Voting for the nextmap started
L 10/28/2013 - 08:39:23: [mapchooser.amxx] Vote: Voting for the nextmap finished. The nextmap will be cs_militia
L 10/28/2013 - 08:41:18: -------- Mapchange to cs_militia --------
L 10/28/2013 - 09:04:18: [mapchooser.amxx] Vote: Voting for the nextmap started
L 10/28/2013 - 09:04:33: [mapchooser.amxx] Vote: Voting for the nextmap finished. The nextmap will be de_train
L 10/28/2013 - 09:06:27: -------- Mapchange to de_train --------
L 10/28/2013 - 09:29:27: [mapchooser.amxx] Vote: Voting for the nextmap started
L 10/28/2013 - 09:29:42: [mapchooser.amxx] Vote: Voting for the nextmap finished. The nextmap will be de_airstrip
L 10/28/2013 - 09:31:37: -------- Mapchange to de_airstrip --------
L 10/28/2013 - 09:54:37: [mapchooser.amxx] Vote: Voting for the nextmap started
L 10/28/2013 - 09:54:52: [mapchooser.amxx] Vote: Voting for the nextmap finished. The nextmap will be cs_havana
L 10/28/2013 - 09:56:47: -------- Mapchange to cs_havana --------
L 10/28/2013 - 10:19:47: [mapchooser.amxx] Vote: Voting for the nextmap started
L 10/28/2013 - 10:20:02: [mapchooser.amxx] Vote: Voting for the nextmap finished. The nextmap will be de_chateau
L 10/28/2013 - 10:21:59: -------- Mapchange to de_chateau --------
L 10/28/2013 - 10:45:00: [mapchooser.amxx] Vote: Voting for the nextmap started
L 10/28/2013 - 10:45:15: [mapchooser.amxx] Vote: Voting for the nextmap finished. The nextmap will be de_aztec
L 10/28/2013 - 10:47:09: -------- Mapchange to de_aztec --------
L 10/28/2013 - 11:10:10: [mapchooser.amxx] Vote: Voting for the nextmap started
L 10/28/2013 - 11:10:25: [mapchooser.amxx] Vote: Voting for the nextmap finished. The nextmap will be as_oilrig
L 10/28/2013 - 11:12:20: -------- Mapchange to as_oilrig --------
L 10/28/2013 - 11:35:20: [mapchooser.amxx] Vote: Voting for the nextmap started
L 10/28/2013 - 11:35:35: [mapchooser.amxx] Vote: Voting for the nextmap finished. The nextmap will be cs_siege
L 10/28/2013 - 11:37:29: -------- Mapchange to cs_siege --------
L 10/28/2013 - 12:00:30: [mapchooser.amxx] Vote: Voting for the nextmap started
L 10/28/2013 - 12:00:45: [mapchooser.amxx] Vote: Voting for the nextmap finished. The nextmap will be de_cbble
L 10/28/2013 - 12:02:40: -------- Mapchange to de_cbble --------
L 10/28/2013 - 12:25:42: [mapchooser.amxx] Vote: Voting for the nextmap started
L 10/28/2013 - 12:25:57: [mapchooser.amxx] Vote: Voting for the nextmap finished. The nextmap will be de_dust
L 10/28/2013 - 12:27:51: -------- Mapchange to de_dust --------
L 10/28/2013 - 12:50:51: [mapchooser.amxx] Vote: Voting for the nextmap started
L 10/28/2013 - 12:51:06: [mapchooser.amxx] Vote: Voting for the nextmap finished. The nextmap will be cs_747
L 10/28/2013 - 12:53:02: -------- Mapchange to cs_747 --------
L 10/28/2013 - 13:16:02: [mapchooser.amxx] Vote: Voting for the nextmap started
L 10/28/2013 - 13:16:17: [mapchooser.amxx] Vote: Voting for the nextmap finished. The nextmap will be de_prodigy
L 10/28/2013 - 13:18:11: -------- Mapchange to de_prodigy --------
L 10/28/2013 - 13:41:12: [mapchooser.amxx] Vote: Voting for the nextmap started
L 10/28/2013 - 13:41:27: [mapchooser.amxx] Vote: Voting for the nextmap finished. The nextmap will be cs_assault
L 10/28/2013 - 13:43:21: -------- Mapchange to cs_assault --------
L 10/28/2013 - 14:06:21: [mapchooser.amxx] Vote: Voting for the nextmap started
L 10/28/2013 - 14:06:36: [mapchooser.amxx] Vote: Voting for the nextmap finished. The nextmap will be cs_office
L 10/28/2013 - 14:08:31: -------- Mapchange to cs_office --------
L 10/28/2013 - 14:31:31: [mapchooser.amxx] Vote: Voting for the nextmap started
L 10/28/2013 - 14:31:46: [mapchooser.amxx] Vote: Voting for the nextmap finished. The nextmap will be cs_italy
L 10/28/2013 - 14:33:40: -------- Mapchange to cs_italy --------
L 10/28/2013 - 14:56:40: [mapchooser.amxx] Vote: Voting for the nextmap started
L 10/28/2013 - 14:56:55: [mapchooser.amxx] Vote: Voting for the nextmap finished. The nextmap will be cs_backalley
L 10/28/2013 - 14:58:50: -------- Mapchange to cs_backalley --------
L 10/28/2013 - 15:21:50: [mapchooser.amxx] Vote: Voting for the nextmap started
L 10/28/2013 - 15:22:05: [mapchooser.amxx] Vote: Voting for the nextmap finished. The nextmap will be cs_militia
L 10/28/2013 - 15:24:00: -------- Mapchange to cs_militia --------
L 10/28/2013 - 15:47:00: [mapchooser.amxx] Vote: Voting for the nextmap started
L 10/28/2013 - 15:47:15: [mapchooser.amxx] Vote: Voting for the nextmap finished. The nextmap will be de_train
L 10/28/2013 - 15:49:09: -------- Mapchange to de_train --------
L 10/28/2013 - 16:12:09: [mapchooser.amxx] Vote: Voting for the nextmap started
L 10/28/2013 - 16:12:24: [mapchooser.amxx] Vote: Voting for the nextmap finished. The nextmap will be de_airstrip
L 10/28/2013 - 16:14:18: -------- Mapchange to de_airstrip --------
L 10/28/2013 - 16:37:18: [mapchooser.amxx] Vote: Voting for the nextmap started
L 10/28/2013 - 16:37:33: [mapchooser.amxx] Vote: Voting for the nextmap finished. The nextmap will be cs_havana
L 10/28/2013 - 16:39:29: -------- Mapchange to cs_havana --------
L 10/28/2013 - 17:02:29: [mapchooser.amxx] Vote: Voting for the nextmap started
L 10/28/2013 - 17:02:44: [mapchooser.amxx] Vote: Voting for the nextmap finished. The nextmap will be de_chateau
L 10/28/2013 - 17:04:38: -------- Mapchange to de_chateau --------
L 10/28/2013 - 17:27:39: [mapchooser.amxx] Vote: Voting for the nextmap started
L 10/28/2013 - 17:27:54: [mapchooser.amxx] Vote: Voting for the nextmap finished. The nextmap will be de_aztec
L 10/28/2013 - 17:29:48: -------- Mapchange to de_aztec --------
L 10/28/2013 - 17:52:48: [mapchooser.amxx] Vote: Voting for the nextmap started
L 10/28/2013 - 17:53:03: [mapchooser.amxx] Vote: Voting for the nextmap finished. The nextmap will be as_oilrig
L 10/28/2013 - 17:54:57: -------- Mapchange to as_oilrig --------
L 10/28/2013 - 18:17:58: [mapchooser.amxx] Vote: Voting for the nextmap started
L 10/28/2013 - 18:18:13: [mapchooser.amxx] Vote: Voting for the nextmap finished. The nextmap will be cs_siege
L 10/28/2013 - 18:20:07: -------- Mapchange to cs_siege --------
L 10/28/2013 - 18:43:07: [mapchooser.amxx] Vote: Voting for the nextmap started
L 10/28/2013 - 18:43:22: [mapchooser.amxx] Vote: Voting for the nextmap finished. The nextmap will be de_cbble
L 10/28/2013 - 18:45:16: -------- Mapchange to de_cbble --------
L 10/28/2013 - 19:08:16: [mapchooser.amxx] Vote: Voting for the nextmap started
L 10/28/2013 - 19:08:32: [mapchooser.amxx] Vote: Voting for the nextmap finished. The nextmap will be de_dust
L 10/28/2013 - 19:10:26: -------- Mapchange to de_dust --------
L 10/28/2013 - 19:33:26: [mapchooser.amxx] Vote: Voting for the nextmap started
L 10/28/2013 - 19:33:41: [mapchooser.amxx] Vote: Voting for the nextmap finished. The nextmap will be cs_747
L 10/28/2013 - 19:35:36: -------- Mapchange to cs_747 --------
L 10/28/2013 - 20:10:14: -------- Mapchange to de_dust --------
L 10/28/2013 - 20:10:35: -------- Mapchange to de_dust --------
L 10/28/2013 - 20:33:36: [mapchooser.amxx] Vote: Voting for the nextmap started
L 10/28/2013 - 20:33:51: [mapchooser.amxx] Vote: Voting for the nextmap finished. The nextmap will be de_airstrip
L 10/28/2013 - 20:35:45: -------- Mapchange to de_airstrip --------
L 10/28/2013 - 20:58:46: [mapchooser.amxx] Vote: Voting for the nextmap started
L 10/28/2013 - 20:59:01: [mapchooser.amxx] Vote: Voting for the nextmap finished. The nextmap will be cs_havana
L 10/28/2013 - 21:00:56: -------- Mapchange to cs_havana --------
L 10/28/2013 - 21:23:56: [mapchooser.amxx] Vote: Voting for the nextmap started
L 10/28/2013 - 21:24:12: [mapchooser.amxx] Vote: Voting for the nextmap finished. The nextmap will be de_chateau
L 10/28/2013 - 21:26:06: -------- Mapchange to de_chateau --------
L 10/28/2013 - 21:49:06: [mapchooser.amxx] Vote: Voting for the nextmap started
L 10/28/2013 - 21:49:21: [mapchooser.amxx] Vote: Voting for the nextmap finished. The nextmap will be de_aztec
L 10/28/2013 - 21:51:15: -------- Mapchange to de_aztec --------
L 10/28/2013 - 22:14:15: [mapchooser.amxx] Vote: Voting for the nextmap started
L 10/28/2013 - 22:14:30: [mapchooser.amxx] Vote: Voting for the nextmap finished. The nextmap will be as_oilrig
L 10/28/2013 - 22:16:25: -------- Mapchange to as_oilrig --------
L 10/28/2013 - 22:39:25: [mapchooser.amxx] Vote: Voting for the nextmap started
L 10/28/2013 - 22:39:40: [mapchooser.amxx] Vote: Voting for the nextmap finished. The nextmap will be cs_siege
L 10/28/2013 - 22:41:34: -------- Mapchange to cs_siege --------
L 10/28/2013 - 23:04:34: [mapchooser.amxx] Vote: Voting for the nextmap started
L 10/28/2013 - 23:04:49: [mapchooser.amxx] Vote: Voting for the nextmap finished. The nextmap will be de_cbble
L 10/28/2013 - 23:06:43: -------- Mapchange to de_cbble --------
L 10/28/2013 - 23:29:43: [mapchooser.amxx] Vote: Voting for the nextmap started
L 10/28/2013 - 23:29:58: [mapchooser.amxx] Vote: Voting for the nextmap finished. The nextmap will be de_dust
L 10/28/2013 - 23:31:53: -------- Mapchange to de_dust --------
L 10/28/2013 - 23:54:52: [mapchooser.amxx] Vote: Voting for the nextmap started
L 10/28/2013 - 23:55:08: [mapchooser.amxx] Vote: Voting for the nextmap finished. The nextmap will be cs_747
L 10/28/2013 - 23:57:02: -------- Mapchange to cs_747 --------
