L 10/30/2013 - 15:52:31: -------- Mapchange to de_dust --------
L 10/30/2013 - 16:15:38: [mapchooser.amxx] Vote: Voting for the nextmap started
L 10/30/2013 - 16:15:53: [mapchooser.amxx] Vote: Voting for the nextmap finished. The nextmap will be de_airstrip
L 10/30/2013 - 16:17:47: -------- Mapchange to de_airstrip --------
L 10/30/2013 - 16:40:47: [mapchooser.amxx] Vote: Voting for the nextmap started
L 10/30/2013 - 16:41:02: [mapchooser.amxx] Vote: Voting for the nextmap finished. The nextmap will be cs_havana
L 10/30/2013 - 16:42:58: -------- Mapchange to cs_havana --------
L 10/30/2013 - 17:05:58: [mapchooser.amxx] Vote: Voting for the nextmap started
L 10/30/2013 - 17:06:13: [mapchooser.amxx] Vote: Voting for the nextmap finished. The nextmap will be de_chateau
L 10/30/2013 - 17:08:08: -------- Mapchange to de_chateau --------
L 10/30/2013 - 17:31:08: [mapchooser.amxx] Vote: Voting for the nextmap started
L 10/30/2013 - 17:31:23: [mapchooser.amxx] Vote: Voting for the nextmap finished. The nextmap will be de_aztec
L 10/30/2013 - 17:33:17: -------- Mapchange to de_aztec --------
L 10/30/2013 - 17:56:17: [mapchooser.amxx] Vote: Voting for the nextmap started
L 10/30/2013 - 17:56:32: [mapchooser.amxx] Vote: Voting for the nextmap finished. The nextmap will be as_oilrig
L 10/30/2013 - 17:58:27: -------- Mapchange to as_oilrig --------
L 10/30/2013 - 18:21:28: [mapchooser.amxx] Vote: Voting for the nextmap started
L 10/30/2013 - 18:21:43: [mapchooser.amxx] Vote: Voting for the nextmap finished. The nextmap will be cs_siege
L 10/30/2013 - 18:23:37: -------- Mapchange to cs_siege --------
L 10/30/2013 - 18:46:37: [mapchooser.amxx] Vote: Voting for the nextmap started
L 10/30/2013 - 18:46:52: [mapchooser.amxx] Vote: Voting for the nextmap finished. The nextmap will be de_cbble
L 10/30/2013 - 18:48:47: -------- Mapchange to de_cbble --------
L 10/30/2013 - 19:11:47: [mapchooser.amxx] Vote: Voting for the nextmap started
L 10/30/2013 - 19:12:02: [mapchooser.amxx] Vote: Voting for the nextmap finished. The nextmap will be de_dust
L 10/30/2013 - 19:13:56: -------- Mapchange to de_dust --------
L 10/30/2013 - 19:36:56: [mapchooser.amxx] Vote: Voting for the nextmap started
L 10/30/2013 - 19:37:11: [mapchooser.amxx] Vote: Voting for the nextmap finished. The nextmap will be cs_747
L 10/30/2013 - 19:39:06: -------- Mapchange to cs_747 --------
L 10/30/2013 - 20:02:06: [mapchooser.amxx] Vote: Voting for the nextmap started
L 10/30/2013 - 20:02:21: [mapchooser.amxx] Vote: Voting for the nextmap finished. The nextmap will be de_prodigy
L 10/30/2013 - 20:04:16: -------- Mapchange to de_prodigy --------
L 10/30/2013 - 20:27:16: [mapchooser.amxx] Vote: Voting for the nextmap started
L 10/30/2013 - 20:27:31: [mapchooser.amxx] Vote: Voting for the nextmap finished. The nextmap will be cs_assault
L 10/30/2013 - 20:29:25: -------- Mapchange to cs_assault --------
L 10/30/2013 - 20:52:25: [mapchooser.amxx] Vote: Voting for the nextmap started
L 10/30/2013 - 20:52:41: [mapchooser.amxx] Vote: Voting for the nextmap finished. The nextmap will be cs_office
L 10/30/2013 - 20:54:35: -------- Mapchange to cs_office --------
L 10/30/2013 - 21:17:35: [mapchooser.amxx] Vote: Voting for the nextmap started
L 10/30/2013 - 21:17:50: [mapchooser.amxx] Vote: Voting for the nextmap finished. The nextmap will be cs_italy
L 10/30/2013 - 21:19:45: -------- Mapchange to cs_italy --------
L 10/30/2013 - 21:42:45: [mapchooser.amxx] Vote: Voting for the nextmap started
L 10/30/2013 - 21:43:00: [mapchooser.amxx] Vote: Voting for the nextmap finished. The nextmap will be cs_backalley
L 10/30/2013 - 21:44:54: -------- Mapchange to cs_backalley --------
L 10/30/2013 - 22:07:54: [mapchooser.amxx] Vote: Voting for the nextmap started
L 10/30/2013 - 22:08:09: [mapchooser.amxx] Vote: Voting for the nextmap finished. The nextmap will be cs_militia
L 10/30/2013 - 22:10:05: -------- Mapchange to cs_militia --------
L 10/30/2013 - 22:33:05: [mapchooser.amxx] Vote: Voting for the nextmap started
L 10/30/2013 - 22:33:20: [mapchooser.amxx] Vote: Voting for the nextmap finished. The nextmap will be de_train
L 10/30/2013 - 22:35:14: -------- Mapchange to de_train --------
L 10/30/2013 - 22:58:14: [mapchooser.amxx] Vote: Voting for the nextmap started
L 10/30/2013 - 22:58:29: [mapchooser.amxx] Vote: Voting for the nextmap finished. The nextmap will be de_airstrip
L 10/30/2013 - 23:00:24: -------- Mapchange to de_airstrip --------
L 10/30/2013 - 23:23:25: [mapchooser.amxx] Vote: Voting for the nextmap started
L 10/30/2013 - 23:23:40: [mapchooser.amxx] Vote: Voting for the nextmap finished. The nextmap will be cs_havana
L 10/30/2013 - 23:25:35: -------- Mapchange to cs_havana --------
L 10/30/2013 - 23:48:35: [mapchooser.amxx] Vote: Voting for the nextmap started
L 10/30/2013 - 23:48:50: [mapchooser.amxx] Vote: Voting for the nextmap finished. The nextmap will be de_chateau
L 10/30/2013 - 23:50:46: -------- Mapchange to de_chateau --------
