L 10/31/2013 - 00:13:46: [mapchooser.amxx] Vote: Voting for the nextmap started
L 10/31/2013 - 00:14:01: [mapchooser.amxx] Vote: Voting for the nextmap finished. The nextmap will be de_aztec
L 10/31/2013 - 00:15:55: -------- Mapchange to de_aztec --------
L 10/31/2013 - 00:38:55: [mapchooser.amxx] Vote: Voting for the nextmap started
L 10/31/2013 - 00:39:10: [mapchooser.amxx] Vote: Voting for the nextmap finished. The nextmap will be as_oilrig
L 10/31/2013 - 00:41:05: -------- Mapchange to as_oilrig --------
L 10/31/2013 - 01:04:06: [mapchooser.amxx] Vote: Voting for the nextmap started
L 10/31/2013 - 01:04:21: [mapchooser.amxx] Vote: Voting for the nextmap finished. The nextmap will be cs_siege
L 10/31/2013 - 01:06:15: -------- Mapchange to cs_siege --------
L 10/31/2013 - 01:29:16: [mapchooser.amxx] Vote: Voting for the nextmap started
L 10/31/2013 - 01:29:31: [mapchooser.amxx] Vote: Voting for the nextmap finished. The nextmap will be de_cbble
L 10/31/2013 - 01:31:25: -------- Mapchange to de_cbble --------
L 10/31/2013 - 01:54:25: [mapchooser.amxx] Vote: Voting for the nextmap started
L 10/31/2013 - 01:54:40: [mapchooser.amxx] Vote: Voting for the nextmap finished. The nextmap will be de_dust
L 10/31/2013 - 01:56:34: -------- Mapchange to de_dust --------
L 10/31/2013 - 02:19:34: [mapchooser.amxx] Vote: Voting for the nextmap started
L 10/31/2013 - 02:19:49: [mapchooser.amxx] Vote: Voting for the nextmap finished. The nextmap will be cs_747
L 10/31/2013 - 02:21:45: -------- Mapchange to cs_747 --------
L 10/31/2013 - 02:44:45: [mapchooser.amxx] Vote: Voting for the nextmap started
L 10/31/2013 - 02:45:00: [mapchooser.amxx] Vote: Voting for the nextmap finished. The nextmap will be de_prodigy
L 10/31/2013 - 02:46:55: -------- Mapchange to de_prodigy --------
L 10/31/2013 - 03:09:56: [mapchooser.amxx] Vote: Voting for the nextmap started
L 10/31/2013 - 03:10:11: [mapchooser.amxx] Vote: Voting for the nextmap finished. The nextmap will be cs_assault
L 10/31/2013 - 03:12:06: -------- Mapchange to cs_assault --------
L 10/31/2013 - 03:35:06: [mapchooser.amxx] Vote: Voting for the nextmap started
L 10/31/2013 - 03:35:21: [mapchooser.amxx] Vote: Voting for the nextmap finished. The nextmap will be cs_office
L 10/31/2013 - 03:37:15: -------- Mapchange to cs_office --------
L 10/31/2013 - 04:00:15: [mapchooser.amxx] Vote: Voting for the nextmap started
L 10/31/2013 - 04:00:30: [mapchooser.amxx] Vote: Voting for the nextmap finished. The nextmap will be cs_italy
L 10/31/2013 - 04:02:25: -------- Mapchange to cs_italy --------
L 10/31/2013 - 04:25:25: [mapchooser.amxx] Vote: Voting for the nextmap started
L 10/31/2013 - 04:25:40: [mapchooser.amxx] Vote: Voting for the nextmap finished. The nextmap will be cs_backalley
L 10/31/2013 - 04:27:35: -------- Mapchange to cs_backalley --------
L 10/31/2013 - 04:50:35: [mapchooser.amxx] Vote: Voting for the nextmap started
L 10/31/2013 - 04:50:50: [mapchooser.amxx] Vote: Voting for the nextmap finished. The nextmap will be cs_militia
L 10/31/2013 - 04:52:46: -------- Mapchange to cs_militia --------
L 10/31/2013 - 05:15:46: [mapchooser.amxx] Vote: Voting for the nextmap started
L 10/31/2013 - 05:16:01: [mapchooser.amxx] Vote: Voting for the nextmap finished. The nextmap will be de_train
L 10/31/2013 - 05:17:55: -------- Mapchange to de_train --------
L 10/31/2013 - 05:40:55: [mapchooser.amxx] Vote: Voting for the nextmap started
L 10/31/2013 - 05:41:10: [mapchooser.amxx] Vote: Voting for the nextmap finished. The nextmap will be de_airstrip
L 10/31/2013 - 05:43:05: -------- Mapchange to de_airstrip --------
L 10/31/2013 - 06:06:06: [mapchooser.amxx] Vote: Voting for the nextmap started
L 10/31/2013 - 06:06:21: [mapchooser.amxx] Vote: Voting for the nextmap finished. The nextmap will be cs_havana
L 10/31/2013 - 06:08:17: -------- Mapchange to cs_havana --------
L 10/31/2013 - 06:31:17: [mapchooser.amxx] Vote: Voting for the nextmap started
L 10/31/2013 - 06:31:32: [mapchooser.amxx] Vote: Voting for the nextmap finished. The nextmap will be de_chateau
L 10/31/2013 - 06:33:27: -------- Mapchange to de_chateau --------
L 10/31/2013 - 06:56:27: [mapchooser.amxx] Vote: Voting for the nextmap started
L 10/31/2013 - 06:56:42: [mapchooser.amxx] Vote: Voting for the nextmap finished. The nextmap will be de_aztec
L 10/31/2013 - 06:58:36: -------- Mapchange to de_aztec --------
L 10/31/2013 - 07:21:36: [mapchooser.amxx] Vote: Voting for the nextmap started
L 10/31/2013 - 07:21:51: [mapchooser.amxx] Vote: Voting for the nextmap finished. The nextmap will be as_oilrig
L 10/31/2013 - 07:23:45: -------- Mapchange to as_oilrig --------
L 10/31/2013 - 07:46:45: [mapchooser.amxx] Vote: Voting for the nextmap started
L 10/31/2013 - 07:47:01: [mapchooser.amxx] Vote: Voting for the nextmap finished. The nextmap will be cs_siege
L 10/31/2013 - 07:48:54: -------- Mapchange to cs_siege --------
L 10/31/2013 - 08:11:55: [mapchooser.amxx] Vote: Voting for the nextmap started
L 10/31/2013 - 08:12:10: [mapchooser.amxx] Vote: Voting for the nextmap finished. The nextmap will be de_cbble
L 10/31/2013 - 08:14:04: -------- Mapchange to de_cbble --------
L 10/31/2013 - 08:37:04: [mapchooser.amxx] Vote: Voting for the nextmap started
L 10/31/2013 - 08:37:19: [mapchooser.amxx] Vote: Voting for the nextmap finished. The nextmap will be de_dust
L 10/31/2013 - 08:39:13: -------- Mapchange to de_dust --------
L 10/31/2013 - 09:02:13: [mapchooser.amxx] Vote: Voting for the nextmap started
L 10/31/2013 - 09:02:28: [mapchooser.amxx] Vote: Voting for the nextmap finished. The nextmap will be cs_747
L 10/31/2013 - 09:04:23: -------- Mapchange to cs_747 --------
L 10/31/2013 - 09:27:23: [mapchooser.amxx] Vote: Voting for the nextmap started
L 10/31/2013 - 09:27:38: [mapchooser.amxx] Vote: Voting for the nextmap finished. The nextmap will be de_prodigy
L 10/31/2013 - 09:29:33: -------- Mapchange to de_prodigy --------
L 10/31/2013 - 09:52:33: [mapchooser.amxx] Vote: Voting for the nextmap started
L 10/31/2013 - 09:52:48: [mapchooser.amxx] Vote: Voting for the nextmap finished. The nextmap will be cs_assault
L 10/31/2013 - 09:54:42: -------- Mapchange to cs_assault --------
L 10/31/2013 - 10:17:42: [mapchooser.amxx] Vote: Voting for the nextmap started
L 10/31/2013 - 10:17:57: [mapchooser.amxx] Vote: Voting for the nextmap finished. The nextmap will be cs_office
L 10/31/2013 - 10:19:52: -------- Mapchange to cs_office --------
L 10/31/2013 - 10:42:52: [mapchooser.amxx] Vote: Voting for the nextmap started
L 10/31/2013 - 10:43:07: [mapchooser.amxx] Vote: Voting for the nextmap finished. The nextmap will be cs_italy
L 10/31/2013 - 10:45:01: -------- Mapchange to cs_italy --------
L 10/31/2013 - 11:08:02: [mapchooser.amxx] Vote: Voting for the nextmap started
L 10/31/2013 - 11:08:17: [mapchooser.amxx] Vote: Voting for the nextmap finished. The nextmap will be cs_backalley
L 10/31/2013 - 11:10:13: -------- Mapchange to cs_backalley --------
L 10/31/2013 - 11:33:15: [mapchooser.amxx] Vote: Voting for the nextmap started
L 10/31/2013 - 11:33:30: [mapchooser.amxx] Vote: Voting for the nextmap finished. The nextmap will be cs_militia
L 10/31/2013 - 11:35:25: -------- Mapchange to cs_militia --------
L 10/31/2013 - 11:58:25: [mapchooser.amxx] Vote: Voting for the nextmap started
L 10/31/2013 - 11:58:40: [mapchooser.amxx] Vote: Voting for the nextmap finished. The nextmap will be de_train
L 10/31/2013 - 12:00:35: -------- Mapchange to de_train --------
L 10/31/2013 - 12:23:36: [mapchooser.amxx] Vote: Voting for the nextmap started
L 10/31/2013 - 12:23:51: [mapchooser.amxx] Vote: Voting for the nextmap finished. The nextmap will be de_airstrip
L 10/31/2013 - 12:25:45: -------- Mapchange to de_airstrip --------
L 10/31/2013 - 12:48:45: [mapchooser.amxx] Vote: Voting for the nextmap started
L 10/31/2013 - 12:49:00: [mapchooser.amxx] Vote: Voting for the nextmap finished. The nextmap will be cs_havana
L 10/31/2013 - 12:50:55: -------- Mapchange to cs_havana --------
L 10/31/2013 - 13:13:55: [mapchooser.amxx] Vote: Voting for the nextmap started
L 10/31/2013 - 13:14:10: [mapchooser.amxx] Vote: Voting for the nextmap finished. The nextmap will be de_chateau
L 10/31/2013 - 13:16:05: -------- Mapchange to de_chateau --------
L 10/31/2013 - 13:39:05: [mapchooser.amxx] Vote: Voting for the nextmap started
L 10/31/2013 - 13:39:20: [mapchooser.amxx] Vote: Voting for the nextmap finished. The nextmap will be de_aztec
L 10/31/2013 - 13:41:15: -------- Mapchange to de_aztec --------
L 10/31/2013 - 14:04:15: [mapchooser.amxx] Vote: Voting for the nextmap started
L 10/31/2013 - 14:04:30: [mapchooser.amxx] Vote: Voting for the nextmap finished. The nextmap will be as_oilrig
L 10/31/2013 - 14:06:25: -------- Mapchange to as_oilrig --------
L 10/31/2013 - 14:29:25: [mapchooser.amxx] Vote: Voting for the nextmap started
L 10/31/2013 - 14:29:40: [mapchooser.amxx] Vote: Voting for the nextmap finished. The nextmap will be cs_siege
L 10/31/2013 - 14:31:34: -------- Mapchange to cs_siege --------
L 10/31/2013 - 14:54:34: [mapchooser.amxx] Vote: Voting for the nextmap started
L 10/31/2013 - 14:54:49: [mapchooser.amxx] Vote: Voting for the nextmap finished. The nextmap will be de_cbble
L 10/31/2013 - 14:56:43: -------- Mapchange to de_cbble --------
L 10/31/2013 - 15:19:43: [mapchooser.amxx] Vote: Voting for the nextmap started
L 10/31/2013 - 15:19:58: [mapchooser.amxx] Vote: Voting for the nextmap finished. The nextmap will be de_dust
L 10/31/2013 - 15:21:52: -------- Mapchange to de_dust --------
L 10/31/2013 - 15:44:53: [mapchooser.amxx] Vote: Voting for the nextmap started
L 10/31/2013 - 15:45:08: [mapchooser.amxx] Vote: Voting for the nextmap finished. The nextmap will be cs_747
L 10/31/2013 - 15:47:03: -------- Mapchange to cs_747 --------
L 10/31/2013 - 16:10:03: [mapchooser.amxx] Vote: Voting for the nextmap started
L 10/31/2013 - 16:10:18: [mapchooser.amxx] Vote: Voting for the nextmap finished. The nextmap will be de_prodigy
L 10/31/2013 - 16:12:13: -------- Mapchange to de_prodigy --------
L 10/31/2013 - 16:35:13: [mapchooser.amxx] Vote: Voting for the nextmap started
L 10/31/2013 - 16:35:28: [mapchooser.amxx] Vote: Voting for the nextmap finished. The nextmap will be cs_assault
L 10/31/2013 - 16:37:23: -------- Mapchange to cs_assault --------
L 10/31/2013 - 17:00:23: [mapchooser.amxx] Vote: Voting for the nextmap started
L 10/31/2013 - 17:00:38: [mapchooser.amxx] Vote: Voting for the nextmap finished. The nextmap will be cs_office
L 10/31/2013 - 17:02:32: -------- Mapchange to cs_office --------
L 10/31/2013 - 17:25:33: [mapchooser.amxx] Vote: Voting for the nextmap started
L 10/31/2013 - 17:25:48: [mapchooser.amxx] Vote: Voting for the nextmap finished. The nextmap will be cs_italy
L 10/31/2013 - 17:27:42: -------- Mapchange to cs_italy --------
L 10/31/2013 - 17:50:42: [mapchooser.amxx] Vote: Voting for the nextmap started
L 10/31/2013 - 17:50:57: [mapchooser.amxx] Vote: Voting for the nextmap finished. The nextmap will be cs_backalley
L 10/31/2013 - 17:52:52: -------- Mapchange to cs_backalley --------
L 10/31/2013 - 18:15:52: [mapchooser.amxx] Vote: Voting for the nextmap started
L 10/31/2013 - 18:16:07: [mapchooser.amxx] Vote: Voting for the nextmap finished. The nextmap will be cs_militia
L 10/31/2013 - 18:18:02: -------- Mapchange to cs_militia --------
L 10/31/2013 - 18:41:02: [mapchooser.amxx] Vote: Voting for the nextmap started
L 10/31/2013 - 18:41:17: [mapchooser.amxx] Vote: Voting for the nextmap finished. The nextmap will be de_train
L 10/31/2013 - 18:43:11: -------- Mapchange to de_train --------
L 10/31/2013 - 19:06:11: [mapchooser.amxx] Vote: Voting for the nextmap started
L 10/31/2013 - 19:06:26: [mapchooser.amxx] Vote: Voting for the nextmap finished. The nextmap will be de_airstrip
L 10/31/2013 - 19:08:21: -------- Mapchange to de_airstrip --------
L 10/31/2013 - 19:31:21: [mapchooser.amxx] Vote: Voting for the nextmap started
L 10/31/2013 - 19:31:36: [mapchooser.amxx] Vote: Voting for the nextmap finished. The nextmap will be cs_havana
L 10/31/2013 - 19:33:32: -------- Mapchange to cs_havana --------
L 10/31/2013 - 19:56:32: [mapchooser.amxx] Vote: Voting for the nextmap started
L 10/31/2013 - 19:56:47: [mapchooser.amxx] Vote: Voting for the nextmap finished. The nextmap will be de_chateau
L 10/31/2013 - 19:58:42: -------- Mapchange to de_chateau --------
L 10/31/2013 - 20:21:42: [mapchooser.amxx] Vote: Voting for the nextmap started
L 10/31/2013 - 20:21:57: [mapchooser.amxx] Vote: Voting for the nextmap finished. The nextmap will be de_aztec
L 10/31/2013 - 20:23:51: -------- Mapchange to de_aztec --------
L 10/31/2013 - 20:46:51: [mapchooser.amxx] Vote: Voting for the nextmap started
L 10/31/2013 - 20:47:07: [mapchooser.amxx] Vote: Voting for the nextmap finished. The nextmap will be as_oilrig
L 10/31/2013 - 20:49:01: -------- Mapchange to as_oilrig --------
L 10/31/2013 - 21:12:01: [mapchooser.amxx] Vote: Voting for the nextmap started
L 10/31/2013 - 21:12:16: [mapchooser.amxx] Vote: Voting for the nextmap finished. The nextmap will be cs_siege
L 10/31/2013 - 21:14:10: -------- Mapchange to cs_siege --------
L 10/31/2013 - 21:37:11: [mapchooser.amxx] Vote: Voting for the nextmap started
L 10/31/2013 - 21:37:26: [mapchooser.amxx] Vote: Voting for the nextmap finished. The nextmap will be de_cbble
L 10/31/2013 - 21:39:20: -------- Mapchange to de_cbble --------
L 10/31/2013 - 22:02:20: [mapchooser.amxx] Vote: Voting for the nextmap started
L 10/31/2013 - 22:02:35: [mapchooser.amxx] Vote: Voting for the nextmap finished. The nextmap will be de_dust
L 10/31/2013 - 22:04:30: -------- Mapchange to de_dust --------
L 10/31/2013 - 22:27:30: [mapchooser.amxx] Vote: Voting for the nextmap started
L 10/31/2013 - 22:27:45: [mapchooser.amxx] Vote: Voting for the nextmap finished. The nextmap will be cs_747
L 10/31/2013 - 22:29:40: -------- Mapchange to cs_747 --------
L 10/31/2013 - 22:52:40: [mapchooser.amxx] Vote: Voting for the nextmap started
L 10/31/2013 - 22:52:55: [mapchooser.amxx] Vote: Voting for the nextmap finished. The nextmap will be de_prodigy
L 10/31/2013 - 22:54:50: -------- Mapchange to de_prodigy --------
L 10/31/2013 - 23:17:50: [mapchooser.amxx] Vote: Voting for the nextmap started
L 10/31/2013 - 23:18:06: [mapchooser.amxx] Vote: Voting for the nextmap finished. The nextmap will be cs_assault
L 10/31/2013 - 23:20:00: -------- Mapchange to cs_assault --------
L 10/31/2013 - 23:43:00: [mapchooser.amxx] Vote: Voting for the nextmap started
L 10/31/2013 - 23:43:15: [mapchooser.amxx] Vote: Voting for the nextmap finished. The nextmap will be cs_office
L 10/31/2013 - 23:45:10: -------- Mapchange to cs_office --------
