L 11/01/2013 - 00:08:10: [mapchooser.amxx] Vote: Voting for the nextmap started
L 11/01/2013 - 00:08:25: [mapchooser.amxx] Vote: Voting for the nextmap finished. The nextmap will be cs_italy
L 11/01/2013 - 00:10:20: -------- Mapchange to cs_italy --------
L 11/01/2013 - 00:33:20: [mapchooser.amxx] Vote: Voting for the nextmap started
L 11/01/2013 - 00:33:35: [mapchooser.amxx] Vote: Voting for the nextmap finished. The nextmap will be cs_backalley
L 11/01/2013 - 00:35:30: -------- Mapchange to cs_backalley --------
L 11/01/2013 - 00:58:30: [mapchooser.amxx] Vote: Voting for the nextmap started
L 11/01/2013 - 00:58:46: [mapchooser.amxx] Vote: Voting for the nextmap finished. The nextmap will be cs_militia
L 11/01/2013 - 01:00:41: -------- Mapchange to cs_militia --------
L 11/01/2013 - 01:23:41: [mapchooser.amxx] Vote: Voting for the nextmap started
L 11/01/2013 - 01:23:56: [mapchooser.amxx] Vote: Voting for the nextmap finished. The nextmap will be de_train
L 11/01/2013 - 01:25:52: -------- Mapchange to de_train --------
L 11/01/2013 - 01:48:57: [mapchooser.amxx] Vote: Voting for the nextmap started
L 11/01/2013 - 01:49:12: [mapchooser.amxx] Vote: Voting for the nextmap finished. The nextmap will be de_airstrip
L 11/01/2013 - 01:51:08: -------- Mapchange to de_airstrip --------
L 11/01/2013 - 02:14:10: [mapchooser.amxx] Vote: Voting for the nextmap started
L 11/01/2013 - 02:14:25: [mapchooser.amxx] Vote: Voting for the nextmap finished. The nextmap will be cs_havana
L 11/01/2013 - 02:16:21: -------- Mapchange to cs_havana --------
L 11/01/2013 - 02:39:22: [mapchooser.amxx] Vote: Voting for the nextmap started
L 11/01/2013 - 02:39:37: [mapchooser.amxx] Vote: Voting for the nextmap finished. The nextmap will be de_chateau
L 11/01/2013 - 02:41:32: -------- Mapchange to de_chateau --------
L 11/01/2013 - 03:04:32: [mapchooser.amxx] Vote: Voting for the nextmap started
L 11/01/2013 - 03:04:47: [mapchooser.amxx] Vote: Voting for the nextmap finished. The nextmap will be de_aztec
L 11/01/2013 - 03:06:41: -------- Mapchange to de_aztec --------
L 11/01/2013 - 03:29:42: [mapchooser.amxx] Vote: Voting for the nextmap started
L 11/01/2013 - 03:29:57: [mapchooser.amxx] Vote: Voting for the nextmap finished. The nextmap will be as_oilrig
L 11/01/2013 - 03:31:52: -------- Mapchange to as_oilrig --------
L 11/01/2013 - 03:54:52: [mapchooser.amxx] Vote: Voting for the nextmap started
L 11/01/2013 - 03:55:08: [mapchooser.amxx] Vote: Voting for the nextmap finished. The nextmap will be cs_siege
L 11/01/2013 - 03:57:02: -------- Mapchange to cs_siege --------
L 11/01/2013 - 04:20:03: [mapchooser.amxx] Vote: Voting for the nextmap started
L 11/01/2013 - 04:20:18: [mapchooser.amxx] Vote: Voting for the nextmap finished. The nextmap will be de_cbble
L 11/01/2013 - 04:22:13: -------- Mapchange to de_cbble --------
L 11/01/2013 - 04:45:13: [mapchooser.amxx] Vote: Voting for the nextmap started
L 11/01/2013 - 04:45:28: [mapchooser.amxx] Vote: Voting for the nextmap finished. The nextmap will be de_dust
L 11/01/2013 - 04:47:23: -------- Mapchange to de_dust --------
L 11/01/2013 - 05:10:23: [mapchooser.amxx] Vote: Voting for the nextmap started
L 11/01/2013 - 05:10:38: [mapchooser.amxx] Vote: Voting for the nextmap finished. The nextmap will be cs_747
L 11/01/2013 - 05:12:33: -------- Mapchange to cs_747 --------
L 11/01/2013 - 05:35:33: [mapchooser.amxx] Vote: Voting for the nextmap started
L 11/01/2013 - 05:35:48: [mapchooser.amxx] Vote: Voting for the nextmap finished. The nextmap will be de_prodigy
L 11/01/2013 - 05:37:43: -------- Mapchange to de_prodigy --------
L 11/01/2013 - 06:00:43: [mapchooser.amxx] Vote: Voting for the nextmap started
L 11/01/2013 - 06:00:58: [mapchooser.amxx] Vote: Voting for the nextmap finished. The nextmap will be cs_assault
L 11/01/2013 - 06:02:53: -------- Mapchange to cs_assault --------
L 11/01/2013 - 06:25:53: [mapchooser.amxx] Vote: Voting for the nextmap started
L 11/01/2013 - 06:26:08: [mapchooser.amxx] Vote: Voting for the nextmap finished. The nextmap will be cs_office
L 11/01/2013 - 06:28:02: -------- Mapchange to cs_office --------
L 11/01/2013 - 06:51:03: [mapchooser.amxx] Vote: Voting for the nextmap started
L 11/01/2013 - 06:51:18: [mapchooser.amxx] Vote: Voting for the nextmap finished. The nextmap will be cs_italy
L 11/01/2013 - 06:53:12: -------- Mapchange to cs_italy --------
L 11/01/2013 - 07:16:12: [mapchooser.amxx] Vote: Voting for the nextmap started
L 11/01/2013 - 07:16:28: [mapchooser.amxx] Vote: Voting for the nextmap finished. The nextmap will be cs_backalley
L 11/01/2013 - 07:18:22: -------- Mapchange to cs_backalley --------
L 11/01/2013 - 07:41:22: [mapchooser.amxx] Vote: Voting for the nextmap started
L 11/01/2013 - 07:41:37: [mapchooser.amxx] Vote: Voting for the nextmap finished. The nextmap will be cs_militia
L 11/01/2013 - 07:43:32: -------- Mapchange to cs_militia --------
L 11/01/2013 - 08:06:32: [mapchooser.amxx] Vote: Voting for the nextmap started
L 11/01/2013 - 08:06:47: [mapchooser.amxx] Vote: Voting for the nextmap finished. The nextmap will be de_train
L 11/01/2013 - 08:08:42: -------- Mapchange to de_train --------
L 11/01/2013 - 08:31:42: [mapchooser.amxx] Vote: Voting for the nextmap started
L 11/01/2013 - 08:31:57: [mapchooser.amxx] Vote: Voting for the nextmap finished. The nextmap will be de_airstrip
L 11/01/2013 - 08:33:52: -------- Mapchange to de_airstrip --------
L 11/01/2013 - 08:56:52: [mapchooser.amxx] Vote: Voting for the nextmap started
L 11/01/2013 - 08:57:07: [mapchooser.amxx] Vote: Voting for the nextmap finished. The nextmap will be cs_havana
L 11/01/2013 - 08:59:02: -------- Mapchange to cs_havana --------
L 11/01/2013 - 09:22:02: [mapchooser.amxx] Vote: Voting for the nextmap started
L 11/01/2013 - 09:22:17: [mapchooser.amxx] Vote: Voting for the nextmap finished. The nextmap will be de_chateau
L 11/01/2013 - 09:24:12: -------- Mapchange to de_chateau --------
L 11/01/2013 - 09:47:12: [mapchooser.amxx] Vote: Voting for the nextmap started
L 11/01/2013 - 09:47:27: [mapchooser.amxx] Vote: Voting for the nextmap finished. The nextmap will be de_aztec
L 11/01/2013 - 09:49:21: -------- Mapchange to de_aztec --------
L 11/01/2013 - 10:12:21: [mapchooser.amxx] Vote: Voting for the nextmap started
L 11/01/2013 - 10:12:36: [mapchooser.amxx] Vote: Voting for the nextmap finished. The nextmap will be as_oilrig
L 11/01/2013 - 10:14:31: -------- Mapchange to as_oilrig --------
L 11/01/2013 - 10:37:31: [mapchooser.amxx] Vote: Voting for the nextmap started
L 11/01/2013 - 10:37:46: [mapchooser.amxx] Vote: Voting for the nextmap finished. The nextmap will be cs_siege
L 11/01/2013 - 10:39:40: -------- Mapchange to cs_siege --------
L 11/01/2013 - 11:02:41: [mapchooser.amxx] Vote: Voting for the nextmap started
L 11/01/2013 - 11:02:56: [mapchooser.amxx] Vote: Voting for the nextmap finished. The nextmap will be de_cbble
L 11/01/2013 - 11:04:50: -------- Mapchange to de_cbble --------
L 11/01/2013 - 11:27:50: [mapchooser.amxx] Vote: Voting for the nextmap started
L 11/01/2013 - 11:28:05: [mapchooser.amxx] Vote: Voting for the nextmap finished. The nextmap will be de_dust
L 11/01/2013 - 11:29:59: -------- Mapchange to de_dust --------
L 11/01/2013 - 11:53:00: [mapchooser.amxx] Vote: Voting for the nextmap started
L 11/01/2013 - 11:53:15: [mapchooser.amxx] Vote: Voting for the nextmap finished. The nextmap will be cs_747
L 11/01/2013 - 11:55:09: -------- Mapchange to cs_747 --------
L 11/01/2013 - 12:18:10: [mapchooser.amxx] Vote: Voting for the nextmap started
L 11/01/2013 - 12:18:25: [mapchooser.amxx] Vote: Voting for the nextmap finished. The nextmap will be de_prodigy
L 11/01/2013 - 12:20:19: -------- Mapchange to de_prodigy --------
L 11/01/2013 - 12:43:19: [mapchooser.amxx] Vote: Voting for the nextmap started
L 11/01/2013 - 12:43:34: [mapchooser.amxx] Vote: Voting for the nextmap finished. The nextmap will be cs_assault
L 11/01/2013 - 12:45:29: -------- Mapchange to cs_assault --------
L 11/01/2013 - 13:08:29: [mapchooser.amxx] Vote: Voting for the nextmap started
L 11/01/2013 - 13:08:44: [mapchooser.amxx] Vote: Voting for the nextmap finished. The nextmap will be cs_office
L 11/01/2013 - 13:10:38: -------- Mapchange to cs_office --------
L 11/01/2013 - 13:33:38: [mapchooser.amxx] Vote: Voting for the nextmap started
L 11/01/2013 - 13:33:53: [mapchooser.amxx] Vote: Voting for the nextmap finished. The nextmap will be cs_italy
L 11/01/2013 - 13:35:48: -------- Mapchange to cs_italy --------
L 11/01/2013 - 13:58:48: [mapchooser.amxx] Vote: Voting for the nextmap started
L 11/01/2013 - 13:59:03: [mapchooser.amxx] Vote: Voting for the nextmap finished. The nextmap will be cs_backalley
L 11/01/2013 - 14:00:57: -------- Mapchange to cs_backalley --------
L 11/01/2013 - 14:23:58: [mapchooser.amxx] Vote: Voting for the nextmap started
L 11/01/2013 - 14:24:13: [mapchooser.amxx] Vote: Voting for the nextmap finished. The nextmap will be cs_militia
L 11/01/2013 - 14:26:07: -------- Mapchange to cs_militia --------
L 11/01/2013 - 14:49:08: [mapchooser.amxx] Vote: Voting for the nextmap started
L 11/01/2013 - 14:49:23: [mapchooser.amxx] Vote: Voting for the nextmap finished. The nextmap will be de_train
L 11/01/2013 - 14:51:17: -------- Mapchange to de_train --------
L 11/01/2013 - 15:14:17: [mapchooser.amxx] Vote: Voting for the nextmap started
L 11/01/2013 - 15:14:32: [mapchooser.amxx] Vote: Voting for the nextmap finished. The nextmap will be de_airstrip
L 11/01/2013 - 15:16:26: -------- Mapchange to de_airstrip --------
L 11/01/2013 - 15:39:27: [mapchooser.amxx] Vote: Voting for the nextmap started
L 11/01/2013 - 15:39:42: [mapchooser.amxx] Vote: Voting for the nextmap finished. The nextmap will be cs_havana
L 11/01/2013 - 15:41:36: -------- Mapchange to cs_havana --------
L 11/01/2013 - 16:04:36: [mapchooser.amxx] Vote: Voting for the nextmap started
L 11/01/2013 - 16:04:51: [mapchooser.amxx] Vote: Voting for the nextmap finished. The nextmap will be de_chateau
L 11/01/2013 - 16:06:46: -------- Mapchange to de_chateau --------
L 11/01/2013 - 16:29:46: [mapchooser.amxx] Vote: Voting for the nextmap started
L 11/01/2013 - 16:30:01: [mapchooser.amxx] Vote: Voting for the nextmap finished. The nextmap will be de_aztec
L 11/01/2013 - 16:31:55: -------- Mapchange to de_aztec --------
L 11/01/2013 - 16:54:55: [mapchooser.amxx] Vote: Voting for the nextmap started
L 11/01/2013 - 16:55:10: [mapchooser.amxx] Vote: Voting for the nextmap finished. The nextmap will be as_oilrig
L 11/01/2013 - 16:57:04: -------- Mapchange to as_oilrig --------
L 11/01/2013 - 17:20:05: [mapchooser.amxx] Vote: Voting for the nextmap started
L 11/01/2013 - 17:20:20: [mapchooser.amxx] Vote: Voting for the nextmap finished. The nextmap will be cs_siege
L 11/01/2013 - 17:22:14: -------- Mapchange to cs_siege --------
L 11/01/2013 - 17:45:14: [mapchooser.amxx] Vote: Voting for the nextmap started
L 11/01/2013 - 17:45:29: [mapchooser.amxx] Vote: Voting for the nextmap finished. The nextmap will be de_cbble
L 11/01/2013 - 17:47:23: -------- Mapchange to de_cbble --------
L 11/01/2013 - 18:10:24: [mapchooser.amxx] Vote: Voting for the nextmap started
L 11/01/2013 - 18:10:39: [mapchooser.amxx] Vote: Voting for the nextmap finished. The nextmap will be de_dust
L 11/01/2013 - 18:12:34: -------- Mapchange to de_dust --------
L 11/01/2013 - 18:35:35: [mapchooser.amxx] Vote: Voting for the nextmap started
L 11/01/2013 - 18:35:50: [mapchooser.amxx] Vote: Voting for the nextmap finished. The nextmap will be cs_747
L 11/01/2013 - 18:37:45: -------- Mapchange to cs_747 --------
L 11/01/2013 - 19:00:45: [mapchooser.amxx] Vote: Voting for the nextmap started
L 11/01/2013 - 19:01:00: [mapchooser.amxx] Vote: Voting for the nextmap finished. The nextmap will be de_prodigy
L 11/01/2013 - 19:02:55: -------- Mapchange to de_prodigy --------
L 11/01/2013 - 19:25:57: [mapchooser.amxx] Vote: Voting for the nextmap started
L 11/01/2013 - 19:26:12: [mapchooser.amxx] Vote: Voting for the nextmap finished. The nextmap will be cs_assault
L 11/01/2013 - 19:28:06: -------- Mapchange to cs_assault --------
L 11/01/2013 - 19:51:07: [mapchooser.amxx] Vote: Voting for the nextmap started
L 11/01/2013 - 19:51:22: [mapchooser.amxx] Vote: Voting for the nextmap finished. The nextmap will be cs_office
L 11/01/2013 - 19:53:17: -------- Mapchange to cs_office --------
L 11/01/2013 - 20:16:18: [mapchooser.amxx] Vote: Voting for the nextmap started
L 11/01/2013 - 20:16:33: [mapchooser.amxx] Vote: Voting for the nextmap finished. The nextmap will be cs_italy
L 11/01/2013 - 20:18:28: -------- Mapchange to cs_italy --------
L 11/01/2013 - 20:41:29: [mapchooser.amxx] Vote: Voting for the nextmap started
L 11/01/2013 - 20:41:44: [mapchooser.amxx] Vote: Voting for the nextmap finished. The nextmap will be cs_backalley
L 11/01/2013 - 20:43:39: -------- Mapchange to cs_backalley --------
L 11/01/2013 - 21:06:39: [mapchooser.amxx] Vote: Voting for the nextmap started
L 11/01/2013 - 21:06:54: [mapchooser.amxx] Vote: Voting for the nextmap finished. The nextmap will be cs_militia
L 11/01/2013 - 21:08:48: -------- Mapchange to cs_militia --------
L 11/01/2013 - 21:31:48: [mapchooser.amxx] Vote: Voting for the nextmap started
L 11/01/2013 - 21:32:03: [mapchooser.amxx] Vote: Voting for the nextmap finished. The nextmap will be de_train
L 11/01/2013 - 21:33:58: -------- Mapchange to de_train --------
L 11/01/2013 - 21:56:58: [mapchooser.amxx] Vote: Voting for the nextmap started
L 11/01/2013 - 21:57:13: [mapchooser.amxx] Vote: Voting for the nextmap finished. The nextmap will be de_airstrip
L 11/01/2013 - 21:59:07: -------- Mapchange to de_airstrip --------
L 11/01/2013 - 22:22:07: [mapchooser.amxx] Vote: Voting for the nextmap started
L 11/01/2013 - 22:22:22: [mapchooser.amxx] Vote: Voting for the nextmap finished. The nextmap will be cs_havana
L 11/01/2013 - 22:24:17: -------- Mapchange to cs_havana --------
L 11/01/2013 - 22:47:17: [mapchooser.amxx] Vote: Voting for the nextmap started
L 11/01/2013 - 22:47:32: [mapchooser.amxx] Vote: Voting for the nextmap finished. The nextmap will be de_chateau
L 11/01/2013 - 22:49:27: -------- Mapchange to de_chateau --------
L 11/01/2013 - 23:12:28: [mapchooser.amxx] Vote: Voting for the nextmap started
L 11/01/2013 - 23:12:43: [mapchooser.amxx] Vote: Voting for the nextmap finished. The nextmap will be de_aztec
L 11/01/2013 - 23:14:37: -------- Mapchange to de_aztec --------
L 11/01/2013 - 23:37:37: [mapchooser.amxx] Vote: Voting for the nextmap started
L 11/01/2013 - 23:37:52: [mapchooser.amxx] Vote: Voting for the nextmap finished. The nextmap will be as_oilrig
L 11/01/2013 - 23:39:49: -------- Mapchange to as_oilrig --------
