L 10/27/2013 - 11:00:06: -------- Mapchange to de_dust2 --------
L 10/27/2013 - 11:01:37: -------- Mapchange to de_dust2 --------
L 10/27/2013 - 11:02:14: -------- Mapchange to de_dust --------
L 10/27/2013 - 11:04:00: -------- Mapchange to de_dust --------
L 10/27/2013 - 11:20:16: -------- Mapchange to de_dust --------
L 10/27/2013 - 11:23:23: -------- Mapchange to de_dust --------
L 10/27/2013 - 11:28:34: -------- Mapchange to de_dust --------
L 10/27/2013 - 11:51:35: [mapchooser.amxx] Vote: Voting for the nextmap started
L 10/27/2013 - 11:51:50: [mapchooser.amxx] Vote: Voting for the nextmap finished. The nextmap will be de_airstrip
L 10/27/2013 - 11:53:45: -------- Mapchange to de_airstrip --------
L 10/27/2013 - 19:40:56: -------- Mapchange to de_dust --------
L 10/27/2013 - 20:03:58: [mapchooser.amxx] Vote: Voting for the nextmap started
L 10/27/2013 - 20:04:13: [mapchooser.amxx] Vote: Voting for the nextmap finished. The nextmap will be de_airstrip
L 10/27/2013 - 20:06:07: -------- Mapchange to de_airstrip --------
L 10/27/2013 - 20:29:07: [mapchooser.amxx] Vote: Voting for the nextmap started
L 10/27/2013 - 20:29:22: [mapchooser.amxx] Vote: Voting for the nextmap finished. The nextmap will be cs_havana
L 10/27/2013 - 20:31:18: -------- Mapchange to cs_havana --------
L 10/27/2013 - 20:54:18: [mapchooser.amxx] Vote: Voting for the nextmap started
L 10/27/2013 - 20:54:33: [mapchooser.amxx] Vote: Voting for the nextmap finished. The nextmap will be de_chateau
L 10/27/2013 - 20:56:27: -------- Mapchange to de_chateau --------
L 10/27/2013 - 21:19:27: [mapchooser.amxx] Vote: Voting for the nextmap started
L 10/27/2013 - 21:19:42: [mapchooser.amxx] Vote: Voting for the nextmap finished. The nextmap will be de_aztec
L 10/27/2013 - 21:21:36: -------- Mapchange to de_aztec --------
L 10/27/2013 - 21:44:36: [mapchooser.amxx] Vote: Voting for the nextmap started
L 10/27/2013 - 21:44:51: [mapchooser.amxx] Vote: Voting for the nextmap finished. The nextmap will be as_oilrig
L 10/27/2013 - 21:46:46: -------- Mapchange to as_oilrig --------
L 10/27/2013 - 22:09:46: [mapchooser.amxx] Vote: Voting for the nextmap started
L 10/27/2013 - 22:10:01: [mapchooser.amxx] Vote: Voting for the nextmap finished. The nextmap will be cs_siege
L 10/27/2013 - 22:11:56: -------- Mapchange to cs_siege --------
L 10/27/2013 - 22:34:58: [mapchooser.amxx] Vote: Voting for the nextmap started
L 10/27/2013 - 22:35:13: [mapchooser.amxx] Vote: Voting for the nextmap finished. The nextmap will be de_cbble
L 10/27/2013 - 22:37:07: -------- Mapchange to de_cbble --------
L 10/27/2013 - 23:00:08: [mapchooser.amxx] Vote: Voting for the nextmap started
L 10/27/2013 - 23:00:23: [mapchooser.amxx] Vote: Voting for the nextmap finished. The nextmap will be de_dust
L 10/27/2013 - 23:02:19: -------- Mapchange to de_dust --------
L 10/27/2013 - 23:25:19: [mapchooser.amxx] Vote: Voting for the nextmap started
L 10/27/2013 - 23:25:34: [mapchooser.amxx] Vote: Voting for the nextmap finished. The nextmap will be cs_747
L 10/27/2013 - 23:27:29: -------- Mapchange to cs_747 --------
L 10/27/2013 - 23:50:29: [mapchooser.amxx] Vote: Voting for the nextmap started
L 10/27/2013 - 23:50:45: [mapchooser.amxx] Vote: Voting for the nextmap finished. The nextmap will be de_prodigy
L 10/27/2013 - 23:52:39: -------- Mapchange to de_prodigy --------
