L 11/02/2013 - 00:15:29: Start of error session.
L 11/02/2013 - 00:15:29: Info (map "cs_backalley") (file "addons/amxmodx/logs/error_20131102.log")
L 11/02/2013 - 00:15:29: [AMXX] Plugin file open error (plugin "amxbans_freeze.amxx")
L 11/02/2013 - 00:15:29: [AMXX] Plugin file open error (plugin "amxbans_flagged.amxx")
L 11/02/2013 - 00:15:29: [AMXX] Plugin file open error (plugin "amxbans_ssban.amxx")
L 11/02/2013 - 00:40:42: Start of error session.
L 11/02/2013 - 00:40:42: Info (map "cs_militia") (file "addons/amxmodx/logs/error_20131102.log")
L 11/02/2013 - 00:40:42: [AMXX] Plugin file open error (plugin "amxbans_freeze.amxx")
L 11/02/2013 - 00:40:42: [AMXX] Plugin file open error (plugin "amxbans_flagged.amxx")
L 11/02/2013 - 00:40:42: [AMXX] Plugin file open error (plugin "amxbans_ssban.amxx")
L 11/02/2013 - 01:05:53: Start of error session.
L 11/02/2013 - 01:05:53: Info (map "de_train") (file "addons/amxmodx/logs/error_20131102.log")
L 11/02/2013 - 01:05:53: [AMXX] Plugin file open error (plugin "amxbans_freeze.amxx")
L 11/02/2013 - 01:05:53: [AMXX] Plugin file open error (plugin "amxbans_flagged.amxx")
L 11/02/2013 - 01:05:53: [AMXX] Plugin file open error (plugin "amxbans_ssban.amxx")
L 11/02/2013 - 01:31:05: Start of error session.
L 11/02/2013 - 01:31:05: Info (map "de_airstrip") (file "addons/amxmodx/logs/error_20131102.log")
L 11/02/2013 - 01:31:05: [AMXX] Plugin file open error (plugin "amxbans_freeze.amxx")
L 11/02/2013 - 01:31:05: [AMXX] Plugin file open error (plugin "amxbans_flagged.amxx")
L 11/02/2013 - 01:31:05: [AMXX] Plugin file open error (plugin "amxbans_ssban.amxx")
L 11/02/2013 - 01:56:30: Start of error session.
L 11/02/2013 - 01:56:30: Info (map "cs_havana") (file "addons/amxmodx/logs/error_20131102.log")
L 11/02/2013 - 01:56:30: [AMXX] Plugin file open error (plugin "amxbans_freeze.amxx")
L 11/02/2013 - 01:56:30: [AMXX] Plugin file open error (plugin "amxbans_flagged.amxx")
L 11/02/2013 - 01:56:30: [AMXX] Plugin file open error (plugin "amxbans_ssban.amxx")
L 11/02/2013 - 02:21:45: Start of error session.
L 11/02/2013 - 02:21:45: Info (map "de_chateau") (file "addons/amxmodx/logs/error_20131102.log")
L 11/02/2013 - 02:21:45: [AMXX] Plugin file open error (plugin "amxbans_freeze.amxx")
L 11/02/2013 - 02:21:45: [AMXX] Plugin file open error (plugin "amxbans_flagged.amxx")
L 11/02/2013 - 02:21:45: [AMXX] Plugin file open error (plugin "amxbans_ssban.amxx")
L 11/02/2013 - 02:46:58: Start of error session.
L 11/02/2013 - 02:46:58: Info (map "de_aztec") (file "addons/amxmodx/logs/error_20131102.log")
L 11/02/2013 - 02:46:58: [AMXX] Plugin file open error (plugin "amxbans_freeze.amxx")
L 11/02/2013 - 02:46:58: [AMXX] Plugin file open error (plugin "amxbans_flagged.amxx")
L 11/02/2013 - 02:46:58: [AMXX] Plugin file open error (plugin "amxbans_ssban.amxx")
L 11/02/2013 - 03:12:08: Start of error session.
L 11/02/2013 - 03:12:08: Info (map "as_oilrig") (file "addons/amxmodx/logs/error_20131102.log")
L 11/02/2013 - 03:12:08: [AMXX] Plugin file open error (plugin "amxbans_freeze.amxx")
L 11/02/2013 - 03:12:08: [AMXX] Plugin file open error (plugin "amxbans_flagged.amxx")
L 11/02/2013 - 03:12:08: [AMXX] Plugin file open error (plugin "amxbans_ssban.amxx")
L 11/02/2013 - 03:37:19: Start of error session.
L 11/02/2013 - 03:37:19: Info (map "cs_siege") (file "addons/amxmodx/logs/error_20131102.log")
L 11/02/2013 - 03:37:19: [AMXX] Plugin file open error (plugin "amxbans_freeze.amxx")
L 11/02/2013 - 03:37:19: [AMXX] Plugin file open error (plugin "amxbans_flagged.amxx")
L 11/02/2013 - 03:37:19: [AMXX] Plugin file open error (plugin "amxbans_ssban.amxx")
L 11/02/2013 - 04:02:31: Start of error session.
L 11/02/2013 - 04:02:31: Info (map "de_cbble") (file "addons/amxmodx/logs/error_20131102.log")
L 11/02/2013 - 04:02:31: [AMXX] Plugin file open error (plugin "amxbans_freeze.amxx")
L 11/02/2013 - 04:02:31: [AMXX] Plugin file open error (plugin "amxbans_flagged.amxx")
L 11/02/2013 - 04:02:31: [AMXX] Plugin file open error (plugin "amxbans_ssban.amxx")
L 11/02/2013 - 04:27:42: Start of error session.
L 11/02/2013 - 04:27:42: Info (map "de_dust") (file "addons/amxmodx/logs/error_20131102.log")
L 11/02/2013 - 04:27:42: [AMXX] Plugin file open error (plugin "amxbans_freeze.amxx")
L 11/02/2013 - 04:27:42: [AMXX] Plugin file open error (plugin "amxbans_flagged.amxx")
L 11/02/2013 - 04:27:42: [AMXX] Plugin file open error (plugin "amxbans_ssban.amxx")
L 11/02/2013 - 04:52:53: Start of error session.
L 11/02/2013 - 04:52:53: Info (map "cs_747") (file "addons/amxmodx/logs/error_20131102.log")
L 11/02/2013 - 04:52:53: [AMXX] Plugin file open error (plugin "amxbans_freeze.amxx")
L 11/02/2013 - 04:52:53: [AMXX] Plugin file open error (plugin "amxbans_flagged.amxx")
L 11/02/2013 - 04:52:53: [AMXX] Plugin file open error (plugin "amxbans_ssban.amxx")
L 11/02/2013 - 05:18:04: Start of error session.
L 11/02/2013 - 05:18:04: Info (map "de_prodigy") (file "addons/amxmodx/logs/error_20131102.log")
L 11/02/2013 - 05:18:04: [AMXX] Plugin file open error (plugin "amxbans_freeze.amxx")
L 11/02/2013 - 05:18:04: [AMXX] Plugin file open error (plugin "amxbans_flagged.amxx")
L 11/02/2013 - 05:18:04: [AMXX] Plugin file open error (plugin "amxbans_ssban.amxx")
L 11/02/2013 - 05:43:15: Start of error session.
L 11/02/2013 - 05:43:15: Info (map "cs_assault") (file "addons/amxmodx/logs/error_20131102.log")
L 11/02/2013 - 05:43:15: [AMXX] Plugin file open error (plugin "amxbans_freeze.amxx")
L 11/02/2013 - 05:43:15: [AMXX] Plugin file open error (plugin "amxbans_flagged.amxx")
L 11/02/2013 - 05:43:15: [AMXX] Plugin file open error (plugin "amxbans_ssban.amxx")
L 11/02/2013 - 06:08:25: Start of error session.
L 11/02/2013 - 06:08:25: Info (map "cs_office") (file "addons/amxmodx/logs/error_20131102.log")
L 11/02/2013 - 06:08:25: [AMXX] Plugin file open error (plugin "amxbans_freeze.amxx")
L 11/02/2013 - 06:08:25: [AMXX] Plugin file open error (plugin "amxbans_flagged.amxx")
L 11/02/2013 - 06:08:25: [AMXX] Plugin file open error (plugin "amxbans_ssban.amxx")
L 11/02/2013 - 06:33:35: Start of error session.
L 11/02/2013 - 06:33:35: Info (map "cs_italy") (file "addons/amxmodx/logs/error_20131102.log")
L 11/02/2013 - 06:33:35: [AMXX] Plugin file open error (plugin "amxbans_freeze.amxx")
L 11/02/2013 - 06:33:35: [AMXX] Plugin file open error (plugin "amxbans_flagged.amxx")
L 11/02/2013 - 06:33:35: [AMXX] Plugin file open error (plugin "amxbans_ssban.amxx")
L 11/02/2013 - 06:58:46: Start of error session.
L 11/02/2013 - 06:58:46: Info (map "cs_backalley") (file "addons/amxmodx/logs/error_20131102.log")
L 11/02/2013 - 06:58:46: [AMXX] Plugin file open error (plugin "amxbans_freeze.amxx")
L 11/02/2013 - 06:58:46: [AMXX] Plugin file open error (plugin "amxbans_flagged.amxx")
L 11/02/2013 - 06:58:46: [AMXX] Plugin file open error (plugin "amxbans_ssban.amxx")
L 11/02/2013 - 07:23:57: Start of error session.
L 11/02/2013 - 07:23:57: Info (map "cs_militia") (file "addons/amxmodx/logs/error_20131102.log")
L 11/02/2013 - 07:23:57: [AMXX] Plugin file open error (plugin "amxbans_freeze.amxx")
L 11/02/2013 - 07:23:57: [AMXX] Plugin file open error (plugin "amxbans_flagged.amxx")
L 11/02/2013 - 07:23:57: [AMXX] Plugin file open error (plugin "amxbans_ssban.amxx")
L 11/02/2013 - 07:49:10: Start of error session.
L 11/02/2013 - 07:49:10: Info (map "de_train") (file "addons/amxmodx/logs/error_20131102.log")
L 11/02/2013 - 07:49:10: [AMXX] Plugin file open error (plugin "amxbans_freeze.amxx")
L 11/02/2013 - 07:49:10: [AMXX] Plugin file open error (plugin "amxbans_flagged.amxx")
L 11/02/2013 - 07:49:10: [AMXX] Plugin file open error (plugin "amxbans_ssban.amxx")
L 11/02/2013 - 08:14:22: Start of error session.
L 11/02/2013 - 08:14:22: Info (map "de_airstrip") (file "addons/amxmodx/logs/error_20131102.log")
L 11/02/2013 - 08:14:22: [AMXX] Plugin file open error (plugin "amxbans_freeze.amxx")
L 11/02/2013 - 08:14:22: [AMXX] Plugin file open error (plugin "amxbans_flagged.amxx")
L 11/02/2013 - 08:14:22: [AMXX] Plugin file open error (plugin "amxbans_ssban.amxx")
L 11/02/2013 - 08:39:38: Start of error session.
L 11/02/2013 - 08:39:38: Info (map "cs_havana") (file "addons/amxmodx/logs/error_20131102.log")
L 11/02/2013 - 08:39:38: [AMXX] Plugin file open error (plugin "amxbans_freeze.amxx")
L 11/02/2013 - 08:39:38: [AMXX] Plugin file open error (plugin "amxbans_flagged.amxx")
L 11/02/2013 - 08:39:38: [AMXX] Plugin file open error (plugin "amxbans_ssban.amxx")
L 11/02/2013 - 09:04:52: Start of error session.
L 11/02/2013 - 09:04:52: Info (map "de_chateau") (file "addons/amxmodx/logs/error_20131102.log")
L 11/02/2013 - 09:04:52: [AMXX] Plugin file open error (plugin "amxbans_freeze.amxx")
L 11/02/2013 - 09:04:52: [AMXX] Plugin file open error (plugin "amxbans_flagged.amxx")
L 11/02/2013 - 09:04:52: [AMXX] Plugin file open error (plugin "amxbans_ssban.amxx")
L 11/02/2013 - 09:30:14: Start of error session.
L 11/02/2013 - 09:30:14: Info (map "de_aztec") (file "addons/amxmodx/logs/error_20131102.log")
L 11/02/2013 - 09:30:14: [AMXX] Plugin file open error (plugin "amxbans_freeze.amxx")
L 11/02/2013 - 09:30:14: [AMXX] Plugin file open error (plugin "amxbans_flagged.amxx")
L 11/02/2013 - 09:30:14: [AMXX] Plugin file open error (plugin "amxbans_ssban.amxx")
L 11/02/2013 - 09:55:29: Start of error session.
L 11/02/2013 - 09:55:29: Info (map "as_oilrig") (file "addons/amxmodx/logs/error_20131102.log")
L 11/02/2013 - 09:55:29: [AMXX] Plugin file open error (plugin "amxbans_freeze.amxx")
L 11/02/2013 - 09:55:29: [AMXX] Plugin file open error (plugin "amxbans_flagged.amxx")
L 11/02/2013 - 09:55:29: [AMXX] Plugin file open error (plugin "amxbans_ssban.amxx")
L 11/02/2013 - 10:20:40: Start of error session.
L 11/02/2013 - 10:20:40: Info (map "cs_siege") (file "addons/amxmodx/logs/error_20131102.log")
L 11/02/2013 - 10:20:40: [AMXX] Plugin file open error (plugin "amxbans_freeze.amxx")
L 11/02/2013 - 10:20:40: [AMXX] Plugin file open error (plugin "amxbans_flagged.amxx")
L 11/02/2013 - 10:20:40: [AMXX] Plugin file open error (plugin "amxbans_ssban.amxx")
L 11/02/2013 - 10:45:51: Start of error session.
L 11/02/2013 - 10:45:51: Info (map "de_cbble") (file "addons/amxmodx/logs/error_20131102.log")
L 11/02/2013 - 10:45:51: [AMXX] Plugin file open error (plugin "amxbans_freeze.amxx")
L 11/02/2013 - 10:45:51: [AMXX] Plugin file open error (plugin "amxbans_flagged.amxx")
L 11/02/2013 - 10:45:51: [AMXX] Plugin file open error (plugin "amxbans_ssban.amxx")
L 11/02/2013 - 11:11:01: Start of error session.
L 11/02/2013 - 11:11:01: Info (map "de_dust") (file "addons/amxmodx/logs/error_20131102.log")
L 11/02/2013 - 11:11:01: [AMXX] Plugin file open error (plugin "amxbans_freeze.amxx")
L 11/02/2013 - 11:11:01: [AMXX] Plugin file open error (plugin "amxbans_flagged.amxx")
L 11/02/2013 - 11:11:01: [AMXX] Plugin file open error (plugin "amxbans_ssban.amxx")
L 11/02/2013 - 11:36:12: Start of error session.
L 11/02/2013 - 11:36:12: Info (map "cs_747") (file "addons/amxmodx/logs/error_20131102.log")
L 11/02/2013 - 11:36:12: [AMXX] Plugin file open error (plugin "amxbans_freeze.amxx")
L 11/02/2013 - 11:36:12: [AMXX] Plugin file open error (plugin "amxbans_flagged.amxx")
L 11/02/2013 - 11:36:12: [AMXX] Plugin file open error (plugin "amxbans_ssban.amxx")
L 11/02/2013 - 12:06:27: Start of error session.
L 11/02/2013 - 12:06:27: Info (map "de_dust2") (file "addons/amxmodx/logs/error_20131102.log")
L 11/02/2013 - 12:06:27: [AMXX] Plugin file open error (plugin "amxbans_freeze.amxx")
L 11/02/2013 - 12:06:27: [AMXX] Plugin file open error (plugin "amxbans_flagged.amxx")
L 11/02/2013 - 12:06:27: [AMXX] Plugin file open error (plugin "amxbans_ssban.amxx")
L 11/02/2013 - 12:35:30: Start of error session.
L 11/02/2013 - 12:35:30: Info (map "de_airstrip") (file "addons/amxmodx/logs/error_20131102.log")
L 11/02/2013 - 12:35:30: [AMXX] Plugin file open error (plugin "amxbans_freeze.amxx")
L 11/02/2013 - 12:35:30: [AMXX] Plugin file open error (plugin "amxbans_flagged.amxx")
L 11/02/2013 - 12:35:30: [AMXX] Plugin file open error (plugin "amxbans_ssban.amxx")
L 11/02/2013 - 12:43:47: Start of error session.
L 11/02/2013 - 12:43:47: Info (map "de_dust2") (file "addons/amxmodx/logs/error_20131102.log")
L 11/02/2013 - 12:43:47: [AMXX] Plugin file open error (plugin "amxbans_freeze.amxx")
L 11/02/2013 - 12:43:47: [AMXX] Plugin file open error (plugin "amxbans_flagged.amxx")
L 11/02/2013 - 12:43:47: [AMXX] Plugin file open error (plugin "amxbans_ssban.amxx")
L 11/02/2013 - 12:44:46: Start of error session.
L 11/02/2013 - 12:44:46: Info (map "de_airstrip") (file "addons/amxmodx/logs/error_20131102.log")
L 11/02/2013 - 12:44:46: [AMXX] Plugin file open error (plugin "amxbans_freeze.amxx")
L 11/02/2013 - 12:44:46: [AMXX] Plugin file open error (plugin "amxbans_flagged.amxx")
L 11/02/2013 - 12:44:46: [AMXX] Plugin file open error (plugin "amxbans_ssban.amxx")
L 11/02/2013 - 12:44:58: Start of error session.
L 11/02/2013 - 12:44:58: Info (map "cs_havana") (file "addons/amxmodx/logs/error_20131102.log")
L 11/02/2013 - 12:44:58: [AMXX] Plugin file open error (plugin "amxbans_freeze.amxx")
L 11/02/2013 - 12:44:58: [AMXX] Plugin file open error (plugin "amxbans_flagged.amxx")
L 11/02/2013 - 12:44:58: [AMXX] Plugin file open error (plugin "amxbans_ssban.amxx")
L 11/02/2013 - 12:45:52: Start of error session.
L 11/02/2013 - 12:45:52: Info (map "de_chateau") (file "addons/amxmodx/logs/error_20131102.log")
L 11/02/2013 - 12:45:52: [AMXX] Plugin file open error (plugin "amxbans_freeze.amxx")
L 11/02/2013 - 12:45:52: [AMXX] Plugin file open error (plugin "amxbans_flagged.amxx")
L 11/02/2013 - 12:45:52: [AMXX] Plugin file open error (plugin "amxbans_ssban.amxx")
L 11/02/2013 - 12:46:04: Start of error session.
L 11/02/2013 - 12:46:04: Info (map "de_aztec") (file "addons/amxmodx/logs/error_20131102.log")
L 11/02/2013 - 12:46:04: [AMXX] Plugin file open error (plugin "amxbans_freeze.amxx")
L 11/02/2013 - 12:46:04: [AMXX] Plugin file open error (plugin "amxbans_flagged.amxx")
L 11/02/2013 - 12:46:04: [AMXX] Plugin file open error (plugin "amxbans_ssban.amxx")
L 11/02/2013 - 12:46:59: Start of error session.
L 11/02/2013 - 12:46:59: Info (map "as_oilrig") (file "addons/amxmodx/logs/error_20131102.log")
L 11/02/2013 - 12:46:59: [AMXX] Plugin file open error (plugin "amxbans_freeze.amxx")
L 11/02/2013 - 12:46:59: [AMXX] Plugin file open error (plugin "amxbans_flagged.amxx")
L 11/02/2013 - 12:46:59: [AMXX] Plugin file open error (plugin "amxbans_ssban.amxx")
L 11/02/2013 - 12:47:09: Start of error session.
L 11/02/2013 - 12:47:09: Info (map "cs_siege") (file "addons/amxmodx/logs/error_20131102.log")
L 11/02/2013 - 12:47:09: [AMXX] Plugin file open error (plugin "amxbans_freeze.amxx")
L 11/02/2013 - 12:47:09: [AMXX] Plugin file open error (plugin "amxbans_flagged.amxx")
L 11/02/2013 - 12:47:09: [AMXX] Plugin file open error (plugin "amxbans_ssban.amxx")
L 11/02/2013 - 12:48:03: Start of error session.
L 11/02/2013 - 12:48:03: Info (map "de_cbble") (file "addons/amxmodx/logs/error_20131102.log")
L 11/02/2013 - 12:48:03: [AMXX] Plugin file open error (plugin "amxbans_freeze.amxx")
L 11/02/2013 - 12:48:03: [AMXX] Plugin file open error (plugin "amxbans_flagged.amxx")
L 11/02/2013 - 12:48:03: [AMXX] Plugin file open error (plugin "amxbans_ssban.amxx")
L 11/02/2013 - 12:48:14: Start of error session.
L 11/02/2013 - 12:48:14: Info (map "de_dust") (file "addons/amxmodx/logs/error_20131102.log")
L 11/02/2013 - 12:48:14: [AMXX] Plugin file open error (plugin "amxbans_freeze.amxx")
L 11/02/2013 - 12:48:14: [AMXX] Plugin file open error (plugin "amxbans_flagged.amxx")
L 11/02/2013 - 12:48:14: [AMXX] Plugin file open error (plugin "amxbans_ssban.amxx")
L 11/02/2013 - 12:49:09: Start of error session.
L 11/02/2013 - 12:49:09: Info (map "cs_747") (file "addons/amxmodx/logs/error_20131102.log")
L 11/02/2013 - 12:49:09: [AMXX] Plugin file open error (plugin "amxbans_freeze.amxx")
L 11/02/2013 - 12:49:09: [AMXX] Plugin file open error (plugin "amxbans_flagged.amxx")
L 11/02/2013 - 12:49:09: [AMXX] Plugin file open error (plugin "amxbans_ssban.amxx")
L 11/02/2013 - 12:49:25: Start of error session.
L 11/02/2013 - 12:49:25: Info (map "de_prodigy") (file "addons/amxmodx/logs/error_20131102.log")
L 11/02/2013 - 12:49:25: [AMXX] Plugin file open error (plugin "amxbans_freeze.amxx")
L 11/02/2013 - 12:49:25: [AMXX] Plugin file open error (plugin "amxbans_flagged.amxx")
L 11/02/2013 - 12:49:25: [AMXX] Plugin file open error (plugin "amxbans_ssban.amxx")
L 11/02/2013 - 12:50:21: Start of error session.
L 11/02/2013 - 12:50:21: Info (map "cs_assault") (file "addons/amxmodx/logs/error_20131102.log")
L 11/02/2013 - 12:50:21: [AMXX] Plugin file open error (plugin "amxbans_freeze.amxx")
L 11/02/2013 - 12:50:21: [AMXX] Plugin file open error (plugin "amxbans_flagged.amxx")
L 11/02/2013 - 12:50:21: [AMXX] Plugin file open error (plugin "amxbans_ssban.amxx")
L 11/02/2013 - 12:50:33: Start of error session.
L 11/02/2013 - 12:50:33: Info (map "cs_office") (file "addons/amxmodx/logs/error_20131102.log")
L 11/02/2013 - 12:50:33: [AMXX] Plugin file open error (plugin "amxbans_freeze.amxx")
L 11/02/2013 - 12:50:33: [AMXX] Plugin file open error (plugin "amxbans_flagged.amxx")
L 11/02/2013 - 12:50:33: [AMXX] Plugin file open error (plugin "amxbans_ssban.amxx")
L 11/02/2013 - 12:51:17: Start of error session.
L 11/02/2013 - 12:51:17: Info (map "de_dust2") (file "addons/amxmodx/logs/error_20131102.log")
L 11/02/2013 - 12:51:17: [AMXX] Plugin file open error (plugin "amxbans_freeze.amxx")
L 11/02/2013 - 12:51:17: [AMXX] Plugin file open error (plugin "amxbans_flagged.amxx")
L 11/02/2013 - 12:51:17: [AMXX] Plugin file open error (plugin "amxbans_ssban.amxx")
L 11/02/2013 - 12:52:14: Start of error session.
L 11/02/2013 - 12:52:14: Info (map "de_airstrip") (file "addons/amxmodx/logs/error_20131102.log")
L 11/02/2013 - 12:52:14: [AMXX] Plugin file open error (plugin "amxbans_freeze.amxx")
L 11/02/2013 - 12:52:14: [AMXX] Plugin file open error (plugin "amxbans_flagged.amxx")
L 11/02/2013 - 12:52:14: [AMXX] Plugin file open error (plugin "amxbans_ssban.amxx")
L 11/02/2013 - 12:52:25: Start of error session.
L 11/02/2013 - 12:52:25: Info (map "cs_havana") (file "addons/amxmodx/logs/error_20131102.log")
L 11/02/2013 - 12:52:25: [AMXX] Plugin file open error (plugin "amxbans_freeze.amxx")
L 11/02/2013 - 12:52:25: [AMXX] Plugin file open error (plugin "amxbans_flagged.amxx")
L 11/02/2013 - 12:52:25: [AMXX] Plugin file open error (plugin "amxbans_ssban.amxx")
L 11/02/2013 - 12:53:10: Start of error session.
L 11/02/2013 - 12:53:10: Info (map "de_chateau") (file "addons/amxmodx/logs/error_20131102.log")
L 11/02/2013 - 12:53:10: [AMXX] Plugin file open error (plugin "amxbans_freeze.amxx")
L 11/02/2013 - 12:53:10: [AMXX] Plugin file open error (plugin "amxbans_flagged.amxx")
L 11/02/2013 - 12:53:10: [AMXX] Plugin file open error (plugin "amxbans_ssban.amxx")
L 11/02/2013 - 12:53:21: Start of error session.
L 11/02/2013 - 12:53:21: Info (map "de_aztec") (file "addons/amxmodx/logs/error_20131102.log")
L 11/02/2013 - 12:53:21: [AMXX] Plugin file open error (plugin "amxbans_freeze.amxx")
L 11/02/2013 - 12:53:21: [AMXX] Plugin file open error (plugin "amxbans_flagged.amxx")
L 11/02/2013 - 12:53:21: [AMXX] Plugin file open error (plugin "amxbans_ssban.amxx")
L 11/02/2013 - 12:54:14: Start of error session.
L 11/02/2013 - 12:54:14: Info (map "as_oilrig") (file "addons/amxmodx/logs/error_20131102.log")
L 11/02/2013 - 12:54:14: [AMXX] Plugin file open error (plugin "amxbans_freeze.amxx")
L 11/02/2013 - 12:54:14: [AMXX] Plugin file open error (plugin "amxbans_flagged.amxx")
L 11/02/2013 - 12:54:14: [AMXX] Plugin file open error (plugin "amxbans_ssban.amxx")
L 11/02/2013 - 12:54:24: Start of error session.
L 11/02/2013 - 12:54:24: Info (map "cs_siege") (file "addons/amxmodx/logs/error_20131102.log")
L 11/02/2013 - 12:54:24: [AMXX] Plugin file open error (plugin "amxbans_freeze.amxx")
L 11/02/2013 - 12:54:24: [AMXX] Plugin file open error (plugin "amxbans_flagged.amxx")
L 11/02/2013 - 12:54:24: [AMXX] Plugin file open error (plugin "amxbans_ssban.amxx")
L 11/02/2013 - 12:55:17: Start of error session.
L 11/02/2013 - 12:55:17: Info (map "de_cbble") (file "addons/amxmodx/logs/error_20131102.log")
L 11/02/2013 - 12:55:17: [AMXX] Plugin file open error (plugin "amxbans_freeze.amxx")
L 11/02/2013 - 12:55:17: [AMXX] Plugin file open error (plugin "amxbans_flagged.amxx")
L 11/02/2013 - 12:55:17: [AMXX] Plugin file open error (plugin "amxbans_ssban.amxx")
L 11/02/2013 - 12:55:27: Start of error session.
L 11/02/2013 - 12:55:27: Info (map "de_dust") (file "addons/amxmodx/logs/error_20131102.log")
L 11/02/2013 - 12:55:27: [AMXX] Plugin file open error (plugin "amxbans_freeze.amxx")
L 11/02/2013 - 12:55:27: [AMXX] Plugin file open error (plugin "amxbans_flagged.amxx")
L 11/02/2013 - 12:55:27: [AMXX] Plugin file open error (plugin "amxbans_ssban.amxx")
L 11/02/2013 - 12:56:19: Start of error session.
L 11/02/2013 - 12:56:19: Info (map "cs_747") (file "addons/amxmodx/logs/error_20131102.log")
L 11/02/2013 - 12:56:19: [AMXX] Plugin file open error (plugin "amxbans_freeze.amxx")
L 11/02/2013 - 12:56:19: [AMXX] Plugin file open error (plugin "amxbans_flagged.amxx")
L 11/02/2013 - 12:56:19: [AMXX] Plugin file open error (plugin "amxbans_ssban.amxx")
L 11/02/2013 - 12:56:30: Start of error session.
L 11/02/2013 - 12:56:30: Info (map "de_prodigy") (file "addons/amxmodx/logs/error_20131102.log")
L 11/02/2013 - 12:56:30: [AMXX] Plugin file open error (plugin "amxbans_freeze.amxx")
L 11/02/2013 - 12:56:30: [AMXX] Plugin file open error (plugin "amxbans_flagged.amxx")
L 11/02/2013 - 12:56:30: [AMXX] Plugin file open error (plugin "amxbans_ssban.amxx")
L 11/02/2013 - 12:57:21: Start of error session.
L 11/02/2013 - 12:57:21: Info (map "cs_assault") (file "addons/amxmodx/logs/error_20131102.log")
L 11/02/2013 - 12:57:21: [AMXX] Plugin file open error (plugin "amxbans_freeze.amxx")
L 11/02/2013 - 12:57:21: [AMXX] Plugin file open error (plugin "amxbans_flagged.amxx")
L 11/02/2013 - 12:57:21: [AMXX] Plugin file open error (plugin "amxbans_ssban.amxx")
L 11/02/2013 - 12:57:32: Start of error session.
L 11/02/2013 - 12:57:32: Info (map "cs_office") (file "addons/amxmodx/logs/error_20131102.log")
L 11/02/2013 - 12:57:32: [AMXX] Plugin file open error (plugin "amxbans_freeze.amxx")
L 11/02/2013 - 12:57:32: [AMXX] Plugin file open error (plugin "amxbans_flagged.amxx")
L 11/02/2013 - 12:57:32: [AMXX] Plugin file open error (plugin "amxbans_ssban.amxx")
L 11/02/2013 - 12:58:24: Start of error session.
L 11/02/2013 - 12:58:24: Info (map "cs_italy") (file "addons/amxmodx/logs/error_20131102.log")
L 11/02/2013 - 12:58:24: [AMXX] Plugin file open error (plugin "amxbans_freeze.amxx")
L 11/02/2013 - 12:58:24: [AMXX] Plugin file open error (plugin "amxbans_flagged.amxx")
L 11/02/2013 - 12:58:24: [AMXX] Plugin file open error (plugin "amxbans_ssban.amxx")
L 11/02/2013 - 12:58:36: Start of error session.
L 11/02/2013 - 12:58:36: Info (map "cs_backalley") (file "addons/amxmodx/logs/error_20131102.log")
L 11/02/2013 - 12:58:36: [AMXX] Plugin file open error (plugin "amxbans_freeze.amxx")
L 11/02/2013 - 12:58:36: [AMXX] Plugin file open error (plugin "amxbans_flagged.amxx")
L 11/02/2013 - 12:58:36: [AMXX] Plugin file open error (plugin "amxbans_ssban.amxx")
L 11/02/2013 - 12:59:29: Start of error session.
L 11/02/2013 - 12:59:29: Info (map "cs_militia") (file "addons/amxmodx/logs/error_20131102.log")
L 11/02/2013 - 12:59:29: [AMXX] Plugin file open error (plugin "amxbans_core.amxx")
L 11/02/2013 - 12:59:29: [AMXX] Plugin file open error (plugin "amxbans_main.amxx")
L 11/02/2013 - 12:59:29: [AMXX] Plugin file open error (plugin "amxbans_freeze.amxx")
L 11/02/2013 - 12:59:29: [AMXX] Plugin file open error (plugin "amxbans_flagged.amxx")
L 11/02/2013 - 12:59:29: [AMXX] Plugin file open error (plugin "amxbans_ssban.amxx")
L 11/02/2013 - 12:59:42: Start of error session.
L 11/02/2013 - 12:59:42: Info (map "de_train") (file "addons/amxmodx/logs/error_20131102.log")
L 11/02/2013 - 12:59:42: [AMXX] Plugin file open error (plugin "amxbans_core.amxx")
L 11/02/2013 - 12:59:42: [AMXX] Plugin file open error (plugin "amxbans_main.amxx")
L 11/02/2013 - 12:59:42: [AMXX] Plugin file open error (plugin "amxbans_freeze.amxx")
L 11/02/2013 - 12:59:42: [AMXX] Plugin file open error (plugin "amxbans_flagged.amxx")
L 11/02/2013 - 12:59:42: [AMXX] Plugin file open error (plugin "amxbans_ssban.amxx")
L 11/02/2013 - 13:00:36: Start of error session.
L 11/02/2013 - 13:00:36: Info (map "de_airstrip") (file "addons/amxmodx/logs/error_20131102.log")
L 11/02/2013 - 13:00:36: [AMXX] Plugin file open error (plugin "amxbans_core.amxx")
L 11/02/2013 - 13:00:36: [AMXX] Plugin file open error (plugin "amxbans_main.amxx")
L 11/02/2013 - 13:00:36: [AMXX] Plugin file open error (plugin "amxbans_freeze.amxx")
L 11/02/2013 - 13:00:36: [AMXX] Plugin file open error (plugin "amxbans_flagged.amxx")
L 11/02/2013 - 13:00:36: [AMXX] Plugin file open error (plugin "amxbans_ssban.amxx")
L 11/02/2013 - 13:00:47: Start of error session.
L 11/02/2013 - 13:00:47: Info (map "cs_havana") (file "addons/amxmodx/logs/error_20131102.log")
L 11/02/2013 - 13:00:47: [AMXX] Plugin file open error (plugin "amxbans_core.amxx")
L 11/02/2013 - 13:00:47: [AMXX] Plugin file open error (plugin "amxbans_main.amxx")
L 11/02/2013 - 13:00:47: [AMXX] Plugin file open error (plugin "amxbans_freeze.amxx")
L 11/02/2013 - 13:00:47: [AMXX] Plugin file open error (plugin "amxbans_flagged.amxx")
L 11/02/2013 - 13:00:47: [AMXX] Plugin file open error (plugin "amxbans_ssban.amxx")
L 11/02/2013 - 13:01:39: Start of error session.
L 11/02/2013 - 13:01:39: Info (map "de_chateau") (file "addons/amxmodx/logs/error_20131102.log")
L 11/02/2013 - 13:01:39: [AMXX] Plugin file open error (plugin "amxbans_core.amxx")
L 11/02/2013 - 13:01:39: [AMXX] Plugin file open error (plugin "amxbans_main.amxx")
L 11/02/2013 - 13:01:39: [AMXX] Plugin file open error (plugin "amxbans_freeze.amxx")
L 11/02/2013 - 13:01:39: [AMXX] Plugin file open error (plugin "amxbans_flagged.amxx")
L 11/02/2013 - 13:01:39: [AMXX] Plugin file open error (plugin "amxbans_ssban.amxx")
L 11/02/2013 - 13:01:50: Start of error session.
L 11/02/2013 - 13:01:50: Info (map "de_aztec") (file "addons/amxmodx/logs/error_20131102.log")
L 11/02/2013 - 13:01:50: [AMXX] Plugin file open error (plugin "amxbans_core.amxx")
L 11/02/2013 - 13:01:50: [AMXX] Plugin file open error (plugin "amxbans_main.amxx")
L 11/02/2013 - 13:01:50: [AMXX] Plugin file open error (plugin "amxbans_freeze.amxx")
L 11/02/2013 - 13:01:50: [AMXX] Plugin file open error (plugin "amxbans_flagged.amxx")
L 11/02/2013 - 13:01:50: [AMXX] Plugin file open error (plugin "amxbans_ssban.amxx")
L 11/02/2013 - 13:02:43: Start of error session.
L 11/02/2013 - 13:02:43: Info (map "as_oilrig") (file "addons/amxmodx/logs/error_20131102.log")
L 11/02/2013 - 13:02:43: [AMXX] Plugin file open error (plugin "amxbans_core.amxx")
L 11/02/2013 - 13:02:43: [AMXX] Plugin file open error (plugin "amxbans_main.amxx")
L 11/02/2013 - 13:02:43: [AMXX] Plugin file open error (plugin "amxbans_freeze.amxx")
L 11/02/2013 - 13:02:43: [AMXX] Plugin file open error (plugin "amxbans_flagged.amxx")
L 11/02/2013 - 13:02:43: [AMXX] Plugin file open error (plugin "amxbans_ssban.amxx")
L 11/02/2013 - 13:02:53: Start of error session.
L 11/02/2013 - 13:02:53: Info (map "cs_siege") (file "addons/amxmodx/logs/error_20131102.log")
L 11/02/2013 - 13:02:53: [AMXX] Plugin file open error (plugin "amxbans_core.amxx")
L 11/02/2013 - 13:02:53: [AMXX] Plugin file open error (plugin "amxbans_main.amxx")
L 11/02/2013 - 13:02:53: [AMXX] Plugin file open error (plugin "amxbans_freeze.amxx")
L 11/02/2013 - 13:02:53: [AMXX] Plugin file open error (plugin "amxbans_flagged.amxx")
L 11/02/2013 - 13:02:53: [AMXX] Plugin file open error (plugin "amxbans_ssban.amxx")
L 11/02/2013 - 13:03:42: Start of error session.
L 11/02/2013 - 13:03:42: Info (map "de_cbble") (file "addons/amxmodx/logs/error_20131102.log")
L 11/02/2013 - 13:03:42: [AMXX] Plugin file open error (plugin "amxbans_core.amxx")
L 11/02/2013 - 13:03:42: [AMXX] Plugin file open error (plugin "amxbans_main.amxx")
L 11/02/2013 - 13:03:42: [AMXX] Plugin file open error (plugin "amxbans_freeze.amxx")
L 11/02/2013 - 13:03:42: [AMXX] Plugin file open error (plugin "amxbans_flagged.amxx")
L 11/02/2013 - 13:03:42: [AMXX] Plugin file open error (plugin "amxbans_ssban.amxx")
L 11/02/2013 - 13:03:52: Start of error session.
L 11/02/2013 - 13:03:52: Info (map "de_dust") (file "addons/amxmodx/logs/error_20131102.log")
L 11/02/2013 - 13:03:52: [AMXX] Plugin file open error (plugin "amxbans_core.amxx")
L 11/02/2013 - 13:03:52: [AMXX] Plugin file open error (plugin "amxbans_main.amxx")
L 11/02/2013 - 13:03:53: [AMXX] Plugin file open error (plugin "amxbans_freeze.amxx")
L 11/02/2013 - 13:03:53: [AMXX] Plugin file open error (plugin "amxbans_flagged.amxx")
L 11/02/2013 - 13:03:53: [AMXX] Plugin file open error (plugin "amxbans_ssban.amxx")
L 11/02/2013 - 13:04:46: Start of error session.
L 11/02/2013 - 13:04:46: Info (map "cs_747") (file "addons/amxmodx/logs/error_20131102.log")
L 11/02/2013 - 13:04:46: [AMXX] Plugin file open error (plugin "amxbans_core.amxx")
L 11/02/2013 - 13:04:46: [AMXX] Plugin file open error (plugin "amxbans_main.amxx")
L 11/02/2013 - 13:04:46: [AMXX] Plugin file open error (plugin "amxbans_freeze.amxx")
L 11/02/2013 - 13:04:46: [AMXX] Plugin file open error (plugin "amxbans_flagged.amxx")
L 11/02/2013 - 13:04:46: [AMXX] Plugin file open error (plugin "amxbans_ssban.amxx")
L 11/02/2013 - 13:14:09: Start of error session.
L 11/02/2013 - 13:14:09: Info (map "de_dust2") (file "addons/amxmodx/logs/error_20131102.log")
L 11/02/2013 - 13:14:09: [AMXX] Plugin file open error (plugin "amxbans_core.amxx")
L 11/02/2013 - 13:14:09: [AMXX] Plugin file open error (plugin "amxbans_main.amxx")
L 11/02/2013 - 13:14:09: [AMXX] Plugin file open error (plugin "amxbans_freeze.amxx")
L 11/02/2013 - 13:14:09: [AMXX] Plugin file open error (plugin "amxbans_flagged.amxx")
L 11/02/2013 - 13:14:09: [AMXX] Plugin file open error (plugin "amxbans_ssban.amxx")
L 11/02/2013 - 13:41:32: Start of error session.
L 11/02/2013 - 13:41:32: Info (map "de_airstrip") (file "addons/amxmodx/logs/error_20131102.log")
L 11/02/2013 - 13:41:32: [AMXX] Plugin file open error (plugin "amxbans_core.amxx")
L 11/02/2013 - 13:41:32: [AMXX] Plugin file open error (plugin "amxbans_main.amxx")
L 11/02/2013 - 13:41:32: [AMXX] Plugin file open error (plugin "amxbans_freeze.amxx")
L 11/02/2013 - 13:41:32: [AMXX] Plugin file open error (plugin "amxbans_flagged.amxx")
L 11/02/2013 - 13:41:32: [AMXX] Plugin file open error (plugin "amxbans_ssban.amxx")
L 11/02/2013 - 14:08:57: Start of error session.
L 11/02/2013 - 14:08:57: Info (map "cs_havana") (file "addons/amxmodx/logs/error_20131102.log")
L 11/02/2013 - 14:08:57: [AMXX] Plugin file open error (plugin "amxbans_core.amxx")
L 11/02/2013 - 14:08:57: [AMXX] Plugin file open error (plugin "amxbans_main.amxx")
L 11/02/2013 - 14:08:57: [AMXX] Plugin file open error (plugin "amxbans_freeze.amxx")
L 11/02/2013 - 14:08:57: [AMXX] Plugin file open error (plugin "amxbans_flagged.amxx")
L 11/02/2013 - 14:08:57: [AMXX] Plugin file open error (plugin "amxbans_ssban.amxx")
L 11/02/2013 - 14:36:18: Start of error session.
L 11/02/2013 - 14:36:18: Info (map "de_chateau") (file "addons/amxmodx/logs/error_20131102.log")
L 11/02/2013 - 14:36:18: [AMXX] Plugin file open error (plugin "amxbans_core.amxx")
L 11/02/2013 - 14:36:18: [AMXX] Plugin file open error (plugin "amxbans_main.amxx")
L 11/02/2013 - 14:36:18: [AMXX] Plugin file open error (plugin "amxbans_freeze.amxx")
L 11/02/2013 - 14:36:18: [AMXX] Plugin file open error (plugin "amxbans_flagged.amxx")
L 11/02/2013 - 14:36:18: [AMXX] Plugin file open error (plugin "amxbans_ssban.amxx")
L 11/02/2013 - 15:03:39: Start of error session.
L 11/02/2013 - 15:03:39: Info (map "de_aztec") (file "addons/amxmodx/logs/error_20131102.log")
L 11/02/2013 - 15:03:39: [AMXX] Plugin file open error (plugin "amxbans_core.amxx")
L 11/02/2013 - 15:03:39: [AMXX] Plugin file open error (plugin "amxbans_main.amxx")
L 11/02/2013 - 15:03:39: [AMXX] Plugin file open error (plugin "amxbans_freeze.amxx")
L 11/02/2013 - 15:03:39: [AMXX] Plugin file open error (plugin "amxbans_flagged.amxx")
L 11/02/2013 - 15:03:39: [AMXX] Plugin file open error (plugin "amxbans_ssban.amxx")
L 11/02/2013 - 15:31:04: Start of error session.
L 11/02/2013 - 15:31:04: Info (map "as_oilrig") (file "addons/amxmodx/logs/error_20131102.log")
L 11/02/2013 - 15:31:04: [AMXX] Plugin file open error (plugin "amxbans_core.amxx")
L 11/02/2013 - 15:31:04: [AMXX] Plugin file open error (plugin "amxbans_main.amxx")
L 11/02/2013 - 15:31:04: [AMXX] Plugin file open error (plugin "amxbans_freeze.amxx")
L 11/02/2013 - 15:31:04: [AMXX] Plugin file open error (plugin "amxbans_flagged.amxx")
L 11/02/2013 - 15:31:04: [AMXX] Plugin file open error (plugin "amxbans_ssban.amxx")
L 11/02/2013 - 15:58:23: Start of error session.
L 11/02/2013 - 15:58:23: Info (map "cs_siege") (file "addons/amxmodx/logs/error_20131102.log")
L 11/02/2013 - 15:58:23: [AMXX] Plugin file open error (plugin "amxbans_core.amxx")
L 11/02/2013 - 15:58:23: [AMXX] Plugin file open error (plugin "amxbans_main.amxx")
L 11/02/2013 - 15:58:23: [AMXX] Plugin file open error (plugin "amxbans_freeze.amxx")
L 11/02/2013 - 15:58:23: [AMXX] Plugin file open error (plugin "amxbans_flagged.amxx")
L 11/02/2013 - 15:58:23: [AMXX] Plugin file open error (plugin "amxbans_ssban.amxx")
L 11/02/2013 - 16:25:45: Start of error session.
L 11/02/2013 - 16:25:45: Info (map "de_cbble") (file "addons/amxmodx/logs/error_20131102.log")
L 11/02/2013 - 16:25:45: [AMXX] Plugin file open error (plugin "amxbans_core.amxx")
L 11/02/2013 - 16:25:45: [AMXX] Plugin file open error (plugin "amxbans_main.amxx")
L 11/02/2013 - 16:25:45: [AMXX] Plugin file open error (plugin "amxbans_freeze.amxx")
L 11/02/2013 - 16:25:45: [AMXX] Plugin file open error (plugin "amxbans_flagged.amxx")
L 11/02/2013 - 16:25:45: [AMXX] Plugin file open error (plugin "amxbans_ssban.amxx")
L 11/02/2013 - 16:53:04: Start of error session.
L 11/02/2013 - 16:53:04: Info (map "de_dust") (file "addons/amxmodx/logs/error_20131102.log")
L 11/02/2013 - 16:53:04: [AMXX] Plugin file open error (plugin "amxbans_core.amxx")
L 11/02/2013 - 16:53:04: [AMXX] Plugin file open error (plugin "amxbans_main.amxx")
L 11/02/2013 - 16:53:04: [AMXX] Plugin file open error (plugin "amxbans_freeze.amxx")
L 11/02/2013 - 16:53:04: [AMXX] Plugin file open error (plugin "amxbans_flagged.amxx")
L 11/02/2013 - 16:53:04: [AMXX] Plugin file open error (plugin "amxbans_ssban.amxx")
L 11/02/2013 - 17:20:24: Start of error session.
L 11/02/2013 - 17:20:24: Info (map "cs_747") (file "addons/amxmodx/logs/error_20131102.log")
L 11/02/2013 - 17:20:24: [AMXX] Plugin file open error (plugin "amxbans_core.amxx")
L 11/02/2013 - 17:20:24: [AMXX] Plugin file open error (plugin "amxbans_main.amxx")
L 11/02/2013 - 17:20:24: [AMXX] Plugin file open error (plugin "amxbans_freeze.amxx")
L 11/02/2013 - 17:20:24: [AMXX] Plugin file open error (plugin "amxbans_flagged.amxx")
L 11/02/2013 - 17:20:24: [AMXX] Plugin file open error (plugin "amxbans_ssban.amxx")
L 11/02/2013 - 17:47:44: Start of error session.
L 11/02/2013 - 17:47:44: Info (map "de_prodigy") (file "addons/amxmodx/logs/error_20131102.log")
L 11/02/2013 - 17:47:44: [AMXX] Plugin file open error (plugin "amxbans_core.amxx")
L 11/02/2013 - 17:47:44: [AMXX] Plugin file open error (plugin "amxbans_main.amxx")
L 11/02/2013 - 17:47:44: [AMXX] Plugin file open error (plugin "amxbans_freeze.amxx")
L 11/02/2013 - 17:47:44: [AMXX] Plugin file open error (plugin "amxbans_flagged.amxx")
L 11/02/2013 - 17:47:44: [AMXX] Plugin file open error (plugin "amxbans_ssban.amxx")
L 11/02/2013 - 18:15:05: Start of error session.
L 11/02/2013 - 18:15:05: Info (map "cs_assault") (file "addons/amxmodx/logs/error_20131102.log")
L 11/02/2013 - 18:15:05: [AMXX] Plugin file open error (plugin "amxbans_core.amxx")
L 11/02/2013 - 18:15:05: [AMXX] Plugin file open error (plugin "amxbans_main.amxx")
L 11/02/2013 - 18:15:05: [AMXX] Plugin file open error (plugin "amxbans_freeze.amxx")
L 11/02/2013 - 18:15:05: [AMXX] Plugin file open error (plugin "amxbans_flagged.amxx")
L 11/02/2013 - 18:15:05: [AMXX] Plugin file open error (plugin "amxbans_ssban.amxx")
L 11/02/2013 - 18:42:29: Start of error session.
L 11/02/2013 - 18:42:29: Info (map "cs_office") (file "addons/amxmodx/logs/error_20131102.log")
L 11/02/2013 - 18:42:29: [AMXX] Plugin file open error (plugin "amxbans_core.amxx")
L 11/02/2013 - 18:42:29: [AMXX] Plugin file open error (plugin "amxbans_main.amxx")
L 11/02/2013 - 18:42:29: [AMXX] Plugin file open error (plugin "amxbans_freeze.amxx")
L 11/02/2013 - 18:42:29: [AMXX] Plugin file open error (plugin "amxbans_flagged.amxx")
L 11/02/2013 - 18:42:29: [AMXX] Plugin file open error (plugin "amxbans_ssban.amxx")
L 11/02/2013 - 19:09:49: Start of error session.
L 11/02/2013 - 19:09:49: Info (map "cs_italy") (file "addons/amxmodx/logs/error_20131102.log")
L 11/02/2013 - 19:09:49: [AMXX] Plugin file open error (plugin "amxbans_core.amxx")
L 11/02/2013 - 19:09:49: [AMXX] Plugin file open error (plugin "amxbans_main.amxx")
L 11/02/2013 - 19:09:49: [AMXX] Plugin file open error (plugin "amxbans_freeze.amxx")
L 11/02/2013 - 19:09:49: [AMXX] Plugin file open error (plugin "amxbans_flagged.amxx")
L 11/02/2013 - 19:09:49: [AMXX] Plugin file open error (plugin "amxbans_ssban.amxx")
L 11/02/2013 - 19:37:09: Start of error session.
L 11/02/2013 - 19:37:09: Info (map "cs_backalley") (file "addons/amxmodx/logs/error_20131102.log")
L 11/02/2013 - 19:37:09: [AMXX] Plugin file open error (plugin "amxbans_core.amxx")
L 11/02/2013 - 19:37:09: [AMXX] Plugin file open error (plugin "amxbans_main.amxx")
L 11/02/2013 - 19:37:09: [AMXX] Plugin file open error (plugin "amxbans_freeze.amxx")
L 11/02/2013 - 19:37:09: [AMXX] Plugin file open error (plugin "amxbans_flagged.amxx")
L 11/02/2013 - 19:37:09: [AMXX] Plugin file open error (plugin "amxbans_ssban.amxx")
L 11/02/2013 - 20:04:30: Start of error session.
L 11/02/2013 - 20:04:30: Info (map "cs_militia") (file "addons/amxmodx/logs/error_20131102.log")
L 11/02/2013 - 20:04:30: [AMXX] Plugin file open error (plugin "amxbans_core.amxx")
L 11/02/2013 - 20:04:30: [AMXX] Plugin file open error (plugin "amxbans_main.amxx")
L 11/02/2013 - 20:04:30: [AMXX] Plugin file open error (plugin "amxbans_freeze.amxx")
L 11/02/2013 - 20:04:30: [AMXX] Plugin file open error (plugin "amxbans_flagged.amxx")
L 11/02/2013 - 20:04:30: [AMXX] Plugin file open error (plugin "amxbans_ssban.amxx")
