L 11/01/2013 - 18:08:37: Start of error session.
L 11/01/2013 - 18:08:37: Info (map "de_dust2") (file "addons/amxmodx/logs/error_20131101.log")
L 11/01/2013 - 18:08:37: [AMXX] Plugin file open error (plugin "amxbans_freeze.amxx")
L 11/01/2013 - 18:08:37: [AMXX] Plugin file open error (plugin "amxbans_flagged.amxx")
L 11/01/2013 - 18:08:37: [AMXX] Plugin file open error (plugin "amxbans_ssban.amxx")
L 11/01/2013 - 18:14:29: Start of error session.
L 11/01/2013 - 18:14:29: Info (map "de_dust2") (file "addons/amxmodx/logs/error_20131101.log")
L 11/01/2013 - 18:14:29: [AMXX] Plugin file open error (plugin "amxbans_freeze.amxx")
L 11/01/2013 - 18:14:29: [AMXX] Plugin file open error (plugin "amxbans_flagged.amxx")
L 11/01/2013 - 18:14:29: [AMXX] Plugin file open error (plugin "amxbans_ssban.amxx")
L 11/01/2013 - 18:16:08: Start of error session.
L 11/01/2013 - 18:16:08: Info (map "de_dust2") (file "addons/amxmodx/logs/error_20131101.log")
L 11/01/2013 - 18:16:08: [AMXX] Plugin file open error (plugin "amxbans_freeze.amxx")
L 11/01/2013 - 18:16:08: [AMXX] Plugin file open error (plugin "amxbans_flagged.amxx")
L 11/01/2013 - 18:16:08: [AMXX] Plugin file open error (plugin "amxbans_ssban.amxx")
L 11/01/2013 - 18:16:28: Start of error session.
L 11/01/2013 - 18:16:28: Info (map "de_dust2") (file "addons/amxmodx/logs/error_20131101.log")
L 11/01/2013 - 18:16:28: [AMXX] Plugin file open error (plugin "amxbans_freeze.amxx")
L 11/01/2013 - 18:16:28: [AMXX] Plugin file open error (plugin "amxbans_flagged.amxx")
L 11/01/2013 - 18:16:28: [AMXX] Plugin file open error (plugin "amxbans_ssban.amxx")
L 11/01/2013 - 18:22:49: Start of error session.
L 11/01/2013 - 18:22:49: Info (map "de_dust2") (file "addons/amxmodx/logs/error_20131101.log")
L 11/01/2013 - 18:22:49: [AMXX] Plugin file open error (plugin "amxbans_freeze.amxx")
L 11/01/2013 - 18:22:49: [AMXX] Plugin file open error (plugin "amxbans_flagged.amxx")
L 11/01/2013 - 18:22:49: [AMXX] Plugin file open error (plugin "amxbans_ssban.amxx")
L 11/01/2013 - 18:48:01: Start of error session.
L 11/01/2013 - 18:48:01: Info (map "de_airstrip") (file "addons/amxmodx/logs/error_20131101.log")
L 11/01/2013 - 18:48:01: [AMXX] Plugin file open error (plugin "amxbans_freeze.amxx")
L 11/01/2013 - 18:48:01: [AMXX] Plugin file open error (plugin "amxbans_flagged.amxx")
L 11/01/2013 - 18:48:01: [AMXX] Plugin file open error (plugin "amxbans_ssban.amxx")
L 11/01/2013 - 19:13:10: Start of error session.
L 11/01/2013 - 19:13:10: Info (map "cs_havana") (file "addons/amxmodx/logs/error_20131101.log")
L 11/01/2013 - 19:13:10: [AMXX] Plugin file open error (plugin "amxbans_freeze.amxx")
L 11/01/2013 - 19:13:10: [AMXX] Plugin file open error (plugin "amxbans_flagged.amxx")
L 11/01/2013 - 19:13:10: [AMXX] Plugin file open error (plugin "amxbans_ssban.amxx")
L 11/01/2013 - 19:38:20: Start of error session.
L 11/01/2013 - 19:38:20: Info (map "de_chateau") (file "addons/amxmodx/logs/error_20131101.log")
L 11/01/2013 - 19:38:20: [AMXX] Plugin file open error (plugin "amxbans_freeze.amxx")
L 11/01/2013 - 19:38:20: [AMXX] Plugin file open error (plugin "amxbans_flagged.amxx")
L 11/01/2013 - 19:38:20: [AMXX] Plugin file open error (plugin "amxbans_ssban.amxx")
L 11/01/2013 - 20:03:30: Start of error session.
L 11/01/2013 - 20:03:30: Info (map "de_aztec") (file "addons/amxmodx/logs/error_20131101.log")
L 11/01/2013 - 20:03:30: [AMXX] Plugin file open error (plugin "amxbans_freeze.amxx")
L 11/01/2013 - 20:03:30: [AMXX] Plugin file open error (plugin "amxbans_flagged.amxx")
L 11/01/2013 - 20:03:30: [AMXX] Plugin file open error (plugin "amxbans_ssban.amxx")
L 11/01/2013 - 20:28:40: Start of error session.
L 11/01/2013 - 20:28:40: Info (map "as_oilrig") (file "addons/amxmodx/logs/error_20131101.log")
L 11/01/2013 - 20:28:40: [AMXX] Plugin file open error (plugin "amxbans_freeze.amxx")
L 11/01/2013 - 20:28:40: [AMXX] Plugin file open error (plugin "amxbans_flagged.amxx")
L 11/01/2013 - 20:28:40: [AMXX] Plugin file open error (plugin "amxbans_ssban.amxx")
L 11/01/2013 - 20:53:49: Start of error session.
L 11/01/2013 - 20:53:49: Info (map "cs_siege") (file "addons/amxmodx/logs/error_20131101.log")
L 11/01/2013 - 20:53:49: [AMXX] Plugin file open error (plugin "amxbans_freeze.amxx")
L 11/01/2013 - 20:53:49: [AMXX] Plugin file open error (plugin "amxbans_flagged.amxx")
L 11/01/2013 - 20:53:49: [AMXX] Plugin file open error (plugin "amxbans_ssban.amxx")
L 11/01/2013 - 21:18:59: Start of error session.
L 11/01/2013 - 21:18:59: Info (map "de_cbble") (file "addons/amxmodx/logs/error_20131101.log")
L 11/01/2013 - 21:18:59: [AMXX] Plugin file open error (plugin "amxbans_freeze.amxx")
L 11/01/2013 - 21:18:59: [AMXX] Plugin file open error (plugin "amxbans_flagged.amxx")
L 11/01/2013 - 21:18:59: [AMXX] Plugin file open error (plugin "amxbans_ssban.amxx")
L 11/01/2013 - 21:44:09: Start of error session.
L 11/01/2013 - 21:44:09: Info (map "de_dust") (file "addons/amxmodx/logs/error_20131101.log")
L 11/01/2013 - 21:44:09: [AMXX] Plugin file open error (plugin "amxbans_freeze.amxx")
L 11/01/2013 - 21:44:09: [AMXX] Plugin file open error (plugin "amxbans_flagged.amxx")
L 11/01/2013 - 21:44:09: [AMXX] Plugin file open error (plugin "amxbans_ssban.amxx")
L 11/01/2013 - 22:09:19: Start of error session.
L 11/01/2013 - 22:09:19: Info (map "cs_747") (file "addons/amxmodx/logs/error_20131101.log")
L 11/01/2013 - 22:09:19: [AMXX] Plugin file open error (plugin "amxbans_freeze.amxx")
L 11/01/2013 - 22:09:19: [AMXX] Plugin file open error (plugin "amxbans_flagged.amxx")
L 11/01/2013 - 22:09:19: [AMXX] Plugin file open error (plugin "amxbans_ssban.amxx")
L 11/01/2013 - 22:34:29: Start of error session.
L 11/01/2013 - 22:34:29: Info (map "de_prodigy") (file "addons/amxmodx/logs/error_20131101.log")
L 11/01/2013 - 22:34:29: [AMXX] Plugin file open error (plugin "amxbans_freeze.amxx")
L 11/01/2013 - 22:34:29: [AMXX] Plugin file open error (plugin "amxbans_flagged.amxx")
L 11/01/2013 - 22:34:29: [AMXX] Plugin file open error (plugin "amxbans_ssban.amxx")
L 11/01/2013 - 22:59:39: Start of error session.
L 11/01/2013 - 22:59:39: Info (map "cs_assault") (file "addons/amxmodx/logs/error_20131101.log")
L 11/01/2013 - 22:59:39: [AMXX] Plugin file open error (plugin "amxbans_freeze.amxx")
L 11/01/2013 - 22:59:39: [AMXX] Plugin file open error (plugin "amxbans_flagged.amxx")
L 11/01/2013 - 22:59:39: [AMXX] Plugin file open error (plugin "amxbans_ssban.amxx")
L 11/01/2013 - 23:24:50: Start of error session.
L 11/01/2013 - 23:24:50: Info (map "cs_office") (file "addons/amxmodx/logs/error_20131101.log")
L 11/01/2013 - 23:24:50: [AMXX] Plugin file open error (plugin "amxbans_freeze.amxx")
L 11/01/2013 - 23:24:50: [AMXX] Plugin file open error (plugin "amxbans_flagged.amxx")
L 11/01/2013 - 23:24:50: [AMXX] Plugin file open error (plugin "amxbans_ssban.amxx")
L 11/01/2013 - 23:50:11: Start of error session.
L 11/01/2013 - 23:50:11: Info (map "cs_italy") (file "addons/amxmodx/logs/error_20131101.log")
L 11/01/2013 - 23:50:11: [AMXX] Plugin file open error (plugin "amxbans_freeze.amxx")
L 11/01/2013 - 23:50:11: [AMXX] Plugin file open error (plugin "amxbans_flagged.amxx")
L 11/01/2013 - 23:50:11: [AMXX] Plugin file open error (plugin "amxbans_ssban.amxx")
