L 10/30/2013 - 15:51:08: Start of error session.
L 10/30/2013 - 15:51:08: Info (map "de_dust2") (file "addons/amxmodx/logs/error_20131030.log")
L 10/30/2013 - 15:51:08: [AMXX] Plugin file open error (plugin "amxbans_freeze.amxx")
L 10/30/2013 - 15:51:08: [AMXX] Plugin file open error (plugin "amxbans_flagged.amxx")
L 10/30/2013 - 15:51:08: [AMXX] Plugin file open error (plugin "amxbans_ssban.amxx")
L 10/30/2013 - 16:16:24: Start of error session.
L 10/30/2013 - 16:16:24: Info (map "de_airstrip") (file "addons/amxmodx/logs/error_20131030.log")
L 10/30/2013 - 16:16:24: [AMXX] Plugin file open error (plugin "amxbans_freeze.amxx")
L 10/30/2013 - 16:16:24: [AMXX] Plugin file open error (plugin "amxbans_flagged.amxx")
L 10/30/2013 - 16:16:24: [AMXX] Plugin file open error (plugin "amxbans_ssban.amxx")
L 10/30/2013 - 16:41:34: Start of error session.
L 10/30/2013 - 16:41:34: Info (map "cs_havana") (file "addons/amxmodx/logs/error_20131030.log")
L 10/30/2013 - 16:41:34: [AMXX] Plugin file open error (plugin "amxbans_freeze.amxx")
L 10/30/2013 - 16:41:34: [AMXX] Plugin file open error (plugin "amxbans_flagged.amxx")
L 10/30/2013 - 16:41:34: [AMXX] Plugin file open error (plugin "amxbans_ssban.amxx")
L 10/30/2013 - 17:06:43: Start of error session.
L 10/30/2013 - 17:06:43: Info (map "de_chateau") (file "addons/amxmodx/logs/error_20131030.log")
L 10/30/2013 - 17:06:43: [AMXX] Plugin file open error (plugin "amxbans_freeze.amxx")
L 10/30/2013 - 17:06:43: [AMXX] Plugin file open error (plugin "amxbans_flagged.amxx")
L 10/30/2013 - 17:06:43: [AMXX] Plugin file open error (plugin "amxbans_ssban.amxx")
L 10/30/2013 - 17:31:53: Start of error session.
L 10/30/2013 - 17:31:53: Info (map "de_aztec") (file "addons/amxmodx/logs/error_20131030.log")
L 10/30/2013 - 17:31:53: [AMXX] Plugin file open error (plugin "amxbans_freeze.amxx")
L 10/30/2013 - 17:31:53: [AMXX] Plugin file open error (plugin "amxbans_flagged.amxx")
L 10/30/2013 - 17:31:53: [AMXX] Plugin file open error (plugin "amxbans_ssban.amxx")
L 10/30/2013 - 17:57:03: Start of error session.
L 10/30/2013 - 17:57:03: Info (map "as_oilrig") (file "addons/amxmodx/logs/error_20131030.log")
L 10/30/2013 - 17:57:03: [AMXX] Plugin file open error (plugin "amxbans_freeze.amxx")
L 10/30/2013 - 17:57:03: [AMXX] Plugin file open error (plugin "amxbans_flagged.amxx")
L 10/30/2013 - 17:57:03: [AMXX] Plugin file open error (plugin "amxbans_ssban.amxx")
L 10/30/2013 - 18:22:13: Start of error session.
L 10/30/2013 - 18:22:13: Info (map "cs_siege") (file "addons/amxmodx/logs/error_20131030.log")
L 10/30/2013 - 18:22:13: [AMXX] Plugin file open error (plugin "amxbans_freeze.amxx")
L 10/30/2013 - 18:22:13: [AMXX] Plugin file open error (plugin "amxbans_flagged.amxx")
L 10/30/2013 - 18:22:13: [AMXX] Plugin file open error (plugin "amxbans_ssban.amxx")
L 10/30/2013 - 18:47:22: Start of error session.
L 10/30/2013 - 18:47:22: Info (map "de_cbble") (file "addons/amxmodx/logs/error_20131030.log")
L 10/30/2013 - 18:47:22: [AMXX] Plugin file open error (plugin "amxbans_freeze.amxx")
L 10/30/2013 - 18:47:22: [AMXX] Plugin file open error (plugin "amxbans_flagged.amxx")
L 10/30/2013 - 18:47:22: [AMXX] Plugin file open error (plugin "amxbans_ssban.amxx")
L 10/30/2013 - 19:12:32: Start of error session.
L 10/30/2013 - 19:12:32: Info (map "de_dust") (file "addons/amxmodx/logs/error_20131030.log")
L 10/30/2013 - 19:12:32: [AMXX] Plugin file open error (plugin "amxbans_freeze.amxx")
L 10/30/2013 - 19:12:32: [AMXX] Plugin file open error (plugin "amxbans_flagged.amxx")
L 10/30/2013 - 19:12:32: [AMXX] Plugin file open error (plugin "amxbans_ssban.amxx")
