L 10/27/2013 - 10:29:27: Start of error session.
L 10/27/2013 - 10:29:27: Info (map "de_dust2") (file "addons/amxmodx/logs/error_20131027.log")
L 10/27/2013 - 10:29:27: [AMXX] Plugin file open error (plugin "amxbans_freeze.amxx")
L 10/27/2013 - 10:29:27: [AMXX] Plugin file open error (plugin "amxbans_flagged.amxx")
L 10/27/2013 - 10:29:27: [AMXX] Plugin file open error (plugin "amxbans_ssban.amxx")
L 10/27/2013 - 10:39:59: Start of error session.
L 10/27/2013 - 10:39:59: Info (map "de_dust2") (file "addons/amxmodx/logs/error_20131027.log")
L 10/27/2013 - 10:39:59: [AMXX] Plugin file open error (plugin "amxbans_freeze.amxx")
L 10/27/2013 - 10:39:59: [AMXX] Plugin file open error (plugin "amxbans_flagged.amxx")
L 10/27/2013 - 10:39:59: [AMXX] Plugin file open error (plugin "amxbans_ssban.amxx")
L 10/27/2013 - 10:41:40: Start of error session.
L 10/27/2013 - 10:41:40: Info (map "de_dust2") (file "addons/amxmodx/logs/error_20131027.log")
L 10/27/2013 - 10:41:40: [AMXX] Plugin file open error (plugin "amxbans_freeze.amxx")
L 10/27/2013 - 10:41:40: [AMXX] Plugin file open error (plugin "amxbans_flagged.amxx")
L 10/27/2013 - 10:41:40: [AMXX] Plugin file open error (plugin "amxbans_ssban.amxx")
L 10/27/2013 - 10:44:36: Start of error session.
L 10/27/2013 - 10:44:36: Info (map "de_dust2") (file "addons/amxmodx/logs/error_20131027.log")
L 10/27/2013 - 10:44:36: [AMXX] Plugin file open error (plugin "amxbans_freeze.amxx")
L 10/27/2013 - 10:44:36: [AMXX] Plugin file open error (plugin "amxbans_flagged.amxx")
L 10/27/2013 - 10:44:36: [AMXX] Plugin file open error (plugin "amxbans_ssban.amxx")
L 10/27/2013 - 11:00:21: Start of error session.
L 10/27/2013 - 11:00:21: Info (map "de_dust2") (file "addons/amxmodx/logs/error_20131027.log")
L 10/27/2013 - 11:00:21: [AMXX] Plugin file open error (plugin "amxbans_freeze.amxx")
L 10/27/2013 - 11:00:21: [AMXX] Plugin file open error (plugin "amxbans_flagged.amxx")
L 10/27/2013 - 11:00:21: [AMXX] Plugin file open error (plugin "amxbans_ssban.amxx")
L 10/27/2013 - 11:00:37: Start of error session.
L 10/27/2013 - 11:00:37: Info (map "de_dust2") (file "addons/amxmodx/logs/error_20131027.log")
L 10/27/2013 - 11:00:37: [AMXX] Plugin file open error (plugin "amxbans_freeze.amxx")
L 10/27/2013 - 11:00:37: [AMXX] Plugin file open error (plugin "amxbans_flagged.amxx")
L 10/27/2013 - 11:00:37: [AMXX] Plugin file open error (plugin "amxbans_ssban.amxx")
L 10/27/2013 - 11:25:47: Start of error session.
L 10/27/2013 - 11:25:47: Info (map "de_airstrip") (file "addons/amxmodx/logs/error_20131027.log")
L 10/27/2013 - 11:25:47: [AMXX] Plugin file open error (plugin "amxbans_freeze.amxx")
L 10/27/2013 - 11:25:47: [AMXX] Plugin file open error (plugin "amxbans_flagged.amxx")
L 10/27/2013 - 11:25:47: [AMXX] Plugin file open error (plugin "amxbans_ssban.amxx")
L 10/27/2013 - 11:50:59: Start of error session.
L 10/27/2013 - 11:50:59: Info (map "cs_havana") (file "addons/amxmodx/logs/error_20131027.log")
L 10/27/2013 - 11:50:59: [AMXX] Plugin file open error (plugin "amxbans_freeze.amxx")
L 10/27/2013 - 11:50:59: [AMXX] Plugin file open error (plugin "amxbans_flagged.amxx")
L 10/27/2013 - 11:50:59: [AMXX] Plugin file open error (plugin "amxbans_ssban.amxx")
L 10/27/2013 - 19:40:52: Start of error session.
L 10/27/2013 - 19:40:52: Info (map "de_dust2") (file "addons/amxmodx/logs/error_20131027.log")
L 10/27/2013 - 19:40:52: [AMXX] Plugin file open error (plugin "amxbans_freeze.amxx")
L 10/27/2013 - 19:40:52: [AMXX] Plugin file open error (plugin "amxbans_flagged.amxx")
L 10/27/2013 - 19:40:52: [AMXX] Plugin file open error (plugin "amxbans_ssban.amxx")
L 10/27/2013 - 20:06:02: Start of error session.
L 10/27/2013 - 20:06:02: Info (map "de_airstrip") (file "addons/amxmodx/logs/error_20131027.log")
L 10/27/2013 - 20:06:02: [AMXX] Plugin file open error (plugin "amxbans_freeze.amxx")
L 10/27/2013 - 20:06:02: [AMXX] Plugin file open error (plugin "amxbans_flagged.amxx")
L 10/27/2013 - 20:06:02: [AMXX] Plugin file open error (plugin "amxbans_ssban.amxx")
L 10/27/2013 - 20:31:12: Start of error session.
L 10/27/2013 - 20:31:12: Info (map "cs_havana") (file "addons/amxmodx/logs/error_20131027.log")
L 10/27/2013 - 20:31:12: [AMXX] Plugin file open error (plugin "amxbans_freeze.amxx")
L 10/27/2013 - 20:31:12: [AMXX] Plugin file open error (plugin "amxbans_flagged.amxx")
L 10/27/2013 - 20:31:12: [AMXX] Plugin file open error (plugin "amxbans_ssban.amxx")
L 10/27/2013 - 20:56:21: Start of error session.
L 10/27/2013 - 20:56:21: Info (map "de_chateau") (file "addons/amxmodx/logs/error_20131027.log")
L 10/27/2013 - 20:56:21: [AMXX] Plugin file open error (plugin "amxbans_freeze.amxx")
L 10/27/2013 - 20:56:21: [AMXX] Plugin file open error (plugin "amxbans_flagged.amxx")
L 10/27/2013 - 20:56:21: [AMXX] Plugin file open error (plugin "amxbans_ssban.amxx")
L 10/27/2013 - 21:21:30: Start of error session.
L 10/27/2013 - 21:21:30: Info (map "de_aztec") (file "addons/amxmodx/logs/error_20131027.log")
L 10/27/2013 - 21:21:30: [AMXX] Plugin file open error (plugin "amxbans_freeze.amxx")
L 10/27/2013 - 21:21:30: [AMXX] Plugin file open error (plugin "amxbans_flagged.amxx")
L 10/27/2013 - 21:21:30: [AMXX] Plugin file open error (plugin "amxbans_ssban.amxx")
L 10/27/2013 - 21:46:40: Start of error session.
L 10/27/2013 - 21:46:40: Info (map "as_oilrig") (file "addons/amxmodx/logs/error_20131027.log")
L 10/27/2013 - 21:46:40: [AMXX] Plugin file open error (plugin "amxbans_freeze.amxx")
L 10/27/2013 - 21:46:40: [AMXX] Plugin file open error (plugin "amxbans_flagged.amxx")
L 10/27/2013 - 21:46:40: [AMXX] Plugin file open error (plugin "amxbans_ssban.amxx")
L 10/27/2013 - 22:11:49: Start of error session.
L 10/27/2013 - 22:11:49: Info (map "cs_siege") (file "addons/amxmodx/logs/error_20131027.log")
L 10/27/2013 - 22:11:49: [AMXX] Plugin file open error (plugin "amxbans_freeze.amxx")
L 10/27/2013 - 22:11:49: [AMXX] Plugin file open error (plugin "amxbans_flagged.amxx")
L 10/27/2013 - 22:11:49: [AMXX] Plugin file open error (plugin "amxbans_ssban.amxx")
L 10/27/2013 - 22:37:00: Start of error session.
L 10/27/2013 - 22:37:00: Info (map "de_cbble") (file "addons/amxmodx/logs/error_20131027.log")
L 10/27/2013 - 22:37:00: [AMXX] Plugin file open error (plugin "amxbans_freeze.amxx")
L 10/27/2013 - 22:37:00: [AMXX] Plugin file open error (plugin "amxbans_flagged.amxx")
L 10/27/2013 - 22:37:00: [AMXX] Plugin file open error (plugin "amxbans_ssban.amxx")
L 10/27/2013 - 23:02:11: Start of error session.
L 10/27/2013 - 23:02:11: Info (map "de_dust") (file "addons/amxmodx/logs/error_20131027.log")
L 10/27/2013 - 23:02:11: [AMXX] Plugin file open error (plugin "amxbans_freeze.amxx")
L 10/27/2013 - 23:02:11: [AMXX] Plugin file open error (plugin "amxbans_flagged.amxx")
L 10/27/2013 - 23:02:11: [AMXX] Plugin file open error (plugin "amxbans_ssban.amxx")
L 10/27/2013 - 23:27:21: Start of error session.
L 10/27/2013 - 23:27:21: Info (map "cs_747") (file "addons/amxmodx/logs/error_20131027.log")
L 10/27/2013 - 23:27:21: [AMXX] Plugin file open error (plugin "amxbans_freeze.amxx")
L 10/27/2013 - 23:27:21: [AMXX] Plugin file open error (plugin "amxbans_flagged.amxx")
L 10/27/2013 - 23:27:21: [AMXX] Plugin file open error (plugin "amxbans_ssban.amxx")
L 10/27/2013 - 23:52:31: Start of error session.
L 10/27/2013 - 23:52:31: Info (map "de_prodigy") (file "addons/amxmodx/logs/error_20131027.log")
L 10/27/2013 - 23:52:31: [AMXX] Plugin file open error (plugin "amxbans_freeze.amxx")
L 10/27/2013 - 23:52:31: [AMXX] Plugin file open error (plugin "amxbans_flagged.amxx")
L 10/27/2013 - 23:52:31: [AMXX] Plugin file open error (plugin "amxbans_ssban.amxx")
