L 11/12/2013 - 08:58:03: -------- Mapchange to de_dust2 --------
L 11/12/2013 - 08:58:09: [mapchooser4.amxx] Found 55 maps in maps folder
L 11/12/2013 - 08:58:12: [amxbans_main.amxx] [AMXBans] AMXBans Gm 1.5.1 is online, date: 20:31 07.03.2011
L 11/12/2013 - 08:58:12: [amxbans_main.amxx] [AMXBans] No Reasons found in Database. Static reasons were loaded instead.
L 11/12/2013 - 08:58:18: [mapchooser4.amxx] xvars for mapchooser 4 setuped.
L 11/12/2013 - 09:21:11: [mapchooser4.amxx] Vote: Voting for the nextmap started
L 11/12/2013 - 09:21:22: [mapchooser4.amxx] Vote: Voting for the nextmap finished. The nextmap will be aim_ak47
L 11/12/2013 - 09:23:21: -------- Mapchange to aim_ak47 --------
L 11/12/2013 - 09:23:21: [mapchooser4.amxx] Found 55 maps in maps folder
L 11/12/2013 - 09:23:22: [amxbans_main.amxx] [AMXBans] AMXBans Gm 1.5.1 is online, date: 20:31 07.03.2011
L 11/12/2013 - 09:23:23: [amxbans_main.amxx] [AMXBans] No Reasons found in Database. Static reasons were loaded instead.
L 11/12/2013 - 09:23:28: [mapchooser4.amxx] xvars for mapchooser 4 setuped.
L 11/12/2013 - 09:46:21: [mapchooser4.amxx] Vote: Voting for the nextmap started
L 11/12/2013 - 09:46:31: [mapchooser4.amxx] Vote: Voting for the nextmap finished. The nextmap will be aim_ak-colt
L 11/12/2013 - 09:48:31: -------- Mapchange to aim_ak-colt --------
L 11/12/2013 - 09:48:31: [mapchooser4.amxx] Found 55 maps in maps folder
L 11/12/2013 - 09:48:32: [amxbans_main.amxx] [AMXBans] AMXBans Gm 1.5.1 is online, date: 20:31 07.03.2011
L 11/12/2013 - 09:48:32: [amxbans_main.amxx] [AMXBans] No Reasons found in Database. Static reasons were loaded instead.
L 11/12/2013 - 09:48:37: [mapchooser4.amxx] xvars for mapchooser 4 setuped.
L 11/12/2013 - 10:11:31: [mapchooser4.amxx] Vote: Voting for the nextmap started
L 11/12/2013 - 10:11:41: [mapchooser4.amxx] Vote: Voting for the nextmap finished. The nextmap will be aim_awp
L 11/12/2013 - 10:13:40: -------- Mapchange to aim_awp --------
L 11/12/2013 - 10:13:40: [mapchooser4.amxx] Found 55 maps in maps folder
L 11/12/2013 - 10:13:41: [amxbans_main.amxx] [AMXBans] AMXBans Gm 1.5.1 is online, date: 20:31 07.03.2011
L 11/12/2013 - 10:13:41: [amxbans_main.amxx] [AMXBans] No Reasons found in Database. Static reasons were loaded instead.
L 11/12/2013 - 10:13:47: [mapchooser4.amxx] xvars for mapchooser 4 setuped.
L 11/12/2013 - 10:36:40: [mapchooser4.amxx] Vote: Voting for the nextmap started
L 11/12/2013 - 10:36:50: [mapchooser4.amxx] Vote: Voting for the nextmap finished. The nextmap will be aim_aztec
L 11/12/2013 - 10:38:49: -------- Mapchange to aim_aztec --------
L 11/12/2013 - 10:38:50: [mapchooser4.amxx] Found 55 maps in maps folder
L 11/12/2013 - 10:38:50: [amxbans_main.amxx] [AMXBans] AMXBans Gm 1.5.1 is online, date: 20:31 07.03.2011
L 11/12/2013 - 10:38:50: [amxbans_main.amxx] [AMXBans] No Reasons found in Database. Static reasons were loaded instead.
L 11/12/2013 - 10:38:56: [mapchooser4.amxx] xvars for mapchooser 4 setuped.
L 11/12/2013 - 11:01:49: [mapchooser4.amxx] Vote: Voting for the nextmap started
L 11/12/2013 - 11:01:59: [mapchooser4.amxx] Vote: Voting for the nextmap finished. The nextmap will be aim_b0n0
L 11/12/2013 - 11:03:59: -------- Mapchange to aim_b0n0 --------
L 11/12/2013 - 11:03:59: [mapchooser4.amxx] Found 55 maps in maps folder
L 11/12/2013 - 11:04:00: [amxbans_main.amxx] [AMXBans] AMXBans Gm 1.5.1 is online, date: 20:31 07.03.2011
L 11/12/2013 - 11:04:00: [amxbans_main.amxx] [AMXBans] No Reasons found in Database. Static reasons were loaded instead.
L 11/12/2013 - 11:04:06: [mapchooser4.amxx] xvars for mapchooser 4 setuped.
L 11/12/2013 - 11:26:59: [mapchooser4.amxx] Vote: Voting for the nextmap started
L 11/12/2013 - 11:27:09: [mapchooser4.amxx] Vote: Voting for the nextmap finished. The nextmap will be aim_crazyjump
L 11/12/2013 - 11:29:08: -------- Mapchange to aim_crazyjump --------
L 11/12/2013 - 11:29:08: [mapchooser4.amxx] Found 55 maps in maps folder
L 11/12/2013 - 11:29:09: [amxbans_main.amxx] [AMXBans] AMXBans Gm 1.5.1 is online, date: 20:31 07.03.2011
L 11/12/2013 - 11:29:09: [amxbans_main.amxx] [AMXBans] No Reasons found in Database. Static reasons were loaded instead.
L 11/12/2013 - 11:29:15: [mapchooser4.amxx] xvars for mapchooser 4 setuped.
L 11/12/2013 - 12:14:25: [mapchooser4.amxx] Vote: Voting for the nextmap started
L 11/12/2013 - 12:14:35: [mapchooser4.amxx] Vote: Voting for the nextmap finished. The nextmap will be aim_dgl
L 11/12/2013 - 12:16:33: -------- Mapchange to aim_dgl --------
L 11/12/2013 - 12:16:34: [mapchooser4.amxx] Found 55 maps in maps folder
L 11/12/2013 - 12:16:34: [amxbans_main.amxx] [AMXBans] AMXBans Gm 1.5.1 is online, date: 20:31 07.03.2011
L 11/12/2013 - 12:16:34: [amxbans_main.amxx] [AMXBans] No Reasons found in Database. Static reasons were loaded instead.
L 11/12/2013 - 12:16:40: [mapchooser4.amxx] xvars for mapchooser 4 setuped.
L 11/12/2013 - 12:39:33: [mapchooser4.amxx] Vote: Voting for the nextmap started
L 11/12/2013 - 12:39:43: [mapchooser4.amxx] Vote: Voting for the nextmap finished. The nextmap will be aim_famas_x
L 11/12/2013 - 13:03:55: -------- Mapchange to aim_famas_x --------
L 11/12/2013 - 13:03:56: [mapchooser4.amxx] Found 55 maps in maps folder
L 11/12/2013 - 13:03:57: [amxbans_main.amxx] [AMXBans] AMXBans Gm 1.5.1 is online, date: 20:31 07.03.2011
L 11/12/2013 - 13:03:57: [amxbans_main.amxx] [AMXBans] No Reasons found in Database. Static reasons were loaded instead.
L 11/12/2013 - 13:04:02: [mapchooser4.amxx] xvars for mapchooser 4 setuped.
L 11/12/2013 - 13:26:56: [mapchooser4.amxx] Vote: Voting for the nextmap started
L 11/12/2013 - 13:27:06: [mapchooser4.amxx] Vote: Voting for the nextmap finished. The nextmap will be aim_headshot
L 11/12/2013 - 13:51:18: -------- Mapchange to aim_headshot --------
L 11/12/2013 - 13:51:18: [mapchooser4.amxx] Found 55 maps in maps folder
L 11/12/2013 - 13:51:19: [amxbans_main.amxx] [AMXBans] AMXBans Gm 1.5.1 is online, date: 20:31 07.03.2011
L 11/12/2013 - 13:51:19: [amxbans_main.amxx] [AMXBans] No Reasons found in Database. Static reasons were loaded instead.
L 11/12/2013 - 13:51:25: [mapchooser4.amxx] xvars for mapchooser 4 setuped.
L 11/12/2013 - 14:14:18: [mapchooser4.amxx] Vote: Voting for the nextmap started
L 11/12/2013 - 14:14:28: [mapchooser4.amxx] Vote: Voting for the nextmap finished. The nextmap will be aim_killer
L 11/12/2013 - 14:38:40: -------- Mapchange to aim_killer --------
L 11/12/2013 - 14:38:40: [mapchooser4.amxx] Found 55 maps in maps folder
L 11/12/2013 - 14:38:41: [amxbans_main.amxx] [AMXBans] AMXBans Gm 1.5.1 is online, date: 20:31 07.03.2011
L 11/12/2013 - 14:38:41: [amxbans_main.amxx] [AMXBans] No Reasons found in Database. Static reasons were loaded instead.
L 11/12/2013 - 14:38:47: [mapchooser4.amxx] xvars for mapchooser 4 setuped.
L 11/12/2013 - 15:01:40: [mapchooser4.amxx] Vote: Voting for the nextmap started
L 11/12/2013 - 15:01:50: [mapchooser4.amxx] Vote: Voting for the nextmap finished. The nextmap will be aim_map
L 11/12/2013 - 15:26:02: -------- Mapchange to aim_map --------
L 11/12/2013 - 15:26:03: [mapchooser4.amxx] Found 55 maps in maps folder
L 11/12/2013 - 15:26:03: [amxbans_main.amxx] [AMXBans] AMXBans Gm 1.5.1 is online, date: 20:31 07.03.2011
L 11/12/2013 - 15:26:04: [amxbans_main.amxx] [AMXBans] No Reasons found in Database. Static reasons were loaded instead.
L 11/12/2013 - 15:26:09: [mapchooser4.amxx] xvars for mapchooser 4 setuped.
L 11/12/2013 - 15:49:02: [mapchooser4.amxx] Vote: Voting for the nextmap started
L 11/12/2013 - 15:49:12: [mapchooser4.amxx] Vote: Voting for the nextmap finished. The nextmap will be aim_map_deagle
L 11/12/2013 - 16:13:25: -------- Mapchange to aim_map_deagle --------
L 11/12/2013 - 16:13:25: [mapchooser4.amxx] Found 55 maps in maps folder
L 11/12/2013 - 16:13:26: [amxbans_main.amxx] [AMXBans] AMXBans Gm 1.5.1 is online, date: 20:31 07.03.2011
L 11/12/2013 - 16:13:27: [amxbans_main.amxx] [AMXBans] No Reasons found in Database. Static reasons were loaded instead.
L 11/12/2013 - 16:13:32: [mapchooser4.amxx] xvars for mapchooser 4 setuped.
L 11/12/2013 - 16:42:40: [mapchooser4.amxx] Vote: Voting for the nextmap started
L 11/12/2013 - 16:42:45: [mapchooser4.amxx] wewe chose aim_crazyjump
L 11/12/2013 - 16:42:49: [mapchooser4.amxx] Pedal w rurkach i vansach. chose aim_crazyjump
L 11/12/2013 - 16:42:50: [mapchooser4.amxx] Vote: Voting for the nextmap finished. The nextmap will be aim_crazyjump
L 11/12/2013 - 16:43:02: -------- Mapchange to aim_crazyjump --------
L 11/12/2013 - 16:43:02: [mapchooser4.amxx] Found 55 maps in maps folder
L 11/12/2013 - 16:43:04: [amxbans_main.amxx] [AMXBans] AMXBans Gm 1.5.1 is online, date: 20:31 07.03.2011
L 11/12/2013 - 16:43:04: [amxbans_main.amxx] [AMXBans] No Reasons found in Database. Static reasons were loaded instead.
L 11/12/2013 - 16:43:09: [mapchooser4.amxx] xvars for mapchooser 4 setuped.
L 11/12/2013 - 17:08:18: [mapchooser4.amxx] Vote: Voting for the nextmap started
L 11/12/2013 - 17:08:20: [mapchooser4.amxx] dylu dylu chose awp_india
L 11/12/2013 - 17:08:28: [mapchooser4.amxx] Vote: Voting for the nextmap finished. The nextmap will be awp_india
L 11/12/2013 - 17:10:27: -------- Mapchange to awp_india --------
L 11/12/2013 - 17:10:28: [mapchooser4.amxx] Found 55 maps in maps folder
L 11/12/2013 - 17:10:29: [amxbans_main.amxx] [AMXBans] AMXBans Gm 1.5.1 is online, date: 20:31 07.03.2011
L 11/12/2013 - 17:10:29: [amxbans_main.amxx] [AMXBans] No Reasons found in Database. Static reasons were loaded instead.
L 11/12/2013 - 17:10:35: [mapchooser4.amxx] xvars for mapchooser 4 setuped.
L 11/12/2013 - 17:36:58: [mapchooser4.amxx] Vote: Voting for the nextmap started
L 11/12/2013 - 17:37:01: [mapchooser4.amxx] HaHaHa chose aim_awp
L 11/12/2013 - 17:37:03: [mapchooser4.amxx] X^.^NowiGame^.^X chose aim_aztec
L 11/12/2013 - 17:37:05: [mapchooser4.amxx] Znany009 chose aim_awp
L 11/12/2013 - 17:37:08: [mapchooser4.amxx] Vote: Voting for the nextmap finished. The nextmap will be aim_awp
L 11/12/2013 - 17:39:02: -------- Mapchange to aim_awp --------
L 11/12/2013 - 17:39:03: [mapchooser4.amxx] Found 55 maps in maps folder
L 11/12/2013 - 17:39:04: [amxbans_main.amxx] [AMXBans] AMXBans Gm 1.5.1 is online, date: 20:31 07.03.2011
L 11/12/2013 - 17:39:04: [amxbans_main.amxx] [AMXBans] No Reasons found in Database. Static reasons were loaded instead.
L 11/12/2013 - 17:39:10: [mapchooser4.amxx] xvars for mapchooser 4 setuped.
L 11/12/2013 - 17:48:48: [mapchooser4.amxx] Vote: Voting for the nextmap started
L 11/12/2013 - 17:48:57: [mapchooser4.amxx] nO sOund ;D chose aim_ak-colt
L 11/12/2013 - 17:48:58: [mapchooser4.amxx] Vote: Voting for the nextmap finished. The nextmap will be aim_ak-colt
L 11/12/2013 - 17:49:05: -------- Mapchange to aim_ak-colt --------
L 11/12/2013 - 17:49:06: [mapchooser4.amxx] Found 55 maps in maps folder
L 11/12/2013 - 17:49:07: [amxbans_main.amxx] [AMXBans] AMXBans Gm 1.5.1 is online, date: 20:31 07.03.2011
L 11/12/2013 - 17:49:07: [amxbans_main.amxx] [AMXBans] No Reasons found in Database. Static reasons were loaded instead.
L 11/12/2013 - 17:49:13: [mapchooser4.amxx] xvars for mapchooser 4 setuped.
L 11/12/2013 - 18:24:51: [mapchooser4.amxx] Vote: Voting for the nextmap started
L 11/12/2013 - 18:25:01: [mapchooser4.amxx] Vote: Voting for the nextmap finished. The nextmap will be awp_space
L 11/12/2013 - 18:27:08: -------- Mapchange to awp_space --------
L 11/12/2013 - 18:27:09: [mapchooser4.amxx] Found 55 maps in maps folder
L 11/12/2013 - 18:27:10: [amxbans_main.amxx] [AMXBans] AMXBans Gm 1.5.1 is online, date: 20:31 07.03.2011
L 11/12/2013 - 18:27:10: [amxbans_main.amxx] [AMXBans] No Reasons found in Database. Static reasons were loaded instead.
L 11/12/2013 - 18:27:15: [mapchooser4.amxx] xvars for mapchooser 4 setuped.
L 11/12/2013 - 18:50:09: [mapchooser4.amxx] Vote: Voting for the nextmap started
L 11/12/2013 - 18:50:19: [mapchooser4.amxx] Vote: Voting for the nextmap finished. The nextmap will be awp_india
L 11/12/2013 - 19:05:10: -------- Mapchange to awp_india --------
L 11/12/2013 - 19:05:10: [mapchooser4.amxx] Found 55 maps in maps folder
L 11/12/2013 - 19:05:11: [amxbans_main.amxx] [AMXBans] AMXBans Gm 1.5.1 is online, date: 20:31 07.03.2011
L 11/12/2013 - 19:05:11: [amxbans_main.amxx] [AMXBans] No Reasons found in Database. Static reasons were loaded instead.
L 11/12/2013 - 19:05:17: [mapchooser4.amxx] xvars for mapchooser 4 setuped.
L 11/12/2013 - 19:20:40: [mapchooser4.amxx] Vote: Voting for the nextmap started
L 11/12/2013 - 19:20:44: [mapchooser4.amxx] Pawel Inzynier chose awp_ruins
L 11/12/2013 - 19:20:50: [mapchooser4.amxx] Vote: Voting for the nextmap finished. The nextmap will be awp_ruins
L 11/12/2013 - 19:37:34: -------- Mapchange to de_dust2 --------
L 11/12/2013 - 19:37:34: [mapchooser4.amxx] Found 55 maps in maps folder
L 11/12/2013 - 19:37:36: [amxbans_main.amxx] [AMXBans] AMXBans Gm 1.5.1 is online, date: 20:31 07.03.2011
L 11/12/2013 - 19:37:36: [amxbans_main.amxx] [AMXBans] No Reasons found in Database. Static reasons were loaded instead.
L 11/12/2013 - 19:37:42: [mapchooser4.amxx] xvars for mapchooser 4 setuped.
L 11/12/2013 - 20:05:06: [mapchooser4.amxx] Vote: Voting for the nextmap started
L 11/12/2013 - 20:05:16: [mapchooser4.amxx] Vote: Voting for the nextmap finished. The nextmap will be aim_ak47
L 11/12/2013 - 20:07:09: -------- Mapchange to aim_ak47 --------
L 11/12/2013 - 20:07:09: [mapchooser4.amxx] Found 55 maps in maps folder
L 11/12/2013 - 20:07:10: [amxbans_main.amxx] [AMXBans] AMXBans Gm 1.5.1 is online, date: 20:31 07.03.2011
L 11/12/2013 - 20:07:10: [amxbans_main.amxx] [AMXBans] No Reasons found in Database. Static reasons were loaded instead.
L 11/12/2013 - 20:07:16: [mapchooser4.amxx] xvars for mapchooser 4 setuped.
L 11/12/2013 - 20:30:09: [mapchooser4.amxx] Vote: Voting for the nextmap started
L 11/12/2013 - 20:30:19: [mapchooser4.amxx] Vote: Voting for the nextmap finished. The nextmap will be aim_ak-colt
L 11/12/2013 - 20:36:42: -------- Mapchange to aim_ak-colt --------
L 11/12/2013 - 20:36:42: [mapchooser4.amxx] Found 55 maps in maps folder
L 11/12/2013 - 20:36:43: [amxbans_main.amxx] [AMXBans] AMXBans Gm 1.5.1 is online, date: 20:31 07.03.2011
L 11/12/2013 - 20:36:43: [amxbans_main.amxx] [AMXBans] No Reasons found in Database. Static reasons were loaded instead.
L 11/12/2013 - 20:36:49: [mapchooser4.amxx] xvars for mapchooser 4 setuped.
L 11/12/2013 - 20:36:54: [amxbans_core.amxx] Login: "entue.<6><STEAM_0:0:47839522><>" became an admin (account "STEAM_0:0:47839522") (access "cdefijlmu") (address "176.97.49.133") (nick "Grosiu [Aim/Awp]") (static 0)
L 11/12/2013 - 20:59:42: [mapchooser4.amxx] Vote: Voting for the nextmap started
L 11/12/2013 - 20:59:52: [mapchooser4.amxx] Vote: Voting for the nextmap finished. The nextmap will be aim_awp
L 11/12/2013 - 21:06:14: -------- Mapchange to aim_awp --------
L 11/12/2013 - 21:06:15: [mapchooser4.amxx] Found 55 maps in maps folder
L 11/12/2013 - 21:06:15: [amxbans_main.amxx] [AMXBans] AMXBans Gm 1.5.1 is online, date: 20:31 07.03.2011
L 11/12/2013 - 21:06:15: [amxbans_main.amxx] [AMXBans] No Reasons found in Database. Static reasons were loaded instead.
L 11/12/2013 - 21:06:21: [mapchooser4.amxx] xvars for mapchooser 4 setuped.
L 11/12/2013 - 21:30:19: [AFK_DZ.amxx] lo[S]u + Music zostal wywalony za bycie AFK przez 90 sekund
L 11/12/2013 - 21:30:34: [AFK_DZ.amxx] Unbelievable zostal wywalony za bycie AFK przez 90 sekund
L 11/12/2013 - 22:03:29: [mapchooser4.amxx] Vote: Voting for the nextmap started
L 11/12/2013 - 22:03:39: [mapchooser4.amxx] Vote: Voting for the nextmap finished. The nextmap will be aim_aztec
L 11/12/2013 - 22:05:44: -------- Mapchange to aim_aztec --------
L 11/12/2013 - 22:05:44: [mapchooser4.amxx] Found 55 maps in maps folder
L 11/12/2013 - 22:05:45: [amxbans_main.amxx] [AMXBans] AMXBans Gm 1.5.1 is online, date: 20:31 07.03.2011
L 11/12/2013 - 22:05:45: [amxbans_main.amxx] [AMXBans] No Reasons found in Database. Static reasons were loaded instead.
L 11/12/2013 - 22:05:51: [mapchooser4.amxx] xvars for mapchooser 4 setuped.
L 11/12/2013 - 22:28:44: [mapchooser4.amxx] Vote: Voting for the nextmap started
L 11/12/2013 - 22:28:54: [mapchooser4.amxx] Vote: Voting for the nextmap finished. The nextmap will be aim_b0n0
L 11/12/2013 - 23:05:14: -------- Mapchange to aim_b0n0 --------
L 11/12/2013 - 23:05:15: [mapchooser4.amxx] Found 55 maps in maps folder
L 11/12/2013 - 23:05:16: [amxbans_main.amxx] [AMXBans] AMXBans Gm 1.5.1 is online, date: 20:31 07.03.2011
L 11/12/2013 - 23:05:16: [amxbans_main.amxx] [AMXBans] No Reasons found in Database. Static reasons were loaded instead.
L 11/12/2013 - 23:05:22: [mapchooser4.amxx] xvars for mapchooser 4 setuped.
L 11/12/2013 - 23:53:30: [mapchooser4.amxx] Vote: Voting for the nextmap started
L 11/12/2013 - 23:53:40: [mapchooser4.amxx] Vote: Voting for the nextmap finished. The nextmap will be aim_crazyjump
L 11/12/2013 - 23:55:55: -------- Mapchange to aim_crazyjump --------
L 11/12/2013 - 23:55:56: [mapchooser4.amxx] Found 55 maps in maps folder
L 11/12/2013 - 23:55:57: [amxbans_main.amxx] [AMXBans] AMXBans Gm 1.5.1 is online, date: 20:31 07.03.2011
L 11/12/2013 - 23:55:57: [amxbans_main.amxx] [AMXBans] No Reasons found in Database. Static reasons were loaded instead.
L 11/12/2013 - 23:56:03: [mapchooser4.amxx] xvars for mapchooser 4 setuped.
