L 10/27/2013 - 10:29:27: -------- Mapchange to de_dust2 --------
L 10/27/2013 - 10:39:59: -------- Mapchange to de_dust2 --------
L 10/27/2013 - 10:41:40: -------- Mapchange to de_dust2 --------
L 10/27/2013 - 10:44:36: -------- Mapchange to de_dust2 --------
L 10/27/2013 - 11:00:21: -------- Mapchange to de_dust2 --------
L 10/27/2013 - 11:00:37: -------- Mapchange to de_dust2 --------
L 10/27/2013 - 11:23:38: [mapchooser.amxx] Vote: Voting for the nextmap started
L 10/27/2013 - 11:23:53: [mapchooser.amxx] Vote: Voting for the nextmap finished. The nextmap will be de_airstrip
L 10/27/2013 - 11:25:47: -------- Mapchange to de_airstrip --------
L 10/27/2013 - 11:48:47: [mapchooser.amxx] Vote: Voting for the nextmap started
L 10/27/2013 - 11:49:02: [mapchooser.amxx] Vote: Voting for the nextmap finished. The nextmap will be cs_havana
L 10/27/2013 - 11:50:59: -------- Mapchange to cs_havana --------
L 10/27/2013 - 19:40:52: -------- Mapchange to de_dust2 --------
L 10/27/2013 - 20:03:53: [mapchooser.amxx] Vote: Voting for the nextmap started
L 10/27/2013 - 20:04:08: [mapchooser.amxx] Vote: Voting for the nextmap finished. The nextmap will be de_airstrip
L 10/27/2013 - 20:06:02: -------- Mapchange to de_airstrip --------
L 10/27/2013 - 20:29:02: [mapchooser.amxx] Vote: Voting for the nextmap started
L 10/27/2013 - 20:29:17: [mapchooser.amxx] Vote: Voting for the nextmap finished. The nextmap will be cs_havana
L 10/27/2013 - 20:31:12: -------- Mapchange to cs_havana --------
L 10/27/2013 - 20:54:12: [mapchooser.amxx] Vote: Voting for the nextmap started
L 10/27/2013 - 20:54:27: [mapchooser.amxx] Vote: Voting for the nextmap finished. The nextmap will be de_chateau
L 10/27/2013 - 20:56:21: -------- Mapchange to de_chateau --------
L 10/27/2013 - 21:19:21: [mapchooser.amxx] Vote: Voting for the nextmap started
L 10/27/2013 - 21:19:36: [mapchooser.amxx] Vote: Voting for the nextmap finished. The nextmap will be de_aztec
L 10/27/2013 - 21:21:30: -------- Mapchange to de_aztec --------
L 10/27/2013 - 21:44:30: [mapchooser.amxx] Vote: Voting for the nextmap started
L 10/27/2013 - 21:44:45: [mapchooser.amxx] Vote: Voting for the nextmap finished. The nextmap will be as_oilrig
L 10/27/2013 - 21:46:40: -------- Mapchange to as_oilrig --------
L 10/27/2013 - 22:09:40: [mapchooser.amxx] Vote: Voting for the nextmap started
L 10/27/2013 - 22:09:55: [mapchooser.amxx] Vote: Voting for the nextmap finished. The nextmap will be cs_siege
L 10/27/2013 - 22:11:49: -------- Mapchange to cs_siege --------
L 10/27/2013 - 22:34:50: [mapchooser.amxx] Vote: Voting for the nextmap started
L 10/27/2013 - 22:35:05: [mapchooser.amxx] Vote: Voting for the nextmap finished. The nextmap will be de_cbble
L 10/27/2013 - 22:37:00: -------- Mapchange to de_cbble --------
L 10/27/2013 - 23:00:00: [mapchooser.amxx] Vote: Voting for the nextmap started
L 10/27/2013 - 23:00:15: [mapchooser.amxx] Vote: Voting for the nextmap finished. The nextmap will be de_dust
L 10/27/2013 - 23:02:10: -------- Mapchange to de_dust --------
L 10/27/2013 - 23:25:11: [mapchooser.amxx] Vote: Voting for the nextmap started
L 10/27/2013 - 23:25:26: [mapchooser.amxx] Vote: Voting for the nextmap finished. The nextmap will be cs_747
L 10/27/2013 - 23:27:21: -------- Mapchange to cs_747 --------
L 10/27/2013 - 23:50:21: [mapchooser.amxx] Vote: Voting for the nextmap started
L 10/27/2013 - 23:50:36: [mapchooser.amxx] Vote: Voting for the nextmap finished. The nextmap will be de_prodigy
L 10/27/2013 - 23:52:31: -------- Mapchange to de_prodigy --------
