L 11/13/2013 - 00:18:56: [mapchooser4.amxx] Vote: Voting for the nextmap started
L 11/13/2013 - 00:19:06: [mapchooser4.amxx] Vote: Voting for the nextmap finished. The nextmap will be aim_dgl
L 11/13/2013 - 00:46:31: -------- Mapchange to aim_dgl --------
L 11/13/2013 - 00:46:32: [mapchooser4.amxx] Found 55 maps in maps folder
L 11/13/2013 - 00:46:32: [amxbans_main.amxx] [AMXBans] AMXBans Gm 1.5.1 is online, date: 20:31 07.03.2011
L 11/13/2013 - 00:46:33: [amxbans_main.amxx] [AMXBans] No Reasons found in Database. Static reasons were loaded instead.
L 11/13/2013 - 00:46:38: [mapchooser4.amxx] xvars for mapchooser 4 setuped.
L 11/13/2013 - 01:09:31: [mapchooser4.amxx] Vote: Voting for the nextmap started
L 11/13/2013 - 01:09:41: [mapchooser4.amxx] Vote: Voting for the nextmap finished. The nextmap will be aim_famas_x
L 11/13/2013 - 01:37:06: -------- Mapchange to aim_famas_x --------
L 11/13/2013 - 01:37:07: [mapchooser4.amxx] Found 55 maps in maps folder
L 11/13/2013 - 01:37:08: [amxbans_main.amxx] [AMXBans] AMXBans Gm 1.5.1 is online, date: 20:31 07.03.2011
L 11/13/2013 - 01:37:08: [amxbans_main.amxx] [AMXBans] No Reasons found in Database. Static reasons were loaded instead.
L 11/13/2013 - 01:37:14: [mapchooser4.amxx] xvars for mapchooser 4 setuped.
L 11/13/2013 - 02:00:07: [mapchooser4.amxx] Vote: Voting for the nextmap started
L 11/13/2013 - 02:00:17: [mapchooser4.amxx] Vote: Voting for the nextmap finished. The nextmap will be aim_headshot
L 11/13/2013 - 02:27:42: -------- Mapchange to aim_headshot --------
L 11/13/2013 - 02:27:42: [mapchooser4.amxx] Found 55 maps in maps folder
L 11/13/2013 - 02:27:43: [amxbans_main.amxx] [AMXBans] AMXBans Gm 1.5.1 is online, date: 20:31 07.03.2011
L 11/13/2013 - 02:27:43: [amxbans_main.amxx] [AMXBans] No Reasons found in Database. Static reasons were loaded instead.
L 11/13/2013 - 02:27:49: [mapchooser4.amxx] xvars for mapchooser 4 setuped.
L 11/13/2013 - 02:50:42: [mapchooser4.amxx] Vote: Voting for the nextmap started
L 11/13/2013 - 02:50:52: [mapchooser4.amxx] Vote: Voting for the nextmap finished. The nextmap will be aim_killer
L 11/13/2013 - 03:18:17: -------- Mapchange to aim_killer --------
L 11/13/2013 - 03:18:17: [mapchooser4.amxx] Found 55 maps in maps folder
L 11/13/2013 - 03:18:18: [amxbans_main.amxx] [AMXBans] AMXBans Gm 1.5.1 is online, date: 20:31 07.03.2011
L 11/13/2013 - 03:18:18: [amxbans_main.amxx] [AMXBans] No Reasons found in Database. Static reasons were loaded instead.
L 11/13/2013 - 03:18:24: [mapchooser4.amxx] xvars for mapchooser 4 setuped.
L 11/13/2013 - 03:41:17: [mapchooser4.amxx] Vote: Voting for the nextmap started
L 11/13/2013 - 03:41:27: [mapchooser4.amxx] Vote: Voting for the nextmap finished. The nextmap will be aim_map
L 11/13/2013 - 04:08:52: -------- Mapchange to aim_map --------
L 11/13/2013 - 04:08:53: [mapchooser4.amxx] Found 55 maps in maps folder
L 11/13/2013 - 04:08:54: [amxbans_main.amxx] [AMXBans] AMXBans Gm 1.5.1 is online, date: 20:31 07.03.2011
L 11/13/2013 - 04:08:54: [amxbans_main.amxx] [AMXBans] No Reasons found in Database. Static reasons were loaded instead.
L 11/13/2013 - 04:09:00: [mapchooser4.amxx] xvars for mapchooser 4 setuped.
L 11/13/2013 - 04:31:53: [mapchooser4.amxx] Vote: Voting for the nextmap started
L 11/13/2013 - 04:32:03: [mapchooser4.amxx] Vote: Voting for the nextmap finished. The nextmap will be aim_map_deagle
L 11/13/2013 - 04:59:28: -------- Mapchange to aim_map_deagle --------
L 11/13/2013 - 04:59:30: [mapchooser4.amxx] Found 55 maps in maps folder
L 11/13/2013 - 04:59:30: [amxbans_main.amxx] [AMXBans] AMXBans Gm 1.5.1 is online, date: 20:31 07.03.2011
L 11/13/2013 - 04:59:31: [amxbans_main.amxx] [AMXBans] No Reasons found in Database. Static reasons were loaded instead.
L 11/13/2013 - 04:59:36: [mapchooser4.amxx] xvars for mapchooser 4 setuped.
L 11/13/2013 - 05:22:29: [mapchooser4.amxx] Vote: Voting for the nextmap started
L 11/13/2013 - 05:22:39: [mapchooser4.amxx] Vote: Voting for the nextmap finished. The nextmap will be aim_map_usp
L 11/13/2013 - 05:50:04: -------- Mapchange to aim_map_usp --------
L 11/13/2013 - 05:50:05: [mapchooser4.amxx] Found 55 maps in maps folder
L 11/13/2013 - 05:50:06: [amxbans_main.amxx] [AMXBans] AMXBans Gm 1.5.1 is online, date: 20:31 07.03.2011
L 11/13/2013 - 05:50:06: [amxbans_main.amxx] [AMXBans] No Reasons found in Database. Static reasons were loaded instead.
L 11/13/2013 - 05:50:12: [mapchooser4.amxx] xvars for mapchooser 4 setuped.
L 11/13/2013 - 06:13:06: [mapchooser4.amxx] Vote: Voting for the nextmap started
L 11/13/2013 - 06:13:16: [mapchooser4.amxx] Vote: Voting for the nextmap finished. The nextmap will be aim_map2
L 11/13/2013 - 06:40:41: -------- Mapchange to aim_map2 --------
L 11/13/2013 - 06:40:41: [mapchooser4.amxx] Found 55 maps in maps folder
L 11/13/2013 - 06:40:42: [amxbans_main.amxx] [AMXBans] AMXBans Gm 1.5.1 is online, date: 20:31 07.03.2011
L 11/13/2013 - 06:40:42: [amxbans_main.amxx] [AMXBans] No Reasons found in Database. Static reasons were loaded instead.
L 11/13/2013 - 06:40:48: [mapchooser4.amxx] xvars for mapchooser 4 setuped.
L 11/13/2013 - 07:03:41: [mapchooser4.amxx] Vote: Voting for the nextmap started
L 11/13/2013 - 07:03:51: [mapchooser4.amxx] Vote: Voting for the nextmap finished. The nextmap will be aim_mp5_reflex
L 11/13/2013 - 07:31:16: -------- Mapchange to aim_mp5_reflex --------
L 11/13/2013 - 07:31:16: [mapchooser4.amxx] Found 55 maps in maps folder
L 11/13/2013 - 07:31:17: [amxbans_main.amxx] [AMXBans] AMXBans Gm 1.5.1 is online, date: 20:31 07.03.2011
L 11/13/2013 - 07:31:17: [amxbans_main.amxx] [AMXBans] No Reasons found in Database. Static reasons were loaded instead.
L 11/13/2013 - 07:31:23: [mapchooser4.amxx] xvars for mapchooser 4 setuped.
L 11/13/2013 - 07:54:16: [mapchooser4.amxx] Vote: Voting for the nextmap started
L 11/13/2013 - 07:54:26: [mapchooser4.amxx] Vote: Voting for the nextmap finished. The nextmap will be aim_taliban
L 11/13/2013 - 08:21:52: -------- Mapchange to aim_taliban --------
L 11/13/2013 - 08:21:53: [mapchooser4.amxx] Found 55 maps in maps folder
L 11/13/2013 - 08:21:54: [amxbans_main.amxx] [AMXBans] AMXBans Gm 1.5.1 is online, date: 20:31 07.03.2011
L 11/13/2013 - 08:21:54: [amxbans_main.amxx] [AMXBans] No Reasons found in Database. Static reasons were loaded instead.
L 11/13/2013 - 08:22:00: [mapchooser4.amxx] xvars for mapchooser 4 setuped.
L 11/13/2013 - 08:44:53: [mapchooser4.amxx] Vote: Voting for the nextmap started
L 11/13/2013 - 08:45:03: [mapchooser4.amxx] Vote: Voting for the nextmap finished. The nextmap will be awp_space
L 11/13/2013 - 09:12:28: -------- Mapchange to awp_space --------
L 11/13/2013 - 09:12:29: [mapchooser4.amxx] Found 55 maps in maps folder
L 11/13/2013 - 09:12:30: [amxbans_main.amxx] [AMXBans] AMXBans Gm 1.5.1 is online, date: 20:31 07.03.2011
L 11/13/2013 - 09:12:30: [amxbans_main.amxx] [AMXBans] No Reasons found in Database. Static reasons were loaded instead.
L 11/13/2013 - 09:12:36: [mapchooser4.amxx] xvars for mapchooser 4 setuped.
L 11/13/2013 - 09:35:29: [mapchooser4.amxx] Vote: Voting for the nextmap started
L 11/13/2013 - 09:35:39: [mapchooser4.amxx] Vote: Voting for the nextmap finished. The nextmap will be awp_india
L 11/13/2013 - 10:03:04: -------- Mapchange to awp_india --------
L 11/13/2013 - 10:03:04: [mapchooser4.amxx] Found 55 maps in maps folder
L 11/13/2013 - 10:03:05: [amxbans_main.amxx] [AMXBans] AMXBans Gm 1.5.1 is online, date: 20:31 07.03.2011
L 11/13/2013 - 10:03:05: [amxbans_main.amxx] [AMXBans] No Reasons found in Database. Static reasons were loaded instead.
L 11/13/2013 - 10:03:11: [mapchooser4.amxx] xvars for mapchooser 4 setuped.
L 11/13/2013 - 10:26:04: [mapchooser4.amxx] Vote: Voting for the nextmap started
L 11/13/2013 - 10:26:14: [mapchooser4.amxx] Vote: Voting for the nextmap finished. The nextmap will be awp_metro
L 11/13/2013 - 10:53:39: -------- Mapchange to awp_metro --------
L 11/13/2013 - 10:53:40: [mapchooser4.amxx] Found 55 maps in maps folder
L 11/13/2013 - 10:53:41: [amxbans_main.amxx] [AMXBans] AMXBans Gm 1.5.1 is online, date: 20:31 07.03.2011
L 11/13/2013 - 10:53:41: [amxbans_main.amxx] [AMXBans] No Reasons found in Database. Static reasons were loaded instead.
L 11/13/2013 - 10:53:47: [mapchooser4.amxx] xvars for mapchooser 4 setuped.
L 11/13/2013 - 11:16:40: [mapchooser4.amxx] Vote: Voting for the nextmap started
L 11/13/2013 - 11:16:50: [mapchooser4.amxx] Vote: Voting for the nextmap finished. The nextmap will be awp_snowfun
L 11/13/2013 - 11:44:16: -------- Mapchange to awp_snowfun --------
L 11/13/2013 - 11:44:17: [mapchooser4.amxx] Found 55 maps in maps folder
L 11/13/2013 - 11:44:17: [amxbans_main.amxx] [AMXBans] AMXBans Gm 1.5.1 is online, date: 20:31 07.03.2011
L 11/13/2013 - 11:44:18: [amxbans_main.amxx] [AMXBans] No Reasons found in Database. Static reasons were loaded instead.
L 11/13/2013 - 11:44:23: [mapchooser4.amxx] xvars for mapchooser 4 setuped.
L 11/13/2013 - 12:07:16: [mapchooser4.amxx] Vote: Voting for the nextmap started
L 11/13/2013 - 12:07:26: [mapchooser4.amxx] Vote: Voting for the nextmap finished. The nextmap will be awp_ruins
