L 10/29/2013 - 00:19:35: [mapchooser.amxx] Vote: Voting for the nextmap started
L 10/29/2013 - 00:19:50: [mapchooser.amxx] Vote: Voting for the nextmap finished. The nextmap will be de_prodigy
L 10/29/2013 - 00:21:44: -------- Mapchange to de_prodigy --------
L 10/29/2013 - 00:44:44: [mapchooser.amxx] Vote: Voting for the nextmap started
L 10/29/2013 - 00:44:59: [mapchooser.amxx] Vote: Voting for the nextmap finished. The nextmap will be cs_assault
L 10/29/2013 - 00:46:54: -------- Mapchange to cs_assault --------
L 10/29/2013 - 01:09:54: [mapchooser.amxx] Vote: Voting for the nextmap started
L 10/29/2013 - 01:10:09: [mapchooser.amxx] Vote: Voting for the nextmap finished. The nextmap will be cs_office
L 10/29/2013 - 01:12:04: -------- Mapchange to cs_office --------
L 10/29/2013 - 01:35:04: [mapchooser.amxx] Vote: Voting for the nextmap started
L 10/29/2013 - 01:35:19: [mapchooser.amxx] Vote: Voting for the nextmap finished. The nextmap will be cs_italy
L 10/29/2013 - 01:37:15: -------- Mapchange to cs_italy --------
L 10/29/2013 - 02:00:15: [mapchooser.amxx] Vote: Voting for the nextmap started
L 10/29/2013 - 02:00:30: [mapchooser.amxx] Vote: Voting for the nextmap finished. The nextmap will be cs_backalley
L 10/29/2013 - 02:02:25: -------- Mapchange to cs_backalley --------
L 10/29/2013 - 02:25:25: [mapchooser.amxx] Vote: Voting for the nextmap started
L 10/29/2013 - 02:25:40: [mapchooser.amxx] Vote: Voting for the nextmap finished. The nextmap will be cs_militia
L 10/29/2013 - 02:27:35: -------- Mapchange to cs_militia --------
L 10/29/2013 - 02:50:35: [mapchooser.amxx] Vote: Voting for the nextmap started
L 10/29/2013 - 02:50:50: [mapchooser.amxx] Vote: Voting for the nextmap finished. The nextmap will be de_train
L 10/29/2013 - 02:52:45: -------- Mapchange to de_train --------
L 10/29/2013 - 03:15:45: [mapchooser.amxx] Vote: Voting for the nextmap started
L 10/29/2013 - 03:16:00: [mapchooser.amxx] Vote: Voting for the nextmap finished. The nextmap will be de_airstrip
L 10/29/2013 - 03:17:54: -------- Mapchange to de_airstrip --------
L 10/29/2013 - 03:40:54: [mapchooser.amxx] Vote: Voting for the nextmap started
L 10/29/2013 - 03:41:09: [mapchooser.amxx] Vote: Voting for the nextmap finished. The nextmap will be cs_havana
L 10/29/2013 - 03:43:06: -------- Mapchange to cs_havana --------
L 10/29/2013 - 04:06:08: [mapchooser.amxx] Vote: Voting for the nextmap started
L 10/29/2013 - 04:06:23: [mapchooser.amxx] Vote: Voting for the nextmap finished. The nextmap will be de_chateau
L 10/29/2013 - 04:08:18: -------- Mapchange to de_chateau --------
L 10/29/2013 - 04:31:18: [mapchooser.amxx] Vote: Voting for the nextmap started
L 10/29/2013 - 04:31:33: [mapchooser.amxx] Vote: Voting for the nextmap finished. The nextmap will be de_aztec
L 10/29/2013 - 04:33:27: -------- Mapchange to de_aztec --------
L 10/29/2013 - 04:56:28: [mapchooser.amxx] Vote: Voting for the nextmap started
L 10/29/2013 - 04:56:43: [mapchooser.amxx] Vote: Voting for the nextmap finished. The nextmap will be as_oilrig
L 10/29/2013 - 04:58:37: -------- Mapchange to as_oilrig --------
L 10/29/2013 - 05:21:38: [mapchooser.amxx] Vote: Voting for the nextmap started
L 10/29/2013 - 05:21:53: [mapchooser.amxx] Vote: Voting for the nextmap finished. The nextmap will be cs_siege
L 10/29/2013 - 05:23:47: -------- Mapchange to cs_siege --------
L 10/29/2013 - 05:46:47: [mapchooser.amxx] Vote: Voting for the nextmap started
L 10/29/2013 - 05:47:02: [mapchooser.amxx] Vote: Voting for the nextmap finished. The nextmap will be de_cbble
L 10/29/2013 - 05:48:58: -------- Mapchange to de_cbble --------
L 10/29/2013 - 06:11:58: [mapchooser.amxx] Vote: Voting for the nextmap started
L 10/29/2013 - 06:12:13: [mapchooser.amxx] Vote: Voting for the nextmap finished. The nextmap will be de_dust
L 10/29/2013 - 06:14:07: -------- Mapchange to de_dust --------
L 10/29/2013 - 06:37:07: [mapchooser.amxx] Vote: Voting for the nextmap started
L 10/29/2013 - 06:37:22: [mapchooser.amxx] Vote: Voting for the nextmap finished. The nextmap will be cs_747
L 10/29/2013 - 06:39:17: -------- Mapchange to cs_747 --------
L 10/29/2013 - 07:02:18: [mapchooser.amxx] Vote: Voting for the nextmap started
L 10/29/2013 - 07:02:33: [mapchooser.amxx] Vote: Voting for the nextmap finished. The nextmap will be de_prodigy
L 10/29/2013 - 07:04:27: -------- Mapchange to de_prodigy --------
L 10/29/2013 - 07:27:27: [mapchooser.amxx] Vote: Voting for the nextmap started
L 10/29/2013 - 07:27:42: [mapchooser.amxx] Vote: Voting for the nextmap finished. The nextmap will be cs_assault
L 10/29/2013 - 07:29:37: -------- Mapchange to cs_assault --------
L 10/29/2013 - 07:52:37: [mapchooser.amxx] Vote: Voting for the nextmap started
L 10/29/2013 - 07:52:52: [mapchooser.amxx] Vote: Voting for the nextmap finished. The nextmap will be cs_office
L 10/29/2013 - 07:54:47: -------- Mapchange to cs_office --------
L 10/29/2013 - 08:17:47: [mapchooser.amxx] Vote: Voting for the nextmap started
L 10/29/2013 - 08:18:02: [mapchooser.amxx] Vote: Voting for the nextmap finished. The nextmap will be cs_italy
L 10/29/2013 - 08:19:56: -------- Mapchange to cs_italy --------
L 10/29/2013 - 08:42:57: [mapchooser.amxx] Vote: Voting for the nextmap started
L 10/29/2013 - 08:43:12: [mapchooser.amxx] Vote: Voting for the nextmap finished. The nextmap will be cs_backalley
L 10/29/2013 - 08:45:06: -------- Mapchange to cs_backalley --------
L 10/29/2013 - 09:08:06: [mapchooser.amxx] Vote: Voting for the nextmap started
L 10/29/2013 - 09:08:21: [mapchooser.amxx] Vote: Voting for the nextmap finished. The nextmap will be cs_militia
L 10/29/2013 - 09:10:18: -------- Mapchange to cs_militia --------
L 10/29/2013 - 09:33:18: [mapchooser.amxx] Vote: Voting for the nextmap started
L 10/29/2013 - 09:33:33: [mapchooser.amxx] Vote: Voting for the nextmap finished. The nextmap will be de_train
L 10/29/2013 - 09:35:29: -------- Mapchange to de_train --------
L 10/29/2013 - 09:58:33: [mapchooser.amxx] Vote: Voting for the nextmap started
L 10/29/2013 - 09:58:48: [mapchooser.amxx] Vote: Voting for the nextmap finished. The nextmap will be de_airstrip
L 10/29/2013 - 10:00:43: -------- Mapchange to de_airstrip --------
L 10/29/2013 - 10:23:44: [mapchooser.amxx] Vote: Voting for the nextmap started
L 10/29/2013 - 10:23:59: [mapchooser.amxx] Vote: Voting for the nextmap finished. The nextmap will be cs_havana
L 10/29/2013 - 10:25:56: -------- Mapchange to cs_havana --------
