L 11/03/2013 - 00:02:12: [mapchooser4.amxx] Vote: Voting for the nextmap started
L 11/03/2013 - 00:02:22: [mapchooser4.amxx] Vote: Voting for the nextmap finished. The nextmap will be aim_taliban
L 11/03/2013 - 00:17:43: -------- Mapchange to aim_taliban --------
L 11/03/2013 - 00:17:49: [mapchooser4.amxx] Found 55 maps in maps folder
L 11/03/2013 - 00:17:49: [amxbans_main.amxx] [AMXBans] AMXBans Gm 1.5.1 is online, date: 20:31 07.03.2011
L 11/03/2013 - 00:17:49: [amxbans_main.amxx] [AMXBans] No Reasons found in Database. Static reasons were loaded instead.
L 11/03/2013 - 00:17:55: [mapchooser4.amxx] xvars for mapchooser 4 setuped.
L 11/03/2013 - 00:40:48: [mapchooser4.amxx] Vote: Voting for the nextmap started
L 11/03/2013 - 00:40:58: [mapchooser4.amxx] Vote: Voting for the nextmap finished. The nextmap will be awp_space
L 11/03/2013 - 00:56:20: -------- Mapchange to awp_space --------
L 11/03/2013 - 00:56:24: [mapchooser4.amxx] Found 55 maps in maps folder
L 11/03/2013 - 00:56:25: [amxbans_main.amxx] [AMXBans] AMXBans Gm 1.5.1 is online, date: 20:31 07.03.2011
L 11/03/2013 - 00:56:25: [amxbans_main.amxx] [AMXBans] No Reasons found in Database. Static reasons were loaded instead.
L 11/03/2013 - 00:56:30: [mapchooser4.amxx] xvars for mapchooser 4 setuped.
L 11/03/2013 - 01:19:25: [mapchooser4.amxx] Vote: Voting for the nextmap started
L 11/03/2013 - 01:19:35: [mapchooser4.amxx] Vote: Voting for the nextmap finished. The nextmap will be awp_india
L 11/03/2013 - 01:34:58: -------- Mapchange to awp_india --------
L 11/03/2013 - 01:35:06: [mapchooser4.amxx] Found 55 maps in maps folder
L 11/03/2013 - 01:35:07: [amxbans_main.amxx] [AMXBans] AMXBans Gm 1.5.1 is online, date: 20:31 07.03.2011
L 11/03/2013 - 01:35:07: [amxbans_main.amxx] [AMXBans] No Reasons found in Database. Static reasons were loaded instead.
L 11/03/2013 - 01:35:13: [mapchooser4.amxx] xvars for mapchooser 4 setuped.
L 11/03/2013 - 01:58:06: [mapchooser4.amxx] Vote: Voting for the nextmap started
L 11/03/2013 - 01:58:16: [mapchooser4.amxx] Vote: Voting for the nextmap finished. The nextmap will be awp_metro
L 11/03/2013 - 02:13:37: -------- Mapchange to awp_metro --------
L 11/03/2013 - 02:13:42: [mapchooser4.amxx] Found 55 maps in maps folder
L 11/03/2013 - 02:13:44: [amxbans_main.amxx] [AMXBans] AMXBans Gm 1.5.1 is online, date: 20:31 07.03.2011
L 11/03/2013 - 02:13:44: [amxbans_main.amxx] [AMXBans] No Reasons found in Database. Static reasons were loaded instead.
L 11/03/2013 - 02:13:50: [mapchooser4.amxx] xvars for mapchooser 4 setuped.
L 11/03/2013 - 02:36:43: [mapchooser4.amxx] Vote: Voting for the nextmap started
L 11/03/2013 - 02:36:53: [mapchooser4.amxx] Vote: Voting for the nextmap finished. The nextmap will be awp_snowfun
L 11/03/2013 - 02:52:15: -------- Mapchange to awp_snowfun --------
L 11/03/2013 - 02:52:22: [mapchooser4.amxx] Found 55 maps in maps folder
L 11/03/2013 - 02:52:23: [amxbans_main.amxx] [AMXBans] AMXBans Gm 1.5.1 is online, date: 20:31 07.03.2011
L 11/03/2013 - 02:52:23: [amxbans_main.amxx] [AMXBans] No Reasons found in Database. Static reasons were loaded instead.
L 11/03/2013 - 02:52:29: [mapchooser4.amxx] xvars for mapchooser 4 setuped.
L 11/03/2013 - 03:15:22: [mapchooser4.amxx] Vote: Voting for the nextmap started
L 11/03/2013 - 03:15:32: [mapchooser4.amxx] Vote: Voting for the nextmap finished. The nextmap will be awp_ruins
L 11/03/2013 - 08:09:20: -------- Mapchange to de_dust2 --------
L 11/03/2013 - 08:09:21: [AMXX] Plugin "amxbans_main.amxx" failed to load: Module/Library "fakemeta" required for plugin.  Check modules.ini.
L 11/03/2013 - 08:09:21: [AMXX] Plugin "amxbans_core.amxx" failed to load: Module/Library Class "sqlx" required for plugin.  Check modules.ini.
L 11/03/2013 - 08:09:21: [AMXX] Plugin "ReasonKicker.amxx" failed to load: Module/Library "cstrike" required for plugin.  Check modules.ini.
L 11/03/2013 - 08:09:21: [AMXX] Plugin "statsx.amxx" failed to load: Module/Library Class "xstats" required for plugin.  Check modules.ini.
L 11/03/2013 - 08:09:21: [AMXX] Plugin "hsonly.amxx" failed to load: Module/Library "fakemeta" required for plugin.  Check modules.ini.
L 11/03/2013 - 08:09:21: [AMXX] Plugin "ptb.amxx" failed to load: Module/Library "cstrike" required for plugin.  Check modules.ini.
L 11/03/2013 - 08:09:21: [AMXX] Plugin "spawn_protection_pl.amxx" failed to load: Module/Library "fun" required for plugin.  Check modules.ini.
L 11/03/2013 - 08:09:21: [AMXX] Plugin "admin_spec_esp.amxx" failed to load: Module/Library "engine" required for plugin.  Check modules.ini.
L 11/03/2013 - 08:09:21: [AMXX] Plugin "admin_gag.amxx" failed to load: Module/Library "engine" required for plugin.  Check modules.ini.
L 11/03/2013 - 08:09:21: [AMXX] Plugin "adminlisten.amxx" failed to load: Module/Library "engine" required for plugin.  Check modules.ini.
L 11/03/2013 - 08:09:21: [AMXX] Plugin "amxbans_freeze.amxx" failed to load: Module/Library "fakemeta" required for plugin.  Check modules.ini.
L 11/03/2013 - 08:09:21: [AMXX] Plugin "amxbans_ssban.amxx" failed to load: Module/Library "fakemeta" required for plugin.  Check modules.ini.
L 11/03/2013 - 08:09:22: [mapchooser4.amxx] Found 55 maps in maps folder
L 11/03/2013 - 08:09:31: [mapchooser4.amxx] xvars for mapchooser 4 setuped.
L 11/03/2013 - 08:09:53: -------- Mapchange to aim_map --------
L 11/03/2013 - 08:09:53: [AMXX] Plugin "amxbans_main.amxx" failed to load: Module/Library "fakemeta" required for plugin.  Check modules.ini.
L 11/03/2013 - 08:09:53: [AMXX] Plugin "amxbans_core.amxx" failed to load: Module/Library Class "sqlx" required for plugin.  Check modules.ini.
L 11/03/2013 - 08:09:53: [AMXX] Plugin "ReasonKicker.amxx" failed to load: Module/Library "cstrike" required for plugin.  Check modules.ini.
L 11/03/2013 - 08:09:53: [AMXX] Plugin "statsx.amxx" failed to load: Module/Library Class "xstats" required for plugin.  Check modules.ini.
L 11/03/2013 - 08:09:53: [AMXX] Plugin "hsonly.amxx" failed to load: Module/Library "fakemeta" required for plugin.  Check modules.ini.
L 11/03/2013 - 08:09:53: [AMXX] Plugin "ptb.amxx" failed to load: Module/Library "cstrike" required for plugin.  Check modules.ini.
L 11/03/2013 - 08:09:53: [AMXX] Plugin "spawn_protection_pl.amxx" failed to load: Module/Library "fun" required for plugin.  Check modules.ini.
L 11/03/2013 - 08:09:53: [AMXX] Plugin "admin_spec_esp.amxx" failed to load: Module/Library "engine" required for plugin.  Check modules.ini.
L 11/03/2013 - 08:09:53: [AMXX] Plugin "admin_gag.amxx" failed to load: Module/Library "engine" required for plugin.  Check modules.ini.
L 11/03/2013 - 08:09:53: [AMXX] Plugin "adminlisten.amxx" failed to load: Module/Library "engine" required for plugin.  Check modules.ini.
L 11/03/2013 - 08:09:53: [AMXX] Plugin "amxbans_freeze.amxx" failed to load: Module/Library "fakemeta" required for plugin.  Check modules.ini.
L 11/03/2013 - 08:09:53: [AMXX] Plugin "amxbans_ssban.amxx" failed to load: Module/Library "fakemeta" required for plugin.  Check modules.ini.
L 11/03/2013 - 08:09:53: [mapchooser4.amxx] Found 55 maps in maps folder
L 11/03/2013 - 08:10:00: [mapchooser4.amxx] xvars for mapchooser 4 setuped.
L 11/03/2013 - 08:32:53: [mapchooser4.amxx] Vote: Voting for the nextmap started
L 11/03/2013 - 08:33:13: [mapchooser4.amxx] Vote: Voting for the nextmap finished. The nextmap will be aim_ak-colt
L 11/03/2013 - 08:35:03: -------- Mapchange to aim_ak-colt --------
L 11/03/2013 - 08:35:03: [AMXX] Plugin "amxbans_main.amxx" failed to load: Module/Library "fakemeta" required for plugin.  Check modules.ini.
L 11/03/2013 - 08:35:03: [AMXX] Plugin "amxbans_core.amxx" failed to load: Module/Library Class "sqlx" required for plugin.  Check modules.ini.
L 11/03/2013 - 08:35:03: [AMXX] Plugin "ReasonKicker.amxx" failed to load: Module/Library "cstrike" required for plugin.  Check modules.ini.
L 11/03/2013 - 08:35:03: [AMXX] Plugin "statsx.amxx" failed to load: Module/Library Class "xstats" required for plugin.  Check modules.ini.
L 11/03/2013 - 08:35:03: [AMXX] Plugin "hsonly.amxx" failed to load: Module/Library "fakemeta" required for plugin.  Check modules.ini.
L 11/03/2013 - 08:35:03: [AMXX] Plugin "ptb.amxx" failed to load: Module/Library "cstrike" required for plugin.  Check modules.ini.
L 11/03/2013 - 08:35:03: [AMXX] Plugin "spawn_protection_pl.amxx" failed to load: Module/Library "fun" required for plugin.  Check modules.ini.
L 11/03/2013 - 08:35:03: [AMXX] Plugin "admin_spec_esp.amxx" failed to load: Module/Library "engine" required for plugin.  Check modules.ini.
L 11/03/2013 - 08:35:03: [AMXX] Plugin "admin_gag.amxx" failed to load: Module/Library "engine" required for plugin.  Check modules.ini.
L 11/03/2013 - 08:35:03: [AMXX] Plugin "adminlisten.amxx" failed to load: Module/Library "engine" required for plugin.  Check modules.ini.
L 11/03/2013 - 08:35:03: [AMXX] Plugin "amxbans_freeze.amxx" failed to load: Module/Library "fakemeta" required for plugin.  Check modules.ini.
L 11/03/2013 - 08:35:03: [AMXX] Plugin "amxbans_ssban.amxx" failed to load: Module/Library "fakemeta" required for plugin.  Check modules.ini.
L 11/03/2013 - 08:35:04: [mapchooser4.amxx] Found 55 maps in maps folder
L 11/03/2013 - 08:35:11: [mapchooser4.amxx] xvars for mapchooser 4 setuped.
L 11/03/2013 - 09:06:04: [mapchooser4.amxx] Vote: Voting for the nextmap started
L 11/03/2013 - 09:06:24: [mapchooser4.amxx] Vote: Voting for the nextmap finished. The nextmap will be aim_awp
L 11/03/2013 - 09:08:23: -------- Mapchange to aim_awp --------
L 11/03/2013 - 09:08:23: [AMXX] Plugin "amxbans_main.amxx" failed to load: Module/Library "fakemeta" required for plugin.  Check modules.ini.
L 11/03/2013 - 09:08:23: [AMXX] Plugin "amxbans_core.amxx" failed to load: Module/Library Class "sqlx" required for plugin.  Check modules.ini.
L 11/03/2013 - 09:08:23: [AMXX] Plugin "ReasonKicker.amxx" failed to load: Module/Library "cstrike" required for plugin.  Check modules.ini.
L 11/03/2013 - 09:08:23: [AMXX] Plugin "statsx.amxx" failed to load: Module/Library Class "xstats" required for plugin.  Check modules.ini.
L 11/03/2013 - 09:08:23: [AMXX] Plugin "hsonly.amxx" failed to load: Module/Library "fakemeta" required for plugin.  Check modules.ini.
L 11/03/2013 - 09:08:23: [AMXX] Plugin "ptb.amxx" failed to load: Module/Library "cstrike" required for plugin.  Check modules.ini.
L 11/03/2013 - 09:08:23: [AMXX] Plugin "spawn_protection_pl.amxx" failed to load: Module/Library "fun" required for plugin.  Check modules.ini.
L 11/03/2013 - 09:08:23: [AMXX] Plugin "admin_spec_esp.amxx" failed to load: Module/Library "engine" required for plugin.  Check modules.ini.
L 11/03/2013 - 09:08:23: [AMXX] Plugin "admin_gag.amxx" failed to load: Module/Library "engine" required for plugin.  Check modules.ini.
L 11/03/2013 - 09:08:23: [AMXX] Plugin "adminlisten.amxx" failed to load: Module/Library "engine" required for plugin.  Check modules.ini.
L 11/03/2013 - 09:08:23: [AMXX] Plugin "amxbans_freeze.amxx" failed to load: Module/Library "fakemeta" required for plugin.  Check modules.ini.
L 11/03/2013 - 09:08:23: [AMXX] Plugin "amxbans_ssban.amxx" failed to load: Module/Library "fakemeta" required for plugin.  Check modules.ini.
L 11/03/2013 - 09:08:24: [mapchooser4.amxx] Found 55 maps in maps folder
L 11/03/2013 - 09:08:30: [mapchooser4.amxx] xvars for mapchooser 4 setuped.
L 11/03/2013 - 09:31:23: [mapchooser4.amxx] Vote: Voting for the nextmap started
L 11/03/2013 - 09:31:43: [mapchooser4.amxx] Vote: Voting for the nextmap finished. The nextmap will be aim_aztec
L 11/03/2013 - 09:41:43: -------- Mapchange to aim_aztec --------
L 11/03/2013 - 09:41:43: [AMXX] Plugin "amxbans_main.amxx" failed to load: Module/Library "fakemeta" required for plugin.  Check modules.ini.
L 11/03/2013 - 09:41:43: [AMXX] Plugin "amxbans_core.amxx" failed to load: Module/Library Class "sqlx" required for plugin.  Check modules.ini.
L 11/03/2013 - 09:41:43: [AMXX] Plugin "ReasonKicker.amxx" failed to load: Module/Library "cstrike" required for plugin.  Check modules.ini.
L 11/03/2013 - 09:41:43: [AMXX] Plugin "statsx.amxx" failed to load: Module/Library Class "xstats" required for plugin.  Check modules.ini.
L 11/03/2013 - 09:41:43: [AMXX] Plugin "hsonly.amxx" failed to load: Module/Library "fakemeta" required for plugin.  Check modules.ini.
L 11/03/2013 - 09:41:43: [AMXX] Plugin "ptb.amxx" failed to load: Module/Library "cstrike" required for plugin.  Check modules.ini.
L 11/03/2013 - 09:41:43: [AMXX] Plugin "spawn_protection_pl.amxx" failed to load: Module/Library "fun" required for plugin.  Check modules.ini.
L 11/03/2013 - 09:41:43: [AMXX] Plugin "admin_spec_esp.amxx" failed to load: Module/Library "engine" required for plugin.  Check modules.ini.
L 11/03/2013 - 09:41:43: [AMXX] Plugin "admin_gag.amxx" failed to load: Module/Library "engine" required for plugin.  Check modules.ini.
L 11/03/2013 - 09:41:43: [AMXX] Plugin "adminlisten.amxx" failed to load: Module/Library "engine" required for plugin.  Check modules.ini.
L 11/03/2013 - 09:41:43: [AMXX] Plugin "amxbans_freeze.amxx" failed to load: Module/Library "fakemeta" required for plugin.  Check modules.ini.
L 11/03/2013 - 09:41:43: [AMXX] Plugin "amxbans_ssban.amxx" failed to load: Module/Library "fakemeta" required for plugin.  Check modules.ini.
L 11/03/2013 - 09:41:44: [mapchooser4.amxx] Found 55 maps in maps folder
L 11/03/2013 - 09:41:51: [mapchooser4.amxx] xvars for mapchooser 4 setuped.
