L 10/28/2013 - 00:15:31: [mapchooser.amxx] Vote: Voting for the nextmap started
L 10/28/2013 - 00:15:46: [mapchooser.amxx] Vote: Voting for the nextmap finished. The nextmap will be cs_assault
L 10/28/2013 - 00:17:41: -------- Mapchange to cs_assault --------
L 10/28/2013 - 00:40:41: [mapchooser.amxx] Vote: Voting for the nextmap started
L 10/28/2013 - 00:40:56: [mapchooser.amxx] Vote: Voting for the nextmap finished. The nextmap will be cs_office
L 10/28/2013 - 00:42:51: -------- Mapchange to cs_office --------
L 10/28/2013 - 01:05:52: [mapchooser.amxx] Vote: Voting for the nextmap started
L 10/28/2013 - 01:06:07: [mapchooser.amxx] Vote: Voting for the nextmap finished. The nextmap will be cs_italy
L 10/28/2013 - 01:08:01: -------- Mapchange to cs_italy --------
L 10/28/2013 - 01:31:02: [mapchooser.amxx] Vote: Voting for the nextmap started
L 10/28/2013 - 01:31:17: [mapchooser.amxx] Vote: Voting for the nextmap finished. The nextmap will be cs_backalley
L 10/28/2013 - 01:33:12: -------- Mapchange to cs_backalley --------
L 10/28/2013 - 01:56:13: [mapchooser.amxx] Vote: Voting for the nextmap started
L 10/28/2013 - 01:56:28: [mapchooser.amxx] Vote: Voting for the nextmap finished. The nextmap will be cs_militia
L 10/28/2013 - 01:58:23: -------- Mapchange to cs_militia --------
L 10/28/2013 - 02:21:23: [mapchooser.amxx] Vote: Voting for the nextmap started
L 10/28/2013 - 02:21:38: [mapchooser.amxx] Vote: Voting for the nextmap finished. The nextmap will be de_train
L 10/28/2013 - 02:23:33: -------- Mapchange to de_train --------
L 10/28/2013 - 02:46:33: [mapchooser.amxx] Vote: Voting for the nextmap started
L 10/28/2013 - 02:46:48: [mapchooser.amxx] Vote: Voting for the nextmap finished. The nextmap will be de_airstrip
L 10/28/2013 - 02:48:43: -------- Mapchange to de_airstrip --------
L 10/28/2013 - 03:11:43: [mapchooser.amxx] Vote: Voting for the nextmap started
L 10/28/2013 - 03:11:58: [mapchooser.amxx] Vote: Voting for the nextmap finished. The nextmap will be cs_havana
L 10/28/2013 - 03:13:54: -------- Mapchange to cs_havana --------
L 10/28/2013 - 03:36:54: [mapchooser.amxx] Vote: Voting for the nextmap started
L 10/28/2013 - 03:37:09: [mapchooser.amxx] Vote: Voting for the nextmap finished. The nextmap will be de_chateau
L 10/28/2013 - 03:39:07: -------- Mapchange to de_chateau --------
L 10/28/2013 - 04:02:08: [mapchooser.amxx] Vote: Voting for the nextmap started
L 10/28/2013 - 04:02:23: [mapchooser.amxx] Vote: Voting for the nextmap finished. The nextmap will be de_aztec
L 10/28/2013 - 04:04:17: -------- Mapchange to de_aztec --------
L 10/28/2013 - 04:27:17: [mapchooser.amxx] Vote: Voting for the nextmap started
L 10/28/2013 - 04:27:32: [mapchooser.amxx] Vote: Voting for the nextmap finished. The nextmap will be as_oilrig
L 10/28/2013 - 04:29:27: -------- Mapchange to as_oilrig --------
L 10/28/2013 - 04:52:27: [mapchooser.amxx] Vote: Voting for the nextmap started
L 10/28/2013 - 04:52:42: [mapchooser.amxx] Vote: Voting for the nextmap finished. The nextmap will be cs_siege
L 10/28/2013 - 04:54:36: -------- Mapchange to cs_siege --------
L 10/28/2013 - 05:17:36: [mapchooser.amxx] Vote: Voting for the nextmap started
L 10/28/2013 - 05:17:51: [mapchooser.amxx] Vote: Voting for the nextmap finished. The nextmap will be de_cbble
L 10/28/2013 - 05:19:46: -------- Mapchange to de_cbble --------
L 10/28/2013 - 05:42:46: [mapchooser.amxx] Vote: Voting for the nextmap started
L 10/28/2013 - 05:43:01: [mapchooser.amxx] Vote: Voting for the nextmap finished. The nextmap will be de_dust
L 10/28/2013 - 05:44:55: -------- Mapchange to de_dust --------
L 10/28/2013 - 06:07:56: [mapchooser.amxx] Vote: Voting for the nextmap started
L 10/28/2013 - 06:08:11: [mapchooser.amxx] Vote: Voting for the nextmap finished. The nextmap will be cs_747
L 10/28/2013 - 06:10:06: -------- Mapchange to cs_747 --------
L 10/28/2013 - 06:33:06: [mapchooser.amxx] Vote: Voting for the nextmap started
L 10/28/2013 - 06:33:21: [mapchooser.amxx] Vote: Voting for the nextmap finished. The nextmap will be de_prodigy
L 10/28/2013 - 06:35:16: -------- Mapchange to de_prodigy --------
L 10/28/2013 - 06:58:16: [mapchooser.amxx] Vote: Voting for the nextmap started
L 10/28/2013 - 06:58:31: [mapchooser.amxx] Vote: Voting for the nextmap finished. The nextmap will be cs_assault
L 10/28/2013 - 07:00:26: -------- Mapchange to cs_assault --------
L 10/28/2013 - 07:23:26: [mapchooser.amxx] Vote: Voting for the nextmap started
L 10/28/2013 - 07:23:41: [mapchooser.amxx] Vote: Voting for the nextmap finished. The nextmap will be cs_office
L 10/28/2013 - 07:25:35: -------- Mapchange to cs_office --------
L 10/28/2013 - 07:48:35: [mapchooser.amxx] Vote: Voting for the nextmap started
L 10/28/2013 - 07:48:50: [mapchooser.amxx] Vote: Voting for the nextmap finished. The nextmap will be cs_italy
L 10/28/2013 - 07:50:45: -------- Mapchange to cs_italy --------
L 10/28/2013 - 08:13:45: [mapchooser.amxx] Vote: Voting for the nextmap started
L 10/28/2013 - 08:14:00: [mapchooser.amxx] Vote: Voting for the nextmap finished. The nextmap will be cs_backalley
L 10/28/2013 - 08:15:55: -------- Mapchange to cs_backalley --------
L 10/28/2013 - 08:38:55: [mapchooser.amxx] Vote: Voting for the nextmap started
L 10/28/2013 - 08:39:10: [mapchooser.amxx] Vote: Voting for the nextmap finished. The nextmap will be cs_militia
L 10/28/2013 - 08:41:05: -------- Mapchange to cs_militia --------
L 10/28/2013 - 09:04:05: [mapchooser.amxx] Vote: Voting for the nextmap started
L 10/28/2013 - 09:04:20: [mapchooser.amxx] Vote: Voting for the nextmap finished. The nextmap will be de_train
L 10/28/2013 - 09:06:15: -------- Mapchange to de_train --------
L 10/28/2013 - 09:29:15: [mapchooser.amxx] Vote: Voting for the nextmap started
L 10/28/2013 - 09:29:30: [mapchooser.amxx] Vote: Voting for the nextmap finished. The nextmap will be de_airstrip
L 10/28/2013 - 09:31:24: -------- Mapchange to de_airstrip --------
L 10/28/2013 - 09:54:25: [mapchooser.amxx] Vote: Voting for the nextmap started
L 10/28/2013 - 09:54:40: [mapchooser.amxx] Vote: Voting for the nextmap finished. The nextmap will be cs_havana
L 10/28/2013 - 09:56:35: -------- Mapchange to cs_havana --------
L 10/28/2013 - 10:19:35: [mapchooser.amxx] Vote: Voting for the nextmap started
L 10/28/2013 - 10:19:50: [mapchooser.amxx] Vote: Voting for the nextmap finished. The nextmap will be de_chateau
L 10/28/2013 - 10:21:45: -------- Mapchange to de_chateau --------
L 10/28/2013 - 10:44:46: [mapchooser.amxx] Vote: Voting for the nextmap started
L 10/28/2013 - 10:45:01: [mapchooser.amxx] Vote: Voting for the nextmap finished. The nextmap will be de_aztec
L 10/28/2013 - 10:46:55: -------- Mapchange to de_aztec --------
L 10/28/2013 - 11:09:56: [mapchooser.amxx] Vote: Voting for the nextmap started
L 10/28/2013 - 11:10:11: [mapchooser.amxx] Vote: Voting for the nextmap finished. The nextmap will be as_oilrig
L 10/28/2013 - 11:12:05: -------- Mapchange to as_oilrig --------
L 10/28/2013 - 11:35:05: [mapchooser.amxx] Vote: Voting for the nextmap started
L 10/28/2013 - 11:35:20: [mapchooser.amxx] Vote: Voting for the nextmap finished. The nextmap will be cs_siege
L 10/28/2013 - 11:37:14: -------- Mapchange to cs_siege --------
L 10/28/2013 - 12:00:15: [mapchooser.amxx] Vote: Voting for the nextmap started
L 10/28/2013 - 12:00:30: [mapchooser.amxx] Vote: Voting for the nextmap finished. The nextmap will be de_cbble
L 10/28/2013 - 12:02:26: -------- Mapchange to de_cbble --------
L 10/28/2013 - 12:25:27: [mapchooser.amxx] Vote: Voting for the nextmap started
L 10/28/2013 - 12:25:42: [mapchooser.amxx] Vote: Voting for the nextmap finished. The nextmap will be de_dust
L 10/28/2013 - 12:27:36: -------- Mapchange to de_dust --------
L 10/28/2013 - 12:50:36: [mapchooser.amxx] Vote: Voting for the nextmap started
L 10/28/2013 - 12:50:51: [mapchooser.amxx] Vote: Voting for the nextmap finished. The nextmap will be cs_747
L 10/28/2013 - 12:52:46: -------- Mapchange to cs_747 --------
L 10/28/2013 - 13:15:46: [mapchooser.amxx] Vote: Voting for the nextmap started
L 10/28/2013 - 13:16:01: [mapchooser.amxx] Vote: Voting for the nextmap finished. The nextmap will be de_prodigy
L 10/28/2013 - 13:17:56: -------- Mapchange to de_prodigy --------
L 10/28/2013 - 13:40:56: [mapchooser.amxx] Vote: Voting for the nextmap started
L 10/28/2013 - 13:41:11: [mapchooser.amxx] Vote: Voting for the nextmap finished. The nextmap will be cs_assault
L 10/28/2013 - 13:43:06: -------- Mapchange to cs_assault --------
L 10/28/2013 - 14:06:06: [mapchooser.amxx] Vote: Voting for the nextmap started
L 10/28/2013 - 14:06:21: [mapchooser.amxx] Vote: Voting for the nextmap finished. The nextmap will be cs_office
L 10/28/2013 - 14:08:16: -------- Mapchange to cs_office --------
L 10/28/2013 - 14:31:16: [mapchooser.amxx] Vote: Voting for the nextmap started
L 10/28/2013 - 14:31:31: [mapchooser.amxx] Vote: Voting for the nextmap finished. The nextmap will be cs_italy
L 10/28/2013 - 14:33:25: -------- Mapchange to cs_italy --------
L 10/28/2013 - 14:56:26: [mapchooser.amxx] Vote: Voting for the nextmap started
L 10/28/2013 - 14:56:41: [mapchooser.amxx] Vote: Voting for the nextmap finished. The nextmap will be cs_backalley
L 10/28/2013 - 14:58:35: -------- Mapchange to cs_backalley --------
L 10/28/2013 - 15:21:35: [mapchooser.amxx] Vote: Voting for the nextmap started
L 10/28/2013 - 15:21:50: [mapchooser.amxx] Vote: Voting for the nextmap finished. The nextmap will be cs_militia
L 10/28/2013 - 15:23:45: -------- Mapchange to cs_militia --------
L 10/28/2013 - 15:46:45: [mapchooser.amxx] Vote: Voting for the nextmap started
L 10/28/2013 - 15:47:00: [mapchooser.amxx] Vote: Voting for the nextmap finished. The nextmap will be de_train
L 10/28/2013 - 15:48:55: -------- Mapchange to de_train --------
L 10/28/2013 - 16:11:55: [mapchooser.amxx] Vote: Voting for the nextmap started
L 10/28/2013 - 16:12:10: [mapchooser.amxx] Vote: Voting for the nextmap finished. The nextmap will be de_airstrip
L 10/28/2013 - 16:14:04: -------- Mapchange to de_airstrip --------
L 10/28/2013 - 16:37:04: [mapchooser.amxx] Vote: Voting for the nextmap started
L 10/28/2013 - 16:37:19: [mapchooser.amxx] Vote: Voting for the nextmap finished. The nextmap will be cs_havana
L 10/28/2013 - 16:39:14: -------- Mapchange to cs_havana --------
L 10/28/2013 - 17:02:14: [mapchooser.amxx] Vote: Voting for the nextmap started
L 10/28/2013 - 17:02:30: [mapchooser.amxx] Vote: Voting for the nextmap finished. The nextmap will be de_chateau
L 10/28/2013 - 17:04:24: -------- Mapchange to de_chateau --------
L 10/28/2013 - 17:27:24: [mapchooser.amxx] Vote: Voting for the nextmap started
L 10/28/2013 - 17:27:39: [mapchooser.amxx] Vote: Voting for the nextmap finished. The nextmap will be de_aztec
L 10/28/2013 - 17:29:33: -------- Mapchange to de_aztec --------
L 10/28/2013 - 17:52:33: [mapchooser.amxx] Vote: Voting for the nextmap started
L 10/28/2013 - 17:52:48: [mapchooser.amxx] Vote: Voting for the nextmap finished. The nextmap will be as_oilrig
L 10/28/2013 - 17:54:43: -------- Mapchange to as_oilrig --------
L 10/28/2013 - 18:17:43: [mapchooser.amxx] Vote: Voting for the nextmap started
L 10/28/2013 - 18:17:58: [mapchooser.amxx] Vote: Voting for the nextmap finished. The nextmap will be cs_siege
L 10/28/2013 - 18:19:52: -------- Mapchange to cs_siege --------
L 10/28/2013 - 18:42:53: [mapchooser.amxx] Vote: Voting for the nextmap started
L 10/28/2013 - 18:43:08: [mapchooser.amxx] Vote: Voting for the nextmap finished. The nextmap will be de_cbble
L 10/28/2013 - 18:45:02: -------- Mapchange to de_cbble --------
L 10/28/2013 - 19:08:02: [mapchooser.amxx] Vote: Voting for the nextmap started
L 10/28/2013 - 19:08:18: [mapchooser.amxx] Vote: Voting for the nextmap finished. The nextmap will be de_dust
L 10/28/2013 - 19:10:12: -------- Mapchange to de_dust --------
L 10/28/2013 - 19:33:12: [mapchooser.amxx] Vote: Voting for the nextmap started
L 10/28/2013 - 19:33:27: [mapchooser.amxx] Vote: Voting for the nextmap finished. The nextmap will be cs_747
L 10/28/2013 - 19:35:21: -------- Mapchange to cs_747 --------
L 10/28/2013 - 20:09:51: -------- Mapchange to de_dust2 --------
L 10/28/2013 - 20:10:07: -------- Mapchange to de_dust2 --------
L 10/28/2013 - 20:33:08: [mapchooser.amxx] Vote: Voting for the nextmap started
L 10/28/2013 - 20:33:23: [mapchooser.amxx] Vote: Voting for the nextmap finished. The nextmap will be de_airstrip
L 10/28/2013 - 20:35:17: -------- Mapchange to de_airstrip --------
L 10/28/2013 - 20:58:18: [mapchooser.amxx] Vote: Voting for the nextmap started
L 10/28/2013 - 20:58:33: [mapchooser.amxx] Vote: Voting for the nextmap finished. The nextmap will be cs_havana
L 10/28/2013 - 21:00:28: -------- Mapchange to cs_havana --------
L 10/28/2013 - 21:23:28: [mapchooser.amxx] Vote: Voting for the nextmap started
L 10/28/2013 - 21:23:43: [mapchooser.amxx] Vote: Voting for the nextmap finished. The nextmap will be de_chateau
L 10/28/2013 - 21:25:38: -------- Mapchange to de_chateau --------
L 10/28/2013 - 21:48:38: [mapchooser.amxx] Vote: Voting for the nextmap started
L 10/28/2013 - 21:48:53: [mapchooser.amxx] Vote: Voting for the nextmap finished. The nextmap will be de_aztec
L 10/28/2013 - 21:50:47: -------- Mapchange to de_aztec --------
L 10/28/2013 - 22:13:47: [mapchooser.amxx] Vote: Voting for the nextmap started
L 10/28/2013 - 22:14:02: [mapchooser.amxx] Vote: Voting for the nextmap finished. The nextmap will be as_oilrig
L 10/28/2013 - 22:15:57: -------- Mapchange to as_oilrig --------
L 10/28/2013 - 22:38:57: [mapchooser.amxx] Vote: Voting for the nextmap started
L 10/28/2013 - 22:39:12: [mapchooser.amxx] Vote: Voting for the nextmap finished. The nextmap will be cs_siege
L 10/28/2013 - 22:41:06: -------- Mapchange to cs_siege --------
L 10/28/2013 - 23:04:06: [mapchooser.amxx] Vote: Voting for the nextmap started
L 10/28/2013 - 23:04:21: [mapchooser.amxx] Vote: Voting for the nextmap finished. The nextmap will be de_cbble
L 10/28/2013 - 23:06:16: -------- Mapchange to de_cbble --------
L 10/28/2013 - 23:29:16: [mapchooser.amxx] Vote: Voting for the nextmap started
L 10/28/2013 - 23:29:31: [mapchooser.amxx] Vote: Voting for the nextmap finished. The nextmap will be de_dust
L 10/28/2013 - 23:31:25: -------- Mapchange to de_dust --------
L 10/28/2013 - 23:54:25: [mapchooser.amxx] Vote: Voting for the nextmap started
L 10/28/2013 - 23:54:40: [mapchooser.amxx] Vote: Voting for the nextmap finished. The nextmap will be cs_747
L 10/28/2013 - 23:56:34: -------- Mapchange to cs_747 --------
