L 11/11/2013 - 00:16:07: [mapchooser4.amxx] Vote: Voting for the nextmap started
L 11/11/2013 - 00:16:17: [mapchooser4.amxx] Vote: Voting for the nextmap finished. The nextmap will be aim_headshot
L 11/11/2013 - 00:18:12: -------- Mapchange to aim_headshot --------
L 11/11/2013 - 00:18:13: [mapchooser4.amxx] Found 55 maps in maps folder
L 11/11/2013 - 00:18:14: [amxbans_main.amxx] [AMXBans] AMXBans Gm 1.5.1 is online, date: 20:31 07.03.2011
L 11/11/2013 - 00:18:14: [amxbans_main.amxx] [AMXBans] No Reasons found in Database. Static reasons were loaded instead.
L 11/11/2013 - 00:18:19: [mapchooser4.amxx] xvars for mapchooser 4 setuped.
L 11/11/2013 - 00:43:28: [mapchooser4.amxx] Vote: Voting for the nextmap started
L 11/11/2013 - 00:43:38: [mapchooser4.amxx] Vote: Voting for the nextmap finished. The nextmap will be aim_killer
L 11/11/2013 - 00:45:35: -------- Mapchange to aim_killer --------
L 11/11/2013 - 00:45:36: [mapchooser4.amxx] Found 55 maps in maps folder
L 11/11/2013 - 00:45:36: [amxbans_main.amxx] [AMXBans] AMXBans Gm 1.5.1 is online, date: 20:31 07.03.2011
L 11/11/2013 - 00:45:37: [amxbans_main.amxx] [AMXBans] No Reasons found in Database. Static reasons were loaded instead.
L 11/11/2013 - 00:45:42: [mapchooser4.amxx] xvars for mapchooser 4 setuped.
L 11/11/2013 - 01:08:35: [mapchooser4.amxx] Vote: Voting for the nextmap started
L 11/11/2013 - 01:08:45: [mapchooser4.amxx] Vote: Voting for the nextmap finished. The nextmap will be aim_map
L 11/11/2013 - 01:12:58: -------- Mapchange to aim_map --------
L 11/11/2013 - 01:12:58: [mapchooser4.amxx] Found 55 maps in maps folder
L 11/11/2013 - 01:12:59: [amxbans_main.amxx] [AMXBans] AMXBans Gm 1.5.1 is online, date: 20:31 07.03.2011
L 11/11/2013 - 01:12:59: [amxbans_main.amxx] [AMXBans] No Reasons found in Database. Static reasons were loaded instead.
L 11/11/2013 - 01:13:05: [mapchooser4.amxx] xvars for mapchooser 4 setuped.
L 11/11/2013 - 01:35:58: [mapchooser4.amxx] Vote: Voting for the nextmap started
L 11/11/2013 - 01:36:08: [mapchooser4.amxx] Vote: Voting for the nextmap finished. The nextmap will be aim_map_deagle
L 11/11/2013 - 01:40:21: -------- Mapchange to aim_map_deagle --------
L 11/11/2013 - 01:40:22: [mapchooser4.amxx] Found 55 maps in maps folder
L 11/11/2013 - 01:40:22: [amxbans_main.amxx] [AMXBans] AMXBans Gm 1.5.1 is online, date: 20:31 07.03.2011
L 11/11/2013 - 01:40:22: [amxbans_main.amxx] [AMXBans] No Reasons found in Database. Static reasons were loaded instead.
L 11/11/2013 - 01:40:28: [mapchooser4.amxx] xvars for mapchooser 4 setuped.
L 11/11/2013 - 02:03:21: [mapchooser4.amxx] Vote: Voting for the nextmap started
L 11/11/2013 - 02:03:31: [mapchooser4.amxx] Vote: Voting for the nextmap finished. The nextmap will be aim_map_usp
L 11/11/2013 - 02:07:44: -------- Mapchange to aim_map_usp --------
L 11/11/2013 - 02:07:44: [mapchooser4.amxx] Found 55 maps in maps folder
L 11/11/2013 - 02:07:45: [amxbans_main.amxx] [AMXBans] AMXBans Gm 1.5.1 is online, date: 20:31 07.03.2011
L 11/11/2013 - 02:07:45: [amxbans_main.amxx] [AMXBans] No Reasons found in Database. Static reasons were loaded instead.
L 11/11/2013 - 02:07:51: [mapchooser4.amxx] xvars for mapchooser 4 setuped.
L 11/11/2013 - 02:30:44: [mapchooser4.amxx] Vote: Voting for the nextmap started
L 11/11/2013 - 02:30:54: [mapchooser4.amxx] Vote: Voting for the nextmap finished. The nextmap will be aim_map2
L 11/11/2013 - 02:35:07: -------- Mapchange to aim_map2 --------
L 11/11/2013 - 02:35:07: [mapchooser4.amxx] Found 55 maps in maps folder
L 11/11/2013 - 02:35:08: [amxbans_main.amxx] [AMXBans] AMXBans Gm 1.5.1 is online, date: 20:31 07.03.2011
L 11/11/2013 - 02:35:08: [amxbans_main.amxx] [AMXBans] No Reasons found in Database. Static reasons were loaded instead.
L 11/11/2013 - 02:35:14: [mapchooser4.amxx] xvars for mapchooser 4 setuped.
L 11/11/2013 - 02:58:37: [mapchooser4.amxx] Vote: Voting for the nextmap started
L 11/11/2013 - 02:58:47: [mapchooser4.amxx] Vote: Voting for the nextmap finished. The nextmap will be aim_mp5_reflex
L 11/11/2013 - 03:00:46: -------- Mapchange to aim_mp5_reflex --------
L 11/11/2013 - 03:00:48: [mapchooser4.amxx] Found 55 maps in maps folder
L 11/11/2013 - 03:00:49: [amxbans_main.amxx] [AMXBans] AMXBans Gm 1.5.1 is online, date: 20:31 07.03.2011
L 11/11/2013 - 03:00:49: [amxbans_main.amxx] [AMXBans] No Reasons found in Database. Static reasons were loaded instead.
L 11/11/2013 - 03:00:55: [mapchooser4.amxx] xvars for mapchooser 4 setuped.
L 11/11/2013 - 03:23:48: [mapchooser4.amxx] Vote: Voting for the nextmap started
L 11/11/2013 - 03:23:58: [mapchooser4.amxx] Vote: Voting for the nextmap finished. The nextmap will be aim_taliban
L 11/11/2013 - 03:26:27: -------- Mapchange to aim_taliban --------
L 11/11/2013 - 03:26:28: [mapchooser4.amxx] Found 55 maps in maps folder
L 11/11/2013 - 03:26:29: [amxbans_main.amxx] [AMXBans] AMXBans Gm 1.5.1 is online, date: 20:31 07.03.2011
L 11/11/2013 - 03:26:29: [amxbans_main.amxx] [AMXBans] No Reasons found in Database. Static reasons were loaded instead.
L 11/11/2013 - 03:26:35: [mapchooser4.amxx] xvars for mapchooser 4 setuped.
L 11/11/2013 - 03:49:28: [mapchooser4.amxx] Vote: Voting for the nextmap started
L 11/11/2013 - 03:49:38: [mapchooser4.amxx] Vote: Voting for the nextmap finished. The nextmap will be awp_space
L 11/11/2013 - 03:52:07: -------- Mapchange to awp_space --------
L 11/11/2013 - 03:52:08: [mapchooser4.amxx] Found 55 maps in maps folder
L 11/11/2013 - 03:52:09: [amxbans_main.amxx] [AMXBans] AMXBans Gm 1.5.1 is online, date: 20:31 07.03.2011
L 11/11/2013 - 03:52:09: [amxbans_main.amxx] [AMXBans] No Reasons found in Database. Static reasons were loaded instead.
L 11/11/2013 - 03:52:15: [mapchooser4.amxx] xvars for mapchooser 4 setuped.
L 11/11/2013 - 04:15:08: [mapchooser4.amxx] Vote: Voting for the nextmap started
L 11/11/2013 - 04:15:18: [mapchooser4.amxx] Vote: Voting for the nextmap finished. The nextmap will be awp_india
L 11/11/2013 - 04:17:47: -------- Mapchange to awp_india --------
L 11/11/2013 - 04:17:47: [mapchooser4.amxx] Found 55 maps in maps folder
L 11/11/2013 - 04:17:48: [amxbans_main.amxx] [AMXBans] AMXBans Gm 1.5.1 is online, date: 20:31 07.03.2011
L 11/11/2013 - 04:17:48: [amxbans_main.amxx] [AMXBans] No Reasons found in Database. Static reasons were loaded instead.
L 11/11/2013 - 04:17:54: [mapchooser4.amxx] xvars for mapchooser 4 setuped.
L 11/11/2013 - 04:40:47: [mapchooser4.amxx] Vote: Voting for the nextmap started
L 11/11/2013 - 04:40:57: [mapchooser4.amxx] Vote: Voting for the nextmap finished. The nextmap will be awp_metro
L 11/11/2013 - 04:43:27: -------- Mapchange to awp_metro --------
L 11/11/2013 - 04:43:27: [mapchooser4.amxx] Found 55 maps in maps folder
L 11/11/2013 - 04:43:28: [amxbans_main.amxx] [AMXBans] AMXBans Gm 1.5.1 is online, date: 20:31 07.03.2011
L 11/11/2013 - 04:43:28: [amxbans_main.amxx] [AMXBans] No Reasons found in Database. Static reasons were loaded instead.
L 11/11/2013 - 04:43:34: [mapchooser4.amxx] xvars for mapchooser 4 setuped.
L 11/11/2013 - 05:06:27: [mapchooser4.amxx] Vote: Voting for the nextmap started
L 11/11/2013 - 05:06:37: [mapchooser4.amxx] Vote: Voting for the nextmap finished. The nextmap will be awp_snowfun
L 11/11/2013 - 05:09:06: -------- Mapchange to awp_snowfun --------
L 11/11/2013 - 05:09:07: [mapchooser4.amxx] Found 55 maps in maps folder
L 11/11/2013 - 05:09:07: [amxbans_main.amxx] [AMXBans] AMXBans Gm 1.5.1 is online, date: 20:31 07.03.2011
L 11/11/2013 - 05:09:08: [amxbans_main.amxx] [AMXBans] No Reasons found in Database. Static reasons were loaded instead.
L 11/11/2013 - 05:09:13: [mapchooser4.amxx] xvars for mapchooser 4 setuped.
L 11/11/2013 - 05:32:06: [mapchooser4.amxx] Vote: Voting for the nextmap started
L 11/11/2013 - 05:32:16: [mapchooser4.amxx] Vote: Voting for the nextmap finished. The nextmap will be awp_ruins
L 11/11/2013 - 08:36:38: -------- Mapchange to de_dust2 --------
L 11/11/2013 - 08:36:40: [mapchooser4.amxx] Found 55 maps in maps folder
L 11/11/2013 - 08:36:43: [amxbans_main.amxx] [AMXBans] AMXBans Gm 1.5.1 is online, date: 20:31 07.03.2011
L 11/11/2013 - 08:36:43: [amxbans_main.amxx] [AMXBans] No Reasons found in Database. Static reasons were loaded instead.
L 11/11/2013 - 08:36:49: [mapchooser4.amxx] xvars for mapchooser 4 setuped.
L 11/11/2013 - 08:59:42: [mapchooser4.amxx] Vote: Voting for the nextmap started
L 11/11/2013 - 08:59:52: [mapchooser4.amxx] Vote: Voting for the nextmap finished. The nextmap will be aim_ak47
L 11/11/2013 - 09:01:52: -------- Mapchange to aim_ak47 --------
L 11/11/2013 - 09:01:52: [mapchooser4.amxx] Found 55 maps in maps folder
L 11/11/2013 - 09:01:53: [amxbans_main.amxx] [AMXBans] AMXBans Gm 1.5.1 is online, date: 20:31 07.03.2011
L 11/11/2013 - 09:01:53: [amxbans_main.amxx] [AMXBans] No Reasons found in Database. Static reasons were loaded instead.
L 11/11/2013 - 09:01:59: [mapchooser4.amxx] xvars for mapchooser 4 setuped.
L 11/11/2013 - 09:51:17: [std_admin_color_chat.amxx] ADMINS amx_chat, From: "entue.<4><STEAM_0:0:47839522><>" Message: "e"
L 11/11/2013 - 10:09:22: [mapchooser4.amxx] Vote: Voting for the nextmap started
L 11/11/2013 - 10:09:23: [mapchooser4.amxx] hom3r chose aim_map_deagle
L 11/11/2013 - 10:09:24: [mapchooser4.amxx] luur chose awp_ruins
L 11/11/2013 - 10:09:26: [mapchooser4.amxx] BIEDNA POLSKA KUHWO chose aim_map_deagle
L 11/11/2013 - 10:09:28: [mapchooser4.amxx] Nusiek>>> chose aim_killer
L 11/11/2013 - 10:09:32: [mapchooser4.amxx] Vote: Voting for the nextmap finished. The nextmap will be aim_map_deagle
L 11/11/2013 - 10:10:47: [AFK_DZ.amxx] US insider zostal wywalony za bycie AFK przez 90 sekund
L 11/11/2013 - 10:11:27: -------- Mapchange to aim_map_deagle --------
L 11/11/2013 - 10:11:28: [mapchooser4.amxx] Found 55 maps in maps folder
L 11/11/2013 - 10:11:29: [amxbans_main.amxx] [AMXBans] AMXBans Gm 1.5.1 is online, date: 20:31 07.03.2011
L 11/11/2013 - 10:11:30: [amxbans_main.amxx] [AMXBans] No Reasons found in Database. Static reasons were loaded instead.
L 11/11/2013 - 10:11:35: [mapchooser4.amxx] xvars for mapchooser 4 setuped.
L 11/11/2013 - 10:34:28: [mapchooser4.amxx] Vote: Voting for the nextmap started
L 11/11/2013 - 10:34:38: [mapchooser4.amxx] Vote: Voting for the nextmap finished. The nextmap will be aim_awp
L 11/11/2013 - 10:36:48: -------- Mapchange to aim_awp --------
L 11/11/2013 - 10:36:49: [mapchooser4.amxx] Found 55 maps in maps folder
L 11/11/2013 - 10:36:50: [amxbans_main.amxx] [AMXBans] AMXBans Gm 1.5.1 is online, date: 20:31 07.03.2011
L 11/11/2013 - 10:36:50: [amxbans_main.amxx] [AMXBans] No Reasons found in Database. Static reasons were loaded instead.
L 11/11/2013 - 10:36:56: [mapchooser4.amxx] xvars for mapchooser 4 setuped.
L 11/11/2013 - 10:59:49: [mapchooser4.amxx] Vote: Voting for the nextmap started
L 11/11/2013 - 10:59:59: [mapchooser4.amxx] Vote: Voting for the nextmap finished. The nextmap will be aim_aztec
L 11/11/2013 - 11:02:11: -------- Mapchange to aim_aztec --------
L 11/11/2013 - 11:02:12: [mapchooser4.amxx] Found 55 maps in maps folder
L 11/11/2013 - 11:02:12: [amxbans_main.amxx] [AMXBans] AMXBans Gm 1.5.1 is online, date: 20:31 07.03.2011
L 11/11/2013 - 11:02:13: [amxbans_main.amxx] [AMXBans] No Reasons found in Database. Static reasons were loaded instead.
L 11/11/2013 - 11:02:18: [mapchooser4.amxx] xvars for mapchooser 4 setuped.
L 11/11/2013 - 11:25:11: [mapchooser4.amxx] Vote: Voting for the nextmap started
L 11/11/2013 - 11:25:21: [mapchooser4.amxx] Vote: Voting for the nextmap finished. The nextmap will be aim_b0n0
L 11/11/2013 - 11:27:32: -------- Mapchange to aim_b0n0 --------
L 11/11/2013 - 11:27:33: [mapchooser4.amxx] Found 55 maps in maps folder
L 11/11/2013 - 11:27:33: [amxbans_main.amxx] [AMXBans] AMXBans Gm 1.5.1 is online, date: 20:31 07.03.2011
L 11/11/2013 - 11:27:34: [amxbans_main.amxx] [AMXBans] No Reasons found in Database. Static reasons were loaded instead.
L 11/11/2013 - 11:27:39: [mapchooser4.amxx] xvars for mapchooser 4 setuped.
L 11/11/2013 - 12:01:47: [mapchooser4.amxx] Vote: Voting for the nextmap started
L 11/11/2013 - 12:01:57: [mapchooser4.amxx] Vote: Voting for the nextmap finished. The nextmap will be aim_crazyjump
L 11/11/2013 - 12:03:57: -------- Mapchange to aim_crazyjump --------
L 11/11/2013 - 12:03:58: [mapchooser4.amxx] Found 55 maps in maps folder
L 11/11/2013 - 12:03:58: [amxbans_main.amxx] [AMXBans] AMXBans Gm 1.5.1 is online, date: 20:31 07.03.2011
L 11/11/2013 - 12:03:59: [amxbans_main.amxx] [AMXBans] No Reasons found in Database. Static reasons were loaded instead.
L 11/11/2013 - 12:04:04: [mapchooser4.amxx] xvars for mapchooser 4 setuped.
L 11/11/2013 - 12:26:57: [mapchooser4.amxx] Vote: Voting for the nextmap started
L 11/11/2013 - 12:27:07: [mapchooser4.amxx] Vote: Voting for the nextmap finished. The nextmap will be aim_dgl
L 11/11/2013 - 12:35:19: [std_admin_color_chat.amxx] ADMINS amx_chat, From: "entue.<1><STEAM_0:0:47839522><>" Message: "e"
L 11/11/2013 - 12:35:50: [amxbans_core.amxx] Login: "entue.<70><STEAM_0:0:47839522><>" became an admin (account "STEAM_0:0:47839522") (access "cdefijlmu") (address "176.97.49.133") (nick "Grosiu [Aim/Awp]") (static 0)
L 11/11/2013 - 12:40:22: -------- Mapchange to aim_dgl --------
L 11/11/2013 - 12:40:23: [mapchooser4.amxx] Found 55 maps in maps folder
L 11/11/2013 - 12:40:23: [amxbans_main.amxx] [AMXBans] AMXBans Gm 1.5.1 is online, date: 20:31 07.03.2011
L 11/11/2013 - 12:40:24: [amxbans_main.amxx] [AMXBans] No Reasons found in Database. Static reasons were loaded instead.
L 11/11/2013 - 12:40:29: [mapchooser4.amxx] xvars for mapchooser 4 setuped.
L 11/11/2013 - 13:19:52: [mapchooser4.amxx] Vote: Voting for the nextmap started
L 11/11/2013 - 13:20:02: [mapchooser4.amxx] Vote: Voting for the nextmap finished. The nextmap will be aim_famas_x
L 11/11/2013 - 13:22:08: -------- Mapchange to aim_famas_x --------
L 11/11/2013 - 13:22:08: [mapchooser4.amxx] Found 55 maps in maps folder
L 11/11/2013 - 13:22:09: [amxbans_main.amxx] [AMXBans] AMXBans Gm 1.5.1 is online, date: 20:31 07.03.2011
L 11/11/2013 - 13:22:09: [amxbans_main.amxx] [AMXBans] No Reasons found in Database. Static reasons were loaded instead.
L 11/11/2013 - 13:22:15: [mapchooser4.amxx] xvars for mapchooser 4 setuped.
L 11/11/2013 - 13:45:08: [mapchooser4.amxx] Vote: Voting for the nextmap started
L 11/11/2013 - 13:45:18: [mapchooser4.amxx] Vote: Voting for the nextmap finished. The nextmap will be aim_headshot
L 11/11/2013 - 14:44:38: [mapchooser4.amxx] Vote: Voting for the nextmap started
L 11/11/2013 - 14:44:40: [mapchooser4.amxx] Ciach#4 chose awp_india
L 11/11/2013 - 14:44:42: [mapchooser4.amxx] Czarodziej Wroclawski chose aim_ak47
L 11/11/2013 - 14:44:45: [mapchooser4.amxx] PanKrokodyl chose aim_ak47
L 11/11/2013 - 14:44:45: [mapchooser4.amxx] TraWka chose aim_ak47
L 11/11/2013 - 14:44:46: [mapchooser4.amxx] waldek z cargo chose aim_ak47
L 11/11/2013 - 14:44:48: [mapchooser4.amxx] Vote: Voting for the nextmap finished. The nextmap will be aim_ak47
L 11/11/2013 - 14:46:33: -------- Mapchange to aim_ak47 --------
L 11/11/2013 - 14:46:33: [mapchooser4.amxx] Found 55 maps in maps folder
L 11/11/2013 - 14:46:34: [amxbans_main.amxx] [AMXBans] AMXBans Gm 1.5.1 is online, date: 20:31 07.03.2011
L 11/11/2013 - 14:46:34: [amxbans_main.amxx] [AMXBans] No Reasons found in Database. Static reasons were loaded instead.
L 11/11/2013 - 14:46:40: [mapchooser4.amxx] xvars for mapchooser 4 setuped.
L 11/11/2013 - 15:09:48: [mapchooser4.amxx] Vote: Voting for the nextmap started
L 11/11/2013 - 15:09:58: [mapchooser4.amxx] Vote: Voting for the nextmap finished. The nextmap will be aim_killer
L 11/11/2013 - 15:11:56: -------- Mapchange to aim_killer --------
L 11/11/2013 - 15:11:56: [mapchooser4.amxx] Found 55 maps in maps folder
L 11/11/2013 - 15:11:57: [amxbans_main.amxx] [AMXBans] AMXBans Gm 1.5.1 is online, date: 20:31 07.03.2011
L 11/11/2013 - 15:11:57: [amxbans_main.amxx] [AMXBans] No Reasons found in Database. Static reasons were loaded instead.
L 11/11/2013 - 15:12:02: [mapchooser4.amxx] xvars for mapchooser 4 setuped.
L 11/11/2013 - 15:34:56: [mapchooser4.amxx] Vote: Voting for the nextmap started
L 11/11/2013 - 15:35:06: [mapchooser4.amxx] Vote: Voting for the nextmap finished. The nextmap will be aim_map
L 11/11/2013 - 15:37:19: -------- Mapchange to aim_map --------
L 11/11/2013 - 15:37:19: [mapchooser4.amxx] Found 55 maps in maps folder
L 11/11/2013 - 15:37:20: [amxbans_main.amxx] [AMXBans] AMXBans Gm 1.5.1 is online, date: 20:31 07.03.2011
L 11/11/2013 - 15:37:20: [amxbans_main.amxx] [AMXBans] No Reasons found in Database. Static reasons were loaded instead.
L 11/11/2013 - 15:37:26: [mapchooser4.amxx] xvars for mapchooser 4 setuped.
L 11/11/2013 - 16:00:19: [mapchooser4.amxx] Vote: Voting for the nextmap started
L 11/11/2013 - 16:00:29: [mapchooser4.amxx] Vote: Voting for the nextmap finished. The nextmap will be aim_map_deagle
L 11/11/2013 - 16:02:41: -------- Mapchange to aim_map_deagle --------
L 11/11/2013 - 16:02:42: [mapchooser4.amxx] Found 55 maps in maps folder
L 11/11/2013 - 16:02:42: [amxbans_main.amxx] [AMXBans] AMXBans Gm 1.5.1 is online, date: 20:31 07.03.2011
L 11/11/2013 - 16:02:43: [amxbans_main.amxx] [AMXBans] No Reasons found in Database. Static reasons were loaded instead.
L 11/11/2013 - 16:02:48: [mapchooser4.amxx] xvars for mapchooser 4 setuped.
L 11/11/2013 - 16:25:41: [mapchooser4.amxx] Vote: Voting for the nextmap started
L 11/11/2013 - 16:25:51: [mapchooser4.amxx] Vote: Voting for the nextmap finished. The nextmap will be aim_map_usp
L 11/11/2013 - 16:28:03: -------- Mapchange to aim_map_usp --------
L 11/11/2013 - 16:28:04: [mapchooser4.amxx] Found 55 maps in maps folder
L 11/11/2013 - 16:28:05: [amxbans_main.amxx] [AMXBans] AMXBans Gm 1.5.1 is online, date: 20:31 07.03.2011
L 11/11/2013 - 16:28:05: [amxbans_main.amxx] [AMXBans] No Reasons found in Database. Static reasons were loaded instead.
L 11/11/2013 - 16:28:11: [mapchooser4.amxx] xvars for mapchooser 4 setuped.
L 11/11/2013 - 16:51:04: [mapchooser4.amxx] Vote: Voting for the nextmap started
L 11/11/2013 - 16:51:14: [mapchooser4.amxx] Vote: Voting for the nextmap finished. The nextmap will be aim_map2
L 11/11/2013 - 16:53:25: -------- Mapchange to aim_map2 --------
L 11/11/2013 - 16:53:26: [mapchooser4.amxx] Found 55 maps in maps folder
L 11/11/2013 - 16:53:27: [amxbans_main.amxx] [AMXBans] AMXBans Gm 1.5.1 is online, date: 20:31 07.03.2011
L 11/11/2013 - 16:53:27: [amxbans_main.amxx] [AMXBans] No Reasons found in Database. Static reasons were loaded instead.
L 11/11/2013 - 16:53:32: [mapchooser4.amxx] xvars for mapchooser 4 setuped.
L 11/11/2013 - 17:28:40: [mapchooser4.amxx] Vote: Voting for the nextmap started
L 11/11/2013 - 17:28:51: [mapchooser4.amxx] Vote: Voting for the nextmap finished. The nextmap will be aim_mp5_reflex
L 11/11/2013 - 17:30:56: -------- Mapchange to aim_mp5_reflex --------
L 11/11/2013 - 17:30:57: [mapchooser4.amxx] Found 55 maps in maps folder
L 11/11/2013 - 17:30:58: [amxbans_main.amxx] [AMXBans] AMXBans Gm 1.5.1 is online, date: 20:31 07.03.2011
L 11/11/2013 - 17:30:58: [amxbans_main.amxx] [AMXBans] No Reasons found in Database. Static reasons were loaded instead.
L 11/11/2013 - 17:31:03: [mapchooser4.amxx] xvars for mapchooser 4 setuped.
L 11/11/2013 - 17:53:56: [mapchooser4.amxx] Vote: Voting for the nextmap started
L 11/11/2013 - 17:54:07: [mapchooser4.amxx] Vote: Voting for the nextmap finished. The nextmap will be aim_taliban
L 11/11/2013 - 18:08:27: -------- Mapchange to aim_taliban --------
L 11/11/2013 - 18:08:28: [mapchooser4.amxx] Found 55 maps in maps folder
L 11/11/2013 - 18:08:28: [amxbans_main.amxx] [AMXBans] AMXBans Gm 1.5.1 is online, date: 20:31 07.03.2011
L 11/11/2013 - 18:08:28: [amxbans_main.amxx] [AMXBans] No Reasons found in Database. Static reasons were loaded instead.
L 11/11/2013 - 18:08:34: [mapchooser4.amxx] xvars for mapchooser 4 setuped.
L 11/11/2013 - 18:31:27: [mapchooser4.amxx] Vote: Voting for the nextmap started
L 11/11/2013 - 18:31:37: [mapchooser4.amxx] Vote: Voting for the nextmap finished. The nextmap will be awp_space
L 11/11/2013 - 18:45:58: -------- Mapchange to awp_space --------
L 11/11/2013 - 18:45:58: [mapchooser4.amxx] Found 55 maps in maps folder
L 11/11/2013 - 18:45:59: [amxbans_main.amxx] [AMXBans] AMXBans Gm 1.5.1 is online, date: 20:31 07.03.2011
L 11/11/2013 - 18:45:59: [amxbans_main.amxx] [AMXBans] No Reasons found in Database. Static reasons were loaded instead.
L 11/11/2013 - 18:46:05: [mapchooser4.amxx] xvars for mapchooser 4 setuped.
L 11/11/2013 - 19:08:58: [mapchooser4.amxx] Vote: Voting for the nextmap started
L 11/11/2013 - 19:09:08: [mapchooser4.amxx] Vote: Voting for the nextmap finished. The nextmap will be awp_india
L 11/11/2013 - 19:23:29: -------- Mapchange to awp_india --------
L 11/11/2013 - 19:23:29: [mapchooser4.amxx] Found 55 maps in maps folder
L 11/11/2013 - 19:23:30: [amxbans_main.amxx] [AMXBans] AMXBans Gm 1.5.1 is online, date: 20:31 07.03.2011
L 11/11/2013 - 19:23:31: [amxbans_main.amxx] [AMXBans] No Reasons found in Database. Static reasons were loaded instead.
L 11/11/2013 - 19:23:36: [mapchooser4.amxx] xvars for mapchooser 4 setuped.
L 11/11/2013 - 20:08:30: [mapchooser4.amxx] Vote: Voting for the nextmap started
L 11/11/2013 - 20:08:40: [mapchooser4.amxx] Vote: Voting for the nextmap finished. The nextmap will be awp_metro
L 11/11/2013 - 20:10:39: -------- Mapchange to awp_metro --------
L 11/11/2013 - 20:10:47: [mapchooser4.amxx] Found 55 maps in maps folder
L 11/11/2013 - 20:10:48: [amxbans_main.amxx] [AMXBans] AMXBans Gm 1.5.1 is online, date: 20:31 07.03.2011
L 11/11/2013 - 20:10:49: [amxbans_main.amxx] [AMXBans] No Reasons found in Database. Static reasons were loaded instead.
L 11/11/2013 - 20:10:54: [mapchooser4.amxx] xvars for mapchooser 4 setuped.
L 11/11/2013 - 20:33:47: [mapchooser4.amxx] Vote: Voting for the nextmap started
L 11/11/2013 - 20:33:57: [mapchooser4.amxx] Vote: Voting for the nextmap finished. The nextmap will be awp_snowfun
L 11/11/2013 - 20:57:57: -------- Mapchange to awp_snowfun --------
L 11/11/2013 - 20:57:58: [mapchooser4.amxx] Found 55 maps in maps folder
L 11/11/2013 - 20:57:59: [amxbans_main.amxx] [AMXBans] AMXBans Gm 1.5.1 is online, date: 20:31 07.03.2011
L 11/11/2013 - 20:57:59: [amxbans_main.amxx] [AMXBans] No Reasons found in Database. Static reasons were loaded instead.
L 11/11/2013 - 20:58:05: [mapchooser4.amxx] xvars for mapchooser 4 setuped.
L 11/11/2013 - 21:20:58: [mapchooser4.amxx] Vote: Voting for the nextmap started
L 11/11/2013 - 21:21:08: [mapchooser4.amxx] Vote: Voting for the nextmap finished. The nextmap will be awp_ruins
