L 10/27/2013 - 19:57:29: Log file started (file "logs/L1027003.log") (game "cstrike") (version "48/1.1.2.6/Stdio/5787")
L 10/27/2013 - 19:57:29: Server cvar "pb_welcomemsgs" = "0"
L 10/27/2013 - 19:57:29: Server cvar "pb_usespeech" = "0"
L 10/27/2013 - 19:57:29: Server cvar "pb_minbots" = "10"
L 10/27/2013 - 19:57:29: Server cvar "pb_maxbots" = "10"
L 10/27/2013 - 19:57:29: Server cvar "pb_bot_quota_match" = "0"
L 10/27/2013 - 19:57:29: Server cvar "pb_bot_join_team" = "T"
L 10/27/2013 - 19:57:29: Server cvar "pb_timer_sound" = "0.5"
L 10/27/2013 - 19:57:29: Server cvar "pb_spray" = "0"
L 10/27/2013 - 19:57:29: Server cvar "pb_numfollowuser" = "5"
L 10/27/2013 - 19:57:29: Server cvar "pb_minbotskill" = "100"
L 10/27/2013 - 19:57:29: Server cvar "pb_maxweaponpickup" = "1"
L 10/27/2013 - 19:57:29: Server cvar "pb_autokill" = "0"
L 10/27/2013 - 19:57:29: Server cvar "pb_autokilldelay" = "45"
L 10/27/2013 - 19:57:29: Server cvar "pb_jasonmode" = "1"
L 10/27/2013 - 19:57:29: Server cvar "pb_dangerfactor" = "1250"
L 10/27/2013 - 19:57:29: Server cvar "pb_chat" = "0"
L 10/27/2013 - 19:57:29: Server cvar "pb_radio" = "0"
L 10/27/2013 - 19:57:29: Server cvar "sv_contact" = "bok@amxx.pl"
L 10/27/2013 - 19:57:29: Server cvar "sv_proxies" = "2"
L 10/27/2013 - 19:57:29: Server cvar "sv_region" = "3"
L 10/27/2013 - 19:57:29: Server cvar "sv_maxrate" = "25000"
L 10/27/2013 - 19:57:29: Server cvar "mp_logdetail" = "3"
L 10/27/2013 - 19:57:29: Server cvar "sv_logblocks" = "1"
L 10/27/2013 - 19:57:29: Server cvar "mp_autoteambalance" = "0"
L 10/27/2013 - 19:57:29: Server cvar "mp_buytime" = "0.35"
L 10/27/2013 - 19:57:29: Server cvar "mp_c4timer" = "35"
L 10/27/2013 - 19:57:29: Server cvar "mp_flashlight" = "1"
L 10/27/2013 - 19:57:29: Server cvar "mp_freezetime" = "0"
L 10/27/2013 - 19:57:29: Server cvar "mp_hostagepenalty" = "0"
L 10/27/2013 - 19:57:29: Server cvar "mp_limitteams" = "0"
L 10/27/2013 - 19:57:29: Server cvar "mp_roundtime" = "2.00"
L 10/27/2013 - 19:57:29: Server cvar "sv_maxspeed" = "320"
L 10/27/2013 - 19:57:29: Server cvar "allow_spectators" = "1"
L 10/27/2013 - 19:57:29: Server cvar "mp_autokick" = "0"
L 10/27/2013 - 19:57:29: Server cvar "mp_chattime" = "3"
L 10/27/2013 - 19:57:29: Server cvar "sv_aim" = "0"
L 10/27/2013 - 19:57:29: Server cvar "max_queries_sec" = "***PROTECTED***"
L 10/27/2013 - 19:57:29: Server cvar "max_queries_window" = "***PROTECTED***"
L 10/27/2013 - 19:57:34: "GdzieMojMozg<1><BOT><>" entered the game
L 10/27/2013 - 19:57:34: "GdzieMojMozg<1><BOT><>" joined team "TERRORIST"
L 10/27/2013 - 19:57:34: "MiszczJest1<2><BOT><>" entered the game
L 10/27/2013 - 19:57:34: "MiszczJest1<2><BOT><>" joined team "TERRORIST"
L 10/27/2013 - 19:57:35: "Urgash<3><BOT><>" entered the game
L 10/27/2013 - 19:57:35: "MamCieKotku<4><BOT><>" entered the game
L 10/27/2013 - 19:57:36: "TryAgain<5><BOT><>" entered the game
L 10/27/2013 - 19:57:36: "Drago<6><BOT><>" entered the game
L 10/27/2013 - 19:57:37: World triggered "Round_Start"
L 10/27/2013 - 19:57:37: "fatal1TY<7><BOT><>" entered the game
L 10/27/2013 - 19:57:37: "Troll<8><BOT><>" entered the game
L 10/27/2013 - 19:57:38: "Hacker<9><BOT><>" entered the game
L 10/27/2013 - 19:57:38: "Kasztan<10><BOT><>" entered the game
L 10/27/2013 - 19:59:49: Your server will be restarted on map change.
L 10/27/2013 - 20:01:46: [DPROTO]: Client 10 - Set AuthIdType 1 [dp_RevEmu]; pClient = 0xb3a0a490
L 10/27/2013 - 20:01:46: "Akira<11><STEAM_0:0:573462420><>" connected, address "82.160.22.62:27005"
L 10/27/2013 - 20:01:48: [DPROTO]: Reconnecting without previously passed bot detection; assuming that it's a bot. (WL=0.500000)
L 10/27/2013 - 20:01:48: [DPROTO]: Client 10 - Set AuthIdType 1 [dp_RevEmu]; pClient = 0xb3a0a490
L 10/27/2013 - 20:01:48: "Akira<12><STEAM_0:0:573462420><>" connected, address "82.160.22.62:27005"
L 10/27/2013 - 20:04:02: [DPROTO]: Client 10 - Set AuthIdType 1 [Native]; pClient = 0xb3a0a490
L 10/27/2013 - 20:04:02: "G3D0X<13><STEAM_0:1:28747762><>" connected, address "79.191.137.19:27005"
L 10/27/2013 - 20:04:03: "G3D0X<13><STEAM_0:1:28747762><>" STEAM USERID validated
L 10/27/2013 - 20:04:09: Your server will be restarted on map change.
L 10/27/2013 - 20:04:25: "G3D0X<13><STEAM_0:1:28747762><>" entered the game
L 10/27/2013 - 20:04:34: "G3D0X<13><STEAM_0:1:28747762><>" joined team "CT"
L 10/27/2013 - 20:04:35: World triggered "Game_Commencing"
L 10/27/2013 - 20:04:35: World triggered "Game_Commencing" (CT "0") (T "0")
L 10/27/2013 - 20:04:35: World triggered "Round_End"
L 10/27/2013 - 20:04:35: "Urgash<3><BOT><>" joined team "TERRORIST"
L 10/27/2013 - 20:04:35: "MamCieKotku<4><BOT><>" joined team "TERRORIST"
L 10/27/2013 - 20:04:35: "TryAgain<5><BOT><>" joined team "TERRORIST"
L 10/27/2013 - 20:04:35: "Drago<6><BOT><>" joined team "TERRORIST"
L 10/27/2013 - 20:04:35: "fatal1TY<7><BOT><>" joined team "TERRORIST"
L 10/27/2013 - 20:04:35: "Troll<8><BOT><>" joined team "TERRORIST"
L 10/27/2013 - 20:04:35: "Hacker<9><BOT><>" joined team "TERRORIST"
L 10/27/2013 - 20:04:35: "Kasztan<10><BOT><>" joined team "TERRORIST"
L 10/27/2013 - 20:04:38: World triggered "Round_Start"
L 10/27/2013 - 20:04:44: "G3D0X<13><STEAM_0:1:28747762><CT>" say "/noc"
L 10/27/2013 - 20:04:50: "G3D0X<13><STEAM_0:1:28747762><CT>" attacked "MamCieKotku<4><BOT><TERRORIST>" with "usp" (damage "31") (damage_armor "0") (health "69") (armor "0")
L 10/27/2013 - 20:04:51: "G3D0X<13><STEAM_0:1:28747762><CT>" attacked "MamCieKotku<4><BOT><TERRORIST>" with "usp" (damage "120") (damage_armor "0") (health "-51") (armor "0")
L 10/27/2013 - 20:04:51: "G3D0X<13><STEAM_0:1:28747762><CT>" killed "MamCieKotku<4><BOT><TERRORIST>" with "usp"
L 10/27/2013 - 20:04:53: "G3D0X<13><STEAM_0:1:28747762><CT>" attacked "GdzieMojMozg<1><BOT><TERRORIST>" with "usp" (damage "120") (damage_armor "0") (health "-20") (armor "0")
L 10/27/2013 - 20:04:53: "G3D0X<13><STEAM_0:1:28747762><CT>" killed "GdzieMojMozg<1><BOT><TERRORIST>" with "usp"
L 10/27/2013 - 20:05:01: "G3D0X<13><STEAM_0:1:28747762><CT>" attacked "MiszczJest1<2><BOT><TERRORIST>" with "usp" (damage "29") (damage_armor "0") (health "71") (armor "0")
L 10/27/2013 - 20:05:06: "G3D0X<13><STEAM_0:1:28747762><CT>" attacked "Drago<6><BOT><TERRORIST>" with "usp" (damage "27") (damage_armor "0") (health "73") (armor "0")
L 10/27/2013 - 20:05:07: "G3D0X<13><STEAM_0:1:28747762><CT>" attacked "Drago<6><BOT><TERRORIST>" with "usp" (damage "27") (damage_armor "0") (health "46") (armor "0")
L 10/27/2013 - 20:05:07: "G3D0X<13><STEAM_0:1:28747762><CT>" attacked "TryAgain<5><BOT><TERRORIST>" with "usp" (damage "27") (damage_armor "0") (health "73") (armor "0")
L 10/27/2013 - 20:05:07: "G3D0X<13><STEAM_0:1:28747762><CT>" attacked "Drago<6><BOT><TERRORIST>" with "usp" (damage "27") (damage_armor "0") (health "19") (armor "0")
L 10/27/2013 - 20:05:07: "G3D0X<13><STEAM_0:1:28747762><CT>" attacked "TryAgain<5><BOT><TERRORIST>" with "usp" (damage "108") (damage_armor "0") (health "-35") (armor "0")
L 10/27/2013 - 20:05:07: "G3D0X<13><STEAM_0:1:28747762><CT>" killed "TryAgain<5><BOT><TERRORIST>" with "usp"
L 10/27/2013 - 20:05:08: "G3D0X<13><STEAM_0:1:28747762><CT>" attacked "Drago<6><BOT><TERRORIST>" with "usp" (damage "112") (damage_armor "0") (health "-93") (armor "0")
L 10/27/2013 - 20:05:08: "G3D0X<13><STEAM_0:1:28747762><CT>" killed "Drago<6><BOT><TERRORIST>" with "usp"
L 10/27/2013 - 20:05:08: "G3D0X<13><STEAM_0:1:28747762><CT>" attacked "Kasztan<10><BOT><TERRORIST>" with "usp" (damage "112") (damage_armor "0") (health "-12") (armor "0")
L 10/27/2013 - 20:05:08: "G3D0X<13><STEAM_0:1:28747762><CT>" killed "Kasztan<10><BOT><TERRORIST>" with "usp"
L 10/27/2013 - 20:05:13: "G3D0X<13><STEAM_0:1:28747762><CT>" attacked "fatal1TY<7><BOT><TERRORIST>" with "usp" (damage "31") (damage_armor "0") (health "69") (armor "0")
L 10/27/2013 - 20:05:18: "G3D0X<13><STEAM_0:1:28747762><CT>" attacked "fatal1TY<7><BOT><TERRORIST>" with "knife" (damage "65") (damage_armor "0") (health "4") (armor "0")
L 10/27/2013 - 20:05:22: "G3D0X<13><STEAM_0:1:28747762><CT>" attacked "Troll<8><BOT><TERRORIST>" with "knife" (damage "65") (damage_armor "0") (health "35") (armor "0")
L 10/27/2013 - 20:05:23: "Troll<8><BOT><TERRORIST>" attacked "G3D0X<13><STEAM_0:1:28747762><CT>" with "knife" (damage "15") (damage_armor "0") (health "85") (armor "0")
L 10/27/2013 - 20:05:23: "Troll<8><BOT><TERRORIST>" attacked "G3D0X<13><STEAM_0:1:28747762><CT>" with "knife" (damage "15") (damage_armor "0") (health "70") (armor "0")
L 10/27/2013 - 20:05:24: "Troll<8><BOT><TERRORIST>" attacked "G3D0X<13><STEAM_0:1:28747762><CT>" with "knife" (damage "15") (damage_armor "0") (health "55") (armor "0")
L 10/27/2013 - 20:05:24: "G3D0X<13><STEAM_0:1:28747762><CT>" attacked "Troll<8><BOT><TERRORIST>" with "knife" (damage "65") (damage_armor "0") (health "-30") (armor "0")
L 10/27/2013 - 20:05:24: "G3D0X<13><STEAM_0:1:28747762><CT>" killed "Troll<8><BOT><TERRORIST>" with "knife"
L 10/27/2013 - 20:05:29: "G3D0X<13><STEAM_0:1:28747762><CT>" attacked "MiszczJest1<2><BOT><TERRORIST>" with "usp" (damage "28") (damage_armor "0") (health "43") (armor "0")
L 10/27/2013 - 20:05:31: "MiszczJest1<2><BOT><TERRORIST>" attacked "G3D0X<13><STEAM_0:1:28747762><CT>" with "knife" (damage "15") (damage_armor "0") (health "40") (armor "0")
L 10/27/2013 - 20:05:31: "MiszczJest1<2><BOT><TERRORIST>" attacked "G3D0X<13><STEAM_0:1:28747762><CT>" with "knife" (damage "60") (damage_armor "0") (health "-20") (armor "0")
L 10/27/2013 - 20:05:31: "MiszczJest1<2><BOT><TERRORIST>" killed "G3D0X<13><STEAM_0:1:28747762><CT>" with "knife"
L 10/27/2013 - 20:05:31: Team "TERRORIST" triggered "Terrorists_Win" (CT "0") (T "1")
L 10/27/2013 - 20:05:31: World triggered "Round_End"
L 10/27/2013 - 20:05:34: "G3D0X<13><STEAM_0:1:28747762><CT>" disconnected
L 10/27/2013 - 20:05:36: World triggered "Round_Start"
L 10/27/2013 - 20:05:38: Your server will be restarted on map change.
L 10/27/2013 - 20:10:38: Your server will be restarted on map change.
L 10/27/2013 - 20:15:39: Your server will be restarted on map change.
L 10/27/2013 - 20:16:49: [DPROTO]: Client 10 - Set AuthIdType 1 [dp_RevEmu]; pClient = 0xb3a0a490
L 10/27/2013 - 20:16:49: "Akira<14><STEAM_0:0:573462420><>" connected, address "82.160.22.62:27005"
L 10/27/2013 - 20:17:04: "Akira<14><STEAM_0:0:573462420><>" entered the game
L 10/27/2013 - 20:17:43: "Akira<14><STEAM_0:0:573462420><>" joined team "CT"
L 10/27/2013 - 20:17:51: "Akira<14><STEAM_0:0:573462420><CT>" attacked "Drago<6><BOT><TERRORIST>" with "usp" (damage "28") (damage_armor "0") (health "53") (armor "0")
L 10/27/2013 - 20:17:53: "Akira<14><STEAM_0:0:573462420><CT>" attacked "Drago<6><BOT><TERRORIST>" with "usp" (damage "26") (damage_armor "0") (health "27") (armor "0")
L 10/27/2013 - 20:18:04: "Akira<14><STEAM_0:0:573462420><CT>" attacked "Drago<6><BOT><TERRORIST>" with "usp" (damage "27") (damage_armor "0") (health "0") (armor "0")
L 10/27/2013 - 20:18:04: "Akira<14><STEAM_0:0:573462420><CT>" killed "Drago<6><BOT><TERRORIST>" with "usp"
L 10/27/2013 - 20:18:05: "Akira<14><STEAM_0:0:573462420><CT>" attacked "Troll<8><BOT><TERRORIST>" with "usp" (damage "27") (damage_armor "0") (health "59") (armor "0")
L 10/27/2013 - 20:18:05: "Akira<14><STEAM_0:0:573462420><CT>" attacked "Troll<8><BOT><TERRORIST>" with "usp" (damage "27") (damage_armor "0") (health "32") (armor "0")
L 10/27/2013 - 20:18:06: "Akira<14><STEAM_0:0:573462420><CT>" attacked "Troll<8><BOT><TERRORIST>" with "usp" (damage "27") (damage_armor "0") (health "5") (armor "0")
L 10/27/2013 - 20:18:07: "Akira<14><STEAM_0:0:573462420><CT>" attacked "Troll<8><BOT><TERRORIST>" with "usp" (damage "108") (damage_armor "0") (health "-103") (armor "0")
L 10/27/2013 - 20:18:07: "Akira<14><STEAM_0:0:573462420><CT>" killed "Troll<8><BOT><TERRORIST>" with "usp"
L 10/27/2013 - 20:18:18: "Akira<14><STEAM_0:0:573462420><CT>" attacked "MamCieKotku<4><BOT><TERRORIST>" with "usp" (damage "124") (damage_armor "0") (health "-24") (armor "0")
L 10/27/2013 - 20:18:18: "Akira<14><STEAM_0:0:573462420><CT>" killed "MamCieKotku<4><BOT><TERRORIST>" with "usp"
L 10/27/2013 - 20:18:26: "Urgash<3><BOT><TERRORIST>" attacked "Akira<14><STEAM_0:0:573462420><CT>" with "knife" (damage "65") (damage_armor "0") (health "35") (armor "0")
L 10/27/2013 - 20:18:27: "Urgash<3><BOT><TERRORIST>" attacked "Akira<14><STEAM_0:0:573462420><CT>" with "knife" (damage "81") (damage_armor "0") (health "-46") (armor "0")
L 10/27/2013 - 20:18:27: "Urgash<3><BOT><TERRORIST>" killed "Akira<14><STEAM_0:0:573462420><CT>" with "knife"
L 10/27/2013 - 20:18:27: Team "TERRORIST" triggered "Terrorists_Win" (CT "0") (T "2")
L 10/27/2013 - 20:18:27: World triggered "Round_End"
L 10/27/2013 - 20:18:32: World triggered "Round_Start"
L 10/27/2013 - 20:18:46: "Akira<14><STEAM_0:0:573462420><CT>" attacked "Urgash<3><BOT><TERRORIST>" with "m4a1" (damage "31") (damage_armor "0") (health "69") (armor "0")
L 10/27/2013 - 20:18:47: "Akira<14><STEAM_0:0:573462420><CT>" attacked "Urgash<3><BOT><TERRORIST>" with "m4a1" (damage "128") (damage_armor "0") (health "-59") (armor "0")
L 10/27/2013 - 20:18:47: "Akira<14><STEAM_0:0:573462420><CT>" killed "Urgash<3><BOT><TERRORIST>" with "m4a1"
L 10/27/2013 - 20:18:53: "Akira<14><STEAM_0:0:573462420><CT>" attacked "Troll<8><BOT><TERRORIST>" with "m4a1" (damage "128") (damage_armor "0") (health "-28") (armor "0")
L 10/27/2013 - 20:18:53: "Akira<14><STEAM_0:0:573462420><CT>" killed "Troll<8><BOT><TERRORIST>" with "m4a1"
L 10/27/2013 - 20:18:59: "Drago<6><BOT><TERRORIST>" attacked "Akira<14><STEAM_0:0:573462420><CT>" with "knife" (damage "65") (damage_armor "0") (health "35") (armor "0")
L 10/27/2013 - 20:18:59: "Akira<14><STEAM_0:0:573462420><CT>" attacked "Drago<6><BOT><TERRORIST>" with "usp" (damage "32") (damage_armor "0") (health "68") (armor "0")
L 10/27/2013 - 20:19:05: "Akira<14><STEAM_0:0:573462420><CT>" attacked "MiszczJest1<2><BOT><TERRORIST>" with "usp" (damage "96") (damage_armor "0") (health "4") (armor "0")
L 10/27/2013 - 20:19:06: "Akira<14><STEAM_0:0:573462420><CT>" attacked "Drago<6><BOT><TERRORIST>" with "usp" (damage "33") (damage_armor "0") (health "35") (armor "0")
L 10/27/2013 - 20:19:07: "Drago<6><BOT><TERRORIST>" attacked "Akira<14><STEAM_0:0:573462420><CT>" with "knife" (damage "15") (damage_armor "0") (health "20") (armor "0")
L 10/27/2013 - 20:19:07: "Drago<6><BOT><TERRORIST>" attacked "Akira<14><STEAM_0:0:573462420><CT>" with "knife" (damage "15") (damage_armor "0") (health "5") (armor "0")
L 10/27/2013 - 20:19:08: "Drago<6><BOT><TERRORIST>" attacked "Akira<14><STEAM_0:0:573462420><CT>" with "knife" (damage "65") (damage_armor "0") (health "-60") (armor "0")
L 10/27/2013 - 20:19:08: "Drago<6><BOT><TERRORIST>" killed "Akira<14><STEAM_0:0:573462420><CT>" with "knife"
L 10/27/2013 - 20:19:08: Team "TERRORIST" triggered "Terrorists_Win" (CT "0") (T "3")
L 10/27/2013 - 20:19:08: World triggered "Round_End"
L 10/27/2013 - 20:19:13: World triggered "Round_Start"
L 10/27/2013 - 20:19:44: "Akira<14><STEAM_0:0:573462420><CT>" attacked "Drago<6><BOT><TERRORIST>" with "famas" (damage "29") (damage_armor "0") (health "71") (armor "0")
L 10/27/2013 - 20:19:44: "Akira<14><STEAM_0:0:573462420><CT>" attacked "Drago<6><BOT><TERRORIST>" with "famas" (damage "29") (damage_armor "0") (health "42") (armor "0")
L 10/27/2013 - 20:19:44: "Akira<14><STEAM_0:0:573462420><CT>" attacked "Drago<6><BOT><TERRORIST>" with "famas" (damage "29") (damage_armor "0") (health "13") (armor "0")
L 10/27/2013 - 20:19:44: "Akira<14><STEAM_0:0:573462420><CT>" attacked "Drago<6><BOT><TERRORIST>" with "famas" (damage "29") (damage_armor "0") (health "-16") (armor "0")
L 10/27/2013 - 20:19:44: "Akira<14><STEAM_0:0:573462420><CT>" killed "Drago<6><BOT><TERRORIST>" with "famas"
L 10/27/2013 - 20:19:52: "Akira<14><STEAM_0:0:573462420><CT>" attacked "fatal1TY<7><BOT><TERRORIST>" with "famas" (damage "29") (damage_armor "0") (health "71") (armor "0")
L 10/27/2013 - 20:19:52: "Akira<14><STEAM_0:0:573462420><CT>" attacked "fatal1TY<7><BOT><TERRORIST>" with "famas" (damage "29") (damage_armor "0") (health "42") (armor "0")
L 10/27/2013 - 20:19:52: "Akira<14><STEAM_0:0:573462420><CT>" attacked "fatal1TY<7><BOT><TERRORIST>" with "famas" (damage "116") (damage_armor "0") (health "-74") (armor "0")
L 10/27/2013 - 20:19:52: "Akira<14><STEAM_0:0:573462420><CT>" killed "fatal1TY<7><BOT><TERRORIST>" with "famas"
L 10/27/2013 - 20:19:57: "Akira<14><STEAM_0:0:573462420><CT>" attacked "MiszczJest1<2><BOT><TERRORIST>" with "famas" (damage "116") (damage_armor "0") (health "-16") (armor "0")
L 10/27/2013 - 20:19:57: "Akira<14><STEAM_0:0:573462420><CT>" killed "MiszczJest1<2><BOT><TERRORIST>" with "famas"
L 10/27/2013 - 20:19:58: "Akira<14><STEAM_0:0:573462420><CT>" attacked "Troll<8><BOT><TERRORIST>" with "famas" (damage "116") (damage_armor "0") (health "-16") (armor "0")
L 10/27/2013 - 20:19:58: "Akira<14><STEAM_0:0:573462420><CT>" killed "Troll<8><BOT><TERRORIST>" with "famas"
L 10/27/2013 - 20:20:03: "Akira<14><STEAM_0:0:573462420><CT>" attacked "GdzieMojMozg<1><BOT><TERRORIST>" with "famas" (damage "29") (damage_armor "0") (health "71") (armor "0")
L 10/27/2013 - 20:20:05: "Akira<14><STEAM_0:0:573462420><CT>" attacked "GdzieMojMozg<1><BOT><TERRORIST>" with "famas" (damage "21") (damage_armor "0") (health "50") (armor "0")
L 10/27/2013 - 20:20:05: "Akira<14><STEAM_0:0:573462420><CT>" attacked "GdzieMojMozg<1><BOT><TERRORIST>" with "famas" (damage "29") (damage_armor "0") (health "21") (armor "0")
L 10/27/2013 - 20:20:06: "Akira<14><STEAM_0:0:573462420><CT>" attacked "GdzieMojMozg<1><BOT><TERRORIST>" with "famas" (damage "116") (damage_armor "0") (health "-95") (armor "0")
L 10/27/2013 - 20:20:06: "Akira<14><STEAM_0:0:573462420><CT>" killed "GdzieMojMozg<1><BOT><TERRORIST>" with "famas"
L 10/27/2013 - 20:20:08: "Akira<14><STEAM_0:0:573462420><CT>" attacked "Urgash<3><BOT><TERRORIST>" with "famas" (damage "29") (damage_armor "0") (health "71") (armor "0")
L 10/27/2013 - 20:20:09: "Akira<14><STEAM_0:0:573462420><CT>" attacked "Urgash<3><BOT><TERRORIST>" with "famas" (damage "116") (damage_armor "0") (health "-45") (armor "0")
L 10/27/2013 - 20:20:09: "Akira<14><STEAM_0:0:573462420><CT>" killed "Urgash<3><BOT><TERRORIST>" with "famas"
L 10/27/2013 - 20:20:14: "Akira<14><STEAM_0:0:573462420><CT>" attacked "Hacker<9><BOT><TERRORIST>" with "famas" (damage "28") (damage_armor "0") (health "72") (armor "0")
L 10/27/2013 - 20:20:15: "Akira<14><STEAM_0:0:573462420><CT>" attacked "Hacker<9><BOT><TERRORIST>" with "famas" (damage "35") (damage_armor "0") (health "37") (armor "0")
L 10/27/2013 - 20:20:15: "Akira<14><STEAM_0:0:573462420><CT>" attacked "Hacker<9><BOT><TERRORIST>" with "famas" (damage "28") (damage_armor "0") (health "9") (armor "0")
L 10/27/2013 - 20:20:16: "Akira<14><STEAM_0:0:573462420><CT>" attacked "Hacker<9><BOT><TERRORIST>" with "famas" (damage "28") (damage_armor "0") (health "-19") (armor "0")
L 10/27/2013 - 20:20:16: "Akira<14><STEAM_0:0:573462420><CT>" killed "Hacker<9><BOT><TERRORIST>" with "famas"
L 10/27/2013 - 20:20:30: "Akira<14><STEAM_0:0:573462420><CT>" attacked "MamCieKotku<4><BOT><TERRORIST>" with "famas" (damage "29") (damage_armor "0") (health "71") (armor "0")
L 10/27/2013 - 20:20:31: "Akira<14><STEAM_0:0:573462420><CT>" attacked "MamCieKotku<4><BOT><TERRORIST>" with "famas" (damage "29") (damage_armor "0") (health "42") (armor "0")
L 10/27/2013 - 20:20:31: "Akira<14><STEAM_0:0:573462420><CT>" attacked "MamCieKotku<4><BOT><TERRORIST>" with "famas" (damage "116") (damage_armor "0") (health "-74") (armor "0")
L 10/27/2013 - 20:20:31: "Akira<14><STEAM_0:0:573462420><CT>" killed "MamCieKotku<4><BOT><TERRORIST>" with "famas"
L 10/27/2013 - 20:20:38: Your server will be restarted on map change.
L 10/27/2013 - 20:20:49: "Akira<14><STEAM_0:0:573462420><CT>" attacked "Kasztan<10><BOT><TERRORIST>" with "famas" (damage "29") (damage_armor "0") (health "71") (armor "0")
L 10/27/2013 - 20:20:50: "Kasztan<10><BOT><TERRORIST>" attacked "Akira<14><STEAM_0:0:573462420><CT>" with "knife" (damage "65") (damage_armor "0") (health "34") (armor "0")
L 10/27/2013 - 20:20:51: "Kasztan<10><BOT><TERRORIST>" attacked "Akira<14><STEAM_0:0:573462420><CT>" with "knife" (damage "65") (damage_armor "0") (health "-31") (armor "0")
L 10/27/2013 - 20:20:51: "Kasztan<10><BOT><TERRORIST>" killed "Akira<14><STEAM_0:0:573462420><CT>" with "knife"
L 10/27/2013 - 20:20:51: Team "TERRORIST" triggered "Terrorists_Win" (CT "0") (T "4")
L 10/27/2013 - 20:20:51: World triggered "Round_End"
L 10/27/2013 - 20:20:56: World triggered "Round_Start"
L 10/27/2013 - 20:21:02: "Akira<14><STEAM_0:0:573462420><CT>" disconnected
L 10/27/2013 - 20:25:38: Your server will be restarted on map change.
L 10/27/2013 - 20:30:38: Your server will be restarted on map change.
L 10/27/2013 - 20:35:39: Your server will be restarted on map change.
L 10/27/2013 - 20:40:35: [DPROTO]: Client 10 - Set AuthIdType 1 [dp_RevEmu]; pClient = 0xb3a0a490
L 10/27/2013 - 20:40:35: "Zbyszek^^killer^^<15><STEAM_0:0:1170748342><>" connected, address "81.162.208.249:27005"
L 10/27/2013 - 20:40:39: Your server will be restarted on map change.
L 10/27/2013 - 20:40:54: [DPROTO]: Client 10 - Set AuthIdType 1 [dp_RevEmu]; pClient = 0xb3a0a490
L 10/27/2013 - 20:40:54: "TiRRel<16><STEAM_0:0:1170748342><>" connected, address "81.162.208.249:27005"
L 10/27/2013 - 20:40:56: "TiRRel<16><STEAM_0:0:1170748342><>" entered the game
L 10/27/2013 - 20:40:59: "TiRRel<16><STEAM_0:0:1170748342><>" joined team "CT"
L 10/27/2013 - 20:41:00: World triggered "Game_Commencing"
L 10/27/2013 - 20:41:00: World triggered "Game_Commencing" (CT "0") (T "4")
L 10/27/2013 - 20:41:00: World triggered "Round_End"
L 10/27/2013 - 20:41:02: "TiRRel<16><STEAM_0:0:1170748342><CT>" attacked "MiszczJest1<2><BOT><TERRORIST>" with "usp" (damage "32") (damage_armor "0") (health "46") (armor "0")
L 10/27/2013 - 20:41:03: "TiRRel<16><STEAM_0:0:1170748342><CT>" attacked "MiszczJest1<2><BOT><TERRORIST>" with "usp" (damage "32") (damage_armor "0") (health "14") (armor "0")
L 10/27/2013 - 20:41:03: "TiRRel<16><STEAM_0:0:1170748342><CT>" attacked "MiszczJest1<2><BOT><TERRORIST>" with "usp" (damage "32") (damage_armor "0") (health "-18") (armor "0")
L 10/27/2013 - 20:41:03: "TiRRel<16><STEAM_0:0:1170748342><CT>" killed "MiszczJest1<2><BOT><TERRORIST>" with "usp"
L 10/27/2013 - 20:41:03: World triggered "Round_Start"
L 10/27/2013 - 20:41:19: "TiRRel<16><STEAM_0:0:1170748342><CT>" attacked "Troll<8><BOT><TERRORIST>" with "usp" (damage "28") (damage_armor "0") (health "72") (armor "0")
L 10/27/2013 - 20:41:19: "TiRRel<16><STEAM_0:0:1170748342><CT>" attacked "Troll<8><BOT><TERRORIST>" with "usp" (damage "28") (damage_armor "0") (health "44") (armor "0")
L 10/27/2013 - 20:41:19: "TiRRel<16><STEAM_0:0:1170748342><CT>" attacked "Troll<8><BOT><TERRORIST>" with "usp" (damage "29") (damage_armor "0") (health "15") (armor "0")
L 10/27/2013 - 20:41:19: "TiRRel<16><STEAM_0:0:1170748342><CT>" attacked "Troll<8><BOT><TERRORIST>" with "usp" (damage "29") (damage_armor "0") (health "-14") (armor "0")
L 10/27/2013 - 20:41:19: "TiRRel<16><STEAM_0:0:1170748342><CT>" killed "Troll<8><BOT><TERRORIST>" with "usp"
L 10/27/2013 - 20:41:24: "TiRRel<16><STEAM_0:0:1170748342><CT>" attacked "Drago<6><BOT><TERRORIST>" with "usp" (damage "28") (damage_armor "0") (health "72") (armor "0")
L 10/27/2013 - 20:41:24: "TiRRel<16><STEAM_0:0:1170748342><CT>" attacked "Drago<6><BOT><TERRORIST>" with "usp" (damage "29") (damage_armor "0") (health "43") (armor "0")
L 10/27/2013 - 20:41:25: "TiRRel<16><STEAM_0:0:1170748342><CT>" attacked "Drago<6><BOT><TERRORIST>" with "usp" (damage "29") (damage_armor "0") (health "14") (armor "0")
L 10/27/2013 - 20:41:25: "TiRRel<16><STEAM_0:0:1170748342><CT>" attacked "Drago<6><BOT><TERRORIST>" with "usp" (damage "116") (damage_armor "0") (health "-102") (armor "0")
L 10/27/2013 - 20:41:25: "TiRRel<16><STEAM_0:0:1170748342><CT>" killed "Drago<6><BOT><TERRORIST>" with "usp"
L 10/27/2013 - 20:41:29: "TiRRel<16><STEAM_0:0:1170748342><CT>" attacked "MiszczJest1<2><BOT><TERRORIST>" with "usp" (damage "31") (damage_armor "0") (health "69") (armor "0")
L 10/27/2013 - 20:41:29: "TiRRel<16><STEAM_0:0:1170748342><CT>" attacked "MiszczJest1<2><BOT><TERRORIST>" with "usp" (damage "31") (damage_armor "0") (health "38") (armor "0")
L 10/27/2013 - 20:41:29: "TiRRel<16><STEAM_0:0:1170748342><CT>" attacked "MiszczJest1<2><BOT><TERRORIST>" with "usp" (damage "31") (damage_armor "0") (health "7") (armor "0")
L 10/27/2013 - 20:41:29: "TiRRel<16><STEAM_0:0:1170748342><CT>" attacked "MiszczJest1<2><BOT><TERRORIST>" with "usp" (damage "31") (damage_armor "0") (health "-24") (armor "0")
L 10/27/2013 - 20:41:29: "TiRRel<16><STEAM_0:0:1170748342><CT>" killed "MiszczJest1<2><BOT><TERRORIST>" with "usp"
L 10/27/2013 - 20:41:40: "TiRRel<16><STEAM_0:0:1170748342><CT>" disconnected
L 10/27/2013 - 20:41:40: [DPROTO]: Client 10 - Set AuthIdType 1 [dp_RevEmu]; pClient = 0xb3a0a490
L 10/27/2013 - 20:41:40: "TiRRel<17><STEAM_0:0:1170748342><>" connected, address "81.162.208.249:27005"
L 10/27/2013 - 20:41:43: "TiRRel<17><STEAM_0:0:1170748342><>" entered the game
L 10/27/2013 - 20:41:45: "TiRRel<17><STEAM_0:0:1170748342><>" joined team "CT"
L 10/27/2013 - 20:41:46: World triggered "Game_Commencing"
L 10/27/2013 - 20:41:46: World triggered "Game_Commencing" (CT "0") (T "0")
L 10/27/2013 - 20:41:46: World triggered "Round_End"
L 10/27/2013 - 20:41:49: World triggered "Round_Start"
L 10/27/2013 - 20:42:07: "TiRRel<17><STEAM_0:0:1170748342><CT>" attacked "MiszczJest1<2><BOT><TERRORIST>" with "usp" (damage "28") (damage_armor "0") (health "72") (armor "0")
L 10/27/2013 - 20:42:07: "TiRRel<17><STEAM_0:0:1170748342><CT>" attacked "MiszczJest1<2><BOT><TERRORIST>" with "usp" (damage "27") (damage_armor "0") (health "45") (armor "0")
L 10/27/2013 - 20:42:07: "TiRRel<17><STEAM_0:0:1170748342><CT>" attacked "MiszczJest1<2><BOT><TERRORIST>" with "usp" (damage "108") (damage_armor "0") (health "-63") (armor "0")
L 10/27/2013 - 20:42:07: "TiRRel<17><STEAM_0:0:1170748342><CT>" killed "MiszczJest1<2><BOT><TERRORIST>" with "usp"
L 10/27/2013 - 20:42:12: "TryAgain<5><BOT><TERRORIST>" attacked "TiRRel<17><STEAM_0:0:1170748342><CT>" with "knife" (damage "65") (damage_armor "0") (health "35") (armor "0")
L 10/27/2013 - 20:42:12: "TiRRel<17><STEAM_0:0:1170748342><CT>" attacked "TryAgain<5><BOT><TERRORIST>" with "usp" (damage "29") (damage_armor "0") (health "71") (armor "0")
L 10/27/2013 - 20:42:17: "TiRRel<17><STEAM_0:0:1170748342><CT>" attacked "TryAgain<5><BOT><TERRORIST>" with "usp" (damage "26") (damage_armor "0") (health "45") (armor "0")
L 10/27/2013 - 20:42:17: "TiRRel<17><STEAM_0:0:1170748342><CT>" attacked "TryAgain<5><BOT><TERRORIST>" with "usp" (damage "26") (damage_armor "0") (health "19") (armor "0")
L 10/27/2013 - 20:42:17: "TiRRel<17><STEAM_0:0:1170748342><CT>" attacked "TryAgain<5><BOT><TERRORIST>" with "usp" (damage "26") (damage_armor "0") (health "-7") (armor "0")
L 10/27/2013 - 20:42:17: "TiRRel<17><STEAM_0:0:1170748342><CT>" killed "TryAgain<5><BOT><TERRORIST>" with "usp"
L 10/27/2013 - 20:42:17: "TiRRel<17><STEAM_0:0:1170748342><CT>" attacked "GdzieMojMozg<1><BOT><TERRORIST>" with "usp" (damage "26") (damage_armor "0") (health "74") (armor "0")
L 10/27/2013 - 20:42:21: "TiRRel<17><STEAM_0:0:1170748342><CT>" attacked "GdzieMojMozg<1><BOT><TERRORIST>" with "usp" (damage "26") (damage_armor "0") (health "48") (armor "0")
L 10/27/2013 - 20:42:21: "TiRRel<17><STEAM_0:0:1170748342><CT>" attacked "GdzieMojMozg<1><BOT><TERRORIST>" with "usp" (damage "32") (damage_armor "0") (health "16") (armor "0")
L 10/27/2013 - 20:42:22: "TiRRel<17><STEAM_0:0:1170748342><CT>" attacked "GdzieMojMozg<1><BOT><TERRORIST>" with "usp" (damage "26") (damage_armor "0") (health "-10") (armor "0")
L 10/27/2013 - 20:42:22: "TiRRel<17><STEAM_0:0:1170748342><CT>" killed "GdzieMojMozg<1><BOT><TERRORIST>" with "usp"
L 10/27/2013 - 20:42:26: "TiRRel<17><STEAM_0:0:1170748342><CT>" attacked "Drago<6><BOT><TERRORIST>" with "usp" (damage "18") (damage_armor "0") (health "82") (armor "0")
L 10/27/2013 - 20:42:26: "TiRRel<17><STEAM_0:0:1170748342><CT>" attacked "Drago<6><BOT><TERRORIST>" with "usp" (damage "100") (damage_armor "0") (health "-18") (armor "0")
L 10/27/2013 - 20:42:26: "TiRRel<17><STEAM_0:0:1170748342><CT>" killed "Drago<6><BOT><TERRORIST>" with "usp"
L 10/27/2013 - 20:42:28: "Urgash<3><BOT><TERRORIST>" attacked "TiRRel<17><STEAM_0:0:1170748342><CT>" with "knife" (damage "65") (damage_armor "0") (health "-30") (armor "0")
L 10/27/2013 - 20:42:28: "Urgash<3><BOT><TERRORIST>" killed "TiRRel<17><STEAM_0:0:1170748342><CT>" with "knife"
L 10/27/2013 - 20:42:28: Team "TERRORIST" triggered "Terrorists_Win" (CT "0") (T "1")
L 10/27/2013 - 20:42:28: World triggered "Round_End"
L 10/27/2013 - 20:42:33: World triggered "Round_Start"
L 10/27/2013 - 20:42:49: "TiRRel<17><STEAM_0:0:1170748342><CT>" attacked "Troll<8><BOT><TERRORIST>" with "usp" (damage "28") (damage_armor "0") (health "72") (armor "0")
L 10/27/2013 - 20:42:50: "TiRRel<17><STEAM_0:0:1170748342><CT>" attacked "Troll<8><BOT><TERRORIST>" with "usp" (damage "28") (damage_armor "0") (health "44") (armor "0")
L 10/27/2013 - 20:42:50: "TiRRel<17><STEAM_0:0:1170748342><CT>" attacked "Troll<8><BOT><TERRORIST>" with "usp" (damage "27") (damage_armor "0") (health "17") (armor "0")
L 10/27/2013 - 20:42:50: "TiRRel<17><STEAM_0:0:1170748342><CT>" attacked "Troll<8><BOT><TERRORIST>" with "usp" (damage "27") (damage_armor "0") (health "-10") (armor "0")
L 10/27/2013 - 20:42:50: "TiRRel<17><STEAM_0:0:1170748342><CT>" killed "Troll<8><BOT><TERRORIST>" with "usp"
L 10/27/2013 - 20:42:53: "Kasztan<10><BOT><TERRORIST>" attacked "TiRRel<17><STEAM_0:0:1170748342><CT>" with "knife" (damage "15") (damage_armor "0") (health "85") (armor "0")
L 10/27/2013 - 20:42:53: "TiRRel<17><STEAM_0:0:1170748342><CT>" attacked "Kasztan<10><BOT><TERRORIST>" with "usp" (damage "116") (damage_armor "0") (health "-16") (armor "0")
L 10/27/2013 - 20:42:53: "TiRRel<17><STEAM_0:0:1170748342><CT>" killed "Kasztan<10><BOT><TERRORIST>" with "usp"
L 10/27/2013 - 20:43:02: "TiRRel<17><STEAM_0:0:1170748342><CT>" attacked "Hacker<9><BOT><TERRORIST>" with "usp" (damage "23") (damage_armor "0") (health "77") (armor "0")
L 10/27/2013 - 20:43:02: "TiRRel<17><STEAM_0:0:1170748342><CT>" attacked "Hacker<9><BOT><TERRORIST>" with "usp" (damage "96") (damage_armor "0") (health "-19") (armor "0")
L 10/27/2013 - 20:43:02: "TiRRel<17><STEAM_0:0:1170748342><CT>" killed "Hacker<9><BOT><TERRORIST>" with "usp"
L 10/27/2013 - 20:43:06: "TiRRel<17><STEAM_0:0:1170748342><CT>" attacked "TryAgain<5><BOT><TERRORIST>" with "usp" (damage "25") (damage_armor "0") (health "75") (armor "0")
L 10/27/2013 - 20:43:07: "TiRRel<17><STEAM_0:0:1170748342><CT>" attacked "TryAgain<5><BOT><TERRORIST>" with "usp" (damage "25") (damage_armor "0") (health "50") (armor "0")
L 10/27/2013 - 20:43:07: "TiRRel<17><STEAM_0:0:1170748342><CT>" attacked "TryAgain<5><BOT><TERRORIST>" with "usp" (damage "104") (damage_armor "0") (health "-54") (armor "0")
L 10/27/2013 - 20:43:07: "TiRRel<17><STEAM_0:0:1170748342><CT>" killed "TryAgain<5><BOT><TERRORIST>" with "usp"
L 10/27/2013 - 20:43:13: "TiRRel<17><STEAM_0:0:1170748342><CT>" attacked "Urgash<3><BOT><TERRORIST>" with "usp" (damage "20") (damage_armor "0") (health "80") (armor "0")
L 10/27/2013 - 20:43:13: "TiRRel<17><STEAM_0:0:1170748342><CT>" attacked "Drago<6><BOT><TERRORIST>" with "usp" (damage "27") (damage_armor "0") (health "73") (armor "0")
L 10/27/2013 - 20:43:14: "TiRRel<17><STEAM_0:0:1170748342><CT>" attacked "Urgash<3><BOT><TERRORIST>" with "usp" (damage "20") (damage_armor "0") (health "60") (armor "0")
L 10/27/2013 - 20:43:14: "TiRRel<17><STEAM_0:0:1170748342><CT>" attacked "Urgash<3><BOT><TERRORIST>" with "usp" (damage "27") (damage_armor "0") (health "33") (armor "0")
L 10/27/2013 - 20:43:14: "TiRRel<17><STEAM_0:0:1170748342><CT>" attacked "Urgash<3><BOT><TERRORIST>" with "usp" (damage "108") (damage_armor "0") (health "-75") (armor "0")
L 10/27/2013 - 20:43:14: "TiRRel<17><STEAM_0:0:1170748342><CT>" killed "Urgash<3><BOT><TERRORIST>" with "usp"
L 10/27/2013 - 20:43:15: "TiRRel<17><STEAM_0:0:1170748342><CT>" attacked "Drago<6><BOT><TERRORIST>" with "usp" (damage "104") (damage_armor "0") (health "-31") (armor "0")
L 10/27/2013 - 20:43:15: "TiRRel<17><STEAM_0:0:1170748342><CT>" killed "Drago<6><BOT><TERRORIST>" with "usp"
L 10/27/2013 - 20:43:19: "TiRRel<17><STEAM_0:0:1170748342><CT>" attacked "MiszczJest1<2><BOT><TERRORIST>" with "usp" (damage "28") (damage_armor "0") (health "72") (armor "0")
L 10/27/2013 - 20:43:20: "TiRRel<17><STEAM_0:0:1170748342><CT>" attacked "MiszczJest1<2><BOT><TERRORIST>" with "usp" (damage "28") (damage_armor "0") (health "44") (armor "0")
L 10/27/2013 - 20:43:20: "TiRRel<17><STEAM_0:0:1170748342><CT>" attacked "MiszczJest1<2><BOT><TERRORIST>" with "usp" (damage "27") (damage_armor "0") (health "17") (armor "0")
L 10/27/2013 - 20:43:22: "MiszczJest1<2><BOT><TERRORIST>" attacked "TiRRel<17><STEAM_0:0:1170748342><CT>" with "knife" (damage "65") (damage_armor "0") (health "20") (armor "0")
L 10/27/2013 - 20:43:22: "TiRRel<17><STEAM_0:0:1170748342><CT>" attacked "MiszczJest1<2><BOT><TERRORIST>" with "knife" (damage "65") (damage_armor "0") (health "-48") (armor "0")
L 10/27/2013 - 20:43:22: "TiRRel<17><STEAM_0:0:1170748342><CT>" killed "MiszczJest1<2><BOT><TERRORIST>" with "knife"
L 10/27/2013 - 20:43:27: "TiRRel<17><STEAM_0:0:1170748342><CT>" attacked "fatal1TY<7><BOT><TERRORIST>" with "usp" (damage "96") (damage_armor "0") (health "4") (armor "0")
L 10/27/2013 - 20:43:28: "TiRRel<17><STEAM_0:0:1170748342><CT>" attacked "fatal1TY<7><BOT><TERRORIST>" with "usp" (damage "27") (damage_armor "0") (health "-23") (armor "0")
L 10/27/2013 - 20:43:28: "TiRRel<17><STEAM_0:0:1170748342><CT>" killed "fatal1TY<7><BOT><TERRORIST>" with "usp"
L 10/27/2013 - 20:43:33: "TiRRel<17><STEAM_0:0:1170748342><CT>" attacked "MamCieKotku<4><BOT><TERRORIST>" with "usp" (damage "28") (damage_armor "0") (health "72") (armor "0")
L 10/27/2013 - 20:43:33: "TiRRel<17><STEAM_0:0:1170748342><CT>" attacked "MamCieKotku<4><BOT><TERRORIST>" with "usp" (damage "24") (damage_armor "0") (health "48") (armor "0")
L 10/27/2013 - 20:43:33: "TiRRel<17><STEAM_0:0:1170748342><CT>" attacked "MamCieKotku<4><BOT><TERRORIST>" with "usp" (damage "18") (damage_armor "0") (health "30") (armor "0")
L 10/27/2013 - 20:43:34: "TiRRel<17><STEAM_0:0:1170748342><CT>" attacked "MamCieKotku<4><BOT><TERRORIST>" with "usp" (damage "31") (damage_armor "0") (health "-1") (armor "0")
L 10/27/2013 - 20:43:34: "TiRRel<17><STEAM_0:0:1170748342><CT>" killed "MamCieKotku<4><BOT><TERRORIST>" with "usp"
L 10/27/2013 - 20:43:38: "GdzieMojMozg<1><BOT><TERRORIST>" attacked "TiRRel<17><STEAM_0:0:1170748342><CT>" with "knife" (damage "65") (damage_armor "0") (health "-45") (armor "0")
L 10/27/2013 - 20:43:38: "GdzieMojMozg<1><BOT><TERRORIST>" killed "TiRRel<17><STEAM_0:0:1170748342><CT>" with "knife"
L 10/27/2013 - 20:43:38: Team "TERRORIST" triggered "Terrorists_Win" (CT "0") (T "2")
L 10/27/2013 - 20:43:38: World triggered "Round_End"
L 10/27/2013 - 20:43:43: World triggered "Round_Start"
L 10/27/2013 - 20:44:03: "TiRRel<17><STEAM_0:0:1170748342><CT>" attacked "GdzieMojMozg<1><BOT><TERRORIST>" with "usp" (damage "76") (damage_armor "0") (health "24") (armor "0")
L 10/27/2013 - 20:44:06: "TiRRel<17><STEAM_0:0:1170748342><CT>" attacked "Urgash<3><BOT><TERRORIST>" with "usp" (damage "26") (damage_armor "0") (health "74") (armor "0")
L 10/27/2013 - 20:44:08: "Urgash<3><BOT><TERRORIST>" attacked "TiRRel<17><STEAM_0:0:1170748342><CT>" with "knife" (damage "15") (damage_armor "0") (health "85") (armor "0")
L 10/27/2013 - 20:44:08: "TiRRel<17><STEAM_0:0:1170748342><CT>" attacked "Urgash<3><BOT><TERRORIST>" with "knife" (damage "65") (damage_armor "0") (health "9") (armor "0")
L 10/27/2013 - 20:44:08: "Urgash<3><BOT><TERRORIST>" attacked "TiRRel<17><STEAM_0:0:1170748342><CT>" with "knife" (damage "15") (damage_armor "0") (health "70") (armor "0")
L 10/27/2013 - 20:44:09: "Urgash<3><BOT><TERRORIST>" attacked "TiRRel<17><STEAM_0:0:1170748342><CT>" with "knife" (damage "65") (damage_armor "0") (health "5") (armor "0")
L 10/27/2013 - 20:44:09: "TiRRel<17><STEAM_0:0:1170748342><CT>" attacked "Urgash<3><BOT><TERRORIST>" with "knife" (damage "65") (damage_armor "0") (health "-56") (armor "0")
L 10/27/2013 - 20:44:09: "TiRRel<17><STEAM_0:0:1170748342><CT>" killed "Urgash<3><BOT><TERRORIST>" with "knife"
L 10/27/2013 - 20:44:16: "TiRRel<17><STEAM_0:0:1170748342><CT>" attacked "TryAgain<5><BOT><TERRORIST>" with "usp" (damage "116") (damage_armor "0") (health "-16") (armor "0")
L 10/27/2013 - 20:44:16: "TiRRel<17><STEAM_0:0:1170748342><CT>" killed "TryAgain<5><BOT><TERRORIST>" with "usp"
L 10/27/2013 - 20:44:19: "TiRRel<17><STEAM_0:0:1170748342><CT>" attacked "GdzieMojMozg<1><BOT><TERRORIST>" with "usp" (damage "112") (damage_armor "0") (health "-88") (armor "0")
L 10/27/2013 - 20:44:19: "TiRRel<17><STEAM_0:0:1170748342><CT>" killed "GdzieMojMozg<1><BOT><TERRORIST>" with "usp"
L 10/27/2013 - 20:44:24: "TiRRel<17><STEAM_0:0:1170748342><CT>" attacked "Troll<8><BOT><TERRORIST>" with "usp" (damage "112") (damage_armor "0") (health "-12") (armor "0")
L 10/27/2013 - 20:44:24: "TiRRel<17><STEAM_0:0:1170748342><CT>" killed "Troll<8><BOT><TERRORIST>" with "usp"
L 10/27/2013 - 20:44:25: "TiRRel<17><STEAM_0:0:1170748342><CT>" attacked "Drago<6><BOT><TERRORIST>" with "usp" (damage "116") (damage_armor "0") (health "-16") (armor "0")
L 10/27/2013 - 20:44:25: "TiRRel<17><STEAM_0:0:1170748342><CT>" killed "Drago<6><BOT><TERRORIST>" with "usp"
L 10/27/2013 - 20:44:27: "TiRRel<17><STEAM_0:0:1170748342><CT>" attacked "Kasztan<10><BOT><TERRORIST>" with "usp" (damage "116") (damage_armor "0") (health "-16") (armor "0")
L 10/27/2013 - 20:44:27: "TiRRel<17><STEAM_0:0:1170748342><CT>" killed "Kasztan<10><BOT><TERRORIST>" with "usp"
L 10/27/2013 - 20:44:32: "TiRRel<17><STEAM_0:0:1170748342><CT>" attacked "fatal1TY<7><BOT><TERRORIST>" with "usp" (damage "27") (damage_armor "0") (health "73") (armor "0")
L 10/27/2013 - 20:44:32: "TiRRel<17><STEAM_0:0:1170748342><CT>" attacked "fatal1TY<7><BOT><TERRORIST>" with "usp" (damage "27") (damage_armor "0") (health "46") (armor "0")
L 10/27/2013 - 20:44:32: "TiRRel<17><STEAM_0:0:1170748342><CT>" attacked "fatal1TY<7><BOT><TERRORIST>" with "usp" (damage "27") (damage_armor "0") (health "19") (armor "0")
L 10/27/2013 - 20:44:43: "TiRRel<17><STEAM_0:0:1170748342><CT>" attacked "MiszczJest1<2><BOT><TERRORIST>" with "usp" (damage "27") (damage_armor "0") (health "73") (armor "0")
L 10/27/2013 - 20:44:44: "TiRRel<17><STEAM_0:0:1170748342><CT>" attacked "MiszczJest1<2><BOT><TERRORIST>" with "usp" (damage "108") (damage_armor "0") (health "-35") (armor "0")
L 10/27/2013 - 20:44:44: "TiRRel<17><STEAM_0:0:1170748342><CT>" killed "MiszczJest1<2><BOT><TERRORIST>" with "usp"
L 10/27/2013 - 20:44:48: "TiRRel<17><STEAM_0:0:1170748342><CT>" attacked "fatal1TY<7><BOT><TERRORIST>" with "usp" (damage "116") (damage_armor "0") (health "-97") (armor "0")
L 10/27/2013 - 20:44:48: "TiRRel<17><STEAM_0:0:1170748342><CT>" killed "fatal1TY<7><BOT><TERRORIST>" with "usp"
L 10/27/2013 - 20:45:38: Your server will be restarted on map change.
L 10/27/2013 - 20:45:47: "TiRRel<17><STEAM_0:0:1170748342><CT>" attacked "Hacker<9><BOT><TERRORIST>" with "usp" (damage "30") (damage_armor "0") (health "70") (armor "0")
L 10/27/2013 - 20:45:48: "TiRRel<17><STEAM_0:0:1170748342><CT>" attacked "Hacker<9><BOT><TERRORIST>" with "usp" (damage "30") (damage_armor "0") (health "40") (armor "0")
L 10/27/2013 - 20:45:52: "Hacker<9><BOT><TERRORIST>" attacked "TiRRel<17><STEAM_0:0:1170748342><CT>" with "knife" (damage "65") (damage_armor "0") (health "-60") (armor "0")
L 10/27/2013 - 20:45:52: "Hacker<9><BOT><TERRORIST>" killed "TiRRel<17><STEAM_0:0:1170748342><CT>" with "knife"
L 10/27/2013 - 20:45:52: Team "TERRORIST" triggered "Terrorists_Win" (CT "0") (T "3")
L 10/27/2013 - 20:45:52: World triggered "Round_End"
L 10/27/2013 - 20:45:57: World triggered "Round_Start"
L 10/27/2013 - 20:46:17: "TiRRel<17><STEAM_0:0:1170748342><CT>" attacked "fatal1TY<7><BOT><TERRORIST>" with "usp" (damage "25") (damage_armor "0") (health "75") (armor "0")
L 10/27/2013 - 20:46:17: "TiRRel<17><STEAM_0:0:1170748342><CT>" attacked "fatal1TY<7><BOT><TERRORIST>" with "usp" (damage "26") (damage_armor "0") (health "49") (armor "0")
L 10/27/2013 - 20:46:17: "TiRRel<17><STEAM_0:0:1170748342><CT>" attacked "fatal1TY<7><BOT><TERRORIST>" with "usp" (damage "112") (damage_armor "0") (health "-63") (armor "0")
L 10/27/2013 - 20:46:17: "TiRRel<17><STEAM_0:0:1170748342><CT>" killed "fatal1TY<7><BOT><TERRORIST>" with "usp"
L 10/27/2013 - 20:46:21: "TiRRel<17><STEAM_0:0:1170748342><CT>" attacked "Drago<6><BOT><TERRORIST>" with "usp" (damage "26") (damage_armor "0") (health "74") (armor "0")
L 10/27/2013 - 20:46:22: "TiRRel<17><STEAM_0:0:1170748342><CT>" attacked "Drago<6><BOT><TERRORIST>" with "usp" (damage "26") (damage_armor "0") (health "48") (armor "0")
L 10/27/2013 - 20:46:24: "Drago<6><BOT><TERRORIST>" attacked "TiRRel<17><STEAM_0:0:1170748342><CT>" with "knife" (damage "15") (damage_armor "0") (health "85") (armor "0")
L 10/27/2013 - 20:46:25: "Drago<6><BOT><TERRORIST>" attacked "TiRRel<17><STEAM_0:0:1170748342><CT>" with "knife" (damage "60") (damage_armor "0") (health "25") (armor "0")
L 10/27/2013 - 20:46:26: "Drago<6><BOT><TERRORIST>" attacked "TiRRel<17><STEAM_0:0:1170748342><CT>" with "knife" (damage "65") (damage_armor "0") (health "-40") (armor "0")
L 10/27/2013 - 20:46:26: "Drago<6><BOT><TERRORIST>" killed "TiRRel<17><STEAM_0:0:1170748342><CT>" with "knife"
L 10/27/2013 - 20:46:26: Team "TERRORIST" triggered "Terrorists_Win" (CT "0") (T "4")
L 10/27/2013 - 20:46:26: World triggered "Round_End"
L 10/27/2013 - 20:46:31: World triggered "Round_Start"
L 10/27/2013 - 20:46:44: "TiRRel<17><STEAM_0:0:1170748342><CT>" attacked "Hacker<9><BOT><TERRORIST>" with "usp" (damage "26") (damage_armor "0") (health "74") (armor "0")
L 10/27/2013 - 20:46:44: "TiRRel<17><STEAM_0:0:1170748342><CT>" attacked "Hacker<9><BOT><TERRORIST>" with "usp" (damage "27") (damage_armor "0") (health "47") (armor "0")
L 10/27/2013 - 20:46:44: "TiRRel<17><STEAM_0:0:1170748342><CT>" attacked "Hacker<9><BOT><TERRORIST>" with "usp" (damage "26") (damage_armor "0") (health "21") (armor "0")
L 10/27/2013 - 20:46:45: "TiRRel<17><STEAM_0:0:1170748342><CT>" attacked "Hacker<9><BOT><TERRORIST>" with "usp" (damage "26") (damage_armor "0") (health "-5") (armor "0")
L 10/27/2013 - 20:46:45: "TiRRel<17><STEAM_0:0:1170748342><CT>" killed "Hacker<9><BOT><TERRORIST>" with "usp"
L 10/27/2013 - 20:46:48: "TiRRel<17><STEAM_0:0:1170748342><CT>" attacked "MiszczJest1<2><BOT><TERRORIST>" with "usp" (damage "27") (damage_armor "0") (health "73") (armor "0")
L 10/27/2013 - 20:46:48: "TiRRel<17><STEAM_0:0:1170748342><CT>" attacked "MiszczJest1<2><BOT><TERRORIST>" with "usp" (damage "27") (damage_armor "0") (health "46") (armor "0")
L 10/27/2013 - 20:46:49: "TiRRel<17><STEAM_0:0:1170748342><CT>" attacked "MiszczJest1<2><BOT><TERRORIST>" with "usp" (damage "27") (damage_armor "0") (health "19") (armor "0")
L 10/27/2013 - 20:46:49: "TiRRel<17><STEAM_0:0:1170748342><CT>" attacked "MiszczJest1<2><BOT><TERRORIST>" with "usp" (damage "27") (damage_armor "0") (health "-8") (armor "0")
L 10/27/2013 - 20:46:49: "TiRRel<17><STEAM_0:0:1170748342><CT>" killed "MiszczJest1<2><BOT><TERRORIST>" with "usp"
L 10/27/2013 - 20:46:56: "Troll<8><BOT><TERRORIST>" attacked "TiRRel<17><STEAM_0:0:1170748342><CT>" with "knife" (damage "65") (damage_armor "0") (health "35") (armor "0")
L 10/27/2013 - 20:46:57: "TiRRel<17><STEAM_0:0:1170748342><CT>" attacked "Troll<8><BOT><TERRORIST>" with "usp" (damage "29") (damage_armor "0") (health "71") (armor "0")
L 10/27/2013 - 20:46:57: "TiRRel<17><STEAM_0:0:1170748342><CT>" attacked "Troll<8><BOT><TERRORIST>" with "usp" (damage "116") (damage_armor "0") (health "-45") (armor "0")
L 10/27/2013 - 20:46:57: "TiRRel<17><STEAM_0:0:1170748342><CT>" killed "Troll<8><BOT><TERRORIST>" with "usp"
L 10/27/2013 - 20:47:03: "TiRRel<17><STEAM_0:0:1170748342><CT>" attacked "Drago<6><BOT><TERRORIST>" with "usp" (damage "18") (damage_armor "0") (health "82") (armor "0")
L 10/27/2013 - 20:47:03: "TiRRel<17><STEAM_0:0:1170748342><CT>" attacked "Drago<6><BOT><TERRORIST>" with "usp" (damage "24") (damage_armor "0") (health "58") (armor "0")
L 10/27/2013 - 20:47:04: "TiRRel<17><STEAM_0:0:1170748342><CT>" attacked "Drago<6><BOT><TERRORIST>" with "usp" (damage "28") (damage_armor "0") (health "30") (armor "0")
L 10/27/2013 - 20:47:06: "Drago<6><BOT><TERRORIST>" attacked "TiRRel<17><STEAM_0:0:1170748342><CT>" with "knife" (damage "65") (damage_armor "0") (health "-30") (armor "0")
L 10/27/2013 - 20:47:06: "Drago<6><BOT><TERRORIST>" killed "TiRRel<17><STEAM_0:0:1170748342><CT>" with "knife"
L 10/27/2013 - 20:47:06: Team "TERRORIST" triggered "Terrorists_Win" (CT "0") (T "5")
L 10/27/2013 - 20:47:06: World trigger